01/16/26 02:25:53 ******************************************************
01/16/26 02:25:53 ** condor_scheduniv_exec.1.0 (CONDOR_DAGMAN) STARTING UP
01/16/26 02:25:53 ** /usr/bin/condor_dagman
01/16/26 02:25:53 ** SubsystemInfo: name=DAGMAN type=DAGMAN(9) class=CLIENT(2)
01/16/26 02:25:53 ** Configuration: subsystem:DAGMAN local:<NONE> class:CLIENT
01/16/26 02:25:53 ** $CondorVersion: 24.12.15 2025-12-12 BuildID: 856731 PackageID: 24.12.15-1+ubu22 GitSHA: 9a75c7f5 $
01/16/26 02:25:53 ** $CondorPlatform: X86_64-Ubuntu_22.04 $
01/16/26 02:25:53 ** PID = 13172 RealUID = 1011
01/16/26 02:25:53 ** Log last touched time unavailable (No such file or directory)
01/16/26 02:25:53 ******************************************************
01/16/26 02:25:53 Using config source: /etc/condor/condor_config
01/16/26 02:25:53 Using local config sources: 
01/16/26 02:25:53    /etc/condor/config.d/00-security
01/16/26 02:25:53    /etc/condor/config.d/01-kiso
01/16/26 02:25:53    /etc/condor/config.d/10-stash-plugin.conf
01/16/26 02:25:53    /etc/condor/condor_config.local
01/16/26 02:25:53 config Macros = 79, Sorted = 79, StringBytes = 2402, TablesBytes = 2908
01/16/26 02:25:53 CLASSAD_CACHING is ENABLED
01/16/26 02:25:53 Daemon Log is logging: D_ALWAYS D_ERROR D_STATUS
01/16/26 02:25:54 Daemoncore: Listening at <0.0.0.0:30799> on TCP (ReliSock) and UDP (SafeSock).
01/16/26 02:25:54 DaemonCore: command socket at <129.114.108.231:30799?addrs=129.114.108.231-30799&alias=enos--o-compute-zen3-o--0>
01/16/26 02:25:54 DaemonCore: private command socket at <129.114.108.231:30799?addrs=129.114.108.231-30799&alias=enos--o-compute-zen3-o--0>
01/16/26 02:25:54 DAGMAN_USE_STRICT setting: 1
01/16/26 02:25:54 DAGMAN_VERBOSITY setting: 3
01/16/26 02:25:54 DAGMAN_DEBUG_CACHE_SIZE setting: 5242880
01/16/26 02:25:54 DAGMAN_DEBUG_CACHE_ENABLE setting: False
01/16/26 02:25:54 DAGMAN_SUBMIT_DELAY setting: 0
01/16/26 02:25:54 DAGMAN_MAX_SUBMIT_ATTEMPTS setting: 6
01/16/26 02:25:54 DAGMAN_STARTUP_CYCLE_DETECT setting: False
01/16/26 02:25:54 DAGMAN_USE_JOIN_NODES setting: True
01/16/26 02:25:54 DAGMAN_REPORT_GRAPH_METRICS setting: False
01/16/26 02:25:54 DAGMAN_MAX_SUBMITS_PER_INTERVAL setting: 100
01/16/26 02:25:54 DAGMAN_AGGRESSIVE_SUBMIT setting: False
01/16/26 02:25:54 DAGMAN_USER_LOG_SCAN_INTERVAL setting: 5
01/16/26 02:25:54 DAGMAN_QUEUE_UPDATE_INTERVAL setting: 300.000000
01/16/26 02:25:54 DAGMAN_DEFAULT_PRIORITY setting: 0
01/16/26 02:25:54 DAGMAN_SUPPRESS_NOTIFICATION setting: False
01/16/26 02:25:54 allow_events (DAGMAN_ALLOW_EVENTS) setting: 114
01/16/26 02:25:54 DAGMAN_RETRY_SUBMIT_FIRST setting: True
01/16/26 02:25:54 DAGMAN_RETRY_NODE_FIRST setting: False
01/16/26 02:25:54 DAGMAN_MAX_JOBS_IDLE setting: 1000
01/16/26 02:25:54 DAGMAN_MAX_JOBS_SUBMITTED setting: 0
01/16/26 02:25:54 DAGMAN_MAX_PRE_SCRIPTS setting: 20
01/16/26 02:25:54 DAGMAN_MAX_POST_SCRIPTS setting: 20
01/16/26 02:25:54 DAGMAN_MAX_HOLD_SCRIPTS setting: 20
01/16/26 02:25:54 DAGMAN_MUNGE_NODE_NAMES setting: True
01/16/26 02:25:54 DAGMAN_ALLOW_ANY_NODE_NAME_CHARACTERS setting: False
01/16/26 02:25:54 DAGMAN_PROHIBIT_MULTI_JOBS setting: False
01/16/26 02:25:54 DAGMAN_SUBMIT_DEPTH_FIRST setting: False
01/16/26 02:25:54 DAGMAN_ALWAYS_RUN_POST setting: False
01/16/26 02:25:54 DAGMAN_CONDOR_SUBMIT_EXE setting: /usr/bin/condor_submit
01/16/26 02:25:54 DAGMAN_CONDOR_RM_EXE setting: /usr/bin/condor_rm
01/16/26 02:25:54 DAGMAN_USE_DIRECT_SUBMIT setting: True
01/16/26 02:25:54 DAGMAN_PRODUCE_JOB_CREDENTIALS setting: True
01/16/26 02:25:54 DAGMAN_DEFAULT_APPEND_VARS setting: False
01/16/26 02:25:54 DAGMAN_INHERIT_ATTRS_PREFIX setting: 
01/16/26 02:25:54 DAGMAN_INHERIT_ATTRS setting: 
01/16/26 02:25:54 DAGMAN_ABORT_DUPLICATES setting: True
01/16/26 02:25:54 DAGMAN_ABORT_ON_SCARY_SUBMIT setting: True
01/16/26 02:25:54 DAGMAN_PENDING_REPORT_INTERVAL setting: 600
01/16/26 02:25:54 DAGMAN_CHECK_QUEUE_INTERVAL setting: 28800
01/16/26 02:25:54 DAGMAN_PRINT_JOB_TABLE_INTERVAL setting: 900
01/16/26 02:25:54 DAGMAN_AUTO_RESCUE setting: True
01/16/26 02:25:54 DAGMAN_MAX_RESCUE_NUM setting: 100
01/16/26 02:25:54 DAGMAN_WRITE_PARTIAL_RESCUE setting: True
01/16/26 02:25:54 DAGMAN_RESET_RETRIES_UPON_RESCUE setting: True
01/16/26 02:25:54 DAGMAN_METRICS_FILE_VERSION setting: 2
01/16/26 02:25:54 DAGMAN_DEFAULT_NODE_LOG setting: @(DAG_DIR)/@(DAG_FILE).nodes.log
01/16/26 02:25:54 DAGMAN_LOG_ON_NFS_IS_ERROR setting: False
01/16/26 02:25:54 DAGMAN_GENERATE_SUBDAG_SUBMITS setting: True
01/16/26 02:25:54 DAGMAN_MAX_JOB_HOLDS setting: 100
01/16/26 02:25:54 DAGMAN_NODE_JOB_FAILURE_TOLERANCE setting: 0
01/16/26 02:25:54 DAGMAN_HOLD_CLAIM_TIME setting: 20
01/16/26 02:25:54 DAGMAN_SUPPRESS_JOB_LOGS setting: False
01/16/26 02:25:54 DAGMAN_REMOVE_NODE_JOBS setting: True
01/16/26 02:25:54 DAGMAN_PUT_FAILED_JOBS_ON_HOLD setting: False
01/16/26 02:25:54 DAGMAN_REMOVE_JOBS_AFTER_LIMIT_CHANGE setting: False
01/16/26 02:25:54 DAGMAN will adjust edges after parsing
01/16/26 02:25:54 argv[0] == "condor_scheduniv_exec.1.0"
01/16/26 02:25:54 argv[1] == "-Lockfile"
01/16/26 02:25:54 argv[2] == "plankifier-wf-0.dag.lock"
01/16/26 02:25:54 argv[3] == "-Dag"
01/16/26 02:25:54 argv[4] == "plankifier-wf-0.dag"
01/16/26 02:25:54 argv[5] == "-MaxPost"
01/16/26 02:25:54 argv[6] == "20"
01/16/26 02:25:54 argv[7] == "-CsdVersion"
01/16/26 02:25:54 argv[8] == "$CondorVersion: 24.12.15 2025-12-12 BuildID: 856731 PackageID: 24.12.15-1+ubu22 GitSHA: 9a75c7f5 $"
01/16/26 02:25:54 argv[9] == "-dagman"
01/16/26 02:25:54 argv[10] == "/usr/bin/condor_dagman"
01/16/26 02:25:54 argv[11] == "-AutoRescue"
01/16/26 02:25:54 argv[12] == "1"
01/16/26 02:25:54 argv[13] == "-DoRescueFrom"
01/16/26 02:25:54 argv[14] == "0"
01/16/26 02:25:54 Can't open directory "/etc/condor/passwords.d" as PRIV_ROOT, errno: 13 (Permission denied)
01/16/26 02:25:54 Can't open directory "/etc/condor/passwords.d" as PRIV_ROOT, errno: 13 (Permission denied)
01/16/26 02:25:54 Workflow batch-id: <1.0>
01/16/26 02:25:54 Workflow batch-name: <plankifier-wf-0.dag+1>
01/16/26 02:25:54 Workflow accounting_group: <>
01/16/26 02:25:54 Workflow accounting_group_user: <>
01/16/26 02:25:54 Warning: failed to get attribute DAGNodeName
01/16/26 02:25:54 Default node log file is: </home/kiso/kiso-plankifier-experiment/kiso/pegasus/plankifier-wf/run0001/./plankifier-wf-0.dag.nodes.log>
01/16/26 02:25:54 DAG Lockfile will be written to plankifier-wf-0.dag.lock
01/16/26 02:25:54 DAG Input file is plankifier-wf-0.dag
01/16/26 02:25:54 Parsing 1 dagfiles
01/16/26 02:25:54 Parsing plankifier-wf-0.dag ...
01/16/26 02:25:54 Adjusting edges
01/16/26 02:25:54 Dag contains 12 total nodes
01/16/26 02:25:54 Bootstrapping...
01/16/26 02:25:54 Number of pre-completed nodes: 0
01/16/26 02:25:54 MultiLogFiles: truncating log file /home/kiso/kiso-plankifier-experiment/kiso/pegasus/plankifier-wf/run0001/./plankifier-wf-0.dag.nodes.log
01/16/26 02:25:54 DAG status: 0 (DAG_STATUS_OK)
01/16/26 02:25:54 Of 12 nodes total:
01/16/26 02:25:54  Done     Pre   Queued    Post   Ready   Un-Ready   Failed   Futile
01/16/26 02:25:54   ===     ===      ===     ===     ===        ===      ===      ===
01/16/26 02:25:54     0       0        0       0       2         10        0        0
01/16/26 02:25:54 0 job proc(s) currently held
01/16/26 02:25:54 DAGMan Runtime Statistics: [EventCycleTimeSum=0.000; SleepCycleTimeSum=0.000; SubmitCycleTimeSum=0.000; EventCycleTimeCount=0.000; SleepCycleTimeCount=0.000; SubmitCycleTimeCount=0.000; LogProcessCycleTimeSum=0.000; LogProcessCycleTimeCount=0.000; ]
01/16/26 02:25:54 Registering condor_event_timer...
01/16/26 02:25:55 Submitting HTCondor Node create_dir_plankifier-wf_0_local job(s)...
01/16/26 02:25:55 Submitting node create_dir_plankifier-wf_0_local from file 00/00/create_dir_plankifier-wf_0_local.sub using direct job submission
01/16/26 02:25:55 	assigned HTCondor ID (2.0.0)
01/16/26 02:25:55 Submitting HTCondor Node stage_worker_local_plankifier-wf_0_local job(s)...
01/16/26 02:25:55 Submitting node stage_worker_local_plankifier-wf_0_local from file 00/00/stage_worker_local_plankifier-wf_0_local.sub using direct job submission
01/16/26 02:25:55 	assigned HTCondor ID (3.0.0)
01/16/26 02:25:55 Just submitted 2 jobs this cycle...
01/16/26 02:25:55 DAG status: 0 (DAG_STATUS_OK)
01/16/26 02:25:55 Of 12 nodes total:
01/16/26 02:25:55  Done     Pre   Queued    Post   Ready   Un-Ready   Failed   Futile
01/16/26 02:25:55   ===     ===      ===     ===     ===        ===      ===      ===
01/16/26 02:25:55     0       0        2       0       0         10        0        0
01/16/26 02:25:55 0 job proc(s) currently held
01/16/26 02:25:55 DAGMan Runtime Statistics: [EventCycleTimeSum=0.000; SleepCycleTimeSum=0.000; SubmitCycleTimeAvg=0.017; SubmitCycleTimeMax=0.017; SubmitCycleTimeMin=0.017; SubmitCycleTimeStd=0.017; SubmitCycleTimeSum=0.017; EventCycleTimeCount=0.000; SleepCycleTimeCount=0.000; SubmitCycleTimeCount=1.000; LogProcessCycleTimeSum=0.000; LogProcessCycleTimeCount=0.000; ]
01/16/26 02:26:00 Currently monitoring 1 HTCondor log file(s)
01/16/26 02:26:00 Reassigning the id of job create_dir_plankifier-wf_0_local from (2.0.0) to (2.0.0)
01/16/26 02:26:00 Event: ULOG_SUBMIT for HTCondor Node create_dir_plankifier-wf_0_local (2.0.0) {01/16/26 02:25:55}
01/16/26 02:26:00 Number of idle job procs: 1
01/16/26 02:26:00 Reassigning the id of job stage_worker_local_plankifier-wf_0_local from (3.0.0) to (3.0.0)
01/16/26 02:26:00 Event: ULOG_SUBMIT for HTCondor Node stage_worker_local_plankifier-wf_0_local (3.0.0) {01/16/26 02:25:55}
01/16/26 02:26:00 Number of idle job procs: 2
01/16/26 02:26:05 Currently monitoring 1 HTCondor log file(s)
01/16/26 02:26:05 Event: ULOG_EXECUTE for HTCondor Node create_dir_plankifier-wf_0_local (2.0.0) {01/16/26 02:26:00}
01/16/26 02:26:05 Number of idle job procs: 1
01/16/26 02:26:05 Event: ULOG_EXECUTE for HTCondor Node stage_worker_local_plankifier-wf_0_local (3.0.0) {01/16/26 02:26:00}
01/16/26 02:26:05 Number of idle job procs: 0
01/16/26 02:26:05 Event: ULOG_JOB_TERMINATED for HTCondor Node create_dir_plankifier-wf_0_local (2.0.0) {01/16/26 02:26:02}
01/16/26 02:26:05 Number of idle job procs: 0
01/16/26 02:26:05 Node create_dir_plankifier-wf_0_local job proc (2.0.0) completed successfully.
01/16/26 02:26:05 Node create_dir_plankifier-wf_0_local job(s) have exited the queue
01/16/26 02:26:05 Running POST script of Node create_dir_plankifier-wf_0_local...
01/16/26 02:26:05 Event: ULOG_JOB_TERMINATED for HTCondor Node stage_worker_local_plankifier-wf_0_local (3.0.0) {01/16/26 02:26:03}
01/16/26 02:26:05 Number of idle job procs: 0
01/16/26 02:26:05 Node stage_worker_local_plankifier-wf_0_local job proc (3.0.0) completed successfully.
01/16/26 02:26:05 Node stage_worker_local_plankifier-wf_0_local job(s) have exited the queue
01/16/26 02:26:05 Running POST script of Node stage_worker_local_plankifier-wf_0_local...
01/16/26 02:26:05 DAG status: 0 (DAG_STATUS_OK)
01/16/26 02:26:05 Of 12 nodes total:
01/16/26 02:26:05  Done     Pre   Queued    Post   Ready   Un-Ready   Failed   Futile
01/16/26 02:26:05   ===     ===      ===     ===     ===        ===      ===      ===
01/16/26 02:26:05     0       0        0       2       0         10        0        0
01/16/26 02:26:05 0 job proc(s) currently held
01/16/26 02:26:05 DAGMan Runtime Statistics: [EventCycleTimeAvg=0.018; EventCycleTimeMax=0.018; EventCycleTimeMin=0.017; EventCycleTimeStd=0.001; EventCycleTimeSum=0.035; SleepCycleTimeAvg=5.005; SleepCycleTimeMax=5.005; SleepCycleTimeMin=5.005; SleepCycleTimeStd=0.000; SleepCycleTimeSum=10.010; SubmitCycleTimeAvg=0.006; SubmitCycleTimeMax=0.017; SubmitCycleTimeMin=0.000; SubmitCycleTimeStd=0.010; SubmitCycleTimeSum=0.017; EventCycleTimeCount=2.000; SleepCycleTimeCount=2.000; SubmitCycleTimeCount=3.000; LogProcessCycleTimeAvg=0.004; LogProcessCycleTimeMax=0.007; LogProcessCycleTimeMin=0.000; LogProcessCycleTimeStd=0.005; LogProcessCycleTimeSum=0.007; LogProcessCycleTimeCount=2.000; ]
01/16/26 02:26:05 Initializing user log writer for /home/kiso/kiso-plankifier-experiment/kiso/pegasus/plankifier-wf/run0001/./plankifier-wf-0.dag.nodes.log, (2.0.0)
01/16/26 02:26:05 Initializing user log writer for /home/kiso/kiso-plankifier-experiment/kiso/pegasus/plankifier-wf/run0001/./plankifier-wf-0.dag.nodes.log, (3.0.0)
01/16/26 02:26:10 Currently monitoring 1 HTCondor log file(s)
01/16/26 02:26:10 Event: ULOG_POST_SCRIPT_TERMINATED for HTCondor Node create_dir_plankifier-wf_0_local (2.0.0) {01/16/26 02:26:05}
01/16/26 02:26:10 POST Script of node create_dir_plankifier-wf_0_local completed successfully.
01/16/26 02:26:10 Event: ULOG_POST_SCRIPT_TERMINATED for HTCondor Node stage_worker_local_plankifier-wf_0_local (3.0.0) {01/16/26 02:26:05}
01/16/26 02:26:10 POST Script of node stage_worker_local_plankifier-wf_0_local completed successfully.
01/16/26 02:26:10 DAG status: 0 (DAG_STATUS_OK)
01/16/26 02:26:10 Of 12 nodes total:
01/16/26 02:26:10  Done     Pre   Queued    Post   Ready   Un-Ready   Failed   Futile
01/16/26 02:26:10   ===     ===      ===     ===     ===        ===      ===      ===
01/16/26 02:26:10     2       0        0       0       2          8        0        0
01/16/26 02:26:10 0 job proc(s) currently held
01/16/26 02:26:10 DAGMan Runtime Statistics: [EventCycleTimeAvg=0.014; EventCycleTimeMax=0.018; EventCycleTimeMin=0.007; EventCycleTimeStd=0.006; EventCycleTimeSum=0.043; SleepCycleTimeAvg=5.038; SleepCycleTimeMax=5.103; SleepCycleTimeMin=5.005; SleepCycleTimeStd=0.056; SleepCycleTimeSum=15.113; SubmitCycleTimeAvg=0.004; SubmitCycleTimeMax=0.017; SubmitCycleTimeMin=0.000; SubmitCycleTimeStd=0.008; SubmitCycleTimeSum=0.017; EventCycleTimeCount=3.000; SleepCycleTimeCount=3.000; SubmitCycleTimeCount=4.000; LogProcessCycleTimeAvg=0.003; LogProcessCycleTimeMax=0.007; LogProcessCycleTimeMin=0.000; LogProcessCycleTimeStd=0.004; LogProcessCycleTimeSum=0.008; LogProcessCycleTimeCount=3.000; ]
01/16/26 02:26:15 Submitting HTCondor Node stage_in_local_local_1_0 job(s)...
01/16/26 02:26:15 Submitting node stage_in_local_local_1_0 from file 00/00/stage_in_local_local_1_0.sub using direct job submission
01/16/26 02:26:15 	assigned HTCondor ID (4.0.0)
01/16/26 02:26:15 Submitting HTCondor Node plankifier_ID0000001 job(s)...
01/16/26 02:26:15 Submitting node plankifier_ID0000001 from file 00/00/plankifier_ID0000001.sub using direct job submission
01/16/26 02:26:15 	assigned HTCondor ID (5.0.0)
01/16/26 02:26:15 Just submitted 2 jobs this cycle...
01/16/26 02:26:15 DAG status: 0 (DAG_STATUS_OK)
01/16/26 02:26:15 Of 12 nodes total:
01/16/26 02:26:15  Done     Pre   Queued    Post   Ready   Un-Ready   Failed   Futile
01/16/26 02:26:15   ===     ===      ===     ===     ===        ===      ===      ===
01/16/26 02:26:15     2       0        2       0       0          8        0        0
01/16/26 02:26:15 0 job proc(s) currently held
01/16/26 02:26:15 DAGMan Runtime Statistics: [EventCycleTimeAvg=0.011; EventCycleTimeMax=0.018; EventCycleTimeMin=0.001; EventCycleTimeStd=0.008; EventCycleTimeSum=0.043; SleepCycleTimeAvg=5.030; SleepCycleTimeMax=5.103; SleepCycleTimeMin=5.005; SleepCycleTimeStd=0.049; SleepCycleTimeSum=20.118; SubmitCycleTimeAvg=0.006; SubmitCycleTimeMax=0.017; SubmitCycleTimeMin=0.000; SubmitCycleTimeStd=0.009; SubmitCycleTimeSum=0.031; EventCycleTimeCount=4.000; SleepCycleTimeCount=4.000; SubmitCycleTimeCount=5.000; LogProcessCycleTimeAvg=0.003; LogProcessCycleTimeMax=0.007; LogProcessCycleTimeMin=0.000; LogProcessCycleTimeStd=0.004; LogProcessCycleTimeSum=0.008; LogProcessCycleTimeCount=3.000; ]
01/16/26 02:26:20 Currently monitoring 1 HTCondor log file(s)
01/16/26 02:26:20 Reassigning the id of job stage_in_local_local_1_0 from (4.0.0) to (4.0.0)
01/16/26 02:26:20 Event: ULOG_SUBMIT for HTCondor Node stage_in_local_local_1_0 (4.0.0) {01/16/26 02:26:15}
01/16/26 02:26:20 Number of idle job procs: 1
01/16/26 02:26:20 Reassigning the id of job plankifier_ID0000001 from (5.0.0) to (5.0.0)
01/16/26 02:26:20 Event: ULOG_SUBMIT for HTCondor Node plankifier_ID0000001 (5.0.0) {01/16/26 02:26:15}
01/16/26 02:26:20 Number of idle job procs: 2
01/16/26 02:26:20 Event: ULOG_EXECUTE for HTCondor Node stage_in_local_local_1_0 (4.0.0) {01/16/26 02:26:15}
01/16/26 02:26:20 Number of idle job procs: 1
01/16/26 02:26:20 Event: ULOG_JOB_TERMINATED for HTCondor Node stage_in_local_local_1_0 (4.0.0) {01/16/26 02:26:17}
01/16/26 02:26:20 Number of idle job procs: 1
01/16/26 02:26:20 Node stage_in_local_local_1_0 job proc (4.0.0) completed successfully.
01/16/26 02:26:20 Node stage_in_local_local_1_0 job(s) have exited the queue
01/16/26 02:26:20 Running POST script of Node stage_in_local_local_1_0...
01/16/26 02:26:20 DAG status: 0 (DAG_STATUS_OK)
01/16/26 02:26:20 Of 12 nodes total:
01/16/26 02:26:20  Done     Pre   Queued    Post   Ready   Un-Ready   Failed   Futile
01/16/26 02:26:20   ===     ===      ===     ===     ===        ===      ===      ===
01/16/26 02:26:20     2       0        1       1       0          8        0        0
01/16/26 02:26:20 0 job proc(s) currently held
01/16/26 02:26:20 DAGMan Runtime Statistics: [EventCycleTimeAvg=0.012; EventCycleTimeMax=0.018; EventCycleTimeMin=0.001; EventCycleTimeStd=0.007; EventCycleTimeSum=0.058; SleepCycleTimeAvg=5.025; SleepCycleTimeMax=5.103; SleepCycleTimeMin=5.005; SleepCycleTimeStd=0.044; SleepCycleTimeSum=25.123; SubmitCycleTimeAvg=0.005; SubmitCycleTimeMax=0.017; SubmitCycleTimeMin=0.000; SubmitCycleTimeStd=0.008; SubmitCycleTimeSum=0.031; EventCycleTimeCount=5.000; SleepCycleTimeCount=5.000; SubmitCycleTimeCount=6.000; LogProcessCycleTimeAvg=0.003; LogProcessCycleTimeMax=0.007; LogProcessCycleTimeMin=0.000; LogProcessCycleTimeStd=0.003; LogProcessCycleTimeSum=0.011; LogProcessCycleTimeCount=4.000; ]
01/16/26 02:26:20 Initializing user log writer for /home/kiso/kiso-plankifier-experiment/kiso/pegasus/plankifier-wf/run0001/./plankifier-wf-0.dag.nodes.log, (4.0.0)
01/16/26 02:26:25 Currently monitoring 1 HTCondor log file(s)
01/16/26 02:26:25 Event: ULOG_POST_SCRIPT_TERMINATED for HTCondor Node stage_in_local_local_1_0 (4.0.0) {01/16/26 02:26:20}
01/16/26 02:26:25 POST Script of node stage_in_local_local_1_0 completed successfully.
01/16/26 02:26:25 DAG status: 0 (DAG_STATUS_OK)
01/16/26 02:26:25 Of 12 nodes total:
01/16/26 02:26:25  Done     Pre   Queued    Post   Ready   Un-Ready   Failed   Futile
01/16/26 02:26:25   ===     ===      ===     ===     ===        ===      ===      ===
01/16/26 02:26:25     3       0        1       0       0          8        0        0
01/16/26 02:26:25 0 job proc(s) currently held
01/16/26 02:26:25 DAGMan Runtime Statistics: [EventCycleTimeAvg=0.010; EventCycleTimeMax=0.018; EventCycleTimeMin=0.001; EventCycleTimeStd=0.007; EventCycleTimeSum=0.062; SleepCycleTimeAvg=5.037; SleepCycleTimeMax=5.103; SleepCycleTimeMin=5.005; SleepCycleTimeStd=0.049; SleepCycleTimeSum=30.222; SubmitCycleTimeAvg=0.004; SubmitCycleTimeMax=0.017; SubmitCycleTimeMin=0.000; SubmitCycleTimeStd=0.008; SubmitCycleTimeSum=0.031; EventCycleTimeCount=6.000; SleepCycleTimeCount=6.000; SubmitCycleTimeCount=7.000; LogProcessCycleTimeAvg=0.002; LogProcessCycleTimeMax=0.007; LogProcessCycleTimeMin=0.000; LogProcessCycleTimeStd=0.003; LogProcessCycleTimeSum=0.011; LogProcessCycleTimeCount=5.000; ]
01/16/26 02:26:40 Currently monitoring 1 HTCondor log file(s)
01/16/26 02:26:40 Event: ULOG_EXECUTE for HTCondor Node plankifier_ID0000001 (5.0.0) {01/16/26 02:26:37}
01/16/26 02:26:40 Number of idle job procs: 0
01/16/26 02:27:45 Currently monitoring 1 HTCondor log file(s)
01/16/26 02:27:45 Event: ULOG_JOB_TERMINATED for HTCondor Node plankifier_ID0000001 (5.0.0) {01/16/26 02:27:45}
01/16/26 02:27:45 Number of idle job procs: 0
01/16/26 02:27:45 Node plankifier_ID0000001 job proc (5.0.0) completed successfully.
01/16/26 02:27:45 Node plankifier_ID0000001 job(s) have exited the queue
01/16/26 02:27:45 Running POST script of Node plankifier_ID0000001...
01/16/26 02:27:45 DAG status: 0 (DAG_STATUS_OK)
01/16/26 02:27:45 Of 12 nodes total:
01/16/26 02:27:45  Done     Pre   Queued    Post   Ready   Un-Ready   Failed   Futile
01/16/26 02:27:45   ===     ===      ===     ===     ===        ===      ===      ===
01/16/26 02:27:45     3       0        0       1       0          8        0        0
01/16/26 02:27:45 0 job proc(s) currently held
01/16/26 02:27:45 DAGMan Runtime Statistics: [EventCycleTimeAvg=0.003; EventCycleTimeMax=0.018; EventCycleTimeMin=0.000; EventCycleTimeStd=0.006; EventCycleTimeSum=0.063; SleepCycleTimeAvg=5.014; SleepCycleTimeMax=5.103; SleepCycleTimeMin=5.003; SleepCycleTimeStd=0.028; SleepCycleTimeSum=110.306; SubmitCycleTimeAvg=0.001; SubmitCycleTimeMax=0.017; SubmitCycleTimeMin=0.000; SubmitCycleTimeStd=0.005; SubmitCycleTimeSum=0.031; EventCycleTimeCount=22.000; SleepCycleTimeCount=22.000; SubmitCycleTimeCount=23.000; LogProcessCycleTimeAvg=0.002; LogProcessCycleTimeMax=0.007; LogProcessCycleTimeMin=0.000; LogProcessCycleTimeStd=0.003; LogProcessCycleTimeSum=0.014; LogProcessCycleTimeCount=7.000; ]
01/16/26 02:27:45 Initializing user log writer for /home/kiso/kiso-plankifier-experiment/kiso/pegasus/plankifier-wf/run0001/./plankifier-wf-0.dag.nodes.log, (5.0.0)
01/16/26 02:27:50 Currently monitoring 1 HTCondor log file(s)
01/16/26 02:27:50 Event: ULOG_POST_SCRIPT_TERMINATED for HTCondor Node plankifier_ID0000001 (5.0.0) {01/16/26 02:27:45}
01/16/26 02:27:50 POST Script of node plankifier_ID0000001 completed successfully.
01/16/26 02:27:50 DAG status: 0 (DAG_STATUS_OK)
01/16/26 02:27:50 Of 12 nodes total:
01/16/26 02:27:50  Done     Pre   Queued    Post   Ready   Un-Ready   Failed   Futile
01/16/26 02:27:50   ===     ===      ===     ===     ===        ===      ===      ===
01/16/26 02:27:50     4       0        0       0       2          6        0        0
01/16/26 02:27:50 0 job proc(s) currently held
01/16/26 02:27:50 DAGMan Runtime Statistics: [EventCycleTimeAvg=0.003; EventCycleTimeMax=0.018; EventCycleTimeMin=0.000; EventCycleTimeStd=0.006; EventCycleTimeSum=0.067; SleepCycleTimeAvg=5.018; SleepCycleTimeMax=5.109; SleepCycleTimeMin=5.003; SleepCycleTimeStd=0.034; SleepCycleTimeSum=115.415; SubmitCycleTimeAvg=0.001; SubmitCycleTimeMax=0.017; SubmitCycleTimeMin=0.000; SubmitCycleTimeStd=0.004; SubmitCycleTimeSum=0.031; EventCycleTimeCount=23.000; SleepCycleTimeCount=23.000; SubmitCycleTimeCount=24.000; LogProcessCycleTimeAvg=0.002; LogProcessCycleTimeMax=0.007; LogProcessCycleTimeMin=0.000; LogProcessCycleTimeStd=0.002; LogProcessCycleTimeSum=0.015; LogProcessCycleTimeCount=8.000; ]
01/16/26 02:27:55 Submitting HTCondor Node stage_out_local_local_0_0 job(s)...
01/16/26 02:27:55 Submitting node stage_out_local_local_0_0 from file 00/00/stage_out_local_local_0_0.sub using direct job submission
01/16/26 02:27:55 	assigned HTCondor ID (6.0.0)
01/16/26 02:27:55 Submitting HTCondor Node count_ID0000002 job(s)...
01/16/26 02:27:55 Submitting node count_ID0000002 from file 00/00/count_ID0000002.sub using direct job submission
01/16/26 02:27:55 	assigned HTCondor ID (7.0.0)
01/16/26 02:27:55 Just submitted 2 jobs this cycle...
01/16/26 02:27:55 DAG status: 0 (DAG_STATUS_OK)
01/16/26 02:27:55 Of 12 nodes total:
01/16/26 02:27:55  Done     Pre   Queued    Post   Ready   Un-Ready   Failed   Futile
01/16/26 02:27:55   ===     ===      ===     ===     ===        ===      ===      ===
01/16/26 02:27:55     4       0        2       0       0          6        0        0
01/16/26 02:27:55 0 job proc(s) currently held
01/16/26 02:27:55 DAGMan Runtime Statistics: [EventCycleTimeAvg=0.003; EventCycleTimeMax=0.018; EventCycleTimeMin=0.000; EventCycleTimeStd=0.006; EventCycleTimeSum=0.067; SleepCycleTimeAvg=5.018; SleepCycleTimeMax=5.109; SleepCycleTimeMin=5.003; SleepCycleTimeStd=0.033; SleepCycleTimeSum=120.420; SubmitCycleTimeAvg=0.002; SubmitCycleTimeMax=0.017; SubmitCycleTimeMin=0.000; SubmitCycleTimeStd=0.005; SubmitCycleTimeSum=0.046; EventCycleTimeCount=24.000; SleepCycleTimeCount=24.000; SubmitCycleTimeCount=25.000; LogProcessCycleTimeAvg=0.002; LogProcessCycleTimeMax=0.007; LogProcessCycleTimeMin=0.000; LogProcessCycleTimeStd=0.002; LogProcessCycleTimeSum=0.015; LogProcessCycleTimeCount=8.000; ]
01/16/26 02:28:00 Currently monitoring 1 HTCondor log file(s)
01/16/26 02:28:00 Reassigning the id of job stage_out_local_local_0_0 from (6.0.0) to (6.0.0)
01/16/26 02:28:00 Event: ULOG_SUBMIT for HTCondor Node stage_out_local_local_0_0 (6.0.0) {01/16/26 02:27:55}
01/16/26 02:28:00 Number of idle job procs: 1
01/16/26 02:28:00 Reassigning the id of job count_ID0000002 from (7.0.0) to (7.0.0)
01/16/26 02:28:00 Event: ULOG_SUBMIT for HTCondor Node count_ID0000002 (7.0.0) {01/16/26 02:27:55}
01/16/26 02:28:00 Number of idle job procs: 2
01/16/26 02:28:00 Event: ULOG_EXECUTE for HTCondor Node stage_out_local_local_0_0 (6.0.0) {01/16/26 02:27:55}
01/16/26 02:28:00 Number of idle job procs: 1
01/16/26 02:28:00 Event: ULOG_EXECUTE for HTCondor Node count_ID0000002 (7.0.0) {01/16/26 02:27:55}
01/16/26 02:28:00 Number of idle job procs: 0
01/16/26 02:28:00 Event: ULOG_JOB_TERMINATED for HTCondor Node stage_out_local_local_0_0 (6.0.0) {01/16/26 02:27:58}
01/16/26 02:28:00 Number of idle job procs: 0
01/16/26 02:28:00 Node stage_out_local_local_0_0 job proc (6.0.0) completed successfully.
01/16/26 02:28:00 Node stage_out_local_local_0_0 job(s) have exited the queue
01/16/26 02:28:00 Running POST script of Node stage_out_local_local_0_0...
01/16/26 02:28:00 Event: ULOG_JOB_TERMINATED for HTCondor Node count_ID0000002 (7.0.0) {01/16/26 02:27:58}
01/16/26 02:28:00 Number of idle job procs: 0
01/16/26 02:28:00 Node count_ID0000002 job proc (7.0.0) completed successfully.
01/16/26 02:28:00 Node count_ID0000002 job(s) have exited the queue
01/16/26 02:28:00 Running POST script of Node count_ID0000002...
01/16/26 02:28:00 DAG status: 0 (DAG_STATUS_OK)
01/16/26 02:28:00 Of 12 nodes total:
01/16/26 02:28:00  Done     Pre   Queued    Post   Ready   Un-Ready   Failed   Futile
01/16/26 02:28:00   ===     ===      ===     ===     ===        ===      ===      ===
01/16/26 02:28:00     4       0        0       2       0          6        0        0
01/16/26 02:28:00 0 job proc(s) currently held
01/16/26 02:28:00 DAGMan Runtime Statistics: [EventCycleTimeAvg=0.003; EventCycleTimeMax=0.018; EventCycleTimeMin=0.000; EventCycleTimeStd=0.006; EventCycleTimeSum=0.082; SleepCycleTimeAvg=5.017; SleepCycleTimeMax=5.109; SleepCycleTimeMin=5.003; SleepCycleTimeStd=0.033; SleepCycleTimeSum=125.426; SubmitCycleTimeAvg=0.002; SubmitCycleTimeMax=0.017; SubmitCycleTimeMin=0.000; SubmitCycleTimeStd=0.005; SubmitCycleTimeSum=0.046; EventCycleTimeCount=25.000; SleepCycleTimeCount=25.000; SubmitCycleTimeCount=26.000; LogProcessCycleTimeAvg=0.002; LogProcessCycleTimeMax=0.007; LogProcessCycleTimeMin=0.000; LogProcessCycleTimeStd=0.003; LogProcessCycleTimeSum=0.020; LogProcessCycleTimeCount=9.000; ]
01/16/26 02:28:00 Initializing user log writer for /home/kiso/kiso-plankifier-experiment/kiso/pegasus/plankifier-wf/run0001/./plankifier-wf-0.dag.nodes.log, (6.0.0)
01/16/26 02:28:00 Initializing user log writer for /home/kiso/kiso-plankifier-experiment/kiso/pegasus/plankifier-wf/run0001/./plankifier-wf-0.dag.nodes.log, (7.0.0)
01/16/26 02:28:05 Currently monitoring 1 HTCondor log file(s)
01/16/26 02:28:05 Event: ULOG_POST_SCRIPT_TERMINATED for HTCondor Node stage_out_local_local_0_0 (6.0.0) {01/16/26 02:28:00}
01/16/26 02:28:05 POST Script of node stage_out_local_local_0_0 completed successfully.
01/16/26 02:28:05 Event: ULOG_POST_SCRIPT_TERMINATED for HTCondor Node count_ID0000002 (7.0.0) {01/16/26 02:28:00}
01/16/26 02:28:05 POST Script of node count_ID0000002 completed successfully.
01/16/26 02:28:05 DAG status: 0 (DAG_STATUS_OK)
01/16/26 02:28:05 Of 12 nodes total:
01/16/26 02:28:05  Done     Pre   Queued    Post   Ready   Un-Ready   Failed   Futile
01/16/26 02:28:05   ===     ===      ===     ===     ===        ===      ===      ===
01/16/26 02:28:05     6       0        0       0       3          3        0        0
01/16/26 02:28:05 0 job proc(s) currently held
01/16/26 02:28:05 DAGMan Runtime Statistics: [EventCycleTimeAvg=0.003; EventCycleTimeMax=0.018; EventCycleTimeMin=0.000; EventCycleTimeStd=0.006; EventCycleTimeSum=0.088; SleepCycleTimeAvg=5.020; SleepCycleTimeMax=5.109; SleepCycleTimeMin=5.003; SleepCycleTimeStd=0.036; SleepCycleTimeSum=130.527; SubmitCycleTimeAvg=0.002; SubmitCycleTimeMax=0.017; SubmitCycleTimeMin=0.000; SubmitCycleTimeStd=0.005; SubmitCycleTimeSum=0.046; EventCycleTimeCount=26.000; SleepCycleTimeCount=26.000; SubmitCycleTimeCount=27.000; LogProcessCycleTimeAvg=0.002; LogProcessCycleTimeMax=0.007; LogProcessCycleTimeMin=0.000; LogProcessCycleTimeStd=0.003; LogProcessCycleTimeSum=0.021; LogProcessCycleTimeCount=10.000; ]
01/16/26 02:28:10 Submitting HTCondor Node clean_up_local_level_3_0 job(s)...
01/16/26 02:28:10 Submitting node clean_up_local_level_3_0 from file 00/00/clean_up_local_level_3_0.sub using direct job submission
01/16/26 02:28:10 	assigned HTCondor ID (8.0.0)
01/16/26 02:28:10 Submitting HTCondor Node stage_out_local_local_1_0 job(s)...
01/16/26 02:28:10 Submitting node stage_out_local_local_1_0 from file 00/00/stage_out_local_local_1_0.sub using direct job submission
01/16/26 02:28:10 	assigned HTCondor ID (9.0.0)
01/16/26 02:28:10 Submitting HTCondor Node register_local_0_0 job(s)...
01/16/26 02:28:10 Submitting node register_local_0_0 from file 00/00/register_local_0_0.sub using direct job submission
01/16/26 02:28:10 	assigned HTCondor ID (10.0.0)
01/16/26 02:28:10 Just submitted 3 jobs this cycle...
01/16/26 02:28:10 DAG status: 0 (DAG_STATUS_OK)
01/16/26 02:28:10 Of 12 nodes total:
01/16/26 02:28:10  Done     Pre   Queued    Post   Ready   Un-Ready   Failed   Futile
01/16/26 02:28:10   ===     ===      ===     ===     ===        ===      ===      ===
01/16/26 02:28:10     6       0        3       0       0          3        0        0
01/16/26 02:28:10 0 job proc(s) currently held
01/16/26 02:28:10 DAGMan Runtime Statistics: [EventCycleTimeAvg=0.003; EventCycleTimeMax=0.018; EventCycleTimeMin=0.000; EventCycleTimeStd=0.006; EventCycleTimeSum=0.088; SleepCycleTimeAvg=5.020; SleepCycleTimeMax=5.109; SleepCycleTimeMin=5.003; SleepCycleTimeStd=0.036; SleepCycleTimeSum=135.533; SubmitCycleTimeAvg=0.002; SubmitCycleTimeMax=0.018; SubmitCycleTimeMin=0.000; SubmitCycleTimeStd=0.006; SubmitCycleTimeSum=0.063; EventCycleTimeCount=27.000; SleepCycleTimeCount=27.000; SubmitCycleTimeCount=28.000; LogProcessCycleTimeAvg=0.002; LogProcessCycleTimeMax=0.007; LogProcessCycleTimeMin=0.000; LogProcessCycleTimeStd=0.003; LogProcessCycleTimeSum=0.021; LogProcessCycleTimeCount=10.000; ]
01/16/26 02:28:15 Currently monitoring 1 HTCondor log file(s)
01/16/26 02:28:15 Reassigning the id of job clean_up_local_level_3_0 from (8.0.0) to (8.0.0)
01/16/26 02:28:15 Event: ULOG_SUBMIT for HTCondor Node clean_up_local_level_3_0 (8.0.0) {01/16/26 02:28:10}
01/16/26 02:28:15 Number of idle job procs: 1
01/16/26 02:28:15 Reassigning the id of job stage_out_local_local_1_0 from (9.0.0) to (9.0.0)
01/16/26 02:28:15 Event: ULOG_SUBMIT for HTCondor Node stage_out_local_local_1_0 (9.0.0) {01/16/26 02:28:10}
01/16/26 02:28:15 Number of idle job procs: 2
01/16/26 02:28:15 Reassigning the id of job register_local_0_0 from (10.0.0) to (10.0.0)
01/16/26 02:28:15 Event: ULOG_SUBMIT for HTCondor Node register_local_0_0 (10.0.0) {01/16/26 02:28:10}
01/16/26 02:28:15 Number of idle job procs: 3
01/16/26 02:28:15 Event: ULOG_EXECUTE for HTCondor Node clean_up_local_level_3_0 (8.0.0) {01/16/26 02:28:10}
01/16/26 02:28:15 Number of idle job procs: 2
01/16/26 02:28:15 Event: ULOG_EXECUTE for HTCondor Node stage_out_local_local_1_0 (9.0.0) {01/16/26 02:28:10}
01/16/26 02:28:15 Number of idle job procs: 1
01/16/26 02:28:15 Event: ULOG_EXECUTE for HTCondor Node register_local_0_0 (10.0.0) {01/16/26 02:28:10}
01/16/26 02:28:15 Number of idle job procs: 0
01/16/26 02:28:15 Event: ULOG_JOB_TERMINATED for HTCondor Node register_local_0_0 (10.0.0) {01/16/26 02:28:12}
01/16/26 02:28:15 Number of idle job procs: 0
01/16/26 02:28:15 Node register_local_0_0 job proc (10.0.0) completed successfully.
01/16/26 02:28:15 Node register_local_0_0 job(s) have exited the queue
01/16/26 02:28:15 Running POST script of Node register_local_0_0...
01/16/26 02:28:15 Event: ULOG_JOB_TERMINATED for HTCondor Node stage_out_local_local_1_0 (9.0.0) {01/16/26 02:28:13}
01/16/26 02:28:15 Number of idle job procs: 0
01/16/26 02:28:15 Node stage_out_local_local_1_0 job proc (9.0.0) completed successfully.
01/16/26 02:28:15 Node stage_out_local_local_1_0 job(s) have exited the queue
01/16/26 02:28:15 Running POST script of Node stage_out_local_local_1_0...
01/16/26 02:28:15 Event: ULOG_JOB_TERMINATED for HTCondor Node clean_up_local_level_3_0 (8.0.0) {01/16/26 02:28:15}
01/16/26 02:28:15 Number of idle job procs: 0
01/16/26 02:28:15 Node clean_up_local_level_3_0 job proc (8.0.0) completed successfully.
01/16/26 02:28:15 Node clean_up_local_level_3_0 job(s) have exited the queue
01/16/26 02:28:15 Running POST script of Node clean_up_local_level_3_0...
01/16/26 02:28:15 DAG status: 0 (DAG_STATUS_OK)
01/16/26 02:28:15 Of 12 nodes total:
01/16/26 02:28:15  Done     Pre   Queued    Post   Ready   Un-Ready   Failed   Futile
01/16/26 02:28:15   ===     ===      ===     ===     ===        ===      ===      ===
01/16/26 02:28:15     6       0        0       3       0          3        0        0
01/16/26 02:28:15 0 job proc(s) currently held
01/16/26 02:28:15 DAGMan Runtime Statistics: [EventCycleTimeAvg=0.004; EventCycleTimeMax=0.018; EventCycleTimeMin=0.000; EventCycleTimeStd=0.006; EventCycleTimeSum=0.106; SleepCycleTimeAvg=5.019; SleepCycleTimeMax=5.109; SleepCycleTimeMin=5.002; SleepCycleTimeStd=0.035; SleepCycleTimeSum=140.535; SubmitCycleTimeAvg=0.002; SubmitCycleTimeMax=0.018; SubmitCycleTimeMin=0.000; SubmitCycleTimeStd=0.006; SubmitCycleTimeSum=0.063; EventCycleTimeCount=28.000; SleepCycleTimeCount=28.000; SubmitCycleTimeCount=29.000; LogProcessCycleTimeAvg=0.003; LogProcessCycleTimeMax=0.009; LogProcessCycleTimeMin=0.000; LogProcessCycleTimeStd=0.003; LogProcessCycleTimeSum=0.030; LogProcessCycleTimeCount=11.000; ]
01/16/26 02:28:15 Initializing user log writer for /home/kiso/kiso-plankifier-experiment/kiso/pegasus/plankifier-wf/run0001/./plankifier-wf-0.dag.nodes.log, (8.0.0)
01/16/26 02:28:15 Initializing user log writer for /home/kiso/kiso-plankifier-experiment/kiso/pegasus/plankifier-wf/run0001/./plankifier-wf-0.dag.nodes.log, (10.0.0)
01/16/26 02:28:15 Initializing user log writer for /home/kiso/kiso-plankifier-experiment/kiso/pegasus/plankifier-wf/run0001/./plankifier-wf-0.dag.nodes.log, (9.0.0)
01/16/26 02:28:20 Currently monitoring 1 HTCondor log file(s)
01/16/26 02:28:20 Event: ULOG_POST_SCRIPT_TERMINATED for HTCondor Node clean_up_local_level_3_0 (8.0.0) {01/16/26 02:28:15}
01/16/26 02:28:20 POST Script of node clean_up_local_level_3_0 completed successfully.
01/16/26 02:28:20 Event: ULOG_POST_SCRIPT_TERMINATED for HTCondor Node register_local_0_0 (10.0.0) {01/16/26 02:28:15}
01/16/26 02:28:20 POST Script of node register_local_0_0 completed successfully.
01/16/26 02:28:20 Event: ULOG_POST_SCRIPT_TERMINATED for HTCondor Node stage_out_local_local_1_0 (9.0.0) {01/16/26 02:28:15}
01/16/26 02:28:20 POST Script of node stage_out_local_local_1_0 completed successfully.
01/16/26 02:28:20 DAG status: 0 (DAG_STATUS_OK)
01/16/26 02:28:20 Of 12 nodes total:
01/16/26 02:28:20  Done     Pre   Queued    Post   Ready   Un-Ready   Failed   Futile
01/16/26 02:28:20   ===     ===      ===     ===     ===        ===      ===      ===
01/16/26 02:28:20     9       0        0       0       2          1        0        0
01/16/26 02:28:20 0 job proc(s) currently held
01/16/26 02:28:20 DAGMan Runtime Statistics: [EventCycleTimeAvg=0.004; EventCycleTimeMax=0.018; EventCycleTimeMin=0.000; EventCycleTimeStd=0.006; EventCycleTimeSum=0.116; SleepCycleTimeAvg=5.022; SleepCycleTimeMax=5.109; SleepCycleTimeMin=5.002; SleepCycleTimeStd=0.038; SleepCycleTimeSum=145.635; SubmitCycleTimeAvg=0.002; SubmitCycleTimeMax=0.018; SubmitCycleTimeMin=0.000; SubmitCycleTimeStd=0.006; SubmitCycleTimeSum=0.063; EventCycleTimeCount=29.000; SleepCycleTimeCount=29.000; SubmitCycleTimeCount=30.000; LogProcessCycleTimeAvg=0.003; LogProcessCycleTimeMax=0.009; LogProcessCycleTimeMin=0.000; LogProcessCycleTimeStd=0.003; LogProcessCycleTimeSum=0.030; LogProcessCycleTimeCount=12.000; ]
01/16/26 02:28:25 Submitting HTCondor Node clean_up_local_level_4_0 job(s)...
01/16/26 02:28:25 Submitting node clean_up_local_level_4_0 from file 00/00/clean_up_local_level_4_0.sub using direct job submission
01/16/26 02:28:25 	assigned HTCondor ID (11.0.0)
01/16/26 02:28:25 Submitting HTCondor Node register_local_1_0 job(s)...
01/16/26 02:28:25 Submitting node register_local_1_0 from file 00/00/register_local_1_0.sub using direct job submission
01/16/26 02:28:25 	assigned HTCondor ID (12.0.0)
01/16/26 02:28:25 Just submitted 2 jobs this cycle...
01/16/26 02:28:25 DAG status: 0 (DAG_STATUS_OK)
01/16/26 02:28:25 Of 12 nodes total:
01/16/26 02:28:25  Done     Pre   Queued    Post   Ready   Un-Ready   Failed   Futile
01/16/26 02:28:25   ===     ===      ===     ===     ===        ===      ===      ===
01/16/26 02:28:25     9       0        2       0       0          1        0        0
01/16/26 02:28:25 0 job proc(s) currently held
01/16/26 02:28:25 DAGMan Runtime Statistics: [EventCycleTimeAvg=0.004; EventCycleTimeMax=0.018; EventCycleTimeMin=0.000; EventCycleTimeStd=0.006; EventCycleTimeSum=0.116; SleepCycleTimeAvg=5.021; SleepCycleTimeMax=5.109; SleepCycleTimeMin=5.002; SleepCycleTimeStd=0.037; SleepCycleTimeSum=150.640; SubmitCycleTimeAvg=0.003; SubmitCycleTimeMax=0.018; SubmitCycleTimeMin=0.000; SubmitCycleTimeStd=0.006; SubmitCycleTimeSum=0.079; EventCycleTimeCount=30.000; SleepCycleTimeCount=30.000; SubmitCycleTimeCount=31.000; LogProcessCycleTimeAvg=0.003; LogProcessCycleTimeMax=0.009; LogProcessCycleTimeMin=0.000; LogProcessCycleTimeStd=0.003; LogProcessCycleTimeSum=0.030; LogProcessCycleTimeCount=12.000; ]
01/16/26 02:28:30 Currently monitoring 1 HTCondor log file(s)
01/16/26 02:28:30 Reassigning the id of job clean_up_local_level_4_0 from (11.0.0) to (11.0.0)
01/16/26 02:28:30 Event: ULOG_SUBMIT for HTCondor Node clean_up_local_level_4_0 (11.0.0) {01/16/26 02:28:25}
01/16/26 02:28:30 Number of idle job procs: 1
01/16/26 02:28:30 Reassigning the id of job register_local_1_0 from (12.0.0) to (12.0.0)
01/16/26 02:28:30 Event: ULOG_SUBMIT for HTCondor Node register_local_1_0 (12.0.0) {01/16/26 02:28:25}
01/16/26 02:28:30 Number of idle job procs: 2
01/16/26 02:28:30 Event: ULOG_EXECUTE for HTCondor Node clean_up_local_level_4_0 (11.0.0) {01/16/26 02:28:25}
01/16/26 02:28:30 Number of idle job procs: 1
01/16/26 02:28:30 Event: ULOG_EXECUTE for HTCondor Node register_local_1_0 (12.0.0) {01/16/26 02:28:25}
01/16/26 02:28:30 Number of idle job procs: 0
01/16/26 02:28:30 Event: ULOG_JOB_TERMINATED for HTCondor Node register_local_1_0 (12.0.0) {01/16/26 02:28:28}
01/16/26 02:28:30 Number of idle job procs: 0
01/16/26 02:28:30 Node register_local_1_0 job proc (12.0.0) completed successfully.
01/16/26 02:28:30 Node register_local_1_0 job(s) have exited the queue
01/16/26 02:28:30 Running POST script of Node register_local_1_0...
01/16/26 02:28:30 Event: ULOG_JOB_TERMINATED for HTCondor Node clean_up_local_level_4_0 (11.0.0) {01/16/26 02:28:28}
01/16/26 02:28:30 Number of idle job procs: 0
01/16/26 02:28:30 Node clean_up_local_level_4_0 job proc (11.0.0) completed successfully.
01/16/26 02:28:30 Node clean_up_local_level_4_0 job(s) have exited the queue
01/16/26 02:28:30 Running POST script of Node clean_up_local_level_4_0...
01/16/26 02:28:30 DAG status: 0 (DAG_STATUS_OK)
01/16/26 02:28:30 Of 12 nodes total:
01/16/26 02:28:30  Done     Pre   Queued    Post   Ready   Un-Ready   Failed   Futile
01/16/26 02:28:30   ===     ===      ===     ===     ===        ===      ===      ===
01/16/26 02:28:30     9       0        0       2       0          1        0        0
01/16/26 02:28:30 0 job proc(s) currently held
01/16/26 02:28:30 DAGMan Runtime Statistics: [EventCycleTimeAvg=0.004; EventCycleTimeMax=0.018; EventCycleTimeMin=0.000; EventCycleTimeStd=0.007; EventCycleTimeSum=0.132; SleepCycleTimeAvg=5.021; SleepCycleTimeMax=5.109; SleepCycleTimeMin=5.002; SleepCycleTimeStd=0.037; SleepCycleTimeSum=155.646; SubmitCycleTimeAvg=0.002; SubmitCycleTimeMax=0.018; SubmitCycleTimeMin=0.000; SubmitCycleTimeStd=0.006; SubmitCycleTimeSum=0.079; EventCycleTimeCount=31.000; SleepCycleTimeCount=31.000; SubmitCycleTimeCount=32.000; LogProcessCycleTimeAvg=0.003; LogProcessCycleTimeMax=0.009; LogProcessCycleTimeMin=0.000; LogProcessCycleTimeStd=0.003; LogProcessCycleTimeSum=0.037; LogProcessCycleTimeCount=13.000; ]
01/16/26 02:28:30 Initializing user log writer for /home/kiso/kiso-plankifier-experiment/kiso/pegasus/plankifier-wf/run0001/./plankifier-wf-0.dag.nodes.log, (12.0.0)
01/16/26 02:28:30 Initializing user log writer for /home/kiso/kiso-plankifier-experiment/kiso/pegasus/plankifier-wf/run0001/./plankifier-wf-0.dag.nodes.log, (11.0.0)
01/16/26 02:28:35 Currently monitoring 1 HTCondor log file(s)
01/16/26 02:28:35 Event: ULOG_POST_SCRIPT_TERMINATED for HTCondor Node register_local_1_0 (12.0.0) {01/16/26 02:28:30}
01/16/26 02:28:35 POST Script of node register_local_1_0 completed successfully.
01/16/26 02:28:35 Event: ULOG_POST_SCRIPT_TERMINATED for HTCondor Node clean_up_local_level_4_0 (11.0.0) {01/16/26 02:28:30}
01/16/26 02:28:35 POST Script of node clean_up_local_level_4_0 completed successfully.
01/16/26 02:28:35 DAG status: 0 (DAG_STATUS_OK)
01/16/26 02:28:35 Of 12 nodes total:
01/16/26 02:28:35  Done     Pre   Queued    Post   Ready   Un-Ready   Failed   Futile
01/16/26 02:28:35   ===     ===      ===     ===     ===        ===      ===      ===
01/16/26 02:28:35    11       0        0       0       1          0        0        0
01/16/26 02:28:35 0 job proc(s) currently held
01/16/26 02:28:35 DAGMan Runtime Statistics: [EventCycleTimeAvg=0.004; EventCycleTimeMax=0.018; EventCycleTimeMin=0.000; EventCycleTimeStd=0.006; EventCycleTimeSum=0.138; SleepCycleTimeAvg=5.023; SleepCycleTimeMax=5.109; SleepCycleTimeMin=5.002; SleepCycleTimeStd=0.038; SleepCycleTimeSum=160.742; SubmitCycleTimeAvg=0.002; SubmitCycleTimeMax=0.018; SubmitCycleTimeMin=0.000; SubmitCycleTimeStd=0.006; SubmitCycleTimeSum=0.079; EventCycleTimeCount=32.000; SleepCycleTimeCount=32.000; SubmitCycleTimeCount=33.000; LogProcessCycleTimeAvg=0.003; LogProcessCycleTimeMax=0.009; LogProcessCycleTimeMin=0.000; LogProcessCycleTimeStd=0.003; LogProcessCycleTimeSum=0.037; LogProcessCycleTimeCount=14.000; ]
01/16/26 02:28:40 Submitting HTCondor Node cleanup_plankifier-wf_0_local job(s)...
01/16/26 02:28:40 Submitting node cleanup_plankifier-wf_0_local from file 00/00/cleanup_plankifier-wf_0_local.sub using direct job submission
01/16/26 02:28:40 	assigned HTCondor ID (13.0.0)
01/16/26 02:28:40 Just submitted 1 job this cycle...
01/16/26 02:28:40 DAG status: 0 (DAG_STATUS_OK)
01/16/26 02:28:40 Of 12 nodes total:
01/16/26 02:28:40  Done     Pre   Queued    Post   Ready   Un-Ready   Failed   Futile
01/16/26 02:28:40   ===     ===      ===     ===     ===        ===      ===      ===
01/16/26 02:28:40    11       0        1       0       0          0        0        0
01/16/26 02:28:40 0 job proc(s) currently held
01/16/26 02:28:40 DAGMan Runtime Statistics: [EventCycleTimeAvg=0.004; EventCycleTimeMax=0.018; EventCycleTimeMin=0.000; EventCycleTimeStd=0.006; EventCycleTimeSum=0.139; SleepCycleTimeAvg=5.023; SleepCycleTimeMax=5.109; SleepCycleTimeMin=5.002; SleepCycleTimeStd=0.038; SleepCycleTimeSum=165.748; SubmitCycleTimeAvg=0.003; SubmitCycleTimeMax=0.018; SubmitCycleTimeMin=0.000; SubmitCycleTimeStd=0.006; SubmitCycleTimeSum=0.088; EventCycleTimeCount=33.000; SleepCycleTimeCount=33.000; SubmitCycleTimeCount=34.000; LogProcessCycleTimeAvg=0.003; LogProcessCycleTimeMax=0.009; LogProcessCycleTimeMin=0.000; LogProcessCycleTimeStd=0.003; LogProcessCycleTimeSum=0.037; LogProcessCycleTimeCount=14.000; ]
01/16/26 02:28:45 Currently monitoring 1 HTCondor log file(s)
01/16/26 02:28:45 Reassigning the id of job cleanup_plankifier-wf_0_local from (13.0.0) to (13.0.0)
01/16/26 02:28:45 Event: ULOG_SUBMIT for HTCondor Node cleanup_plankifier-wf_0_local (13.0.0) {01/16/26 02:28:40}
01/16/26 02:28:45 Number of idle job procs: 1
01/16/26 02:28:45 Event: ULOG_EXECUTE for HTCondor Node cleanup_plankifier-wf_0_local (13.0.0) {01/16/26 02:28:41}
01/16/26 02:28:45 Number of idle job procs: 0
01/16/26 02:28:45 Event: ULOG_JOB_TERMINATED for HTCondor Node cleanup_plankifier-wf_0_local (13.0.0) {01/16/26 02:28:43}
01/16/26 02:28:45 Number of idle job procs: 0
01/16/26 02:28:45 Node cleanup_plankifier-wf_0_local job proc (13.0.0) completed successfully.
01/16/26 02:28:45 Node cleanup_plankifier-wf_0_local job(s) have exited the queue
01/16/26 02:28:45 Running POST script of Node cleanup_plankifier-wf_0_local...
01/16/26 02:28:45 DAG status: 0 (DAG_STATUS_OK)
01/16/26 02:28:45 Of 12 nodes total:
01/16/26 02:28:45  Done     Pre   Queued    Post   Ready   Un-Ready   Failed   Futile
01/16/26 02:28:45   ===     ===      ===     ===     ===        ===      ===      ===
01/16/26 02:28:45    11       0        0       1       0          0        0        0
01/16/26 02:28:45 0 job proc(s) currently held
01/16/26 02:28:45 DAGMan Runtime Statistics: [EventCycleTimeAvg=0.004; EventCycleTimeMax=0.018; EventCycleTimeMin=0.000; EventCycleTimeStd=0.006; EventCycleTimeSum=0.148; SleepCycleTimeAvg=5.022; SleepCycleTimeMax=5.109; SleepCycleTimeMin=5.002; SleepCycleTimeStd=0.037; SleepCycleTimeSum=170.753; SubmitCycleTimeAvg=0.003; SubmitCycleTimeMax=0.018; SubmitCycleTimeMin=0.000; SubmitCycleTimeStd=0.006; SubmitCycleTimeSum=0.088; EventCycleTimeCount=34.000; SleepCycleTimeCount=34.000; SubmitCycleTimeCount=35.000; LogProcessCycleTimeAvg=0.003; LogProcessCycleTimeMax=0.009; LogProcessCycleTimeMin=0.000; LogProcessCycleTimeStd=0.003; LogProcessCycleTimeSum=0.040; LogProcessCycleTimeCount=15.000; ]
01/16/26 02:28:46 Initializing user log writer for /home/kiso/kiso-plankifier-experiment/kiso/pegasus/plankifier-wf/run0001/./plankifier-wf-0.dag.nodes.log, (13.0.0)
01/16/26 02:28:50 Currently monitoring 1 HTCondor log file(s)
01/16/26 02:28:50 Event: ULOG_POST_SCRIPT_TERMINATED for HTCondor Node cleanup_plankifier-wf_0_local (13.0.0) {01/16/26 02:28:46}
01/16/26 02:28:50 POST Script of node cleanup_plankifier-wf_0_local completed successfully.
01/16/26 02:28:50 DAG status: 0 (DAG_STATUS_OK)
01/16/26 02:28:50 Of 12 nodes total:
01/16/26 02:28:50  Done     Pre   Queued    Post   Ready   Un-Ready   Failed   Futile
01/16/26 02:28:50   ===     ===      ===     ===     ===        ===      ===      ===
01/16/26 02:28:50    12       0        0       0       0          0        0        0
01/16/26 02:28:50 0 job proc(s) currently held
01/16/26 02:28:50 DAGMan Runtime Statistics: [EventCycleTimeAvg=0.004; EventCycleTimeMax=0.018; EventCycleTimeMin=0.000; EventCycleTimeStd=0.006; EventCycleTimeSum=0.152; SleepCycleTimeAvg=4.996; SleepCycleTimeMax=5.109; SleepCycleTimeMin=4.098; SleepCycleTimeStd=0.161; SleepCycleTimeSum=174.851; SubmitCycleTimeAvg=0.002; SubmitCycleTimeMax=0.018; SubmitCycleTimeMin=0.000; SubmitCycleTimeStd=0.006; SubmitCycleTimeSum=0.088; EventCycleTimeCount=35.000; SleepCycleTimeCount=35.000; SubmitCycleTimeCount=36.000; LogProcessCycleTimeAvg=0.003; LogProcessCycleTimeMax=0.009; LogProcessCycleTimeMin=0.000; LogProcessCycleTimeStd=0.003; LogProcessCycleTimeSum=0.041; LogProcessCycleTimeCount=16.000; ]
01/16/26 02:28:50 All jobs Completed!
01/16/26 02:28:50 Note: 0 total node deferrals because of -MaxJobs limit (0)
01/16/26 02:28:50 Note: 0 total node deferrals because of -MaxIdle limit (1000)
01/16/26 02:28:50 Note: 0 total node deferrals because of node category throttles
01/16/26 02:28:50 Note: 0 total PRE script deferrals because of -MaxPre limit (20) or DEFER
01/16/26 02:28:50 Note: 0 total POST script deferrals because of -MaxPost limit (20) or DEFER
01/16/26 02:28:50 Note: 0 total HOLD script deferrals because of -MaxHold limit (20) or DEFER
01/16/26 02:28:50 DAG status: 0 (DAG_STATUS_OK)
01/16/26 02:28:50 Of 12 nodes total:
01/16/26 02:28:50  Done     Pre   Queued    Post   Ready   Un-Ready   Failed   Futile
01/16/26 02:28:50   ===     ===      ===     ===     ===        ===      ===      ===
01/16/26 02:28:50    12       0        0       0       0          0        0        0
01/16/26 02:28:50 0 job proc(s) currently held
01/16/26 02:28:50 DAGMan Runtime Statistics: [EventCycleTimeAvg=0.004; EventCycleTimeMax=0.018; EventCycleTimeMin=0.000; EventCycleTimeStd=0.006; EventCycleTimeSum=0.152; SleepCycleTimeAvg=4.996; SleepCycleTimeMax=5.109; SleepCycleTimeMin=4.098; SleepCycleTimeStd=0.161; SleepCycleTimeSum=174.851; SubmitCycleTimeAvg=0.002; SubmitCycleTimeMax=0.018; SubmitCycleTimeMin=0.000; SubmitCycleTimeStd=0.006; SubmitCycleTimeSum=0.088; EventCycleTimeCount=35.000; SleepCycleTimeCount=35.000; SubmitCycleTimeCount=36.000; LogProcessCycleTimeAvg=0.003; LogProcessCycleTimeMax=0.009; LogProcessCycleTimeMin=0.000; LogProcessCycleTimeStd=0.003; LogProcessCycleTimeSum=0.041; LogProcessCycleTimeCount=16.000; ]
01/16/26 02:28:50 Wrote metrics file plankifier-wf-0.dag.metrics.
01/16/26 02:28:50 DAGMan Runtime Statistics: [EventCycleTimeAvg=0.004; EventCycleTimeMax=0.018; EventCycleTimeMin=0.000; EventCycleTimeStd=0.006; EventCycleTimeSum=0.152; SleepCycleTimeAvg=4.996; SleepCycleTimeMax=5.109; SleepCycleTimeMin=4.098; SleepCycleTimeStd=0.161; SleepCycleTimeSum=174.851; SubmitCycleTimeAvg=0.002; SubmitCycleTimeMax=0.018; SubmitCycleTimeMin=0.000; SubmitCycleTimeStd=0.006; SubmitCycleTimeSum=0.088; EventCycleTimeCount=35.000; SleepCycleTimeCount=35.000; SubmitCycleTimeCount=36.000; LogProcessCycleTimeAvg=0.003; LogProcessCycleTimeMax=0.009; LogProcessCycleTimeMin=0.000; LogProcessCycleTimeStd=0.003; LogProcessCycleTimeSum=0.041; LogProcessCycleTimeCount=16.000; ]
01/16/26 02:28:50 **** condor_scheduniv_exec.1.0 (condor_DAGMAN) pid 13172 EXITING WITH STATUS 0
