2026-01-15 00:22:59,909:INFO:pegasus-monitord(58): pegasus-monitord starting - pid 13118 
2026-01-15 00:22:59,913:INFO:pegasus-monitord(456): Final Command line options are: ['-N', 'plankifier-wf-0.dag.dagman.out']
2026-01-15 00:22:59,914:INFO:Pegasus.monitoring.event_output(628): Connecting workflow event sink to sqlite:////home/kiso/kiso-plankifier-experiment/kiso/pegasus/plankifier-wf/run0001/plankifier-wf-0.stampede.db
Pegasus database was successfully created.
Database version: '5.1.1' (sqlite:////home/kiso/kiso-plankifier-experiment/kiso/pegasus/plankifier-wf/run0001/plankifier-wf-0.stampede.db)
2026-01-15 00:23:00,204:INFO:Pegasus.monitoring.event_output(702): output type=DB namespace=stampede. name=sqlite:////home/kiso/kiso-plankifier-experiment/kiso/pegasus/plankifier-wf/run0001/plankifier-wf-0.stampede.db
2026-01-15 00:23:00,205:INFO:Pegasus.monitoring.event_output(628): Connecting workflow event sink to sqlite:////home/kiso/.pegasus/workflow.db
Database version: '5.1.1' (sqlite:////home/kiso/.pegasus/workflow.db)
2026-01-15 00:23:00,452:INFO:Pegasus.monitoring.event_output(702): output type=DB namespace=dashboard. name=sqlite:////home/kiso/.pegasus/workflow.db
2026-01-15 00:23:00,452:INFO:pegasus-monitord(1251): monitord started in fast start mode
2026-01-15 00:23:00,459:INFO:Pegasus.monitoring.workflow(458): cannot open state file /home/kiso/kiso-plankifier-experiment/kiso/pegasus/plankifier-wf/run0001/monitord.info, continuing without state...
2026-01-15 00:23:00,460:INFO:Pegasus.monitoring.workflow(1146): creating new file /home/kiso/kiso-plankifier-experiment/kiso/pegasus/plankifier-wf/run0001/jobstate.log
2026-01-15 00:23:00,460:INFO:Pegasus.monitoring.workflow(1154): Appending to existing jobstate.log replay_mode 0 previous_processed_line 0
2026-01-15 00:23:00,460:INFO:Pegasus.monitoring.notifications(472): loading notifications from /home/kiso/kiso-plankifier-experiment/kiso/pegasus/plankifier-wf/run0001/plankifier-wf-0.notify
2026-01-15 00:23:00,522:INFO:Pegasus.monitoring.workflow(203): Parsing DAG file /home/kiso/kiso-plankifier-experiment/kiso/pegasus/plankifier-wf/run0001/plankifier-wf-0.dag
2026-01-15 00:23:00,523:INFO:pegasus-monitord(978): Using DAGMan version 24.12.15 241215
2026-01-15 00:23:00,524:INFO:pegasus-monitord(961): using dag plankifier-wf-0.dag
2026-01-15 00:23:00,524:INFO:Pegasus.monitoring.workflow(809): DAGMan starting with condor id 1.0
2026-01-15 00:25:25,056:INFO:Pegasus.monitoring.workflow(2468): Populating locations corresponding to succeeded registration job  /home/kiso/kiso-plankifier-experiment/kiso/pegasus/plankifier-wf/run0001/00/00/register_local_0_0.in 
2026-01-15 00:25:41,174:INFO:Pegasus.monitoring.workflow(2468): Populating locations corresponding to succeeded registration job  /home/kiso/kiso-plankifier-experiment/kiso/pegasus/plankifier-wf/run0001/00/00/register_local_1_0.in 
2026-01-15 00:25:56,263:INFO:pegasus-monitord(931): DAGMan plankifier-wf-0.dag finished with exit code 0
2026-01-15 00:25:57,269:INFO:pegasus-monitord(1431): workflow /home/kiso/kiso-plankifier-experiment/kiso/pegasus/plankifier-wf/run0001/plankifier-wf-0.dag.dagman.out ended
2026-01-15 00:25:57,269:INFO:Pegasus.monitoring.workflow(1376): recovery file deleted: /home/kiso/kiso-plankifier-experiment/kiso/pegasus/plankifier-wf/run0001/monitord.recover
2026-01-15 00:25:57,270:INFO:pegasus-monitord(1669): finishing workflow: /home/kiso/kiso-plankifier-experiment/kiso/pegasus/plankifier-wf/run0001/plankifier-wf-0.dag.dagman.out
2026-01-15 00:25:57,270:INFO:pegasus-monitord(1723): finishing notifications...
2026-01-15 00:25:57,270:INFO:pegasus-monitord(1731): monitord process 13118 exiting with 0
2026-01-15 00:25:57,270:INFO:pegasus-monitord(198): DB flushing beginning
2026-01-15 00:25:57,270:INFO:Pegasus.db.workflow_loader.WorkflowLoader(1244): Executing final flush
2026-01-15 00:25:57,292:INFO:Pegasus.db.dashboard_loader.DashboardLoader(397): Executing final flush
2026-01-15 00:25:57,292:INFO:pegasus-monitord(214): DB flushing ended
