01/15/26 00:22:59 ******************************************************
01/15/26 00:22:59 ** condor_scheduniv_exec.1.0 (CONDOR_DAGMAN) STARTING UP
01/15/26 00:22:59 ** /usr/bin/condor_dagman
01/15/26 00:22:59 ** SubsystemInfo: name=DAGMAN type=DAGMAN(9) class=CLIENT(2)
01/15/26 00:22:59 ** Configuration: subsystem:DAGMAN local:<NONE> class:CLIENT
01/15/26 00:22:59 ** $CondorVersion: 24.12.15 2025-12-12 BuildID: 856731 PackageID: 24.12.15-1+ubu22 GitSHA: 9a75c7f5 $
01/15/26 00:22:59 ** $CondorPlatform: X86_64-Ubuntu_22.04 $
01/15/26 00:22:59 ** PID = 13117 RealUID = 1011
01/15/26 00:22:59 ** Log last touched time unavailable (No such file or directory)
01/15/26 00:22:59 ******************************************************
01/15/26 00:22:59 Using config source: /etc/condor/condor_config
01/15/26 00:22:59 Using local config sources: 
01/15/26 00:22:59    /etc/condor/config.d/00-security
01/15/26 00:22:59    /etc/condor/config.d/01-kiso
01/15/26 00:22:59    /etc/condor/config.d/10-stash-plugin.conf
01/15/26 00:22:59    /etc/condor/condor_config.local
01/15/26 00:22:59 config Macros = 79, Sorted = 79, StringBytes = 2401, TablesBytes = 2908
01/15/26 00:22:59 CLASSAD_CACHING is ENABLED
01/15/26 00:22:59 Daemon Log is logging: D_ALWAYS D_ERROR D_STATUS
01/15/26 00:22:59 Daemoncore: Listening at <0.0.0.0:24269> on TCP (ReliSock) and UDP (SafeSock).
01/15/26 00:22:59 DaemonCore: command socket at <129.114.108.231:24269?addrs=129.114.108.231-24269&alias=enos--o-compute-zen3-o--0>
01/15/26 00:22:59 DaemonCore: private command socket at <129.114.108.231:24269?addrs=129.114.108.231-24269&alias=enos--o-compute-zen3-o--0>
01/15/26 00:22:59 DAGMAN_USE_STRICT setting: 1
01/15/26 00:22:59 DAGMAN_VERBOSITY setting: 3
01/15/26 00:22:59 DAGMAN_DEBUG_CACHE_SIZE setting: 5242880
01/15/26 00:22:59 DAGMAN_DEBUG_CACHE_ENABLE setting: False
01/15/26 00:22:59 DAGMAN_SUBMIT_DELAY setting: 0
01/15/26 00:22:59 DAGMAN_MAX_SUBMIT_ATTEMPTS setting: 6
01/15/26 00:22:59 DAGMAN_STARTUP_CYCLE_DETECT setting: False
01/15/26 00:22:59 DAGMAN_USE_JOIN_NODES setting: True
01/15/26 00:22:59 DAGMAN_REPORT_GRAPH_METRICS setting: False
01/15/26 00:22:59 DAGMAN_MAX_SUBMITS_PER_INTERVAL setting: 100
01/15/26 00:22:59 DAGMAN_AGGRESSIVE_SUBMIT setting: False
01/15/26 00:22:59 DAGMAN_USER_LOG_SCAN_INTERVAL setting: 5
01/15/26 00:22:59 DAGMAN_QUEUE_UPDATE_INTERVAL setting: 300.000000
01/15/26 00:22:59 DAGMAN_DEFAULT_PRIORITY setting: 0
01/15/26 00:22:59 DAGMAN_SUPPRESS_NOTIFICATION setting: False
01/15/26 00:22:59 allow_events (DAGMAN_ALLOW_EVENTS) setting: 114
01/15/26 00:22:59 DAGMAN_RETRY_SUBMIT_FIRST setting: True
01/15/26 00:22:59 DAGMAN_RETRY_NODE_FIRST setting: False
01/15/26 00:22:59 DAGMAN_MAX_JOBS_IDLE setting: 1000
01/15/26 00:22:59 DAGMAN_MAX_JOBS_SUBMITTED setting: 0
01/15/26 00:22:59 DAGMAN_MAX_PRE_SCRIPTS setting: 20
01/15/26 00:22:59 DAGMAN_MAX_POST_SCRIPTS setting: 20
01/15/26 00:22:59 DAGMAN_MAX_HOLD_SCRIPTS setting: 20
01/15/26 00:22:59 DAGMAN_MUNGE_NODE_NAMES setting: True
01/15/26 00:22:59 DAGMAN_ALLOW_ANY_NODE_NAME_CHARACTERS setting: False
01/15/26 00:22:59 DAGMAN_PROHIBIT_MULTI_JOBS setting: False
01/15/26 00:22:59 DAGMAN_SUBMIT_DEPTH_FIRST setting: False
01/15/26 00:22:59 DAGMAN_ALWAYS_RUN_POST setting: False
01/15/26 00:22:59 DAGMAN_CONDOR_SUBMIT_EXE setting: /usr/bin/condor_submit
01/15/26 00:22:59 DAGMAN_CONDOR_RM_EXE setting: /usr/bin/condor_rm
01/15/26 00:22:59 DAGMAN_USE_DIRECT_SUBMIT setting: True
01/15/26 00:22:59 DAGMAN_PRODUCE_JOB_CREDENTIALS setting: True
01/15/26 00:22:59 DAGMAN_DEFAULT_APPEND_VARS setting: False
01/15/26 00:22:59 DAGMAN_INHERIT_ATTRS_PREFIX setting: 
01/15/26 00:22:59 DAGMAN_INHERIT_ATTRS setting: 
01/15/26 00:22:59 DAGMAN_ABORT_DUPLICATES setting: True
01/15/26 00:22:59 DAGMAN_ABORT_ON_SCARY_SUBMIT setting: True
01/15/26 00:22:59 DAGMAN_PENDING_REPORT_INTERVAL setting: 600
01/15/26 00:22:59 DAGMAN_CHECK_QUEUE_INTERVAL setting: 28800
01/15/26 00:22:59 DAGMAN_PRINT_JOB_TABLE_INTERVAL setting: 900
01/15/26 00:22:59 DAGMAN_AUTO_RESCUE setting: True
01/15/26 00:22:59 DAGMAN_MAX_RESCUE_NUM setting: 100
01/15/26 00:22:59 DAGMAN_WRITE_PARTIAL_RESCUE setting: True
01/15/26 00:22:59 DAGMAN_RESET_RETRIES_UPON_RESCUE setting: True
01/15/26 00:22:59 DAGMAN_METRICS_FILE_VERSION setting: 2
01/15/26 00:22:59 DAGMAN_DEFAULT_NODE_LOG setting: @(DAG_DIR)/@(DAG_FILE).nodes.log
01/15/26 00:22:59 DAGMAN_LOG_ON_NFS_IS_ERROR setting: False
01/15/26 00:22:59 DAGMAN_GENERATE_SUBDAG_SUBMITS setting: True
01/15/26 00:22:59 DAGMAN_MAX_JOB_HOLDS setting: 100
01/15/26 00:22:59 DAGMAN_NODE_JOB_FAILURE_TOLERANCE setting: 0
01/15/26 00:22:59 DAGMAN_HOLD_CLAIM_TIME setting: 20
01/15/26 00:22:59 DAGMAN_SUPPRESS_JOB_LOGS setting: False
01/15/26 00:22:59 DAGMAN_REMOVE_NODE_JOBS setting: True
01/15/26 00:22:59 DAGMAN_PUT_FAILED_JOBS_ON_HOLD setting: False
01/15/26 00:22:59 DAGMAN_REMOVE_JOBS_AFTER_LIMIT_CHANGE setting: False
01/15/26 00:22:59 DAGMAN will adjust edges after parsing
01/15/26 00:22:59 argv[0] == "condor_scheduniv_exec.1.0"
01/15/26 00:22:59 argv[1] == "-Lockfile"
01/15/26 00:22:59 argv[2] == "plankifier-wf-0.dag.lock"
01/15/26 00:22:59 argv[3] == "-Dag"
01/15/26 00:22:59 argv[4] == "plankifier-wf-0.dag"
01/15/26 00:22:59 argv[5] == "-MaxPost"
01/15/26 00:22:59 argv[6] == "20"
01/15/26 00:22:59 argv[7] == "-CsdVersion"
01/15/26 00:22:59 argv[8] == "$CondorVersion: 24.12.15 2025-12-12 BuildID: 856731 PackageID: 24.12.15-1+ubu22 GitSHA: 9a75c7f5 $"
01/15/26 00:22:59 argv[9] == "-dagman"
01/15/26 00:22:59 argv[10] == "/usr/bin/condor_dagman"
01/15/26 00:22:59 argv[11] == "-AutoRescue"
01/15/26 00:22:59 argv[12] == "1"
01/15/26 00:22:59 argv[13] == "-DoRescueFrom"
01/15/26 00:22:59 argv[14] == "0"
01/15/26 00:22:59 Can't open directory "/etc/condor/passwords.d" as PRIV_ROOT, errno: 13 (Permission denied)
01/15/26 00:22:59 Can't open directory "/etc/condor/passwords.d" as PRIV_ROOT, errno: 13 (Permission denied)
01/15/26 00:22:59 Workflow batch-id: <1.0>
01/15/26 00:22:59 Workflow batch-name: <plankifier-wf-0.dag+1>
01/15/26 00:22:59 Workflow accounting_group: <>
01/15/26 00:22:59 Workflow accounting_group_user: <>
01/15/26 00:22:59 Warning: failed to get attribute DAGNodeName
01/15/26 00:22:59 Default node log file is: </home/kiso/kiso-plankifier-experiment/kiso/pegasus/plankifier-wf/run0001/./plankifier-wf-0.dag.nodes.log>
01/15/26 00:22:59 DAG Lockfile will be written to plankifier-wf-0.dag.lock
01/15/26 00:22:59 DAG Input file is plankifier-wf-0.dag
01/15/26 00:22:59 Parsing 1 dagfiles
01/15/26 00:22:59 Parsing plankifier-wf-0.dag ...
01/15/26 00:22:59 Adjusting edges
01/15/26 00:22:59 Dag contains 12 total nodes
01/15/26 00:22:59 Bootstrapping...
01/15/26 00:22:59 Number of pre-completed nodes: 0
01/15/26 00:22:59 MultiLogFiles: truncating log file /home/kiso/kiso-plankifier-experiment/kiso/pegasus/plankifier-wf/run0001/./plankifier-wf-0.dag.nodes.log
01/15/26 00:22:59 DAG status: 0 (DAG_STATUS_OK)
01/15/26 00:22:59 Of 12 nodes total:
01/15/26 00:22:59  Done     Pre   Queued    Post   Ready   Un-Ready   Failed   Futile
01/15/26 00:22:59   ===     ===      ===     ===     ===        ===      ===      ===
01/15/26 00:22:59     0       0        0       0       2         10        0        0
01/15/26 00:22:59 0 job proc(s) currently held
01/15/26 00:22:59 DAGMan Runtime Statistics: [EventCycleTimeSum=0.000; SleepCycleTimeSum=0.000; SubmitCycleTimeSum=0.000; EventCycleTimeCount=0.000; SleepCycleTimeCount=0.000; SubmitCycleTimeCount=0.000; LogProcessCycleTimeSum=0.000; LogProcessCycleTimeCount=0.000; ]
01/15/26 00:22:59 Registering condor_event_timer...
01/15/26 00:23:00 Submitting HTCondor Node create_dir_plankifier-wf_0_local job(s)...
01/15/26 00:23:00 Submitting node create_dir_plankifier-wf_0_local from file 00/00/create_dir_plankifier-wf_0_local.sub using direct job submission
01/15/26 00:23:00 	assigned HTCondor ID (2.0.0)
01/15/26 00:23:00 Submitting HTCondor Node stage_worker_local_plankifier-wf_0_local job(s)...
01/15/26 00:23:00 Submitting node stage_worker_local_plankifier-wf_0_local from file 00/00/stage_worker_local_plankifier-wf_0_local.sub using direct job submission
01/15/26 00:23:00 	assigned HTCondor ID (3.0.0)
01/15/26 00:23:00 Just submitted 2 jobs this cycle...
01/15/26 00:23:00 DAG status: 0 (DAG_STATUS_OK)
01/15/26 00:23:00 Of 12 nodes total:
01/15/26 00:23:00  Done     Pre   Queued    Post   Ready   Un-Ready   Failed   Futile
01/15/26 00:23:00   ===     ===      ===     ===     ===        ===      ===      ===
01/15/26 00:23:00     0       0        2       0       0         10        0        0
01/15/26 00:23:00 0 job proc(s) currently held
01/15/26 00:23:00 DAGMan Runtime Statistics: [EventCycleTimeSum=0.000; SleepCycleTimeSum=0.000; SubmitCycleTimeAvg=0.017; SubmitCycleTimeMax=0.017; SubmitCycleTimeMin=0.017; SubmitCycleTimeStd=0.017; SubmitCycleTimeSum=0.017; EventCycleTimeCount=0.000; SleepCycleTimeCount=0.000; SubmitCycleTimeCount=1.000; LogProcessCycleTimeSum=0.000; LogProcessCycleTimeCount=0.000; ]
01/15/26 00:23:05 Currently monitoring 1 HTCondor log file(s)
01/15/26 00:23:05 Reassigning the id of job create_dir_plankifier-wf_0_local from (2.0.0) to (2.0.0)
01/15/26 00:23:05 Event: ULOG_SUBMIT for HTCondor Node create_dir_plankifier-wf_0_local (2.0.0) {01/15/26 00:23:00}
01/15/26 00:23:05 Number of idle job procs: 1
01/15/26 00:23:05 Reassigning the id of job stage_worker_local_plankifier-wf_0_local from (3.0.0) to (3.0.0)
01/15/26 00:23:05 Event: ULOG_SUBMIT for HTCondor Node stage_worker_local_plankifier-wf_0_local (3.0.0) {01/15/26 00:23:00}
01/15/26 00:23:05 Number of idle job procs: 2
01/15/26 00:23:05 Event: ULOG_EXECUTE for HTCondor Node create_dir_plankifier-wf_0_local (2.0.0) {01/15/26 00:23:04}
01/15/26 00:23:05 Number of idle job procs: 1
01/15/26 00:23:05 Event: ULOG_EXECUTE for HTCondor Node stage_worker_local_plankifier-wf_0_local (3.0.0) {01/15/26 00:23:04}
01/15/26 00:23:05 Number of idle job procs: 0
01/15/26 00:23:10 Currently monitoring 1 HTCondor log file(s)
01/15/26 00:23:10 Event: ULOG_JOB_TERMINATED for HTCondor Node create_dir_plankifier-wf_0_local (2.0.0) {01/15/26 00:23:07}
01/15/26 00:23:10 Number of idle job procs: 0
01/15/26 00:23:10 Node create_dir_plankifier-wf_0_local job proc (2.0.0) completed successfully.
01/15/26 00:23:10 Node create_dir_plankifier-wf_0_local job(s) have exited the queue
01/15/26 00:23:10 Running POST script of Node create_dir_plankifier-wf_0_local...
01/15/26 00:23:10 Event: ULOG_JOB_TERMINATED for HTCondor Node stage_worker_local_plankifier-wf_0_local (3.0.0) {01/15/26 00:23:08}
01/15/26 00:23:10 Number of idle job procs: 0
01/15/26 00:23:10 Node stage_worker_local_plankifier-wf_0_local job proc (3.0.0) completed successfully.
01/15/26 00:23:10 Node stage_worker_local_plankifier-wf_0_local job(s) have exited the queue
01/15/26 00:23:10 Running POST script of Node stage_worker_local_plankifier-wf_0_local...
01/15/26 00:23:10 DAG status: 0 (DAG_STATUS_OK)
01/15/26 00:23:10 Of 12 nodes total:
01/15/26 00:23:10  Done     Pre   Queued    Post   Ready   Un-Ready   Failed   Futile
01/15/26 00:23:10   ===     ===      ===     ===     ===        ===      ===      ===
01/15/26 00:23:10     0       0        0       2       0         10        0        0
01/15/26 00:23:10 0 job proc(s) currently held
01/15/26 00:23:10 DAGMan Runtime Statistics: [EventCycleTimeAvg=0.013; EventCycleTimeMax=0.017; EventCycleTimeMin=0.009; EventCycleTimeStd=0.006; EventCycleTimeSum=0.025; SleepCycleTimeAvg=5.005; SleepCycleTimeMax=5.005; SleepCycleTimeMin=5.005; SleepCycleTimeStd=0.000; SleepCycleTimeSum=10.010; SubmitCycleTimeAvg=0.006; SubmitCycleTimeMax=0.017; SubmitCycleTimeMin=0.000; SubmitCycleTimeStd=0.010; SubmitCycleTimeSum=0.017; EventCycleTimeCount=2.000; SleepCycleTimeCount=2.000; SubmitCycleTimeCount=3.000; LogProcessCycleTimeAvg=0.004; LogProcessCycleTimeMax=0.007; LogProcessCycleTimeMin=0.000; LogProcessCycleTimeStd=0.005; LogProcessCycleTimeSum=0.007; LogProcessCycleTimeCount=2.000; ]
01/15/26 00:23:10 Initializing user log writer for /home/kiso/kiso-plankifier-experiment/kiso/pegasus/plankifier-wf/run0001/./plankifier-wf-0.dag.nodes.log, (2.0.0)
01/15/26 00:23:10 Initializing user log writer for /home/kiso/kiso-plankifier-experiment/kiso/pegasus/plankifier-wf/run0001/./plankifier-wf-0.dag.nodes.log, (3.0.0)
01/15/26 00:23:15 Currently monitoring 1 HTCondor log file(s)
01/15/26 00:23:15 Event: ULOG_POST_SCRIPT_TERMINATED for HTCondor Node create_dir_plankifier-wf_0_local (2.0.0) {01/15/26 00:23:10}
01/15/26 00:23:15 POST Script of node create_dir_plankifier-wf_0_local completed successfully.
01/15/26 00:23:15 Event: ULOG_POST_SCRIPT_TERMINATED for HTCondor Node stage_worker_local_plankifier-wf_0_local (3.0.0) {01/15/26 00:23:10}
01/15/26 00:23:15 POST Script of node stage_worker_local_plankifier-wf_0_local completed successfully.
01/15/26 00:23:15 DAG status: 0 (DAG_STATUS_OK)
01/15/26 00:23:15 Of 12 nodes total:
01/15/26 00:23:15  Done     Pre   Queued    Post   Ready   Un-Ready   Failed   Futile
01/15/26 00:23:15   ===     ===      ===     ===     ===        ===      ===      ===
01/15/26 00:23:15     2       0        0       0       2          8        0        0
01/15/26 00:23:15 0 job proc(s) currently held
01/15/26 00:23:15 DAGMan Runtime Statistics: [EventCycleTimeAvg=0.011; EventCycleTimeMax=0.017; EventCycleTimeMin=0.008; EventCycleTimeStd=0.005; EventCycleTimeSum=0.033; SleepCycleTimeAvg=5.037; SleepCycleTimeMax=5.101; SleepCycleTimeMin=5.005; SleepCycleTimeStd=0.056; SleepCycleTimeSum=15.112; SubmitCycleTimeAvg=0.004; SubmitCycleTimeMax=0.017; SubmitCycleTimeMin=0.000; SubmitCycleTimeStd=0.008; SubmitCycleTimeSum=0.017; EventCycleTimeCount=3.000; SleepCycleTimeCount=3.000; SubmitCycleTimeCount=4.000; LogProcessCycleTimeAvg=0.003; LogProcessCycleTimeMax=0.007; LogProcessCycleTimeMin=0.000; LogProcessCycleTimeStd=0.004; LogProcessCycleTimeSum=0.008; LogProcessCycleTimeCount=3.000; ]
01/15/26 00:23:20 Submitting HTCondor Node stage_in_local_local_1_0 job(s)...
01/15/26 00:23:20 Submitting node stage_in_local_local_1_0 from file 00/00/stage_in_local_local_1_0.sub using direct job submission
01/15/26 00:23:20 	assigned HTCondor ID (4.0.0)
01/15/26 00:23:20 Submitting HTCondor Node plankifier_ID0000001 job(s)...
01/15/26 00:23:20 Submitting node plankifier_ID0000001 from file 00/00/plankifier_ID0000001.sub using direct job submission
01/15/26 00:23:20 	assigned HTCondor ID (5.0.0)
01/15/26 00:23:20 Just submitted 2 jobs this cycle...
01/15/26 00:23:20 DAG status: 0 (DAG_STATUS_OK)
01/15/26 00:23:20 Of 12 nodes total:
01/15/26 00:23:20  Done     Pre   Queued    Post   Ready   Un-Ready   Failed   Futile
01/15/26 00:23:20   ===     ===      ===     ===     ===        ===      ===      ===
01/15/26 00:23:20     2       0        2       0       0          8        0        0
01/15/26 00:23:20 0 job proc(s) currently held
01/15/26 00:23:20 DAGMan Runtime Statistics: [EventCycleTimeAvg=0.008; EventCycleTimeMax=0.017; EventCycleTimeMin=0.001; EventCycleTimeStd=0.007; EventCycleTimeSum=0.034; SleepCycleTimeAvg=5.029; SleepCycleTimeMax=5.101; SleepCycleTimeMin=5.005; SleepCycleTimeStd=0.048; SleepCycleTimeSum=20.117; SubmitCycleTimeAvg=0.007; SubmitCycleTimeMax=0.017; SubmitCycleTimeMin=0.000; SubmitCycleTimeStd=0.009; SubmitCycleTimeSum=0.033; EventCycleTimeCount=4.000; SleepCycleTimeCount=4.000; SubmitCycleTimeCount=5.000; LogProcessCycleTimeAvg=0.003; LogProcessCycleTimeMax=0.007; LogProcessCycleTimeMin=0.000; LogProcessCycleTimeStd=0.004; LogProcessCycleTimeSum=0.008; LogProcessCycleTimeCount=3.000; ]
01/15/26 00:23:25 Currently monitoring 1 HTCondor log file(s)
01/15/26 00:23:25 Reassigning the id of job stage_in_local_local_1_0 from (4.0.0) to (4.0.0)
01/15/26 00:23:25 Event: ULOG_SUBMIT for HTCondor Node stage_in_local_local_1_0 (4.0.0) {01/15/26 00:23:20}
01/15/26 00:23:25 Number of idle job procs: 1
01/15/26 00:23:25 Reassigning the id of job plankifier_ID0000001 from (5.0.0) to (5.0.0)
01/15/26 00:23:25 Event: ULOG_SUBMIT for HTCondor Node plankifier_ID0000001 (5.0.0) {01/15/26 00:23:20}
01/15/26 00:23:25 Number of idle job procs: 2
01/15/26 00:23:25 Event: ULOG_EXECUTE for HTCondor Node stage_in_local_local_1_0 (4.0.0) {01/15/26 00:23:20}
01/15/26 00:23:25 Number of idle job procs: 1
01/15/26 00:23:25 Event: ULOG_JOB_TERMINATED for HTCondor Node stage_in_local_local_1_0 (4.0.0) {01/15/26 00:23:23}
01/15/26 00:23:25 Number of idle job procs: 1
01/15/26 00:23:25 Node stage_in_local_local_1_0 job proc (4.0.0) completed successfully.
01/15/26 00:23:25 Node stage_in_local_local_1_0 job(s) have exited the queue
01/15/26 00:23:25 Running POST script of Node stage_in_local_local_1_0...
01/15/26 00:23:25 DAG status: 0 (DAG_STATUS_OK)
01/15/26 00:23:25 Of 12 nodes total:
01/15/26 00:23:25  Done     Pre   Queued    Post   Ready   Un-Ready   Failed   Futile
01/15/26 00:23:25   ===     ===      ===     ===     ===        ===      ===      ===
01/15/26 00:23:25     2       0        1       1       0          8        0        0
01/15/26 00:23:25 0 job proc(s) currently held
01/15/26 00:23:25 DAGMan Runtime Statistics: [EventCycleTimeAvg=0.010; EventCycleTimeMax=0.017; EventCycleTimeMin=0.001; EventCycleTimeStd=0.007; EventCycleTimeSum=0.050; SleepCycleTimeAvg=5.024; SleepCycleTimeMax=5.101; SleepCycleTimeMin=5.005; SleepCycleTimeStd=0.043; SleepCycleTimeSum=25.122; SubmitCycleTimeAvg=0.006; SubmitCycleTimeMax=0.017; SubmitCycleTimeMin=0.000; SubmitCycleTimeStd=0.009; SubmitCycleTimeSum=0.033; EventCycleTimeCount=5.000; SleepCycleTimeCount=5.000; SubmitCycleTimeCount=6.000; LogProcessCycleTimeAvg=0.003; LogProcessCycleTimeMax=0.007; LogProcessCycleTimeMin=0.000; LogProcessCycleTimeStd=0.003; LogProcessCycleTimeSum=0.011; LogProcessCycleTimeCount=4.000; ]
01/15/26 00:23:25 Initializing user log writer for /home/kiso/kiso-plankifier-experiment/kiso/pegasus/plankifier-wf/run0001/./plankifier-wf-0.dag.nodes.log, (4.0.0)
01/15/26 00:23:30 Currently monitoring 1 HTCondor log file(s)
01/15/26 00:23:30 Event: ULOG_POST_SCRIPT_TERMINATED for HTCondor Node stage_in_local_local_1_0 (4.0.0) {01/15/26 00:23:25}
01/15/26 00:23:30 POST Script of node stage_in_local_local_1_0 completed successfully.
01/15/26 00:23:30 DAG status: 0 (DAG_STATUS_OK)
01/15/26 00:23:30 Of 12 nodes total:
01/15/26 00:23:30  Done     Pre   Queued    Post   Ready   Un-Ready   Failed   Futile
01/15/26 00:23:30   ===     ===      ===     ===     ===        ===      ===      ===
01/15/26 00:23:30     3       0        1       0       0          8        0        0
01/15/26 00:23:30 0 job proc(s) currently held
01/15/26 00:23:30 DAGMan Runtime Statistics: [EventCycleTimeAvg=0.009; EventCycleTimeMax=0.017; EventCycleTimeMin=0.001; EventCycleTimeStd=0.007; EventCycleTimeSum=0.054; SleepCycleTimeAvg=5.037; SleepCycleTimeMax=5.102; SleepCycleTimeMin=5.005; SleepCycleTimeStd=0.050; SleepCycleTimeSum=30.224; SubmitCycleTimeAvg=0.005; SubmitCycleTimeMax=0.017; SubmitCycleTimeMin=0.000; SubmitCycleTimeStd=0.008; SubmitCycleTimeSum=0.033; EventCycleTimeCount=6.000; SleepCycleTimeCount=6.000; SubmitCycleTimeCount=7.000; LogProcessCycleTimeAvg=0.002; LogProcessCycleTimeMax=0.007; LogProcessCycleTimeMin=0.000; LogProcessCycleTimeStd=0.003; LogProcessCycleTimeSum=0.011; LogProcessCycleTimeCount=5.000; ]
01/15/26 00:23:45 Currently monitoring 1 HTCondor log file(s)
01/15/26 00:23:45 Event: ULOG_EXECUTE for HTCondor Node plankifier_ID0000001 (5.0.0) {01/15/26 00:23:41}
01/15/26 00:23:45 Number of idle job procs: 0
01/15/26 00:24:50 Currently monitoring 1 HTCondor log file(s)
01/15/26 00:24:50 Event: ULOG_JOB_TERMINATED for HTCondor Node plankifier_ID0000001 (5.0.0) {01/15/26 00:24:48}
01/15/26 00:24:50 Number of idle job procs: 0
01/15/26 00:24:50 Node plankifier_ID0000001 job proc (5.0.0) completed successfully.
01/15/26 00:24:50 Node plankifier_ID0000001 job(s) have exited the queue
01/15/26 00:24:50 Running POST script of Node plankifier_ID0000001...
01/15/26 00:24:50 DAG status: 0 (DAG_STATUS_OK)
01/15/26 00:24:50 Of 12 nodes total:
01/15/26 00:24:50  Done     Pre   Queued    Post   Ready   Un-Ready   Failed   Futile
01/15/26 00:24:50   ===     ===      ===     ===     ===        ===      ===      ===
01/15/26 00:24:50     3       0        0       1       0          8        0        0
01/15/26 00:24:50 0 job proc(s) currently held
01/15/26 00:24:50 DAGMan Runtime Statistics: [EventCycleTimeAvg=0.003; EventCycleTimeMax=0.017; EventCycleTimeMin=0.000; EventCycleTimeStd=0.005; EventCycleTimeSum=0.055; SleepCycleTimeAvg=5.014; SleepCycleTimeMax=5.102; SleepCycleTimeMin=5.005; SleepCycleTimeStd=0.028; SleepCycleTimeSum=110.307; SubmitCycleTimeAvg=0.001; SubmitCycleTimeMax=0.017; SubmitCycleTimeMin=0.000; SubmitCycleTimeStd=0.005; SubmitCycleTimeSum=0.033; EventCycleTimeCount=22.000; SleepCycleTimeCount=22.000; SubmitCycleTimeCount=23.000; LogProcessCycleTimeAvg=0.002; LogProcessCycleTimeMax=0.007; LogProcessCycleTimeMin=0.000; LogProcessCycleTimeStd=0.003; LogProcessCycleTimeSum=0.015; LogProcessCycleTimeCount=7.000; ]
01/15/26 00:24:50 Initializing user log writer for /home/kiso/kiso-plankifier-experiment/kiso/pegasus/plankifier-wf/run0001/./plankifier-wf-0.dag.nodes.log, (5.0.0)
01/15/26 00:24:55 Currently monitoring 1 HTCondor log file(s)
01/15/26 00:24:55 Event: ULOG_POST_SCRIPT_TERMINATED for HTCondor Node plankifier_ID0000001 (5.0.0) {01/15/26 00:24:50}
01/15/26 00:24:55 POST Script of node plankifier_ID0000001 completed successfully.
01/15/26 00:24:55 DAG status: 0 (DAG_STATUS_OK)
01/15/26 00:24:55 Of 12 nodes total:
01/15/26 00:24:55  Done     Pre   Queued    Post   Ready   Un-Ready   Failed   Futile
01/15/26 00:24:55   ===     ===      ===     ===     ===        ===      ===      ===
01/15/26 00:24:55     4       0        0       0       2          6        0        0
01/15/26 00:24:55 0 job proc(s) currently held
01/15/26 00:24:55 DAGMan Runtime Statistics: [EventCycleTimeAvg=0.003; EventCycleTimeMax=0.017; EventCycleTimeMin=0.000; EventCycleTimeStd=0.005; EventCycleTimeSum=0.059; SleepCycleTimeAvg=5.018; SleepCycleTimeMax=5.102; SleepCycleTimeMin=5.005; SleepCycleTimeStd=0.033; SleepCycleTimeSum=115.403; SubmitCycleTimeAvg=0.001; SubmitCycleTimeMax=0.017; SubmitCycleTimeMin=0.000; SubmitCycleTimeStd=0.005; SubmitCycleTimeSum=0.033; EventCycleTimeCount=23.000; SleepCycleTimeCount=23.000; SubmitCycleTimeCount=24.000; LogProcessCycleTimeAvg=0.002; LogProcessCycleTimeMax=0.007; LogProcessCycleTimeMin=0.000; LogProcessCycleTimeStd=0.002; LogProcessCycleTimeSum=0.015; LogProcessCycleTimeCount=8.000; ]
01/15/26 00:25:00 Submitting HTCondor Node stage_out_local_local_0_0 job(s)...
01/15/26 00:25:00 Submitting node stage_out_local_local_0_0 from file 00/00/stage_out_local_local_0_0.sub using direct job submission
01/15/26 00:25:00 	assigned HTCondor ID (6.0.0)
01/15/26 00:25:00 Submitting HTCondor Node count_ID0000002 job(s)...
01/15/26 00:25:00 Submitting node count_ID0000002 from file 00/00/count_ID0000002.sub using direct job submission
01/15/26 00:25:00 	assigned HTCondor ID (7.0.0)
01/15/26 00:25:00 Just submitted 2 jobs this cycle...
01/15/26 00:25:00 DAG status: 0 (DAG_STATUS_OK)
01/15/26 00:25:00 Of 12 nodes total:
01/15/26 00:25:00  Done     Pre   Queued    Post   Ready   Un-Ready   Failed   Futile
01/15/26 00:25:00   ===     ===      ===     ===     ===        ===      ===      ===
01/15/26 00:25:00     4       0        2       0       0          6        0        0
01/15/26 00:25:00 0 job proc(s) currently held
01/15/26 00:25:00 DAGMan Runtime Statistics: [EventCycleTimeAvg=0.002; EventCycleTimeMax=0.017; EventCycleTimeMin=0.000; EventCycleTimeStd=0.005; EventCycleTimeSum=0.060; SleepCycleTimeAvg=5.017; SleepCycleTimeMax=5.102; SleepCycleTimeMin=5.005; SleepCycleTimeStd=0.032; SleepCycleTimeSum=120.409; SubmitCycleTimeAvg=0.002; SubmitCycleTimeMax=0.017; SubmitCycleTimeMin=0.000; SubmitCycleTimeStd=0.006; SubmitCycleTimeSum=0.050; EventCycleTimeCount=24.000; SleepCycleTimeCount=24.000; SubmitCycleTimeCount=25.000; LogProcessCycleTimeAvg=0.002; LogProcessCycleTimeMax=0.007; LogProcessCycleTimeMin=0.000; LogProcessCycleTimeStd=0.002; LogProcessCycleTimeSum=0.015; LogProcessCycleTimeCount=8.000; ]
01/15/26 00:25:05 Currently monitoring 1 HTCondor log file(s)
01/15/26 00:25:05 Reassigning the id of job stage_out_local_local_0_0 from (6.0.0) to (6.0.0)
01/15/26 00:25:05 Event: ULOG_SUBMIT for HTCondor Node stage_out_local_local_0_0 (6.0.0) {01/15/26 00:25:00}
01/15/26 00:25:05 Number of idle job procs: 1
01/15/26 00:25:05 Reassigning the id of job count_ID0000002 from (7.0.0) to (7.0.0)
01/15/26 00:25:05 Event: ULOG_SUBMIT for HTCondor Node count_ID0000002 (7.0.0) {01/15/26 00:25:00}
01/15/26 00:25:05 Number of idle job procs: 2
01/15/26 00:25:05 Event: ULOG_EXECUTE for HTCondor Node stage_out_local_local_0_0 (6.0.0) {01/15/26 00:25:00}
01/15/26 00:25:05 Number of idle job procs: 1
01/15/26 00:25:05 Event: ULOG_EXECUTE for HTCondor Node count_ID0000002 (7.0.0) {01/15/26 00:25:01}
01/15/26 00:25:05 Number of idle job procs: 0
01/15/26 00:25:05 Event: ULOG_JOB_TERMINATED for HTCondor Node count_ID0000002 (7.0.0) {01/15/26 00:25:02}
01/15/26 00:25:05 Number of idle job procs: 0
01/15/26 00:25:05 Node count_ID0000002 job proc (7.0.0) completed successfully.
01/15/26 00:25:05 Node count_ID0000002 job(s) have exited the queue
01/15/26 00:25:05 Running POST script of Node count_ID0000002...
01/15/26 00:25:05 Event: ULOG_JOB_TERMINATED for HTCondor Node stage_out_local_local_0_0 (6.0.0) {01/15/26 00:25:03}
01/15/26 00:25:05 Number of idle job procs: 0
01/15/26 00:25:05 Node stage_out_local_local_0_0 job proc (6.0.0) completed successfully.
01/15/26 00:25:05 Node stage_out_local_local_0_0 job(s) have exited the queue
01/15/26 00:25:05 Running POST script of Node stage_out_local_local_0_0...
01/15/26 00:25:05 DAG status: 0 (DAG_STATUS_OK)
01/15/26 00:25:05 Of 12 nodes total:
01/15/26 00:25:05  Done     Pre   Queued    Post   Ready   Un-Ready   Failed   Futile
01/15/26 00:25:05   ===     ===      ===     ===     ===        ===      ===      ===
01/15/26 00:25:05     4       0        0       2       0          6        0        0
01/15/26 00:25:05 0 job proc(s) currently held
01/15/26 00:25:05 DAGMan Runtime Statistics: [EventCycleTimeAvg=0.003; EventCycleTimeMax=0.017; EventCycleTimeMin=0.000; EventCycleTimeStd=0.006; EventCycleTimeSum=0.077; SleepCycleTimeAvg=5.017; SleepCycleTimeMax=5.102; SleepCycleTimeMin=5.004; SleepCycleTimeStd=0.031; SleepCycleTimeSum=125.413; SubmitCycleTimeAvg=0.002; SubmitCycleTimeMax=0.017; SubmitCycleTimeMin=0.000; SubmitCycleTimeStd=0.005; SubmitCycleTimeSum=0.050; EventCycleTimeCount=25.000; SleepCycleTimeCount=25.000; SubmitCycleTimeCount=26.000; LogProcessCycleTimeAvg=0.002; LogProcessCycleTimeMax=0.007; LogProcessCycleTimeMin=0.000; LogProcessCycleTimeStd=0.003; LogProcessCycleTimeSum=0.022; LogProcessCycleTimeCount=9.000; ]
01/15/26 00:25:05 Initializing user log writer for /home/kiso/kiso-plankifier-experiment/kiso/pegasus/plankifier-wf/run0001/./plankifier-wf-0.dag.nodes.log, (7.0.0)
01/15/26 00:25:05 Initializing user log writer for /home/kiso/kiso-plankifier-experiment/kiso/pegasus/plankifier-wf/run0001/./plankifier-wf-0.dag.nodes.log, (6.0.0)
01/15/26 00:25:10 Currently monitoring 1 HTCondor log file(s)
01/15/26 00:25:10 Event: ULOG_POST_SCRIPT_TERMINATED for HTCondor Node count_ID0000002 (7.0.0) {01/15/26 00:25:05}
01/15/26 00:25:10 POST Script of node count_ID0000002 completed successfully.
01/15/26 00:25:10 Event: ULOG_POST_SCRIPT_TERMINATED for HTCondor Node stage_out_local_local_0_0 (6.0.0) {01/15/26 00:25:05}
01/15/26 00:25:10 POST Script of node stage_out_local_local_0_0 completed successfully.
01/15/26 00:25:10 DAG status: 0 (DAG_STATUS_OK)
01/15/26 00:25:10 Of 12 nodes total:
01/15/26 00:25:10  Done     Pre   Queued    Post   Ready   Un-Ready   Failed   Futile
01/15/26 00:25:10   ===     ===      ===     ===     ===        ===      ===      ===
01/15/26 00:25:10     6       0        0       0       3          3        0        0
01/15/26 00:25:10 0 job proc(s) currently held
01/15/26 00:25:10 DAGMan Runtime Statistics: [EventCycleTimeAvg=0.003; EventCycleTimeMax=0.017; EventCycleTimeMin=0.000; EventCycleTimeStd=0.006; EventCycleTimeSum=0.085; SleepCycleTimeAvg=5.020; SleepCycleTimeMax=5.102; SleepCycleTimeMin=5.004; SleepCycleTimeStd=0.035; SleepCycleTimeSum=130.514; SubmitCycleTimeAvg=0.002; SubmitCycleTimeMax=0.017; SubmitCycleTimeMin=0.000; SubmitCycleTimeStd=0.005; SubmitCycleTimeSum=0.050; EventCycleTimeCount=26.000; SleepCycleTimeCount=26.000; SubmitCycleTimeCount=27.000; LogProcessCycleTimeAvg=0.002; LogProcessCycleTimeMax=0.007; LogProcessCycleTimeMin=0.000; LogProcessCycleTimeStd=0.003; LogProcessCycleTimeSum=0.023; LogProcessCycleTimeCount=10.000; ]
01/15/26 00:25:15 Submitting HTCondor Node clean_up_local_level_3_0 job(s)...
01/15/26 00:25:15 Submitting node clean_up_local_level_3_0 from file 00/00/clean_up_local_level_3_0.sub using direct job submission
01/15/26 00:25:15 	assigned HTCondor ID (8.0.0)
01/15/26 00:25:15 Submitting HTCondor Node stage_out_local_local_1_0 job(s)...
01/15/26 00:25:15 Submitting node stage_out_local_local_1_0 from file 00/00/stage_out_local_local_1_0.sub using direct job submission
01/15/26 00:25:15 	assigned HTCondor ID (9.0.0)
01/15/26 00:25:15 Submitting HTCondor Node register_local_0_0 job(s)...
01/15/26 00:25:15 Submitting node register_local_0_0 from file 00/00/register_local_0_0.sub using direct job submission
01/15/26 00:25:15 	assigned HTCondor ID (10.0.0)
01/15/26 00:25:15 Just submitted 3 jobs this cycle...
01/15/26 00:25:15 DAG status: 0 (DAG_STATUS_OK)
01/15/26 00:25:15 Of 12 nodes total:
01/15/26 00:25:15  Done     Pre   Queued    Post   Ready   Un-Ready   Failed   Futile
01/15/26 00:25:15   ===     ===      ===     ===     ===        ===      ===      ===
01/15/26 00:25:15     6       0        3       0       0          3        0        0
01/15/26 00:25:15 0 job proc(s) currently held
01/15/26 00:25:15 DAGMan Runtime Statistics: [EventCycleTimeAvg=0.003; EventCycleTimeMax=0.017; EventCycleTimeMin=0.000; EventCycleTimeStd=0.006; EventCycleTimeSum=0.085; SleepCycleTimeAvg=5.019; SleepCycleTimeMax=5.102; SleepCycleTimeMin=5.004; SleepCycleTimeStd=0.034; SleepCycleTimeSum=135.520; SubmitCycleTimeAvg=0.003; SubmitCycleTimeMax=0.023; SubmitCycleTimeMin=0.000; SubmitCycleTimeStd=0.007; SubmitCycleTimeSum=0.073; EventCycleTimeCount=27.000; SleepCycleTimeCount=27.000; SubmitCycleTimeCount=28.000; LogProcessCycleTimeAvg=0.002; LogProcessCycleTimeMax=0.007; LogProcessCycleTimeMin=0.000; LogProcessCycleTimeStd=0.003; LogProcessCycleTimeSum=0.023; LogProcessCycleTimeCount=10.000; ]
01/15/26 00:25:20 Currently monitoring 1 HTCondor log file(s)
01/15/26 00:25:20 Reassigning the id of job clean_up_local_level_3_0 from (8.0.0) to (8.0.0)
01/15/26 00:25:20 Event: ULOG_SUBMIT for HTCondor Node clean_up_local_level_3_0 (8.0.0) {01/15/26 00:25:15}
01/15/26 00:25:20 Number of idle job procs: 1
01/15/26 00:25:20 Reassigning the id of job stage_out_local_local_1_0 from (9.0.0) to (9.0.0)
01/15/26 00:25:20 Event: ULOG_SUBMIT for HTCondor Node stage_out_local_local_1_0 (9.0.0) {01/15/26 00:25:15}
01/15/26 00:25:20 Number of idle job procs: 2
01/15/26 00:25:20 Reassigning the id of job register_local_0_0 from (10.0.0) to (10.0.0)
01/15/26 00:25:20 Event: ULOG_SUBMIT for HTCondor Node register_local_0_0 (10.0.0) {01/15/26 00:25:15}
01/15/26 00:25:20 Number of idle job procs: 3
01/15/26 00:25:20 Event: ULOG_EXECUTE for HTCondor Node stage_out_local_local_1_0 (9.0.0) {01/15/26 00:25:16}
01/15/26 00:25:20 Number of idle job procs: 2
01/15/26 00:25:20 Event: ULOG_EXECUTE for HTCondor Node register_local_0_0 (10.0.0) {01/15/26 00:25:16}
01/15/26 00:25:20 Number of idle job procs: 1
01/15/26 00:25:20 Event: ULOG_EXECUTE for HTCondor Node clean_up_local_level_3_0 (8.0.0) {01/15/26 00:25:16}
01/15/26 00:25:20 Number of idle job procs: 0
01/15/26 00:25:20 Event: ULOG_JOB_TERMINATED for HTCondor Node register_local_0_0 (10.0.0) {01/15/26 00:25:18}
01/15/26 00:25:20 Number of idle job procs: 0
01/15/26 00:25:20 Node register_local_0_0 job proc (10.0.0) completed successfully.
01/15/26 00:25:20 Node register_local_0_0 job(s) have exited the queue
01/15/26 00:25:20 Running POST script of Node register_local_0_0...
01/15/26 00:25:20 Event: ULOG_JOB_TERMINATED for HTCondor Node stage_out_local_local_1_0 (9.0.0) {01/15/26 00:25:19}
01/15/26 00:25:20 Number of idle job procs: 0
01/15/26 00:25:20 Node stage_out_local_local_1_0 job proc (9.0.0) completed successfully.
01/15/26 00:25:20 Node stage_out_local_local_1_0 job(s) have exited the queue
01/15/26 00:25:20 Running POST script of Node stage_out_local_local_1_0...
01/15/26 00:25:20 DAG status: 0 (DAG_STATUS_OK)
01/15/26 00:25:20 Of 12 nodes total:
01/15/26 00:25:20  Done     Pre   Queued    Post   Ready   Un-Ready   Failed   Futile
01/15/26 00:25:20   ===     ===      ===     ===     ===        ===      ===      ===
01/15/26 00:25:20     6       0        1       2       0          3        0        0
01/15/26 00:25:20 0 job proc(s) currently held
01/15/26 00:25:20 DAGMan Runtime Statistics: [EventCycleTimeAvg=0.004; EventCycleTimeMax=0.023; EventCycleTimeMin=0.000; EventCycleTimeStd=0.007; EventCycleTimeSum=0.108; SleepCycleTimeAvg=5.019; SleepCycleTimeMax=5.102; SleepCycleTimeMin=5.004; SleepCycleTimeStd=0.034; SleepCycleTimeSum=140.525; SubmitCycleTimeAvg=0.003; SubmitCycleTimeMax=0.023; SubmitCycleTimeMin=0.000; SubmitCycleTimeStd=0.006; SubmitCycleTimeSum=0.073; EventCycleTimeCount=28.000; SleepCycleTimeCount=28.000; SubmitCycleTimeCount=29.000; LogProcessCycleTimeAvg=0.003; LogProcessCycleTimeMax=0.007; LogProcessCycleTimeMin=0.000; LogProcessCycleTimeStd=0.003; LogProcessCycleTimeSum=0.029; LogProcessCycleTimeCount=11.000; ]
01/15/26 00:25:21 Initializing user log writer for /home/kiso/kiso-plankifier-experiment/kiso/pegasus/plankifier-wf/run0001/./plankifier-wf-0.dag.nodes.log, (10.0.0)
01/15/26 00:25:21 Initializing user log writer for /home/kiso/kiso-plankifier-experiment/kiso/pegasus/plankifier-wf/run0001/./plankifier-wf-0.dag.nodes.log, (9.0.0)
01/15/26 00:25:25 Currently monitoring 1 HTCondor log file(s)
01/15/26 00:25:25 Event: ULOG_JOB_TERMINATED for HTCondor Node clean_up_local_level_3_0 (8.0.0) {01/15/26 00:25:20}
01/15/26 00:25:25 Number of idle job procs: 0
01/15/26 00:25:25 Node clean_up_local_level_3_0 job proc (8.0.0) completed successfully.
01/15/26 00:25:25 Node clean_up_local_level_3_0 job(s) have exited the queue
01/15/26 00:25:25 Running POST script of Node clean_up_local_level_3_0...
01/15/26 00:25:25 Event: ULOG_POST_SCRIPT_TERMINATED for HTCondor Node register_local_0_0 (10.0.0) {01/15/26 00:25:21}
01/15/26 00:25:25 POST Script of node register_local_0_0 completed successfully.
01/15/26 00:25:25 Event: ULOG_POST_SCRIPT_TERMINATED for HTCondor Node stage_out_local_local_1_0 (9.0.0) {01/15/26 00:25:21}
01/15/26 00:25:25 POST Script of node stage_out_local_local_1_0 completed successfully.
01/15/26 00:25:25 DAG status: 0 (DAG_STATUS_OK)
01/15/26 00:25:25 Of 12 nodes total:
01/15/26 00:25:25  Done     Pre   Queued    Post   Ready   Un-Ready   Failed   Futile
01/15/26 00:25:25   ===     ===      ===     ===     ===        ===      ===      ===
01/15/26 00:25:25     8       0        0       1       2          1        0        0
01/15/26 00:25:25 0 job proc(s) currently held
01/15/26 00:25:25 DAGMan Runtime Statistics: [EventCycleTimeAvg=0.004; EventCycleTimeMax=0.023; EventCycleTimeMin=0.000; EventCycleTimeStd=0.007; EventCycleTimeSum=0.115; SleepCycleTimeAvg=4.987; SleepCycleTimeMax=5.102; SleepCycleTimeMin=4.103; SleepCycleTimeStd=0.173; SleepCycleTimeSum=144.628; SubmitCycleTimeAvg=0.002; SubmitCycleTimeMax=0.023; SubmitCycleTimeMin=0.000; SubmitCycleTimeStd=0.006; SubmitCycleTimeSum=0.073; EventCycleTimeCount=29.000; SleepCycleTimeCount=29.000; SubmitCycleTimeCount=30.000; LogProcessCycleTimeAvg=0.003; LogProcessCycleTimeMax=0.007; LogProcessCycleTimeMin=0.000; LogProcessCycleTimeStd=0.003; LogProcessCycleTimeSum=0.033; LogProcessCycleTimeCount=12.000; ]
01/15/26 00:25:25 Initializing user log writer for /home/kiso/kiso-plankifier-experiment/kiso/pegasus/plankifier-wf/run0001/./plankifier-wf-0.dag.nodes.log, (8.0.0)
01/15/26 00:25:30 Submitting HTCondor Node clean_up_local_level_4_0 job(s)...
01/15/26 00:25:30 Submitting node clean_up_local_level_4_0 from file 00/00/clean_up_local_level_4_0.sub using direct job submission
01/15/26 00:25:30 	assigned HTCondor ID (11.0.0)
01/15/26 00:25:30 Submitting HTCondor Node register_local_1_0 job(s)...
01/15/26 00:25:30 Submitting node register_local_1_0 from file 00/00/register_local_1_0.sub using direct job submission
01/15/26 00:25:30 	assigned HTCondor ID (12.0.0)
01/15/26 00:25:30 Just submitted 2 jobs this cycle...
01/15/26 00:25:30 Currently monitoring 1 HTCondor log file(s)
01/15/26 00:25:30 Event: ULOG_POST_SCRIPT_TERMINATED for HTCondor Node clean_up_local_level_3_0 (8.0.0) {01/15/26 00:25:25}
01/15/26 00:25:30 POST Script of node clean_up_local_level_3_0 completed successfully.
01/15/26 00:25:30 Reassigning the id of job clean_up_local_level_4_0 from (11.0.0) to (11.0.0)
01/15/26 00:25:30 Event: ULOG_SUBMIT for HTCondor Node clean_up_local_level_4_0 (11.0.0) {01/15/26 00:25:30}
01/15/26 00:25:30 Number of idle job procs: 1
01/15/26 00:25:30 Reassigning the id of job register_local_1_0 from (12.0.0) to (12.0.0)
01/15/26 00:25:30 Event: ULOG_SUBMIT for HTCondor Node register_local_1_0 (12.0.0) {01/15/26 00:25:30}
01/15/26 00:25:30 Number of idle job procs: 2
01/15/26 00:25:30 DAG status: 0 (DAG_STATUS_OK)
01/15/26 00:25:30 Of 12 nodes total:
01/15/26 00:25:30  Done     Pre   Queued    Post   Ready   Un-Ready   Failed   Futile
01/15/26 00:25:30   ===     ===      ===     ===     ===        ===      ===      ===
01/15/26 00:25:30     9       0        2       0       0          1        0        0
01/15/26 00:25:30 0 job proc(s) currently held
01/15/26 00:25:30 DAGMan Runtime Statistics: [EventCycleTimeAvg=0.004; EventCycleTimeMax=0.023; EventCycleTimeMin=0.000; EventCycleTimeStd=0.006; EventCycleTimeSum=0.120; SleepCycleTimeAvg=4.991; SleepCycleTimeMax=5.102; SleepCycleTimeMin=4.103; SleepCycleTimeStd=0.172; SleepCycleTimeSum=149.727; SubmitCycleTimeAvg=0.003; SubmitCycleTimeMax=0.023; SubmitCycleTimeMin=0.000; SubmitCycleTimeStd=0.007; SubmitCycleTimeSum=0.089; EventCycleTimeCount=30.000; SleepCycleTimeCount=30.000; SubmitCycleTimeCount=31.000; LogProcessCycleTimeAvg=0.003; LogProcessCycleTimeMax=0.007; LogProcessCycleTimeMin=0.000; LogProcessCycleTimeStd=0.003; LogProcessCycleTimeSum=0.034; LogProcessCycleTimeCount=13.000; ]
01/15/26 00:25:35 Currently monitoring 1 HTCondor log file(s)
01/15/26 00:25:35 Event: ULOG_EXECUTE for HTCondor Node clean_up_local_level_4_0 (11.0.0) {01/15/26 00:25:30}
01/15/26 00:25:35 Number of idle job procs: 1
01/15/26 00:25:35 Event: ULOG_EXECUTE for HTCondor Node register_local_1_0 (12.0.0) {01/15/26 00:25:30}
01/15/26 00:25:35 Number of idle job procs: 0
01/15/26 00:25:35 Event: ULOG_JOB_TERMINATED for HTCondor Node register_local_1_0 (12.0.0) {01/15/26 00:25:32}
01/15/26 00:25:35 Number of idle job procs: 0
01/15/26 00:25:35 Node register_local_1_0 job proc (12.0.0) completed successfully.
01/15/26 00:25:35 Node register_local_1_0 job(s) have exited the queue
01/15/26 00:25:35 Running POST script of Node register_local_1_0...
01/15/26 00:25:35 Event: ULOG_JOB_TERMINATED for HTCondor Node clean_up_local_level_4_0 (11.0.0) {01/15/26 00:25:32}
01/15/26 00:25:35 Number of idle job procs: 0
01/15/26 00:25:35 Node clean_up_local_level_4_0 job proc (11.0.0) completed successfully.
01/15/26 00:25:35 Node clean_up_local_level_4_0 job(s) have exited the queue
01/15/26 00:25:35 Running POST script of Node clean_up_local_level_4_0...
01/15/26 00:25:35 DAG status: 0 (DAG_STATUS_OK)
01/15/26 00:25:35 Of 12 nodes total:
01/15/26 00:25:35  Done     Pre   Queued    Post   Ready   Un-Ready   Failed   Futile
01/15/26 00:25:35   ===     ===      ===     ===     ===        ===      ===      ===
01/15/26 00:25:35     9       0        0       2       0          1        0        0
01/15/26 00:25:35 0 job proc(s) currently held
01/15/26 00:25:35 DAGMan Runtime Statistics: [EventCycleTimeAvg=0.004; EventCycleTimeMax=0.023; EventCycleTimeMin=0.000; EventCycleTimeStd=0.007; EventCycleTimeSum=0.136; SleepCycleTimeAvg=4.991; SleepCycleTimeMax=5.102; SleepCycleTimeMin=4.103; SleepCycleTimeStd=0.169; SleepCycleTimeSum=154.732; SubmitCycleTimeAvg=0.003; SubmitCycleTimeMax=0.023; SubmitCycleTimeMin=0.000; SubmitCycleTimeStd=0.007; SubmitCycleTimeSum=0.089; EventCycleTimeCount=31.000; SleepCycleTimeCount=31.000; SubmitCycleTimeCount=32.000; LogProcessCycleTimeAvg=0.003; LogProcessCycleTimeMax=0.007; LogProcessCycleTimeMin=0.000; LogProcessCycleTimeStd=0.003; LogProcessCycleTimeSum=0.040; LogProcessCycleTimeCount=14.000; ]
01/15/26 00:25:35 Initializing user log writer for /home/kiso/kiso-plankifier-experiment/kiso/pegasus/plankifier-wf/run0001/./plankifier-wf-0.dag.nodes.log, (12.0.0)
01/15/26 00:25:35 Initializing user log writer for /home/kiso/kiso-plankifier-experiment/kiso/pegasus/plankifier-wf/run0001/./plankifier-wf-0.dag.nodes.log, (11.0.0)
01/15/26 00:25:40 Currently monitoring 1 HTCondor log file(s)
01/15/26 00:25:40 Event: ULOG_POST_SCRIPT_TERMINATED for HTCondor Node register_local_1_0 (12.0.0) {01/15/26 00:25:35}
01/15/26 00:25:40 POST Script of node register_local_1_0 completed successfully.
01/15/26 00:25:40 Event: ULOG_POST_SCRIPT_TERMINATED for HTCondor Node clean_up_local_level_4_0 (11.0.0) {01/15/26 00:25:35}
01/15/26 00:25:40 POST Script of node clean_up_local_level_4_0 completed successfully.
01/15/26 00:25:40 DAG status: 0 (DAG_STATUS_OK)
01/15/26 00:25:40 Of 12 nodes total:
01/15/26 00:25:40  Done     Pre   Queued    Post   Ready   Un-Ready   Failed   Futile
01/15/26 00:25:40   ===     ===      ===     ===     ===        ===      ===      ===
01/15/26 00:25:40    11       0        0       0       1          0        0        0
01/15/26 00:25:40 0 job proc(s) currently held
01/15/26 00:25:40 DAGMan Runtime Statistics: [EventCycleTimeAvg=0.004; EventCycleTimeMax=0.023; EventCycleTimeMin=0.000; EventCycleTimeStd=0.007; EventCycleTimeSum=0.144; SleepCycleTimeAvg=4.995; SleepCycleTimeMax=5.102; SleepCycleTimeMin=4.103; SleepCycleTimeStd=0.167; SleepCycleTimeSum=159.832; SubmitCycleTimeAvg=0.003; SubmitCycleTimeMax=0.023; SubmitCycleTimeMin=0.000; SubmitCycleTimeStd=0.007; SubmitCycleTimeSum=0.089; EventCycleTimeCount=32.000; SleepCycleTimeCount=32.000; SubmitCycleTimeCount=33.000; LogProcessCycleTimeAvg=0.003; LogProcessCycleTimeMax=0.007; LogProcessCycleTimeMin=0.000; LogProcessCycleTimeStd=0.003; LogProcessCycleTimeSum=0.041; LogProcessCycleTimeCount=15.000; ]
01/15/26 00:25:45 Submitting HTCondor Node cleanup_plankifier-wf_0_local job(s)...
01/15/26 00:25:45 Submitting node cleanup_plankifier-wf_0_local from file 00/00/cleanup_plankifier-wf_0_local.sub using direct job submission
01/15/26 00:25:45 	assigned HTCondor ID (13.0.0)
01/15/26 00:25:45 Just submitted 1 job this cycle...
01/15/26 00:25:45 DAG status: 0 (DAG_STATUS_OK)
01/15/26 00:25:45 Of 12 nodes total:
01/15/26 00:25:45  Done     Pre   Queued    Post   Ready   Un-Ready   Failed   Futile
01/15/26 00:25:45   ===     ===      ===     ===     ===        ===      ===      ===
01/15/26 00:25:45    11       0        1       0       0          0        0        0
01/15/26 00:25:45 0 job proc(s) currently held
01/15/26 00:25:45 DAGMan Runtime Statistics: [EventCycleTimeAvg=0.004; EventCycleTimeMax=0.023; EventCycleTimeMin=0.000; EventCycleTimeStd=0.007; EventCycleTimeSum=0.144; SleepCycleTimeAvg=4.995; SleepCycleTimeMax=5.102; SleepCycleTimeMin=4.103; SleepCycleTimeStd=0.164; SleepCycleTimeSum=164.837; SubmitCycleTimeAvg=0.003; SubmitCycleTimeMax=0.023; SubmitCycleTimeMin=0.000; SubmitCycleTimeStd=0.007; SubmitCycleTimeSum=0.099; EventCycleTimeCount=33.000; SleepCycleTimeCount=33.000; SubmitCycleTimeCount=34.000; LogProcessCycleTimeAvg=0.003; LogProcessCycleTimeMax=0.007; LogProcessCycleTimeMin=0.000; LogProcessCycleTimeStd=0.003; LogProcessCycleTimeSum=0.041; LogProcessCycleTimeCount=15.000; ]
01/15/26 00:25:50 Currently monitoring 1 HTCondor log file(s)
01/15/26 00:25:50 Reassigning the id of job cleanup_plankifier-wf_0_local from (13.0.0) to (13.0.0)
01/15/26 00:25:50 Event: ULOG_SUBMIT for HTCondor Node cleanup_plankifier-wf_0_local (13.0.0) {01/15/26 00:25:45}
01/15/26 00:25:50 Number of idle job procs: 1
01/15/26 00:25:50 Event: ULOG_EXECUTE for HTCondor Node cleanup_plankifier-wf_0_local (13.0.0) {01/15/26 00:25:45}
01/15/26 00:25:50 Number of idle job procs: 0
01/15/26 00:25:50 Event: ULOG_JOB_TERMINATED for HTCondor Node cleanup_plankifier-wf_0_local (13.0.0) {01/15/26 00:25:47}
01/15/26 00:25:50 Number of idle job procs: 0
01/15/26 00:25:50 Node cleanup_plankifier-wf_0_local job proc (13.0.0) completed successfully.
01/15/26 00:25:50 Node cleanup_plankifier-wf_0_local job(s) have exited the queue
01/15/26 00:25:50 Running POST script of Node cleanup_plankifier-wf_0_local...
01/15/26 00:25:50 DAG status: 0 (DAG_STATUS_OK)
01/15/26 00:25:50 Of 12 nodes total:
01/15/26 00:25:50  Done     Pre   Queued    Post   Ready   Un-Ready   Failed   Futile
01/15/26 00:25:50   ===     ===      ===     ===     ===        ===      ===      ===
01/15/26 00:25:50    11       0        0       1       0          0        0        0
01/15/26 00:25:50 0 job proc(s) currently held
01/15/26 00:25:50 DAGMan Runtime Statistics: [EventCycleTimeAvg=0.005; EventCycleTimeMax=0.023; EventCycleTimeMin=0.000; EventCycleTimeStd=0.007; EventCycleTimeSum=0.154; SleepCycleTimeAvg=4.995; SleepCycleTimeMax=5.102; SleepCycleTimeMin=4.103; SleepCycleTimeStd=0.162; SleepCycleTimeSum=169.842; SubmitCycleTimeAvg=0.003; SubmitCycleTimeMax=0.023; SubmitCycleTimeMin=0.000; SubmitCycleTimeStd=0.007; SubmitCycleTimeSum=0.099; EventCycleTimeCount=34.000; SleepCycleTimeCount=34.000; SubmitCycleTimeCount=35.000; LogProcessCycleTimeAvg=0.003; LogProcessCycleTimeMax=0.007; LogProcessCycleTimeMin=0.000; LogProcessCycleTimeStd=0.003; LogProcessCycleTimeSum=0.044; LogProcessCycleTimeCount=16.000; ]
01/15/26 00:25:50 Initializing user log writer for /home/kiso/kiso-plankifier-experiment/kiso/pegasus/plankifier-wf/run0001/./plankifier-wf-0.dag.nodes.log, (13.0.0)
01/15/26 00:25:55 Currently monitoring 1 HTCondor log file(s)
01/15/26 00:25:55 Event: ULOG_POST_SCRIPT_TERMINATED for HTCondor Node cleanup_plankifier-wf_0_local (13.0.0) {01/15/26 00:25:50}
01/15/26 00:25:55 POST Script of node cleanup_plankifier-wf_0_local completed successfully.
01/15/26 00:25:55 DAG status: 0 (DAG_STATUS_OK)
01/15/26 00:25:55 Of 12 nodes total:
01/15/26 00:25:55  Done     Pre   Queued    Post   Ready   Un-Ready   Failed   Futile
01/15/26 00:25:55   ===     ===      ===     ===     ===        ===      ===      ===
01/15/26 00:25:55    12       0        0       0       0          0        0        0
01/15/26 00:25:55 0 job proc(s) currently held
01/15/26 00:25:55 DAGMan Runtime Statistics: [EventCycleTimeAvg=0.005; EventCycleTimeMax=0.023; EventCycleTimeMin=0.000; EventCycleTimeStd=0.006; EventCycleTimeSum=0.158; SleepCycleTimeAvg=4.998; SleepCycleTimeMax=5.102; SleepCycleTimeMin=4.103; SleepCycleTimeStd=0.160; SleepCycleTimeSum=174.943; SubmitCycleTimeAvg=0.003; SubmitCycleTimeMax=0.023; SubmitCycleTimeMin=0.000; SubmitCycleTimeStd=0.006; SubmitCycleTimeSum=0.099; EventCycleTimeCount=35.000; SleepCycleTimeCount=35.000; SubmitCycleTimeCount=36.000; LogProcessCycleTimeAvg=0.003; LogProcessCycleTimeMax=0.007; LogProcessCycleTimeMin=0.000; LogProcessCycleTimeStd=0.003; LogProcessCycleTimeSum=0.045; LogProcessCycleTimeCount=17.000; ]
01/15/26 00:25:55 All jobs Completed!
01/15/26 00:25:55 Note: 0 total node deferrals because of -MaxJobs limit (0)
01/15/26 00:25:55 Note: 0 total node deferrals because of -MaxIdle limit (1000)
01/15/26 00:25:55 Note: 0 total node deferrals because of node category throttles
01/15/26 00:25:55 Note: 0 total PRE script deferrals because of -MaxPre limit (20) or DEFER
01/15/26 00:25:55 Note: 0 total POST script deferrals because of -MaxPost limit (20) or DEFER
01/15/26 00:25:55 Note: 0 total HOLD script deferrals because of -MaxHold limit (20) or DEFER
01/15/26 00:25:55 DAG status: 0 (DAG_STATUS_OK)
01/15/26 00:25:55 Of 12 nodes total:
01/15/26 00:25:55  Done     Pre   Queued    Post   Ready   Un-Ready   Failed   Futile
01/15/26 00:25:55   ===     ===      ===     ===     ===        ===      ===      ===
01/15/26 00:25:55    12       0        0       0       0          0        0        0
01/15/26 00:25:55 0 job proc(s) currently held
01/15/26 00:25:55 DAGMan Runtime Statistics: [EventCycleTimeAvg=0.005; EventCycleTimeMax=0.023; EventCycleTimeMin=0.000; EventCycleTimeStd=0.006; EventCycleTimeSum=0.158; SleepCycleTimeAvg=4.998; SleepCycleTimeMax=5.102; SleepCycleTimeMin=4.103; SleepCycleTimeStd=0.160; SleepCycleTimeSum=174.943; SubmitCycleTimeAvg=0.003; SubmitCycleTimeMax=0.023; SubmitCycleTimeMin=0.000; SubmitCycleTimeStd=0.006; SubmitCycleTimeSum=0.099; EventCycleTimeCount=35.000; SleepCycleTimeCount=35.000; SubmitCycleTimeCount=36.000; LogProcessCycleTimeAvg=0.003; LogProcessCycleTimeMax=0.007; LogProcessCycleTimeMin=0.000; LogProcessCycleTimeStd=0.003; LogProcessCycleTimeSum=0.045; LogProcessCycleTimeCount=17.000; ]
01/15/26 00:25:55 Wrote metrics file plankifier-wf-0.dag.metrics.
01/15/26 00:25:55 DAGMan Runtime Statistics: [EventCycleTimeAvg=0.005; EventCycleTimeMax=0.023; EventCycleTimeMin=0.000; EventCycleTimeStd=0.006; EventCycleTimeSum=0.158; SleepCycleTimeAvg=4.998; SleepCycleTimeMax=5.102; SleepCycleTimeMin=4.103; SleepCycleTimeStd=0.160; SleepCycleTimeSum=174.943; SubmitCycleTimeAvg=0.003; SubmitCycleTimeMax=0.023; SubmitCycleTimeMin=0.000; SubmitCycleTimeStd=0.006; SubmitCycleTimeSum=0.099; EventCycleTimeCount=35.000; SleepCycleTimeCount=35.000; SubmitCycleTimeCount=36.000; LogProcessCycleTimeAvg=0.003; LogProcessCycleTimeMax=0.007; LogProcessCycleTimeMin=0.000; LogProcessCycleTimeStd=0.003; LogProcessCycleTimeSum=0.045; LogProcessCycleTimeCount=17.000; ]
01/15/26 00:25:55 **** condor_scheduniv_exec.1.0 (condor_DAGMAN) pid 13117 EXITING WITH STATUS 0
