01/16/26 05:33:52 ******************************************************
01/16/26 05:33:52 ** condor_scheduniv_exec.1.0 (CONDOR_DAGMAN) STARTING UP
01/16/26 05:33:52 ** /usr/bin/condor_dagman
01/16/26 05:33:52 ** SubsystemInfo: name=DAGMAN type=DAGMAN(9) class=CLIENT(2)
01/16/26 05:33:52 ** Configuration: subsystem:DAGMAN local:<NONE> class:CLIENT
01/16/26 05:33:52 ** $CondorVersion: 24.12.15 2025-12-12 BuildID: 856731 PackageID: 24.12.15-1+ubu22 GitSHA: 9a75c7f5 $
01/16/26 05:33:52 ** $CondorPlatform: X86_64-Ubuntu_22.04 $
01/16/26 05:33:52 ** PID = 13097 RealUID = 1011
01/16/26 05:33:52 ** Log last touched time unavailable (No such file or directory)
01/16/26 05:33:52 ******************************************************
01/16/26 05:33:52 Using config source: /etc/condor/condor_config
01/16/26 05:33:52 Using local config sources: 
01/16/26 05:33:52    /etc/condor/config.d/00-security
01/16/26 05:33:52    /etc/condor/config.d/01-kiso
01/16/26 05:33:52    /etc/condor/config.d/10-stash-plugin.conf
01/16/26 05:33:52    /etc/condor/condor_config.local
01/16/26 05:33:52 config Macros = 79, Sorted = 79, StringBytes = 2416, TablesBytes = 2908
01/16/26 05:33:52 CLASSAD_CACHING is ENABLED
01/16/26 05:33:52 Daemon Log is logging: D_ALWAYS D_ERROR D_STATUS
01/16/26 05:33:52 Daemoncore: Listening at <0.0.0.0:19223> on TCP (ReliSock) and UDP (SafeSock).
01/16/26 05:33:52 DaemonCore: command socket at <129.114.108.231:19223?addrs=129.114.108.231-19223&alias=enos--o-compute-zen3-o--0>
01/16/26 05:33:52 DaemonCore: private command socket at <129.114.108.231:19223?addrs=129.114.108.231-19223&alias=enos--o-compute-zen3-o--0>
01/16/26 05:33:52 DAGMAN_USE_STRICT setting: 1
01/16/26 05:33:52 DAGMAN_VERBOSITY setting: 3
01/16/26 05:33:52 DAGMAN_DEBUG_CACHE_SIZE setting: 5242880
01/16/26 05:33:52 DAGMAN_DEBUG_CACHE_ENABLE setting: False
01/16/26 05:33:52 DAGMAN_SUBMIT_DELAY setting: 0
01/16/26 05:33:52 DAGMAN_MAX_SUBMIT_ATTEMPTS setting: 6
01/16/26 05:33:52 DAGMAN_STARTUP_CYCLE_DETECT setting: False
01/16/26 05:33:52 DAGMAN_USE_JOIN_NODES setting: True
01/16/26 05:33:52 DAGMAN_REPORT_GRAPH_METRICS setting: False
01/16/26 05:33:52 DAGMAN_MAX_SUBMITS_PER_INTERVAL setting: 100
01/16/26 05:33:52 DAGMAN_AGGRESSIVE_SUBMIT setting: False
01/16/26 05:33:52 DAGMAN_USER_LOG_SCAN_INTERVAL setting: 5
01/16/26 05:33:52 DAGMAN_QUEUE_UPDATE_INTERVAL setting: 300.000000
01/16/26 05:33:52 DAGMAN_DEFAULT_PRIORITY setting: 0
01/16/26 05:33:52 DAGMAN_SUPPRESS_NOTIFICATION setting: False
01/16/26 05:33:52 allow_events (DAGMAN_ALLOW_EVENTS) setting: 114
01/16/26 05:33:52 DAGMAN_RETRY_SUBMIT_FIRST setting: True
01/16/26 05:33:52 DAGMAN_RETRY_NODE_FIRST setting: False
01/16/26 05:33:52 DAGMAN_MAX_JOBS_IDLE setting: 1000
01/16/26 05:33:52 DAGMAN_MAX_JOBS_SUBMITTED setting: 0
01/16/26 05:33:52 DAGMAN_MAX_PRE_SCRIPTS setting: 20
01/16/26 05:33:52 DAGMAN_MAX_POST_SCRIPTS setting: 20
01/16/26 05:33:52 DAGMAN_MAX_HOLD_SCRIPTS setting: 20
01/16/26 05:33:52 DAGMAN_MUNGE_NODE_NAMES setting: True
01/16/26 05:33:52 DAGMAN_ALLOW_ANY_NODE_NAME_CHARACTERS setting: False
01/16/26 05:33:52 DAGMAN_PROHIBIT_MULTI_JOBS setting: False
01/16/26 05:33:52 DAGMAN_SUBMIT_DEPTH_FIRST setting: False
01/16/26 05:33:52 DAGMAN_ALWAYS_RUN_POST setting: False
01/16/26 05:33:52 DAGMAN_CONDOR_SUBMIT_EXE setting: /usr/bin/condor_submit
01/16/26 05:33:52 DAGMAN_CONDOR_RM_EXE setting: /usr/bin/condor_rm
01/16/26 05:33:52 DAGMAN_USE_DIRECT_SUBMIT setting: True
01/16/26 05:33:52 DAGMAN_PRODUCE_JOB_CREDENTIALS setting: True
01/16/26 05:33:52 DAGMAN_DEFAULT_APPEND_VARS setting: False
01/16/26 05:33:52 DAGMAN_INHERIT_ATTRS_PREFIX setting: 
01/16/26 05:33:52 DAGMAN_INHERIT_ATTRS setting: 
01/16/26 05:33:52 DAGMAN_ABORT_DUPLICATES setting: True
01/16/26 05:33:52 DAGMAN_ABORT_ON_SCARY_SUBMIT setting: True
01/16/26 05:33:52 DAGMAN_PENDING_REPORT_INTERVAL setting: 600
01/16/26 05:33:52 DAGMAN_CHECK_QUEUE_INTERVAL setting: 28800
01/16/26 05:33:52 DAGMAN_PRINT_JOB_TABLE_INTERVAL setting: 900
01/16/26 05:33:52 DAGMAN_AUTO_RESCUE setting: True
01/16/26 05:33:52 DAGMAN_MAX_RESCUE_NUM setting: 100
01/16/26 05:33:52 DAGMAN_WRITE_PARTIAL_RESCUE setting: True
01/16/26 05:33:52 DAGMAN_RESET_RETRIES_UPON_RESCUE setting: True
01/16/26 05:33:52 DAGMAN_METRICS_FILE_VERSION setting: 2
01/16/26 05:33:52 DAGMAN_DEFAULT_NODE_LOG setting: @(DAG_DIR)/@(DAG_FILE).nodes.log
01/16/26 05:33:52 DAGMAN_LOG_ON_NFS_IS_ERROR setting: False
01/16/26 05:33:52 DAGMAN_GENERATE_SUBDAG_SUBMITS setting: True
01/16/26 05:33:52 DAGMAN_MAX_JOB_HOLDS setting: 100
01/16/26 05:33:52 DAGMAN_NODE_JOB_FAILURE_TOLERANCE setting: 0
01/16/26 05:33:52 DAGMAN_HOLD_CLAIM_TIME setting: 20
01/16/26 05:33:52 DAGMAN_SUPPRESS_JOB_LOGS setting: False
01/16/26 05:33:52 DAGMAN_REMOVE_NODE_JOBS setting: True
01/16/26 05:33:52 DAGMAN_PUT_FAILED_JOBS_ON_HOLD setting: False
01/16/26 05:33:52 DAGMAN_REMOVE_JOBS_AFTER_LIMIT_CHANGE setting: False
01/16/26 05:33:52 DAGMAN will adjust edges after parsing
01/16/26 05:33:52 argv[0] == "condor_scheduniv_exec.1.0"
01/16/26 05:33:52 argv[1] == "-Lockfile"
01/16/26 05:33:52 argv[2] == "plankifier-wf-0.dag.lock"
01/16/26 05:33:52 argv[3] == "-Dag"
01/16/26 05:33:52 argv[4] == "plankifier-wf-0.dag"
01/16/26 05:33:52 argv[5] == "-MaxPost"
01/16/26 05:33:52 argv[6] == "20"
01/16/26 05:33:52 argv[7] == "-CsdVersion"
01/16/26 05:33:52 argv[8] == "$CondorVersion: 24.12.15 2025-12-12 BuildID: 856731 PackageID: 24.12.15-1+ubu22 GitSHA: 9a75c7f5 $"
01/16/26 05:33:52 argv[9] == "-dagman"
01/16/26 05:33:52 argv[10] == "/usr/bin/condor_dagman"
01/16/26 05:33:52 argv[11] == "-AutoRescue"
01/16/26 05:33:52 argv[12] == "1"
01/16/26 05:33:52 argv[13] == "-DoRescueFrom"
01/16/26 05:33:52 argv[14] == "0"
01/16/26 05:33:52 Can't open directory "/etc/condor/passwords.d" as PRIV_ROOT, errno: 13 (Permission denied)
01/16/26 05:33:52 Can't open directory "/etc/condor/passwords.d" as PRIV_ROOT, errno: 13 (Permission denied)
01/16/26 05:33:52 Workflow batch-id: <1.0>
01/16/26 05:33:52 Workflow batch-name: <plankifier-wf-0.dag+1>
01/16/26 05:33:52 Workflow accounting_group: <>
01/16/26 05:33:52 Workflow accounting_group_user: <>
01/16/26 05:33:52 Warning: failed to get attribute DAGNodeName
01/16/26 05:33:52 Default node log file is: </home/kiso/kiso-plankifier-experiment/kiso/pegasus/plankifier-wf/run0001/./plankifier-wf-0.dag.nodes.log>
01/16/26 05:33:52 DAG Lockfile will be written to plankifier-wf-0.dag.lock
01/16/26 05:33:52 DAG Input file is plankifier-wf-0.dag
01/16/26 05:33:52 Parsing 1 dagfiles
01/16/26 05:33:52 Parsing plankifier-wf-0.dag ...
01/16/26 05:33:52 Adjusting edges
01/16/26 05:33:52 Dag contains 12 total nodes
01/16/26 05:33:52 Bootstrapping...
01/16/26 05:33:52 Number of pre-completed nodes: 0
01/16/26 05:33:52 MultiLogFiles: truncating log file /home/kiso/kiso-plankifier-experiment/kiso/pegasus/plankifier-wf/run0001/./plankifier-wf-0.dag.nodes.log
01/16/26 05:33:52 DAG status: 0 (DAG_STATUS_OK)
01/16/26 05:33:52 Of 12 nodes total:
01/16/26 05:33:52  Done     Pre   Queued    Post   Ready   Un-Ready   Failed   Futile
01/16/26 05:33:52   ===     ===      ===     ===     ===        ===      ===      ===
01/16/26 05:33:52     0       0        0       0       2         10        0        0
01/16/26 05:33:52 0 job proc(s) currently held
01/16/26 05:33:52 DAGMan Runtime Statistics: [EventCycleTimeSum=0.000; SleepCycleTimeSum=0.000; SubmitCycleTimeSum=0.000; EventCycleTimeCount=0.000; SleepCycleTimeCount=0.000; SubmitCycleTimeCount=0.000; LogProcessCycleTimeSum=0.000; LogProcessCycleTimeCount=0.000; ]
01/16/26 05:33:52 Registering condor_event_timer...
01/16/26 05:33:53 Submitting HTCondor Node create_dir_plankifier-wf_0_local job(s)...
01/16/26 05:33:53 Submitting node create_dir_plankifier-wf_0_local from file 00/00/create_dir_plankifier-wf_0_local.sub using direct job submission
01/16/26 05:33:53 	assigned HTCondor ID (2.0.0)
01/16/26 05:33:53 Submitting HTCondor Node stage_worker_local_plankifier-wf_0_local job(s)...
01/16/26 05:33:53 Submitting node stage_worker_local_plankifier-wf_0_local from file 00/00/stage_worker_local_plankifier-wf_0_local.sub using direct job submission
01/16/26 05:33:53 	assigned HTCondor ID (3.0.0)
01/16/26 05:33:53 Just submitted 2 jobs this cycle...
01/16/26 05:33:53 DAG status: 0 (DAG_STATUS_OK)
01/16/26 05:33:53 Of 12 nodes total:
01/16/26 05:33:53  Done     Pre   Queued    Post   Ready   Un-Ready   Failed   Futile
01/16/26 05:33:53   ===     ===      ===     ===     ===        ===      ===      ===
01/16/26 05:33:53     0       0        2       0       0         10        0        0
01/16/26 05:33:53 0 job proc(s) currently held
01/16/26 05:33:53 DAGMan Runtime Statistics: [EventCycleTimeSum=0.000; SleepCycleTimeSum=0.000; SubmitCycleTimeAvg=0.016; SubmitCycleTimeMax=0.016; SubmitCycleTimeMin=0.016; SubmitCycleTimeStd=0.016; SubmitCycleTimeSum=0.016; EventCycleTimeCount=0.000; SleepCycleTimeCount=0.000; SubmitCycleTimeCount=1.000; LogProcessCycleTimeSum=0.000; LogProcessCycleTimeCount=0.000; ]
01/16/26 05:33:58 Currently monitoring 1 HTCondor log file(s)
01/16/26 05:33:58 Reassigning the id of job create_dir_plankifier-wf_0_local from (2.0.0) to (2.0.0)
01/16/26 05:33:58 Event: ULOG_SUBMIT for HTCondor Node create_dir_plankifier-wf_0_local (2.0.0) {01/16/26 05:33:53}
01/16/26 05:33:58 Number of idle job procs: 1
01/16/26 05:33:58 Reassigning the id of job stage_worker_local_plankifier-wf_0_local from (3.0.0) to (3.0.0)
01/16/26 05:33:58 Event: ULOG_SUBMIT for HTCondor Node stage_worker_local_plankifier-wf_0_local (3.0.0) {01/16/26 05:33:53}
01/16/26 05:33:58 Number of idle job procs: 2
01/16/26 05:33:58 Event: ULOG_EXECUTE for HTCondor Node create_dir_plankifier-wf_0_local (2.0.0) {01/16/26 05:33:58}
01/16/26 05:33:58 Number of idle job procs: 1
01/16/26 05:33:58 Event: ULOG_EXECUTE for HTCondor Node stage_worker_local_plankifier-wf_0_local (3.0.0) {01/16/26 05:33:58}
01/16/26 05:33:58 Number of idle job procs: 0
01/16/26 05:34:03 Currently monitoring 1 HTCondor log file(s)
01/16/26 05:34:03 Event: ULOG_JOB_TERMINATED for HTCondor Node create_dir_plankifier-wf_0_local (2.0.0) {01/16/26 05:34:00}
01/16/26 05:34:03 Number of idle job procs: 0
01/16/26 05:34:03 Node create_dir_plankifier-wf_0_local job proc (2.0.0) completed successfully.
01/16/26 05:34:03 Node create_dir_plankifier-wf_0_local job(s) have exited the queue
01/16/26 05:34:03 Running POST script of Node create_dir_plankifier-wf_0_local...
01/16/26 05:34:03 Event: ULOG_JOB_TERMINATED for HTCondor Node stage_worker_local_plankifier-wf_0_local (3.0.0) {01/16/26 05:34:01}
01/16/26 05:34:03 Number of idle job procs: 0
01/16/26 05:34:03 Node stage_worker_local_plankifier-wf_0_local job proc (3.0.0) completed successfully.
01/16/26 05:34:03 Node stage_worker_local_plankifier-wf_0_local job(s) have exited the queue
01/16/26 05:34:03 Running POST script of Node stage_worker_local_plankifier-wf_0_local...
01/16/26 05:34:03 DAG status: 0 (DAG_STATUS_OK)
01/16/26 05:34:03 Of 12 nodes total:
01/16/26 05:34:03  Done     Pre   Queued    Post   Ready   Un-Ready   Failed   Futile
01/16/26 05:34:03   ===     ===      ===     ===     ===        ===      ===      ===
01/16/26 05:34:03     0       0        0       2       0         10        0        0
01/16/26 05:34:03 0 job proc(s) currently held
01/16/26 05:34:03 DAGMan Runtime Statistics: [EventCycleTimeAvg=0.012; EventCycleTimeMax=0.016; EventCycleTimeMin=0.009; EventCycleTimeStd=0.005; EventCycleTimeSum=0.024; SleepCycleTimeAvg=5.005; SleepCycleTimeMax=5.005; SleepCycleTimeMin=5.005; SleepCycleTimeStd=0.000; SleepCycleTimeSum=10.010; SubmitCycleTimeAvg=0.005; SubmitCycleTimeMax=0.016; SubmitCycleTimeMin=0.000; SubmitCycleTimeStd=0.009; SubmitCycleTimeSum=0.016; EventCycleTimeCount=2.000; SleepCycleTimeCount=2.000; SubmitCycleTimeCount=3.000; LogProcessCycleTimeAvg=0.004; LogProcessCycleTimeMax=0.008; LogProcessCycleTimeMin=0.000; LogProcessCycleTimeStd=0.005; LogProcessCycleTimeSum=0.008; LogProcessCycleTimeCount=2.000; ]
01/16/26 05:34:03 Initializing user log writer for /home/kiso/kiso-plankifier-experiment/kiso/pegasus/plankifier-wf/run0001/./plankifier-wf-0.dag.nodes.log, (2.0.0)
01/16/26 05:34:03 Initializing user log writer for /home/kiso/kiso-plankifier-experiment/kiso/pegasus/plankifier-wf/run0001/./plankifier-wf-0.dag.nodes.log, (3.0.0)
01/16/26 05:34:08 Currently monitoring 1 HTCondor log file(s)
01/16/26 05:34:08 Event: ULOG_POST_SCRIPT_TERMINATED for HTCondor Node create_dir_plankifier-wf_0_local (2.0.0) {01/16/26 05:34:03}
01/16/26 05:34:08 POST Script of node create_dir_plankifier-wf_0_local completed successfully.
01/16/26 05:34:08 Event: ULOG_POST_SCRIPT_TERMINATED for HTCondor Node stage_worker_local_plankifier-wf_0_local (3.0.0) {01/16/26 05:34:03}
01/16/26 05:34:08 POST Script of node stage_worker_local_plankifier-wf_0_local completed successfully.
01/16/26 05:34:08 DAG status: 0 (DAG_STATUS_OK)
01/16/26 05:34:08 Of 12 nodes total:
01/16/26 05:34:08  Done     Pre   Queued    Post   Ready   Un-Ready   Failed   Futile
01/16/26 05:34:08   ===     ===      ===     ===     ===        ===      ===      ===
01/16/26 05:34:08     2       0        0       0       2          8        0        0
01/16/26 05:34:08 0 job proc(s) currently held
01/16/26 05:34:08 DAGMan Runtime Statistics: [EventCycleTimeAvg=0.011; EventCycleTimeMax=0.016; EventCycleTimeMin=0.008; EventCycleTimeStd=0.004; EventCycleTimeSum=0.032; SleepCycleTimeAvg=5.039; SleepCycleTimeMax=5.106; SleepCycleTimeMin=5.005; SleepCycleTimeStd=0.058; SleepCycleTimeSum=15.116; SubmitCycleTimeAvg=0.004; SubmitCycleTimeMax=0.016; SubmitCycleTimeMin=0.000; SubmitCycleTimeStd=0.008; SubmitCycleTimeSum=0.016; EventCycleTimeCount=3.000; SleepCycleTimeCount=3.000; SubmitCycleTimeCount=4.000; LogProcessCycleTimeAvg=0.003; LogProcessCycleTimeMax=0.008; LogProcessCycleTimeMin=0.000; LogProcessCycleTimeStd=0.004; LogProcessCycleTimeSum=0.008; LogProcessCycleTimeCount=3.000; ]
01/16/26 05:34:13 Submitting HTCondor Node stage_in_local_local_1_0 job(s)...
01/16/26 05:34:13 Submitting node stage_in_local_local_1_0 from file 00/00/stage_in_local_local_1_0.sub using direct job submission
01/16/26 05:34:13 	assigned HTCondor ID (4.0.0)
01/16/26 05:34:13 Submitting HTCondor Node plankifier_ID0000001 job(s)...
01/16/26 05:34:13 Submitting node plankifier_ID0000001 from file 00/00/plankifier_ID0000001.sub using direct job submission
01/16/26 05:34:13 	assigned HTCondor ID (5.0.0)
01/16/26 05:34:13 Just submitted 2 jobs this cycle...
01/16/26 05:34:13 DAG status: 0 (DAG_STATUS_OK)
01/16/26 05:34:13 Of 12 nodes total:
01/16/26 05:34:13  Done     Pre   Queued    Post   Ready   Un-Ready   Failed   Futile
01/16/26 05:34:13   ===     ===      ===     ===     ===        ===      ===      ===
01/16/26 05:34:13     2       0        2       0       0          8        0        0
01/16/26 05:34:13 0 job proc(s) currently held
01/16/26 05:34:13 DAGMan Runtime Statistics: [EventCycleTimeAvg=0.008; EventCycleTimeMax=0.016; EventCycleTimeMin=0.001; EventCycleTimeStd=0.006; EventCycleTimeSum=0.033; SleepCycleTimeAvg=5.030; SleepCycleTimeMax=5.106; SleepCycleTimeMin=5.005; SleepCycleTimeStd=0.050; SleepCycleTimeSum=20.121; SubmitCycleTimeAvg=0.007; SubmitCycleTimeMax=0.017; SubmitCycleTimeMin=0.000; SubmitCycleTimeStd=0.009; SubmitCycleTimeSum=0.033; EventCycleTimeCount=4.000; SleepCycleTimeCount=4.000; SubmitCycleTimeCount=5.000; LogProcessCycleTimeAvg=0.003; LogProcessCycleTimeMax=0.008; LogProcessCycleTimeMin=0.000; LogProcessCycleTimeStd=0.004; LogProcessCycleTimeSum=0.008; LogProcessCycleTimeCount=3.000; ]
01/16/26 05:34:18 Currently monitoring 1 HTCondor log file(s)
01/16/26 05:34:18 Reassigning the id of job stage_in_local_local_1_0 from (4.0.0) to (4.0.0)
01/16/26 05:34:18 Event: ULOG_SUBMIT for HTCondor Node stage_in_local_local_1_0 (4.0.0) {01/16/26 05:34:13}
01/16/26 05:34:18 Number of idle job procs: 1
01/16/26 05:34:18 Reassigning the id of job plankifier_ID0000001 from (5.0.0) to (5.0.0)
01/16/26 05:34:18 Event: ULOG_SUBMIT for HTCondor Node plankifier_ID0000001 (5.0.0) {01/16/26 05:34:13}
01/16/26 05:34:18 Number of idle job procs: 2
01/16/26 05:34:18 Event: ULOG_EXECUTE for HTCondor Node stage_in_local_local_1_0 (4.0.0) {01/16/26 05:34:13}
01/16/26 05:34:18 Number of idle job procs: 1
01/16/26 05:34:18 Event: ULOG_JOB_TERMINATED for HTCondor Node stage_in_local_local_1_0 (4.0.0) {01/16/26 05:34:16}
01/16/26 05:34:18 Number of idle job procs: 1
01/16/26 05:34:18 Node stage_in_local_local_1_0 job proc (4.0.0) completed successfully.
01/16/26 05:34:18 Node stage_in_local_local_1_0 job(s) have exited the queue
01/16/26 05:34:18 Running POST script of Node stage_in_local_local_1_0...
01/16/26 05:34:18 DAG status: 0 (DAG_STATUS_OK)
01/16/26 05:34:18 Of 12 nodes total:
01/16/26 05:34:18  Done     Pre   Queued    Post   Ready   Un-Ready   Failed   Futile
01/16/26 05:34:18   ===     ===      ===     ===     ===        ===      ===      ===
01/16/26 05:34:18     2       0        1       1       0          8        0        0
01/16/26 05:34:18 0 job proc(s) currently held
01/16/26 05:34:18 DAGMan Runtime Statistics: [EventCycleTimeAvg=0.010; EventCycleTimeMax=0.017; EventCycleTimeMin=0.001; EventCycleTimeStd=0.007; EventCycleTimeSum=0.050; SleepCycleTimeAvg=5.025; SleepCycleTimeMax=5.106; SleepCycleTimeMin=5.005; SleepCycleTimeStd=0.045; SleepCycleTimeSum=25.127; SubmitCycleTimeAvg=0.005; SubmitCycleTimeMax=0.017; SubmitCycleTimeMin=0.000; SubmitCycleTimeStd=0.008; SubmitCycleTimeSum=0.033; EventCycleTimeCount=5.000; SleepCycleTimeCount=5.000; SubmitCycleTimeCount=6.000; LogProcessCycleTimeAvg=0.003; LogProcessCycleTimeMax=0.008; LogProcessCycleTimeMin=0.000; LogProcessCycleTimeStd=0.003; LogProcessCycleTimeSum=0.012; LogProcessCycleTimeCount=4.000; ]
01/16/26 05:34:18 Initializing user log writer for /home/kiso/kiso-plankifier-experiment/kiso/pegasus/plankifier-wf/run0001/./plankifier-wf-0.dag.nodes.log, (4.0.0)
01/16/26 05:34:23 Currently monitoring 1 HTCondor log file(s)
01/16/26 05:34:23 Event: ULOG_POST_SCRIPT_TERMINATED for HTCondor Node stage_in_local_local_1_0 (4.0.0) {01/16/26 05:34:18}
01/16/26 05:34:23 POST Script of node stage_in_local_local_1_0 completed successfully.
01/16/26 05:34:23 DAG status: 0 (DAG_STATUS_OK)
01/16/26 05:34:23 Of 12 nodes total:
01/16/26 05:34:23  Done     Pre   Queued    Post   Ready   Un-Ready   Failed   Futile
01/16/26 05:34:23   ===     ===      ===     ===     ===        ===      ===      ===
01/16/26 05:34:23     3       0        1       0       0          8        0        0
01/16/26 05:34:23 0 job proc(s) currently held
01/16/26 05:34:23 DAGMan Runtime Statistics: [EventCycleTimeAvg=0.009; EventCycleTimeMax=0.017; EventCycleTimeMin=0.001; EventCycleTimeStd=0.007; EventCycleTimeSum=0.055; SleepCycleTimeAvg=5.038; SleepCycleTimeMax=5.106; SleepCycleTimeMin=5.005; SleepCycleTimeStd=0.051; SleepCycleTimeSum=30.230; SubmitCycleTimeAvg=0.005; SubmitCycleTimeMax=0.017; SubmitCycleTimeMin=0.000; SubmitCycleTimeStd=0.008; SubmitCycleTimeSum=0.033; EventCycleTimeCount=6.000; SleepCycleTimeCount=6.000; SubmitCycleTimeCount=7.000; LogProcessCycleTimeAvg=0.002; LogProcessCycleTimeMax=0.008; LogProcessCycleTimeMin=0.000; LogProcessCycleTimeStd=0.003; LogProcessCycleTimeSum=0.012; LogProcessCycleTimeCount=5.000; ]
01/16/26 05:34:28 Currently monitoring 1 HTCondor log file(s)
01/16/26 05:34:28 Event: ULOG_EXECUTE for HTCondor Node plankifier_ID0000001 (5.0.0) {01/16/26 05:34:25}
01/16/26 05:34:28 Number of idle job procs: 0
01/16/26 05:38:34 Currently monitoring 1 HTCondor log file(s)
01/16/26 05:38:34 Event: ULOG_JOB_TERMINATED for HTCondor Node plankifier_ID0000001 (5.0.0) {01/16/26 05:38:33}
01/16/26 05:38:34 Number of idle job procs: 0
01/16/26 05:38:34 Node plankifier_ID0000001 job proc (5.0.0) completed successfully.
01/16/26 05:38:34 Node plankifier_ID0000001 job(s) have exited the queue
01/16/26 05:38:34 Running POST script of Node plankifier_ID0000001...
01/16/26 05:38:34 DAG status: 0 (DAG_STATUS_OK)
01/16/26 05:38:34 Of 12 nodes total:
01/16/26 05:38:34  Done     Pre   Queued    Post   Ready   Un-Ready   Failed   Futile
01/16/26 05:38:34   ===     ===      ===     ===     ===        ===      ===      ===
01/16/26 05:38:34     3       0        0       1       0          8        0        0
01/16/26 05:38:34 0 job proc(s) currently held
01/16/26 05:38:34 DAGMan Runtime Statistics: [EventCycleTimeAvg=0.001; EventCycleTimeMax=0.017; EventCycleTimeMin=0.000; EventCycleTimeStd=0.003; EventCycleTimeSum=0.056; SleepCycleTimeAvg=5.009; SleepCycleTimeMax=5.106; SleepCycleTimeMin=5.002; SleepCycleTimeStd=0.019; SleepCycleTimeSum=280.482; SubmitCycleTimeAvg=0.001; SubmitCycleTimeMax=0.017; SubmitCycleTimeMin=0.000; SubmitCycleTimeStd=0.003; SubmitCycleTimeSum=0.033; EventCycleTimeCount=56.000; SleepCycleTimeCount=56.000; SubmitCycleTimeCount=57.000; LogProcessCycleTimeAvg=0.002; LogProcessCycleTimeMax=0.008; LogProcessCycleTimeMin=0.000; LogProcessCycleTimeStd=0.003; LogProcessCycleTimeSum=0.016; LogProcessCycleTimeCount=7.000; ]
01/16/26 05:38:34 Initializing user log writer for /home/kiso/kiso-plankifier-experiment/kiso/pegasus/plankifier-wf/run0001/./plankifier-wf-0.dag.nodes.log, (5.0.0)
01/16/26 05:38:39 Currently monitoring 1 HTCondor log file(s)
01/16/26 05:38:39 Event: ULOG_POST_SCRIPT_TERMINATED for HTCondor Node plankifier_ID0000001 (5.0.0) {01/16/26 05:38:34}
01/16/26 05:38:39 POST Script of node plankifier_ID0000001 completed successfully.
01/16/26 05:38:39 DAG status: 0 (DAG_STATUS_OK)
01/16/26 05:38:39 Of 12 nodes total:
01/16/26 05:38:39  Done     Pre   Queued    Post   Ready   Un-Ready   Failed   Futile
01/16/26 05:38:39   ===     ===      ===     ===     ===        ===      ===      ===
01/16/26 05:38:39     4       0        0       0       2          6        0        0
01/16/26 05:38:39 0 job proc(s) currently held
01/16/26 05:38:39 DAGMan Runtime Statistics: [EventCycleTimeAvg=0.001; EventCycleTimeMax=0.017; EventCycleTimeMin=0.000; EventCycleTimeStd=0.003; EventCycleTimeSum=0.060; SleepCycleTimeAvg=5.010; SleepCycleTimeMax=5.112; SleepCycleTimeMin=5.002; SleepCycleTimeStd=0.023; SleepCycleTimeSum=285.594; SubmitCycleTimeAvg=0.001; SubmitCycleTimeMax=0.017; SubmitCycleTimeMin=0.000; SubmitCycleTimeStd=0.003; SubmitCycleTimeSum=0.033; EventCycleTimeCount=57.000; SleepCycleTimeCount=57.000; SubmitCycleTimeCount=58.000; LogProcessCycleTimeAvg=0.002; LogProcessCycleTimeMax=0.008; LogProcessCycleTimeMin=0.000; LogProcessCycleTimeStd=0.003; LogProcessCycleTimeSum=0.016; LogProcessCycleTimeCount=8.000; ]
01/16/26 05:38:44 Submitting HTCondor Node stage_out_local_local_0_0 job(s)...
01/16/26 05:38:44 Submitting node stage_out_local_local_0_0 from file 00/00/stage_out_local_local_0_0.sub using direct job submission
01/16/26 05:38:44 	assigned HTCondor ID (6.0.0)
01/16/26 05:38:44 Submitting HTCondor Node count_ID0000002 job(s)...
01/16/26 05:38:44 Submitting node count_ID0000002 from file 00/00/count_ID0000002.sub using direct job submission
01/16/26 05:38:44 	assigned HTCondor ID (7.0.0)
01/16/26 05:38:44 Just submitted 2 jobs this cycle...
01/16/26 05:38:44 DAG status: 0 (DAG_STATUS_OK)
01/16/26 05:38:44 Of 12 nodes total:
01/16/26 05:38:44  Done     Pre   Queued    Post   Ready   Un-Ready   Failed   Futile
01/16/26 05:38:44   ===     ===      ===     ===     ===        ===      ===      ===
01/16/26 05:38:44     4       0        2       0       0          6        0        0
01/16/26 05:38:44 0 job proc(s) currently held
01/16/26 05:38:44 DAGMan Runtime Statistics: [EventCycleTimeAvg=0.001; EventCycleTimeMax=0.017; EventCycleTimeMin=0.000; EventCycleTimeStd=0.003; EventCycleTimeSum=0.061; SleepCycleTimeAvg=5.010; SleepCycleTimeMax=5.112; SleepCycleTimeMin=5.002; SleepCycleTimeStd=0.023; SleepCycleTimeSum=290.599; SubmitCycleTimeAvg=0.001; SubmitCycleTimeMax=0.017; SubmitCycleTimeMin=0.000; SubmitCycleTimeStd=0.004; SubmitCycleTimeSum=0.050; EventCycleTimeCount=58.000; SleepCycleTimeCount=58.000; SubmitCycleTimeCount=59.000; LogProcessCycleTimeAvg=0.002; LogProcessCycleTimeMax=0.008; LogProcessCycleTimeMin=0.000; LogProcessCycleTimeStd=0.003; LogProcessCycleTimeSum=0.016; LogProcessCycleTimeCount=8.000; ]
01/16/26 05:38:49 Currently monitoring 1 HTCondor log file(s)
01/16/26 05:38:49 Reassigning the id of job stage_out_local_local_0_0 from (6.0.0) to (6.0.0)
01/16/26 05:38:49 Event: ULOG_SUBMIT for HTCondor Node stage_out_local_local_0_0 (6.0.0) {01/16/26 05:38:44}
01/16/26 05:38:49 Number of idle job procs: 1
01/16/26 05:38:49 Reassigning the id of job count_ID0000002 from (7.0.0) to (7.0.0)
01/16/26 05:38:49 Event: ULOG_SUBMIT for HTCondor Node count_ID0000002 (7.0.0) {01/16/26 05:38:44}
01/16/26 05:38:49 Number of idle job procs: 2
01/16/26 05:38:49 Event: ULOG_EXECUTE for HTCondor Node stage_out_local_local_0_0 (6.0.0) {01/16/26 05:38:44}
01/16/26 05:38:49 Number of idle job procs: 1
01/16/26 05:38:49 Event: ULOG_EXECUTE for HTCondor Node count_ID0000002 (7.0.0) {01/16/26 05:38:44}
01/16/26 05:38:49 Number of idle job procs: 0
01/16/26 05:38:49 Event: ULOG_JOB_TERMINATED for HTCondor Node count_ID0000002 (7.0.0) {01/16/26 05:38:45}
01/16/26 05:38:49 Number of idle job procs: 0
01/16/26 05:38:49 Node count_ID0000002 job proc (7.0.0) completed successfully.
01/16/26 05:38:49 Node count_ID0000002 job(s) have exited the queue
01/16/26 05:38:49 Running POST script of Node count_ID0000002...
01/16/26 05:38:49 Event: ULOG_JOB_TERMINATED for HTCondor Node stage_out_local_local_0_0 (6.0.0) {01/16/26 05:38:46}
01/16/26 05:38:49 Number of idle job procs: 0
01/16/26 05:38:49 Node stage_out_local_local_0_0 job proc (6.0.0) completed successfully.
01/16/26 05:38:49 Node stage_out_local_local_0_0 job(s) have exited the queue
01/16/26 05:38:49 Running POST script of Node stage_out_local_local_0_0...
01/16/26 05:38:49 DAG status: 0 (DAG_STATUS_OK)
01/16/26 05:38:49 Of 12 nodes total:
01/16/26 05:38:49  Done     Pre   Queued    Post   Ready   Un-Ready   Failed   Futile
01/16/26 05:38:49   ===     ===      ===     ===     ===        ===      ===      ===
01/16/26 05:38:49     4       0        0       2       0          6        0        0
01/16/26 05:38:49 0 job proc(s) currently held
01/16/26 05:38:49 DAGMan Runtime Statistics: [EventCycleTimeAvg=0.001; EventCycleTimeMax=0.017; EventCycleTimeMin=0.000; EventCycleTimeStd=0.004; EventCycleTimeSum=0.078; SleepCycleTimeAvg=5.010; SleepCycleTimeMax=5.112; SleepCycleTimeMin=5.002; SleepCycleTimeStd=0.023; SleepCycleTimeSum=295.604; SubmitCycleTimeAvg=0.001; SubmitCycleTimeMax=0.017; SubmitCycleTimeMin=0.000; SubmitCycleTimeStd=0.004; SubmitCycleTimeSum=0.050; EventCycleTimeCount=59.000; SleepCycleTimeCount=59.000; SubmitCycleTimeCount=60.000; LogProcessCycleTimeAvg=0.003; LogProcessCycleTimeMax=0.008; LogProcessCycleTimeMin=0.000; LogProcessCycleTimeStd=0.003; LogProcessCycleTimeSum=0.024; LogProcessCycleTimeCount=9.000; ]
01/16/26 05:38:49 Initializing user log writer for /home/kiso/kiso-plankifier-experiment/kiso/pegasus/plankifier-wf/run0001/./plankifier-wf-0.dag.nodes.log, (7.0.0)
01/16/26 05:38:49 Initializing user log writer for /home/kiso/kiso-plankifier-experiment/kiso/pegasus/plankifier-wf/run0001/./plankifier-wf-0.dag.nodes.log, (6.0.0)
01/16/26 05:38:54 Currently monitoring 1 HTCondor log file(s)
01/16/26 05:38:54 Event: ULOG_POST_SCRIPT_TERMINATED for HTCondor Node count_ID0000002 (7.0.0) {01/16/26 05:38:49}
01/16/26 05:38:54 POST Script of node count_ID0000002 completed successfully.
01/16/26 05:38:54 Event: ULOG_POST_SCRIPT_TERMINATED for HTCondor Node stage_out_local_local_0_0 (6.0.0) {01/16/26 05:38:49}
01/16/26 05:38:54 POST Script of node stage_out_local_local_0_0 completed successfully.
01/16/26 05:38:54 DAG status: 0 (DAG_STATUS_OK)
01/16/26 05:38:54 Of 12 nodes total:
01/16/26 05:38:54  Done     Pre   Queued    Post   Ready   Un-Ready   Failed   Futile
01/16/26 05:38:54   ===     ===      ===     ===     ===        ===      ===      ===
01/16/26 05:38:54     6       0        0       0       3          3        0        0
01/16/26 05:38:54 0 job proc(s) currently held
01/16/26 05:38:54 DAGMan Runtime Statistics: [EventCycleTimeAvg=0.001; EventCycleTimeMax=0.017; EventCycleTimeMin=0.000; EventCycleTimeStd=0.004; EventCycleTimeSum=0.085; SleepCycleTimeAvg=5.012; SleepCycleTimeMax=5.112; SleepCycleTimeMin=5.002; SleepCycleTimeStd=0.025; SleepCycleTimeSum=300.708; SubmitCycleTimeAvg=0.001; SubmitCycleTimeMax=0.017; SubmitCycleTimeMin=0.000; SubmitCycleTimeStd=0.004; SubmitCycleTimeSum=0.050; EventCycleTimeCount=60.000; SleepCycleTimeCount=60.000; SubmitCycleTimeCount=61.000; LogProcessCycleTimeAvg=0.002; LogProcessCycleTimeMax=0.008; LogProcessCycleTimeMin=0.000; LogProcessCycleTimeStd=0.003; LogProcessCycleTimeSum=0.024; LogProcessCycleTimeCount=10.000; ]
01/16/26 05:38:59 Submitting HTCondor Node clean_up_local_level_3_0 job(s)...
01/16/26 05:38:59 Submitting node clean_up_local_level_3_0 from file 00/00/clean_up_local_level_3_0.sub using direct job submission
01/16/26 05:38:59 	assigned HTCondor ID (8.0.0)
01/16/26 05:38:59 Submitting HTCondor Node stage_out_local_local_1_0 job(s)...
01/16/26 05:38:59 Submitting node stage_out_local_local_1_0 from file 00/00/stage_out_local_local_1_0.sub using direct job submission
01/16/26 05:38:59 	assigned HTCondor ID (9.0.0)
01/16/26 05:38:59 Submitting HTCondor Node register_local_0_0 job(s)...
01/16/26 05:38:59 Submitting node register_local_0_0 from file 00/00/register_local_0_0.sub using direct job submission
01/16/26 05:38:59 	assigned HTCondor ID (10.0.0)
01/16/26 05:38:59 Just submitted 3 jobs this cycle...
01/16/26 05:38:59 DAG status: 0 (DAG_STATUS_OK)
01/16/26 05:38:59 Of 12 nodes total:
01/16/26 05:38:59  Done     Pre   Queued    Post   Ready   Un-Ready   Failed   Futile
01/16/26 05:38:59   ===     ===      ===     ===     ===        ===      ===      ===
01/16/26 05:38:59     6       0        3       0       0          3        0        0
01/16/26 05:38:59 0 job proc(s) currently held
01/16/26 05:38:59 DAGMan Runtime Statistics: [EventCycleTimeAvg=0.001; EventCycleTimeMax=0.017; EventCycleTimeMin=0.000; EventCycleTimeStd=0.004; EventCycleTimeSum=0.086; SleepCycleTimeAvg=5.012; SleepCycleTimeMax=5.112; SleepCycleTimeMin=5.002; SleepCycleTimeStd=0.025; SleepCycleTimeSum=305.713; SubmitCycleTimeAvg=0.001; SubmitCycleTimeMax=0.022; SubmitCycleTimeMin=0.000; SubmitCycleTimeStd=0.005; SubmitCycleTimeSum=0.072; EventCycleTimeCount=61.000; SleepCycleTimeCount=61.000; SubmitCycleTimeCount=62.000; LogProcessCycleTimeAvg=0.002; LogProcessCycleTimeMax=0.008; LogProcessCycleTimeMin=0.000; LogProcessCycleTimeStd=0.003; LogProcessCycleTimeSum=0.024; LogProcessCycleTimeCount=10.000; ]
01/16/26 05:39:04 Currently monitoring 1 HTCondor log file(s)
01/16/26 05:39:04 Reassigning the id of job clean_up_local_level_3_0 from (8.0.0) to (8.0.0)
01/16/26 05:39:04 Event: ULOG_SUBMIT for HTCondor Node clean_up_local_level_3_0 (8.0.0) {01/16/26 05:38:59}
01/16/26 05:39:04 Number of idle job procs: 1
01/16/26 05:39:04 Reassigning the id of job stage_out_local_local_1_0 from (9.0.0) to (9.0.0)
01/16/26 05:39:04 Event: ULOG_SUBMIT for HTCondor Node stage_out_local_local_1_0 (9.0.0) {01/16/26 05:38:59}
01/16/26 05:39:04 Number of idle job procs: 2
01/16/26 05:39:04 Reassigning the id of job register_local_0_0 from (10.0.0) to (10.0.0)
01/16/26 05:39:04 Event: ULOG_SUBMIT for HTCondor Node register_local_0_0 (10.0.0) {01/16/26 05:38:59}
01/16/26 05:39:04 Number of idle job procs: 3
01/16/26 05:39:04 Event: ULOG_EXECUTE for HTCondor Node clean_up_local_level_3_0 (8.0.0) {01/16/26 05:38:59}
01/16/26 05:39:04 Number of idle job procs: 2
01/16/26 05:39:04 Event: ULOG_EXECUTE for HTCondor Node stage_out_local_local_1_0 (9.0.0) {01/16/26 05:38:59}
01/16/26 05:39:04 Number of idle job procs: 1
01/16/26 05:39:04 Event: ULOG_EXECUTE for HTCondor Node register_local_0_0 (10.0.0) {01/16/26 05:38:59}
01/16/26 05:39:04 Number of idle job procs: 0
01/16/26 05:39:04 Event: ULOG_JOB_TERMINATED for HTCondor Node register_local_0_0 (10.0.0) {01/16/26 05:39:01}
01/16/26 05:39:04 Number of idle job procs: 0
01/16/26 05:39:04 Node register_local_0_0 job proc (10.0.0) completed successfully.
01/16/26 05:39:04 Node register_local_0_0 job(s) have exited the queue
01/16/26 05:39:04 Running POST script of Node register_local_0_0...
01/16/26 05:39:04 Event: ULOG_JOB_TERMINATED for HTCondor Node stage_out_local_local_1_0 (9.0.0) {01/16/26 05:39:02}
01/16/26 05:39:04 Number of idle job procs: 0
01/16/26 05:39:04 Node stage_out_local_local_1_0 job proc (9.0.0) completed successfully.
01/16/26 05:39:04 Node stage_out_local_local_1_0 job(s) have exited the queue
01/16/26 05:39:04 Running POST script of Node stage_out_local_local_1_0...
01/16/26 05:39:04 Event: ULOG_JOB_TERMINATED for HTCondor Node clean_up_local_level_3_0 (8.0.0) {01/16/26 05:39:03}
01/16/26 05:39:04 Number of idle job procs: 0
01/16/26 05:39:04 Node clean_up_local_level_3_0 job proc (8.0.0) completed successfully.
01/16/26 05:39:04 Node clean_up_local_level_3_0 job(s) have exited the queue
01/16/26 05:39:04 Running POST script of Node clean_up_local_level_3_0...
01/16/26 05:39:04 DAG status: 0 (DAG_STATUS_OK)
01/16/26 05:39:04 Of 12 nodes total:
01/16/26 05:39:04  Done     Pre   Queued    Post   Ready   Un-Ready   Failed   Futile
01/16/26 05:39:04   ===     ===      ===     ===     ===        ===      ===      ===
01/16/26 05:39:04     6       0        0       3       0          3        0        0
01/16/26 05:39:04 0 job proc(s) currently held
01/16/26 05:39:04 DAGMan Runtime Statistics: [EventCycleTimeAvg=0.003; EventCycleTimeMax=0.093; EventCycleTimeMin=0.000; EventCycleTimeStd=0.012; EventCycleTimeSum=0.179; SleepCycleTimeAvg=5.012; SleepCycleTimeMax=5.112; SleepCycleTimeMin=5.002; SleepCycleTimeStd=0.025; SleepCycleTimeSum=310.718; SubmitCycleTimeAvg=0.001; SubmitCycleTimeMax=0.022; SubmitCycleTimeMin=0.000; SubmitCycleTimeStd=0.004; SubmitCycleTimeSum=0.072; EventCycleTimeCount=62.000; SleepCycleTimeCount=62.000; SubmitCycleTimeCount=63.000; LogProcessCycleTimeAvg=0.003; LogProcessCycleTimeMax=0.011; LogProcessCycleTimeMin=0.000; LogProcessCycleTimeStd=0.004; LogProcessCycleTimeSum=0.035; LogProcessCycleTimeCount=11.000; ]
01/16/26 05:39:04 Initializing user log writer for /home/kiso/kiso-plankifier-experiment/kiso/pegasus/plankifier-wf/run0001/./plankifier-wf-0.dag.nodes.log, (10.0.0)
01/16/26 05:39:04 Initializing user log writer for /home/kiso/kiso-plankifier-experiment/kiso/pegasus/plankifier-wf/run0001/./plankifier-wf-0.dag.nodes.log, (9.0.0)
01/16/26 05:39:04 Initializing user log writer for /home/kiso/kiso-plankifier-experiment/kiso/pegasus/plankifier-wf/run0001/./plankifier-wf-0.dag.nodes.log, (8.0.0)
01/16/26 05:39:09 Currently monitoring 1 HTCondor log file(s)
01/16/26 05:39:09 Event: ULOG_POST_SCRIPT_TERMINATED for HTCondor Node register_local_0_0 (10.0.0) {01/16/26 05:39:04}
01/16/26 05:39:09 POST Script of node register_local_0_0 completed successfully.
01/16/26 05:39:09 Event: ULOG_POST_SCRIPT_TERMINATED for HTCondor Node stage_out_local_local_1_0 (9.0.0) {01/16/26 05:39:04}
01/16/26 05:39:09 POST Script of node stage_out_local_local_1_0 completed successfully.
01/16/26 05:39:09 Event: ULOG_POST_SCRIPT_TERMINATED for HTCondor Node clean_up_local_level_3_0 (8.0.0) {01/16/26 05:39:04}
01/16/26 05:39:09 POST Script of node clean_up_local_level_3_0 completed successfully.
01/16/26 05:39:09 DAG status: 0 (DAG_STATUS_OK)
01/16/26 05:39:09 Of 12 nodes total:
01/16/26 05:39:09  Done     Pre   Queued    Post   Ready   Un-Ready   Failed   Futile
01/16/26 05:39:09   ===     ===      ===     ===     ===        ===      ===      ===
01/16/26 05:39:09     9       0        0       0       2          1        0        0
01/16/26 05:39:09 0 job proc(s) currently held
01/16/26 05:39:09 DAGMan Runtime Statistics: [EventCycleTimeAvg=0.003; EventCycleTimeMax=0.093; EventCycleTimeMin=0.000; EventCycleTimeStd=0.012; EventCycleTimeSum=0.191; SleepCycleTimeAvg=5.013; SleepCycleTimeMax=5.112; SleepCycleTimeMin=5.002; SleepCycleTimeStd=0.027; SleepCycleTimeSum=315.821; SubmitCycleTimeAvg=0.001; SubmitCycleTimeMax=0.022; SubmitCycleTimeMin=0.000; SubmitCycleTimeStd=0.004; SubmitCycleTimeSum=0.072; EventCycleTimeCount=63.000; SleepCycleTimeCount=63.000; SubmitCycleTimeCount=64.000; LogProcessCycleTimeAvg=0.003; LogProcessCycleTimeMax=0.011; LogProcessCycleTimeMin=0.000; LogProcessCycleTimeStd=0.004; LogProcessCycleTimeSum=0.036; LogProcessCycleTimeCount=12.000; ]
01/16/26 05:39:14 Submitting HTCondor Node clean_up_local_level_4_0 job(s)...
01/16/26 05:39:14 Submitting node clean_up_local_level_4_0 from file 00/00/clean_up_local_level_4_0.sub using direct job submission
01/16/26 05:39:14 	assigned HTCondor ID (11.0.0)
01/16/26 05:39:14 Submitting HTCondor Node register_local_1_0 job(s)...
01/16/26 05:39:14 Submitting node register_local_1_0 from file 00/00/register_local_1_0.sub using direct job submission
01/16/26 05:39:14 	assigned HTCondor ID (12.0.0)
01/16/26 05:39:14 Just submitted 2 jobs this cycle...
01/16/26 05:39:14 DAG status: 0 (DAG_STATUS_OK)
01/16/26 05:39:14 Of 12 nodes total:
01/16/26 05:39:14  Done     Pre   Queued    Post   Ready   Un-Ready   Failed   Futile
01/16/26 05:39:14   ===     ===      ===     ===     ===        ===      ===      ===
01/16/26 05:39:14     9       0        2       0       0          1        0        0
01/16/26 05:39:14 0 job proc(s) currently held
01/16/26 05:39:14 DAGMan Runtime Statistics: [EventCycleTimeAvg=0.003; EventCycleTimeMax=0.093; EventCycleTimeMin=0.000; EventCycleTimeStd=0.012; EventCycleTimeSum=0.191; SleepCycleTimeAvg=5.013; SleepCycleTimeMax=5.112; SleepCycleTimeMin=5.002; SleepCycleTimeStd=0.027; SleepCycleTimeSum=320.825; SubmitCycleTimeAvg=0.001; SubmitCycleTimeMax=0.022; SubmitCycleTimeMin=0.000; SubmitCycleTimeStd=0.005; SubmitCycleTimeSum=0.088; EventCycleTimeCount=64.000; SleepCycleTimeCount=64.000; SubmitCycleTimeCount=65.000; LogProcessCycleTimeAvg=0.003; LogProcessCycleTimeMax=0.011; LogProcessCycleTimeMin=0.000; LogProcessCycleTimeStd=0.004; LogProcessCycleTimeSum=0.036; LogProcessCycleTimeCount=12.000; ]
01/16/26 05:39:19 Currently monitoring 1 HTCondor log file(s)
01/16/26 05:39:19 Reassigning the id of job clean_up_local_level_4_0 from (11.0.0) to (11.0.0)
01/16/26 05:39:19 Event: ULOG_SUBMIT for HTCondor Node clean_up_local_level_4_0 (11.0.0) {01/16/26 05:39:14}
01/16/26 05:39:19 Number of idle job procs: 1
01/16/26 05:39:19 Reassigning the id of job register_local_1_0 from (12.0.0) to (12.0.0)
01/16/26 05:39:19 Event: ULOG_SUBMIT for HTCondor Node register_local_1_0 (12.0.0) {01/16/26 05:39:14}
01/16/26 05:39:19 Number of idle job procs: 2
01/16/26 05:39:19 Event: ULOG_EXECUTE for HTCondor Node clean_up_local_level_4_0 (11.0.0) {01/16/26 05:39:14}
01/16/26 05:39:19 Number of idle job procs: 1
01/16/26 05:39:19 Event: ULOG_EXECUTE for HTCondor Node register_local_1_0 (12.0.0) {01/16/26 05:39:14}
01/16/26 05:39:19 Number of idle job procs: 0
01/16/26 05:39:19 Event: ULOG_JOB_TERMINATED for HTCondor Node register_local_1_0 (12.0.0) {01/16/26 05:39:16}
01/16/26 05:39:19 Number of idle job procs: 0
01/16/26 05:39:19 Node register_local_1_0 job proc (12.0.0) completed successfully.
01/16/26 05:39:19 Node register_local_1_0 job(s) have exited the queue
01/16/26 05:39:19 Running POST script of Node register_local_1_0...
01/16/26 05:39:19 Event: ULOG_JOB_TERMINATED for HTCondor Node clean_up_local_level_4_0 (11.0.0) {01/16/26 05:39:17}
01/16/26 05:39:19 Number of idle job procs: 0
01/16/26 05:39:19 Node clean_up_local_level_4_0 job proc (11.0.0) completed successfully.
01/16/26 05:39:19 Node clean_up_local_level_4_0 job(s) have exited the queue
01/16/26 05:39:19 Running POST script of Node clean_up_local_level_4_0...
01/16/26 05:39:19 DAG status: 0 (DAG_STATUS_OK)
01/16/26 05:39:19 Of 12 nodes total:
01/16/26 05:39:19  Done     Pre   Queued    Post   Ready   Un-Ready   Failed   Futile
01/16/26 05:39:19   ===     ===      ===     ===     ===        ===      ===      ===
01/16/26 05:39:19     9       0        0       2       0          1        0        0
01/16/26 05:39:19 0 job proc(s) currently held
01/16/26 05:39:19 DAGMan Runtime Statistics: [EventCycleTimeAvg=0.003; EventCycleTimeMax=0.093; EventCycleTimeMin=0.000; EventCycleTimeStd=0.012; EventCycleTimeSum=0.208; SleepCycleTimeAvg=5.013; SleepCycleTimeMax=5.112; SleepCycleTimeMin=5.002; SleepCycleTimeStd=0.027; SleepCycleTimeSum=325.830; SubmitCycleTimeAvg=0.001; SubmitCycleTimeMax=0.022; SubmitCycleTimeMin=0.000; SubmitCycleTimeStd=0.005; SubmitCycleTimeSum=0.088; EventCycleTimeCount=65.000; SleepCycleTimeCount=65.000; SubmitCycleTimeCount=66.000; LogProcessCycleTimeAvg=0.003; LogProcessCycleTimeMax=0.011; LogProcessCycleTimeMin=0.000; LogProcessCycleTimeStd=0.004; LogProcessCycleTimeSum=0.043; LogProcessCycleTimeCount=13.000; ]
01/16/26 05:39:19 Initializing user log writer for /home/kiso/kiso-plankifier-experiment/kiso/pegasus/plankifier-wf/run0001/./plankifier-wf-0.dag.nodes.log, (12.0.0)
01/16/26 05:39:19 Initializing user log writer for /home/kiso/kiso-plankifier-experiment/kiso/pegasus/plankifier-wf/run0001/./plankifier-wf-0.dag.nodes.log, (11.0.0)
01/16/26 05:39:24 Currently monitoring 1 HTCondor log file(s)
01/16/26 05:39:24 Event: ULOG_POST_SCRIPT_TERMINATED for HTCondor Node register_local_1_0 (12.0.0) {01/16/26 05:39:19}
01/16/26 05:39:24 POST Script of node register_local_1_0 completed successfully.
01/16/26 05:39:24 Event: ULOG_POST_SCRIPT_TERMINATED for HTCondor Node clean_up_local_level_4_0 (11.0.0) {01/16/26 05:39:19}
01/16/26 05:39:24 POST Script of node clean_up_local_level_4_0 completed successfully.
01/16/26 05:39:24 DAG status: 0 (DAG_STATUS_OK)
01/16/26 05:39:24 Of 12 nodes total:
01/16/26 05:39:24  Done     Pre   Queued    Post   Ready   Un-Ready   Failed   Futile
01/16/26 05:39:24   ===     ===      ===     ===     ===        ===      ===      ===
01/16/26 05:39:24    11       0        0       0       1          0        0        0
01/16/26 05:39:24 0 job proc(s) currently held
01/16/26 05:39:24 DAGMan Runtime Statistics: [EventCycleTimeAvg=0.003; EventCycleTimeMax=0.093; EventCycleTimeMin=0.000; EventCycleTimeStd=0.012; EventCycleTimeSum=0.216; SleepCycleTimeAvg=5.014; SleepCycleTimeMax=5.112; SleepCycleTimeMin=5.002; SleepCycleTimeStd=0.029; SleepCycleTimeSum=330.934; SubmitCycleTimeAvg=0.001; SubmitCycleTimeMax=0.022; SubmitCycleTimeMin=0.000; SubmitCycleTimeStd=0.005; SubmitCycleTimeSum=0.088; EventCycleTimeCount=66.000; SleepCycleTimeCount=66.000; SubmitCycleTimeCount=67.000; LogProcessCycleTimeAvg=0.003; LogProcessCycleTimeMax=0.011; LogProcessCycleTimeMin=0.000; LogProcessCycleTimeStd=0.004; LogProcessCycleTimeSum=0.043; LogProcessCycleTimeCount=14.000; ]
01/16/26 05:39:29 Submitting HTCondor Node cleanup_plankifier-wf_0_local job(s)...
01/16/26 05:39:29 Submitting node cleanup_plankifier-wf_0_local from file 00/00/cleanup_plankifier-wf_0_local.sub using direct job submission
01/16/26 05:39:29 	assigned HTCondor ID (13.0.0)
01/16/26 05:39:29 Just submitted 1 job this cycle...
01/16/26 05:39:29 DAG status: 0 (DAG_STATUS_OK)
01/16/26 05:39:29 Of 12 nodes total:
01/16/26 05:39:29  Done     Pre   Queued    Post   Ready   Un-Ready   Failed   Futile
01/16/26 05:39:29   ===     ===      ===     ===     ===        ===      ===      ===
01/16/26 05:39:29    11       0        1       0       0          0        0        0
01/16/26 05:39:29 0 job proc(s) currently held
01/16/26 05:39:29 DAGMan Runtime Statistics: [EventCycleTimeAvg=0.003; EventCycleTimeMax=0.093; EventCycleTimeMin=0.000; EventCycleTimeStd=0.012; EventCycleTimeSum=0.216; SleepCycleTimeAvg=5.014; SleepCycleTimeMax=5.112; SleepCycleTimeMin=5.002; SleepCycleTimeStd=0.029; SleepCycleTimeSum=335.939; SubmitCycleTimeAvg=0.001; SubmitCycleTimeMax=0.022; SubmitCycleTimeMin=0.000; SubmitCycleTimeStd=0.005; SubmitCycleTimeSum=0.098; EventCycleTimeCount=67.000; SleepCycleTimeCount=67.000; SubmitCycleTimeCount=68.000; LogProcessCycleTimeAvg=0.003; LogProcessCycleTimeMax=0.011; LogProcessCycleTimeMin=0.000; LogProcessCycleTimeStd=0.004; LogProcessCycleTimeSum=0.043; LogProcessCycleTimeCount=14.000; ]
01/16/26 05:39:34 Currently monitoring 1 HTCondor log file(s)
01/16/26 05:39:34 Reassigning the id of job cleanup_plankifier-wf_0_local from (13.0.0) to (13.0.0)
01/16/26 05:39:34 Event: ULOG_SUBMIT for HTCondor Node cleanup_plankifier-wf_0_local (13.0.0) {01/16/26 05:39:29}
01/16/26 05:39:34 Number of idle job procs: 1
01/16/26 05:39:34 Event: ULOG_EXECUTE for HTCondor Node cleanup_plankifier-wf_0_local (13.0.0) {01/16/26 05:39:29}
01/16/26 05:39:34 Number of idle job procs: 0
01/16/26 05:39:34 Event: ULOG_JOB_TERMINATED for HTCondor Node cleanup_plankifier-wf_0_local (13.0.0) {01/16/26 05:39:32}
01/16/26 05:39:34 Number of idle job procs: 0
01/16/26 05:39:34 Node cleanup_plankifier-wf_0_local job proc (13.0.0) completed successfully.
01/16/26 05:39:34 Node cleanup_plankifier-wf_0_local job(s) have exited the queue
01/16/26 05:39:34 Running POST script of Node cleanup_plankifier-wf_0_local...
01/16/26 05:39:34 DAG status: 0 (DAG_STATUS_OK)
01/16/26 05:39:34 Of 12 nodes total:
01/16/26 05:39:34  Done     Pre   Queued    Post   Ready   Un-Ready   Failed   Futile
01/16/26 05:39:34   ===     ===      ===     ===     ===        ===      ===      ===
01/16/26 05:39:34    11       0        0       1       0          0        0        0
01/16/26 05:39:34 0 job proc(s) currently held
01/16/26 05:39:34 DAGMan Runtime Statistics: [EventCycleTimeAvg=0.003; EventCycleTimeMax=0.093; EventCycleTimeMin=0.000; EventCycleTimeStd=0.012; EventCycleTimeSum=0.226; SleepCycleTimeAvg=5.014; SleepCycleTimeMax=5.112; SleepCycleTimeMin=5.002; SleepCycleTimeStd=0.029; SleepCycleTimeSum=340.944; SubmitCycleTimeAvg=0.001; SubmitCycleTimeMax=0.022; SubmitCycleTimeMin=0.000; SubmitCycleTimeStd=0.005; SubmitCycleTimeSum=0.098; EventCycleTimeCount=68.000; SleepCycleTimeCount=68.000; SubmitCycleTimeCount=69.000; LogProcessCycleTimeAvg=0.003; LogProcessCycleTimeMax=0.011; LogProcessCycleTimeMin=0.000; LogProcessCycleTimeStd=0.004; LogProcessCycleTimeSum=0.047; LogProcessCycleTimeCount=15.000; ]
01/16/26 05:39:34 Initializing user log writer for /home/kiso/kiso-plankifier-experiment/kiso/pegasus/plankifier-wf/run0001/./plankifier-wf-0.dag.nodes.log, (13.0.0)
01/16/26 05:39:39 Currently monitoring 1 HTCondor log file(s)
01/16/26 05:39:39 Event: ULOG_POST_SCRIPT_TERMINATED for HTCondor Node cleanup_plankifier-wf_0_local (13.0.0) {01/16/26 05:39:34}
01/16/26 05:39:39 POST Script of node cleanup_plankifier-wf_0_local completed successfully.
01/16/26 05:39:39 DAG status: 0 (DAG_STATUS_OK)
01/16/26 05:39:39 Of 12 nodes total:
01/16/26 05:39:39  Done     Pre   Queued    Post   Ready   Un-Ready   Failed   Futile
01/16/26 05:39:39   ===     ===      ===     ===     ===        ===      ===      ===
01/16/26 05:39:39    12       0        0       0       0          0        0        0
01/16/26 05:39:39 0 job proc(s) currently held
01/16/26 05:39:39 DAGMan Runtime Statistics: [EventCycleTimeAvg=0.003; EventCycleTimeMax=0.093; EventCycleTimeMin=0.000; EventCycleTimeStd=0.012; EventCycleTimeSum=0.230; SleepCycleTimeAvg=5.015; SleepCycleTimeMax=5.112; SleepCycleTimeMin=5.002; SleepCycleTimeStd=0.030; SleepCycleTimeSum=346.045; SubmitCycleTimeAvg=0.001; SubmitCycleTimeMax=0.022; SubmitCycleTimeMin=0.000; SubmitCycleTimeStd=0.005; SubmitCycleTimeSum=0.098; EventCycleTimeCount=69.000; SleepCycleTimeCount=69.000; SubmitCycleTimeCount=70.000; LogProcessCycleTimeAvg=0.003; LogProcessCycleTimeMax=0.011; LogProcessCycleTimeMin=0.000; LogProcessCycleTimeStd=0.004; LogProcessCycleTimeSum=0.047; LogProcessCycleTimeCount=16.000; ]
01/16/26 05:39:39 All jobs Completed!
01/16/26 05:39:39 Note: 0 total node deferrals because of -MaxJobs limit (0)
01/16/26 05:39:39 Note: 0 total node deferrals because of -MaxIdle limit (1000)
01/16/26 05:39:39 Note: 0 total node deferrals because of node category throttles
01/16/26 05:39:39 Note: 0 total PRE script deferrals because of -MaxPre limit (20) or DEFER
01/16/26 05:39:39 Note: 0 total POST script deferrals because of -MaxPost limit (20) or DEFER
01/16/26 05:39:39 Note: 0 total HOLD script deferrals because of -MaxHold limit (20) or DEFER
01/16/26 05:39:39 DAG status: 0 (DAG_STATUS_OK)
01/16/26 05:39:39 Of 12 nodes total:
01/16/26 05:39:39  Done     Pre   Queued    Post   Ready   Un-Ready   Failed   Futile
01/16/26 05:39:39   ===     ===      ===     ===     ===        ===      ===      ===
01/16/26 05:39:39    12       0        0       0       0          0        0        0
01/16/26 05:39:39 0 job proc(s) currently held
01/16/26 05:39:39 DAGMan Runtime Statistics: [EventCycleTimeAvg=0.003; EventCycleTimeMax=0.093; EventCycleTimeMin=0.000; EventCycleTimeStd=0.012; EventCycleTimeSum=0.230; SleepCycleTimeAvg=5.015; SleepCycleTimeMax=5.112; SleepCycleTimeMin=5.002; SleepCycleTimeStd=0.030; SleepCycleTimeSum=346.045; SubmitCycleTimeAvg=0.001; SubmitCycleTimeMax=0.022; SubmitCycleTimeMin=0.000; SubmitCycleTimeStd=0.005; SubmitCycleTimeSum=0.098; EventCycleTimeCount=69.000; SleepCycleTimeCount=69.000; SubmitCycleTimeCount=70.000; LogProcessCycleTimeAvg=0.003; LogProcessCycleTimeMax=0.011; LogProcessCycleTimeMin=0.000; LogProcessCycleTimeStd=0.004; LogProcessCycleTimeSum=0.047; LogProcessCycleTimeCount=16.000; ]
01/16/26 05:39:39 Wrote metrics file plankifier-wf-0.dag.metrics.
01/16/26 05:39:39 DAGMan Runtime Statistics: [EventCycleTimeAvg=0.003; EventCycleTimeMax=0.093; EventCycleTimeMin=0.000; EventCycleTimeStd=0.012; EventCycleTimeSum=0.230; SleepCycleTimeAvg=5.015; SleepCycleTimeMax=5.112; SleepCycleTimeMin=5.002; SleepCycleTimeStd=0.030; SleepCycleTimeSum=346.045; SubmitCycleTimeAvg=0.001; SubmitCycleTimeMax=0.022; SubmitCycleTimeMin=0.000; SubmitCycleTimeStd=0.005; SubmitCycleTimeSum=0.098; EventCycleTimeCount=69.000; SleepCycleTimeCount=69.000; SubmitCycleTimeCount=70.000; LogProcessCycleTimeAvg=0.003; LogProcessCycleTimeMax=0.011; LogProcessCycleTimeMin=0.000; LogProcessCycleTimeStd=0.004; LogProcessCycleTimeSum=0.047; LogProcessCycleTimeCount=16.000; ]
01/16/26 05:39:39 **** condor_scheduniv_exec.1.0 (condor_DAGMAN) pid 13097 EXITING WITH STATUS 0
