000 (002.000.000) 2026-01-16 05:33:53 Job submitted from host: <129.114.108.231:9618?addrs=129.114.108.231-9618&alias=enos--o-compute-zen3-o--0&noUDP&sock=schedd_12261_9aca>
    DAG Node: create_dir_plankifier-wf_0_local
    pool:local
...
000 (003.000.000) 2026-01-16 05:33:53 Job submitted from host: <129.114.108.231:9618?addrs=129.114.108.231-9618&alias=enos--o-compute-zen3-o--0&noUDP&sock=schedd_12261_9aca>
    DAG Node: stage_worker_local_plankifier-wf_0_local
    pool:local
...
001 (002.000.000) 2026-01-16 05:33:58 Job executing on host: <129.114.108.231:9618?addrs=129.114.108.231-9618&alias=enos--o-compute-zen3-o--0&noUDP&sock=starter_12316_7c6e_2>
...
001 (003.000.000) 2026-01-16 05:33:58 Job executing on host: <129.114.108.231:9618?addrs=129.114.108.231-9618&alias=enos--o-compute-zen3-o--0&noUDP&sock=starter_12316_7c6e_3>
...
005 (002.000.000) 2026-01-16 05:34:00 Job terminated.
	(1) Normal termination (return value 0)
		Usr 0 00:00:00, Sys 0 00:00:00  -  Run Remote Usage
		Usr 0 00:00:00, Sys 0 00:00:00  -  Run Local Usage
		Usr 0 00:00:00, Sys 0 00:00:00  -  Total Remote Usage
		Usr 0 00:00:00, Sys 0 00:00:00  -  Total Local Usage
	0  -  Run Bytes Sent By Job
	0  -  Run Bytes Received By Job
	0  -  Total Bytes Sent By Job
	0  -  Total Bytes Received By Job
...
005 (003.000.000) 2026-01-16 05:34:01 Job terminated.
	(1) Normal termination (return value 0)
		Usr 0 00:00:00, Sys 0 00:00:00  -  Run Remote Usage
		Usr 0 00:00:00, Sys 0 00:00:00  -  Run Local Usage
		Usr 0 00:00:00, Sys 0 00:00:00  -  Total Remote Usage
		Usr 0 00:00:00, Sys 0 00:00:00  -  Total Local Usage
	0  -  Run Bytes Sent By Job
	0  -  Run Bytes Received By Job
	0  -  Total Bytes Sent By Job
	0  -  Total Bytes Received By Job
...
016 (002.000.000) 2026-01-16 05:34:03 POST Script terminated.
	(1) Normal termination (return value 0)
    DAG Node: create_dir_plankifier-wf_0_local
...
016 (003.000.000) 2026-01-16 05:34:03 POST Script terminated.
	(1) Normal termination (return value 0)
    DAG Node: stage_worker_local_plankifier-wf_0_local
...
000 (004.000.000) 2026-01-16 05:34:13 Job submitted from host: <129.114.108.231:9618?addrs=129.114.108.231-9618&alias=enos--o-compute-zen3-o--0&noUDP&sock=schedd_12261_9aca>
    DAG Node: stage_in_local_local_1_0
    pool:local
...
000 (005.000.000) 2026-01-16 05:34:13 Job submitted from host: <129.114.108.231:9618?addrs=129.114.108.231-9618&alias=enos--o-compute-zen3-o--0&noUDP&sock=schedd_12261_9aca>
    DAG Node: plankifier_ID0000001
    pool:condorpool
...
001 (004.000.000) 2026-01-16 05:34:13 Job executing on host: <129.114.108.231:9618?addrs=129.114.108.231-9618&alias=enos--o-compute-zen3-o--0&noUDP&sock=starter_12316_7c6e_4>
...
005 (004.000.000) 2026-01-16 05:34:16 Job terminated.
	(1) Normal termination (return value 0)
		Usr 0 00:00:00, Sys 0 00:00:00  -  Run Remote Usage
		Usr 0 00:00:00, Sys 0 00:00:00  -  Run Local Usage
		Usr 0 00:00:00, Sys 0 00:00:00  -  Total Remote Usage
		Usr 0 00:00:00, Sys 0 00:00:00  -  Total Local Usage
	0  -  Run Bytes Sent By Job
	0  -  Run Bytes Received By Job
	0  -  Total Bytes Sent By Job
	0  -  Total Bytes Received By Job
...
016 (004.000.000) 2026-01-16 05:34:18 POST Script terminated.
	(1) Normal termination (return value 0)
    DAG Node: stage_in_local_local_1_0
...
001 (005.000.000) 2026-01-16 05:34:25 Job executing on host: <100.64.114.206:9618?CCBID=129.114.108.231:9618%3faddrs%3d129.114.108.231-9618%26alias%3denos--o-compute-zen3-o--0%26noUDP%26sock%3dcollector#1&PrivNet=zun-4d57a1e2-1736-455a-93d3-f057b19d2a58-7fcfb46cb5-8xnlj&addrs=100.64.114.206-9618&alias=zun-4d57a1e2-1736-455a-93d3-f057b19d2a58-7fcfb46cb5-8xnlj&noUDP&sock=startd_1203_bc85>
	SlotName: slot1_1@zun-4d57a1e2-1736-455a-93d3-f057b19d2a58-7fcfb46cb5-8xnlj
	CondorScratchDir = "/var/lib/condor/execute/dir_3632"
	Cpus = 1
	Disk = 14336
	GPUs = 0
	Memory = 128
...
005 (005.000.000) 2026-01-16 05:38:33 Job terminated.
	(1) Normal termination (return value 0)
		Usr 0 00:02:49, Sys 0 00:00:05  -  Run Remote Usage
		Usr 0 00:00:00, Sys 0 00:00:00  -  Run Local Usage
		Usr 0 00:02:49, Sys 0 00:00:05  -  Total Remote Usage
		Usr 0 00:00:00, Sys 0 00:00:00  -  Total Local Usage
	33393  -  Run Bytes Sent By Job
	12548439  -  Run Bytes Received By Job
	33393  -  Total Bytes Sent By Job
	12548439  -  Total Bytes Received By Job
	Partitionable Resources :    Usage  Request Allocated 
	   Cpus                 :     0.00        1         1 
	   Disk (KB)            : 88966       12500     14336 
	   GPUs                 :                           0 
	   Memory (MB)          :     6           1       128 
	   TimeExecute (s)      :   227                       
	   TimeSlotBusy (s)     :   230                       
...
016 (005.000.000) 2026-01-16 05:38:34 POST Script terminated.
	(1) Normal termination (return value 0)
    DAG Node: plankifier_ID0000001
...
000 (006.000.000) 2026-01-16 05:38:44 Job submitted from host: <129.114.108.231:9618?addrs=129.114.108.231-9618&alias=enos--o-compute-zen3-o--0&noUDP&sock=schedd_12261_9aca>
    DAG Node: stage_out_local_local_0_0
    pool:local
...
000 (007.000.000) 2026-01-16 05:38:44 Job submitted from host: <129.114.108.231:9618?addrs=129.114.108.231-9618&alias=enos--o-compute-zen3-o--0&noUDP&sock=schedd_12261_9aca>
    DAG Node: count_ID0000002
    pool:condorpool
...
001 (006.000.000) 2026-01-16 05:38:44 Job executing on host: <129.114.108.231:9618?addrs=129.114.108.231-9618&alias=enos--o-compute-zen3-o--0&noUDP&sock=starter_12316_7c6e_6>
...
001 (007.000.000) 2026-01-16 05:38:44 Job executing on host: <129.114.108.231:9618?addrs=129.114.108.231-9618&alias=enos--o-compute-zen3-o--0&noUDP&sock=startd_12261_9aca>
	SlotName: slot1_1@enos--o-compute-zen3-o--0
	CondorScratchDir = "/var/lib/condor/execute/dir_16242"
	Cpus = 1
	Disk = 14336
	GPUs = 0
	Memory = 128
...
005 (007.000.000) 2026-01-16 05:38:45 Job terminated.
	(1) Normal termination (return value 0)
		Usr 0 00:00:00, Sys 0 00:00:00  -  Run Remote Usage
		Usr 0 00:00:00, Sys 0 00:00:00  -  Run Local Usage
		Usr 0 00:00:00, Sys 0 00:00:00  -  Total Remote Usage
		Usr 0 00:00:00, Sys 0 00:00:00  -  Total Local Usage
	6353  -  Run Bytes Sent By Job
	12561738  -  Run Bytes Received By Job
	6353  -  Total Bytes Sent By Job
	12561738  -  Total Bytes Received By Job
	Partitionable Resources :    Usage  Request Allocated 
	   Cpus                 :        0        1         1 
	   Disk (KB)            :    12292    12500     14336 
	   GPUs                 :                           0 
	   Memory (MB)          :        0        1       128 
	   TimeExecute (s)      :        1                    
	   TimeSlotBusy (s)     :        1                    
...
005 (006.000.000) 2026-01-16 05:38:46 Job terminated.
	(1) Normal termination (return value 0)
		Usr 0 00:00:00, Sys 0 00:00:00  -  Run Remote Usage
		Usr 0 00:00:00, Sys 0 00:00:00  -  Run Local Usage
		Usr 0 00:00:00, Sys 0 00:00:00  -  Total Remote Usage
		Usr 0 00:00:00, Sys 0 00:00:00  -  Total Local Usage
	0  -  Run Bytes Sent By Job
	0  -  Run Bytes Received By Job
	0  -  Total Bytes Sent By Job
	0  -  Total Bytes Received By Job
...
016 (007.000.000) 2026-01-16 05:38:49 POST Script terminated.
	(1) Normal termination (return value 0)
    DAG Node: count_ID0000002
...
016 (006.000.000) 2026-01-16 05:38:49 POST Script terminated.
	(1) Normal termination (return value 0)
    DAG Node: stage_out_local_local_0_0
...
000 (008.000.000) 2026-01-16 05:38:59 Job submitted from host: <129.114.108.231:9618?addrs=129.114.108.231-9618&alias=enos--o-compute-zen3-o--0&noUDP&sock=schedd_12261_9aca>
    DAG Node: clean_up_local_level_3_0
    pool:local
...
000 (009.000.000) 2026-01-16 05:38:59 Job submitted from host: <129.114.108.231:9618?addrs=129.114.108.231-9618&alias=enos--o-compute-zen3-o--0&noUDP&sock=schedd_12261_9aca>
    DAG Node: stage_out_local_local_1_0
    pool:local
...
000 (010.000.000) 2026-01-16 05:38:59 Job submitted from host: <129.114.108.231:9618?addrs=129.114.108.231-9618&alias=enos--o-compute-zen3-o--0&noUDP&sock=schedd_12261_9aca>
    DAG Node: register_local_0_0
    pool:local
...
001 (008.000.000) 2026-01-16 05:38:59 Job executing on host: <129.114.108.231:9618?addrs=129.114.108.231-9618&alias=enos--o-compute-zen3-o--0&noUDP&sock=starter_12316_7c6e_8>
...
001 (009.000.000) 2026-01-16 05:38:59 Job executing on host: <129.114.108.231:9618?addrs=129.114.108.231-9618&alias=enos--o-compute-zen3-o--0&noUDP&sock=starter_12316_7c6e_9>
...
001 (010.000.000) 2026-01-16 05:38:59 Job executing on host: <129.114.108.231:9618?addrs=129.114.108.231-9618&alias=enos--o-compute-zen3-o--0&noUDP&sock=starter_12316_7c6e_10>
...
005 (010.000.000) 2026-01-16 05:39:01 Job terminated.
	(1) Normal termination (return value 0)
		Usr 0 00:00:00, Sys 0 00:00:00  -  Run Remote Usage
		Usr 0 00:00:03, Sys 0 00:00:00  -  Run Local Usage
		Usr 0 00:00:00, Sys 0 00:00:00  -  Total Remote Usage
		Usr 0 00:00:00, Sys 0 00:00:00  -  Total Local Usage
	0  -  Run Bytes Sent By Job
	0  -  Run Bytes Received By Job
	0  -  Total Bytes Sent By Job
	0  -  Total Bytes Received By Job
...
005 (009.000.000) 2026-01-16 05:39:02 Job terminated.
	(1) Normal termination (return value 0)
		Usr 0 00:00:00, Sys 0 00:00:00  -  Run Remote Usage
		Usr 0 00:00:00, Sys 0 00:00:00  -  Run Local Usage
		Usr 0 00:00:00, Sys 0 00:00:00  -  Total Remote Usage
		Usr 0 00:00:00, Sys 0 00:00:00  -  Total Local Usage
	0  -  Run Bytes Sent By Job
	0  -  Run Bytes Received By Job
	0  -  Total Bytes Sent By Job
	0  -  Total Bytes Received By Job
...
005 (008.000.000) 2026-01-16 05:39:03 Job terminated.
	(1) Normal termination (return value 0)
		Usr 0 00:00:00, Sys 0 00:00:00  -  Run Remote Usage
		Usr 0 00:00:00, Sys 0 00:00:00  -  Run Local Usage
		Usr 0 00:00:00, Sys 0 00:00:00  -  Total Remote Usage
		Usr 0 00:00:00, Sys 0 00:00:00  -  Total Local Usage
	0  -  Run Bytes Sent By Job
	0  -  Run Bytes Received By Job
	0  -  Total Bytes Sent By Job
	0  -  Total Bytes Received By Job
...
016 (010.000.000) 2026-01-16 05:39:04 POST Script terminated.
	(1) Normal termination (return value 0)
    DAG Node: register_local_0_0
...
016 (009.000.000) 2026-01-16 05:39:04 POST Script terminated.
	(1) Normal termination (return value 0)
    DAG Node: stage_out_local_local_1_0
...
016 (008.000.000) 2026-01-16 05:39:04 POST Script terminated.
	(1) Normal termination (return value 0)
    DAG Node: clean_up_local_level_3_0
...
000 (011.000.000) 2026-01-16 05:39:14 Job submitted from host: <129.114.108.231:9618?addrs=129.114.108.231-9618&alias=enos--o-compute-zen3-o--0&noUDP&sock=schedd_12261_9aca>
    DAG Node: clean_up_local_level_4_0
    pool:local
...
000 (012.000.000) 2026-01-16 05:39:14 Job submitted from host: <129.114.108.231:9618?addrs=129.114.108.231-9618&alias=enos--o-compute-zen3-o--0&noUDP&sock=schedd_12261_9aca>
    DAG Node: register_local_1_0
    pool:local
...
001 (011.000.000) 2026-01-16 05:39:14 Job executing on host: <129.114.108.231:9618?addrs=129.114.108.231-9618&alias=enos--o-compute-zen3-o--0&noUDP&sock=starter_12316_7c6e_11>
...
001 (012.000.000) 2026-01-16 05:39:14 Job executing on host: <129.114.108.231:9618?addrs=129.114.108.231-9618&alias=enos--o-compute-zen3-o--0&noUDP&sock=starter_12316_7c6e_12>
...
005 (012.000.000) 2026-01-16 05:39:16 Job terminated.
	(1) Normal termination (return value 0)
		Usr 0 00:00:00, Sys 0 00:00:00  -  Run Remote Usage
		Usr 0 00:00:03, Sys 0 00:00:00  -  Run Local Usage
		Usr 0 00:00:00, Sys 0 00:00:00  -  Total Remote Usage
		Usr 0 00:00:00, Sys 0 00:00:00  -  Total Local Usage
	0  -  Run Bytes Sent By Job
	0  -  Run Bytes Received By Job
	0  -  Total Bytes Sent By Job
	0  -  Total Bytes Received By Job
...
005 (011.000.000) 2026-01-16 05:39:17 Job terminated.
	(1) Normal termination (return value 0)
		Usr 0 00:00:00, Sys 0 00:00:00  -  Run Remote Usage
		Usr 0 00:00:00, Sys 0 00:00:00  -  Run Local Usage
		Usr 0 00:00:00, Sys 0 00:00:00  -  Total Remote Usage
		Usr 0 00:00:00, Sys 0 00:00:00  -  Total Local Usage
	0  -  Run Bytes Sent By Job
	0  -  Run Bytes Received By Job
	0  -  Total Bytes Sent By Job
	0  -  Total Bytes Received By Job
...
016 (012.000.000) 2026-01-16 05:39:19 POST Script terminated.
	(1) Normal termination (return value 0)
    DAG Node: register_local_1_0
...
016 (011.000.000) 2026-01-16 05:39:19 POST Script terminated.
	(1) Normal termination (return value 0)
    DAG Node: clean_up_local_level_4_0
...
000 (013.000.000) 2026-01-16 05:39:29 Job submitted from host: <129.114.108.231:9618?addrs=129.114.108.231-9618&alias=enos--o-compute-zen3-o--0&noUDP&sock=schedd_12261_9aca>
    DAG Node: cleanup_plankifier-wf_0_local
    pool:local
...
001 (013.000.000) 2026-01-16 05:39:29 Job executing on host: <129.114.108.231:9618?addrs=129.114.108.231-9618&alias=enos--o-compute-zen3-o--0&noUDP&sock=starter_12316_7c6e_13>
...
005 (013.000.000) 2026-01-16 05:39:32 Job terminated.
	(1) Normal termination (return value 0)
		Usr 0 00:00:00, Sys 0 00:00:00  -  Run Remote Usage
		Usr 0 00:00:00, Sys 0 00:00:00  -  Run Local Usage
		Usr 0 00:00:00, Sys 0 00:00:00  -  Total Remote Usage
		Usr 0 00:00:00, Sys 0 00:00:00  -  Total Local Usage
	0  -  Run Bytes Sent By Job
	0  -  Run Bytes Received By Job
	0  -  Total Bytes Sent By Job
	0  -  Total Bytes Received By Job
...
016 (013.000.000) 2026-01-16 05:39:34 POST Script terminated.
	(1) Normal termination (return value 0)
    DAG Node: cleanup_plankifier-wf_0_local
...
