01/16/26 01:01:56 ******************************************************
01/16/26 01:01:56 ** condor_scheduniv_exec.1.0 (CONDOR_DAGMAN) STARTING UP
01/16/26 01:01:56 ** /usr/bin/condor_dagman
01/16/26 01:01:56 ** SubsystemInfo: name=DAGMAN type=DAGMAN(9) class=CLIENT(2)
01/16/26 01:01:56 ** Configuration: subsystem:DAGMAN local:<NONE> class:CLIENT
01/16/26 01:01:56 ** $CondorVersion: 24.12.15 2025-12-12 BuildID: 856731 PackageID: 24.12.15-1+ubu22 GitSHA: 9a75c7f5 $
01/16/26 01:01:56 ** $CondorPlatform: X86_64-Ubuntu_22.04 $
01/16/26 01:01:56 ** PID = 13000 RealUID = 1011
01/16/26 01:01:56 ** Log last touched time unavailable (No such file or directory)
01/16/26 01:01:56 ******************************************************
01/16/26 01:01:56 Using config source: /etc/condor/condor_config
01/16/26 01:01:56 Using local config sources: 
01/16/26 01:01:56    /etc/condor/config.d/00-security
01/16/26 01:01:56    /etc/condor/config.d/01-kiso
01/16/26 01:01:56    /etc/condor/config.d/10-stash-plugin.conf
01/16/26 01:01:56    /etc/condor/condor_config.local
01/16/26 01:01:56 config Macros = 79, Sorted = 79, StringBytes = 2416, TablesBytes = 2908
01/16/26 01:01:56 CLASSAD_CACHING is ENABLED
01/16/26 01:01:56 Daemon Log is logging: D_ALWAYS D_ERROR D_STATUS
01/16/26 01:01:56 Daemoncore: Listening at <0.0.0.0:11385> on TCP (ReliSock) and UDP (SafeSock).
01/16/26 01:01:56 DaemonCore: command socket at <129.114.108.231:11385?addrs=129.114.108.231-11385&alias=enos--o-compute-zen3-o--0>
01/16/26 01:01:56 DaemonCore: private command socket at <129.114.108.231:11385?addrs=129.114.108.231-11385&alias=enos--o-compute-zen3-o--0>
01/16/26 01:01:56 DAGMAN_USE_STRICT setting: 1
01/16/26 01:01:56 DAGMAN_VERBOSITY setting: 3
01/16/26 01:01:56 DAGMAN_DEBUG_CACHE_SIZE setting: 5242880
01/16/26 01:01:56 DAGMAN_DEBUG_CACHE_ENABLE setting: False
01/16/26 01:01:56 DAGMAN_SUBMIT_DELAY setting: 0
01/16/26 01:01:56 DAGMAN_MAX_SUBMIT_ATTEMPTS setting: 6
01/16/26 01:01:56 DAGMAN_STARTUP_CYCLE_DETECT setting: False
01/16/26 01:01:56 DAGMAN_USE_JOIN_NODES setting: True
01/16/26 01:01:56 DAGMAN_REPORT_GRAPH_METRICS setting: False
01/16/26 01:01:56 DAGMAN_MAX_SUBMITS_PER_INTERVAL setting: 100
01/16/26 01:01:56 DAGMAN_AGGRESSIVE_SUBMIT setting: False
01/16/26 01:01:56 DAGMAN_USER_LOG_SCAN_INTERVAL setting: 5
01/16/26 01:01:56 DAGMAN_QUEUE_UPDATE_INTERVAL setting: 300.000000
01/16/26 01:01:56 DAGMAN_DEFAULT_PRIORITY setting: 0
01/16/26 01:01:56 DAGMAN_SUPPRESS_NOTIFICATION setting: False
01/16/26 01:01:56 allow_events (DAGMAN_ALLOW_EVENTS) setting: 114
01/16/26 01:01:56 DAGMAN_RETRY_SUBMIT_FIRST setting: True
01/16/26 01:01:56 DAGMAN_RETRY_NODE_FIRST setting: False
01/16/26 01:01:56 DAGMAN_MAX_JOBS_IDLE setting: 1000
01/16/26 01:01:56 DAGMAN_MAX_JOBS_SUBMITTED setting: 0
01/16/26 01:01:56 DAGMAN_MAX_PRE_SCRIPTS setting: 20
01/16/26 01:01:56 DAGMAN_MAX_POST_SCRIPTS setting: 20
01/16/26 01:01:56 DAGMAN_MAX_HOLD_SCRIPTS setting: 20
01/16/26 01:01:56 DAGMAN_MUNGE_NODE_NAMES setting: True
01/16/26 01:01:56 DAGMAN_ALLOW_ANY_NODE_NAME_CHARACTERS setting: False
01/16/26 01:01:56 DAGMAN_PROHIBIT_MULTI_JOBS setting: False
01/16/26 01:01:56 DAGMAN_SUBMIT_DEPTH_FIRST setting: False
01/16/26 01:01:56 DAGMAN_ALWAYS_RUN_POST setting: False
01/16/26 01:01:56 DAGMAN_CONDOR_SUBMIT_EXE setting: /usr/bin/condor_submit
01/16/26 01:01:56 DAGMAN_CONDOR_RM_EXE setting: /usr/bin/condor_rm
01/16/26 01:01:56 DAGMAN_USE_DIRECT_SUBMIT setting: True
01/16/26 01:01:56 DAGMAN_PRODUCE_JOB_CREDENTIALS setting: True
01/16/26 01:01:56 DAGMAN_DEFAULT_APPEND_VARS setting: False
01/16/26 01:01:56 DAGMAN_INHERIT_ATTRS_PREFIX setting: 
01/16/26 01:01:56 DAGMAN_INHERIT_ATTRS setting: 
01/16/26 01:01:56 DAGMAN_ABORT_DUPLICATES setting: True
01/16/26 01:01:56 DAGMAN_ABORT_ON_SCARY_SUBMIT setting: True
01/16/26 01:01:56 DAGMAN_PENDING_REPORT_INTERVAL setting: 600
01/16/26 01:01:56 DAGMAN_CHECK_QUEUE_INTERVAL setting: 28800
01/16/26 01:01:56 DAGMAN_PRINT_JOB_TABLE_INTERVAL setting: 900
01/16/26 01:01:56 DAGMAN_AUTO_RESCUE setting: True
01/16/26 01:01:56 DAGMAN_MAX_RESCUE_NUM setting: 100
01/16/26 01:01:56 DAGMAN_WRITE_PARTIAL_RESCUE setting: True
01/16/26 01:01:56 DAGMAN_RESET_RETRIES_UPON_RESCUE setting: True
01/16/26 01:01:56 DAGMAN_METRICS_FILE_VERSION setting: 2
01/16/26 01:01:56 DAGMAN_DEFAULT_NODE_LOG setting: @(DAG_DIR)/@(DAG_FILE).nodes.log
01/16/26 01:01:56 DAGMAN_LOG_ON_NFS_IS_ERROR setting: False
01/16/26 01:01:56 DAGMAN_GENERATE_SUBDAG_SUBMITS setting: True
01/16/26 01:01:56 DAGMAN_MAX_JOB_HOLDS setting: 100
01/16/26 01:01:56 DAGMAN_NODE_JOB_FAILURE_TOLERANCE setting: 0
01/16/26 01:01:56 DAGMAN_HOLD_CLAIM_TIME setting: 20
01/16/26 01:01:56 DAGMAN_SUPPRESS_JOB_LOGS setting: False
01/16/26 01:01:56 DAGMAN_REMOVE_NODE_JOBS setting: True
01/16/26 01:01:56 DAGMAN_PUT_FAILED_JOBS_ON_HOLD setting: False
01/16/26 01:01:56 DAGMAN_REMOVE_JOBS_AFTER_LIMIT_CHANGE setting: False
01/16/26 01:01:56 DAGMAN will adjust edges after parsing
01/16/26 01:01:56 argv[0] == "condor_scheduniv_exec.1.0"
01/16/26 01:01:56 argv[1] == "-Lockfile"
01/16/26 01:01:56 argv[2] == "plankifier-wf-0.dag.lock"
01/16/26 01:01:56 argv[3] == "-Dag"
01/16/26 01:01:56 argv[4] == "plankifier-wf-0.dag"
01/16/26 01:01:56 argv[5] == "-MaxPost"
01/16/26 01:01:56 argv[6] == "20"
01/16/26 01:01:56 argv[7] == "-CsdVersion"
01/16/26 01:01:56 argv[8] == "$CondorVersion: 24.12.15 2025-12-12 BuildID: 856731 PackageID: 24.12.15-1+ubu22 GitSHA: 9a75c7f5 $"
01/16/26 01:01:56 argv[9] == "-dagman"
01/16/26 01:01:56 argv[10] == "/usr/bin/condor_dagman"
01/16/26 01:01:56 argv[11] == "-AutoRescue"
01/16/26 01:01:56 argv[12] == "1"
01/16/26 01:01:56 argv[13] == "-DoRescueFrom"
01/16/26 01:01:56 argv[14] == "0"
01/16/26 01:01:56 Can't open directory "/etc/condor/passwords.d" as PRIV_ROOT, errno: 13 (Permission denied)
01/16/26 01:01:56 Can't open directory "/etc/condor/passwords.d" as PRIV_ROOT, errno: 13 (Permission denied)
01/16/26 01:01:56 Workflow batch-id: <1.0>
01/16/26 01:01:56 Workflow batch-name: <plankifier-wf-0.dag+1>
01/16/26 01:01:56 Workflow accounting_group: <>
01/16/26 01:01:56 Workflow accounting_group_user: <>
01/16/26 01:01:56 Warning: failed to get attribute DAGNodeName
01/16/26 01:01:56 Default node log file is: </home/kiso/kiso-plankifier-experiment/kiso/pegasus/plankifier-wf/run0001/./plankifier-wf-0.dag.nodes.log>
01/16/26 01:01:56 DAG Lockfile will be written to plankifier-wf-0.dag.lock
01/16/26 01:01:56 DAG Input file is plankifier-wf-0.dag
01/16/26 01:01:56 Parsing 1 dagfiles
01/16/26 01:01:56 Parsing plankifier-wf-0.dag ...
01/16/26 01:01:56 Adjusting edges
01/16/26 01:01:56 Dag contains 12 total nodes
01/16/26 01:01:56 Bootstrapping...
01/16/26 01:01:56 Number of pre-completed nodes: 0
01/16/26 01:01:56 MultiLogFiles: truncating log file /home/kiso/kiso-plankifier-experiment/kiso/pegasus/plankifier-wf/run0001/./plankifier-wf-0.dag.nodes.log
01/16/26 01:01:56 DAG status: 0 (DAG_STATUS_OK)
01/16/26 01:01:56 Of 12 nodes total:
01/16/26 01:01:56  Done     Pre   Queued    Post   Ready   Un-Ready   Failed   Futile
01/16/26 01:01:56   ===     ===      ===     ===     ===        ===      ===      ===
01/16/26 01:01:56     0       0        0       0       2         10        0        0
01/16/26 01:01:56 0 job proc(s) currently held
01/16/26 01:01:56 DAGMan Runtime Statistics: [EventCycleTimeSum=0.000; SleepCycleTimeSum=0.000; SubmitCycleTimeSum=0.000; EventCycleTimeCount=0.000; SleepCycleTimeCount=0.000; SubmitCycleTimeCount=0.000; LogProcessCycleTimeSum=0.000; LogProcessCycleTimeCount=0.000; ]
01/16/26 01:01:56 Registering condor_event_timer...
01/16/26 01:01:57 Submitting HTCondor Node create_dir_plankifier-wf_0_local job(s)...
01/16/26 01:01:57 Submitting node create_dir_plankifier-wf_0_local from file 00/00/create_dir_plankifier-wf_0_local.sub using direct job submission
01/16/26 01:01:57 	assigned HTCondor ID (2.0.0)
01/16/26 01:01:57 Submitting HTCondor Node stage_worker_local_plankifier-wf_0_local job(s)...
01/16/26 01:01:57 Submitting node stage_worker_local_plankifier-wf_0_local from file 00/00/stage_worker_local_plankifier-wf_0_local.sub using direct job submission
01/16/26 01:01:57 	assigned HTCondor ID (3.0.0)
01/16/26 01:01:57 Just submitted 2 jobs this cycle...
01/16/26 01:01:57 DAG status: 0 (DAG_STATUS_OK)
01/16/26 01:01:57 Of 12 nodes total:
01/16/26 01:01:57  Done     Pre   Queued    Post   Ready   Un-Ready   Failed   Futile
01/16/26 01:01:57   ===     ===      ===     ===     ===        ===      ===      ===
01/16/26 01:01:57     0       0        2       0       0         10        0        0
01/16/26 01:01:57 0 job proc(s) currently held
01/16/26 01:01:57 DAGMan Runtime Statistics: [EventCycleTimeSum=0.000; SleepCycleTimeSum=0.000; SubmitCycleTimeAvg=0.016; SubmitCycleTimeMax=0.016; SubmitCycleTimeMin=0.016; SubmitCycleTimeStd=0.016; SubmitCycleTimeSum=0.016; EventCycleTimeCount=0.000; SleepCycleTimeCount=0.000; SubmitCycleTimeCount=1.000; LogProcessCycleTimeSum=0.000; LogProcessCycleTimeCount=0.000; ]
01/16/26 01:02:02 Currently monitoring 1 HTCondor log file(s)
01/16/26 01:02:02 Reassigning the id of job create_dir_plankifier-wf_0_local from (2.0.0) to (2.0.0)
01/16/26 01:02:02 Event: ULOG_SUBMIT for HTCondor Node create_dir_plankifier-wf_0_local (2.0.0) {01/16/26 01:01:57}
01/16/26 01:02:02 Number of idle job procs: 1
01/16/26 01:02:02 Reassigning the id of job stage_worker_local_plankifier-wf_0_local from (3.0.0) to (3.0.0)
01/16/26 01:02:02 Event: ULOG_SUBMIT for HTCondor Node stage_worker_local_plankifier-wf_0_local (3.0.0) {01/16/26 01:01:57}
01/16/26 01:02:02 Number of idle job procs: 2
01/16/26 01:02:02 Event: ULOG_EXECUTE for HTCondor Node create_dir_plankifier-wf_0_local (2.0.0) {01/16/26 01:02:01}
01/16/26 01:02:02 Number of idle job procs: 1
01/16/26 01:02:02 Event: ULOG_EXECUTE for HTCondor Node stage_worker_local_plankifier-wf_0_local (3.0.0) {01/16/26 01:02:01}
01/16/26 01:02:02 Number of idle job procs: 0
01/16/26 01:02:07 Currently monitoring 1 HTCondor log file(s)
01/16/26 01:02:07 Event: ULOG_JOB_TERMINATED for HTCondor Node create_dir_plankifier-wf_0_local (2.0.0) {01/16/26 01:02:04}
01/16/26 01:02:07 Number of idle job procs: 0
01/16/26 01:02:07 Node create_dir_plankifier-wf_0_local job proc (2.0.0) completed successfully.
01/16/26 01:02:07 Node create_dir_plankifier-wf_0_local job(s) have exited the queue
01/16/26 01:02:07 Running POST script of Node create_dir_plankifier-wf_0_local...
01/16/26 01:02:07 Event: ULOG_JOB_TERMINATED for HTCondor Node stage_worker_local_plankifier-wf_0_local (3.0.0) {01/16/26 01:02:05}
01/16/26 01:02:07 Number of idle job procs: 0
01/16/26 01:02:07 Node stage_worker_local_plankifier-wf_0_local job proc (3.0.0) completed successfully.
01/16/26 01:02:07 Node stage_worker_local_plankifier-wf_0_local job(s) have exited the queue
01/16/26 01:02:07 Running POST script of Node stage_worker_local_plankifier-wf_0_local...
01/16/26 01:02:07 DAG status: 0 (DAG_STATUS_OK)
01/16/26 01:02:07 Of 12 nodes total:
01/16/26 01:02:07  Done     Pre   Queued    Post   Ready   Un-Ready   Failed   Futile
01/16/26 01:02:07   ===     ===      ===     ===     ===        ===      ===      ===
01/16/26 01:02:07     0       0        0       2       0         10        0        0
01/16/26 01:02:07 0 job proc(s) currently held
01/16/26 01:02:07 DAGMan Runtime Statistics: [EventCycleTimeAvg=0.013; EventCycleTimeMax=0.016; EventCycleTimeMin=0.009; EventCycleTimeStd=0.005; EventCycleTimeSum=0.025; SleepCycleTimeAvg=5.005; SleepCycleTimeMax=5.005; SleepCycleTimeMin=5.005; SleepCycleTimeStd=0.000; SleepCycleTimeSum=10.010; SubmitCycleTimeAvg=0.005; SubmitCycleTimeMax=0.016; SubmitCycleTimeMin=0.000; SubmitCycleTimeStd=0.009; SubmitCycleTimeSum=0.016; EventCycleTimeCount=2.000; SleepCycleTimeCount=2.000; SubmitCycleTimeCount=3.000; LogProcessCycleTimeAvg=0.004; LogProcessCycleTimeMax=0.007; LogProcessCycleTimeMin=0.000; LogProcessCycleTimeStd=0.005; LogProcessCycleTimeSum=0.008; LogProcessCycleTimeCount=2.000; ]
01/16/26 01:02:07 Initializing user log writer for /home/kiso/kiso-plankifier-experiment/kiso/pegasus/plankifier-wf/run0001/./plankifier-wf-0.dag.nodes.log, (2.0.0)
01/16/26 01:02:07 Initializing user log writer for /home/kiso/kiso-plankifier-experiment/kiso/pegasus/plankifier-wf/run0001/./plankifier-wf-0.dag.nodes.log, (3.0.0)
01/16/26 01:02:12 Currently monitoring 1 HTCondor log file(s)
01/16/26 01:02:12 Event: ULOG_POST_SCRIPT_TERMINATED for HTCondor Node create_dir_plankifier-wf_0_local (2.0.0) {01/16/26 01:02:07}
01/16/26 01:02:12 POST Script of node create_dir_plankifier-wf_0_local completed successfully.
01/16/26 01:02:12 Event: ULOG_POST_SCRIPT_TERMINATED for HTCondor Node stage_worker_local_plankifier-wf_0_local (3.0.0) {01/16/26 01:02:07}
01/16/26 01:02:12 POST Script of node stage_worker_local_plankifier-wf_0_local completed successfully.
01/16/26 01:02:12 DAG status: 0 (DAG_STATUS_OK)
01/16/26 01:02:12 Of 12 nodes total:
01/16/26 01:02:12  Done     Pre   Queued    Post   Ready   Un-Ready   Failed   Futile
01/16/26 01:02:12   ===     ===      ===     ===     ===        ===      ===      ===
01/16/26 01:02:12     2       0        0       0       2          8        0        0
01/16/26 01:02:12 0 job proc(s) currently held
01/16/26 01:02:12 DAGMan Runtime Statistics: [EventCycleTimeAvg=0.011; EventCycleTimeMax=0.016; EventCycleTimeMin=0.007; EventCycleTimeStd=0.005; EventCycleTimeSum=0.033; SleepCycleTimeAvg=5.038; SleepCycleTimeMax=5.105; SleepCycleTimeMin=5.005; SleepCycleTimeStd=0.058; SleepCycleTimeSum=15.115; SubmitCycleTimeAvg=0.004; SubmitCycleTimeMax=0.016; SubmitCycleTimeMin=0.000; SubmitCycleTimeStd=0.008; SubmitCycleTimeSum=0.016; EventCycleTimeCount=3.000; SleepCycleTimeCount=3.000; SubmitCycleTimeCount=4.000; LogProcessCycleTimeAvg=0.003; LogProcessCycleTimeMax=0.007; LogProcessCycleTimeMin=0.000; LogProcessCycleTimeStd=0.004; LogProcessCycleTimeSum=0.008; LogProcessCycleTimeCount=3.000; ]
01/16/26 01:02:17 Submitting HTCondor Node stage_in_local_local_1_0 job(s)...
01/16/26 01:02:17 Submitting node stage_in_local_local_1_0 from file 00/00/stage_in_local_local_1_0.sub using direct job submission
01/16/26 01:02:17 	assigned HTCondor ID (4.0.0)
01/16/26 01:02:17 Submitting HTCondor Node plankifier_ID0000001 job(s)...
01/16/26 01:02:17 Submitting node plankifier_ID0000001 from file 00/00/plankifier_ID0000001.sub using direct job submission
01/16/26 01:02:17 	assigned HTCondor ID (5.0.0)
01/16/26 01:02:17 Just submitted 2 jobs this cycle...
01/16/26 01:02:17 DAG status: 0 (DAG_STATUS_OK)
01/16/26 01:02:17 Of 12 nodes total:
01/16/26 01:02:17  Done     Pre   Queued    Post   Ready   Un-Ready   Failed   Futile
01/16/26 01:02:17   ===     ===      ===     ===     ===        ===      ===      ===
01/16/26 01:02:17     2       0        2       0       0          8        0        0
01/16/26 01:02:17 0 job proc(s) currently held
01/16/26 01:02:17 DAGMan Runtime Statistics: [EventCycleTimeAvg=0.008; EventCycleTimeMax=0.016; EventCycleTimeMin=0.001; EventCycleTimeStd=0.006; EventCycleTimeSum=0.033; SleepCycleTimeAvg=5.030; SleepCycleTimeMax=5.105; SleepCycleTimeMin=5.005; SleepCycleTimeStd=0.050; SleepCycleTimeSum=20.120; SubmitCycleTimeAvg=0.006; SubmitCycleTimeMax=0.016; SubmitCycleTimeMin=0.000; SubmitCycleTimeStd=0.009; SubmitCycleTimeSum=0.032; EventCycleTimeCount=4.000; SleepCycleTimeCount=4.000; SubmitCycleTimeCount=5.000; LogProcessCycleTimeAvg=0.003; LogProcessCycleTimeMax=0.007; LogProcessCycleTimeMin=0.000; LogProcessCycleTimeStd=0.004; LogProcessCycleTimeSum=0.008; LogProcessCycleTimeCount=3.000; ]
01/16/26 01:02:22 Currently monitoring 1 HTCondor log file(s)
01/16/26 01:02:22 Reassigning the id of job stage_in_local_local_1_0 from (4.0.0) to (4.0.0)
01/16/26 01:02:22 Event: ULOG_SUBMIT for HTCondor Node stage_in_local_local_1_0 (4.0.0) {01/16/26 01:02:17}
01/16/26 01:02:22 Number of idle job procs: 1
01/16/26 01:02:22 Reassigning the id of job plankifier_ID0000001 from (5.0.0) to (5.0.0)
01/16/26 01:02:22 Event: ULOG_SUBMIT for HTCondor Node plankifier_ID0000001 (5.0.0) {01/16/26 01:02:17}
01/16/26 01:02:22 Number of idle job procs: 2
01/16/26 01:02:22 Event: ULOG_EXECUTE for HTCondor Node stage_in_local_local_1_0 (4.0.0) {01/16/26 01:02:17}
01/16/26 01:02:22 Number of idle job procs: 1
01/16/26 01:02:22 Event: ULOG_JOB_TERMINATED for HTCondor Node stage_in_local_local_1_0 (4.0.0) {01/16/26 01:02:20}
01/16/26 01:02:22 Number of idle job procs: 1
01/16/26 01:02:22 Node stage_in_local_local_1_0 job proc (4.0.0) completed successfully.
01/16/26 01:02:22 Node stage_in_local_local_1_0 job(s) have exited the queue
01/16/26 01:02:22 Running POST script of Node stage_in_local_local_1_0...
01/16/26 01:02:22 DAG status: 0 (DAG_STATUS_OK)
01/16/26 01:02:22 Of 12 nodes total:
01/16/26 01:02:22  Done     Pre   Queued    Post   Ready   Un-Ready   Failed   Futile
01/16/26 01:02:22   ===     ===      ===     ===     ===        ===      ===      ===
01/16/26 01:02:22     2       0        1       1       0          8        0        0
01/16/26 01:02:22 0 job proc(s) currently held
01/16/26 01:02:22 DAGMan Runtime Statistics: [EventCycleTimeAvg=0.010; EventCycleTimeMax=0.017; EventCycleTimeMin=0.001; EventCycleTimeStd=0.007; EventCycleTimeSum=0.050; SleepCycleTimeAvg=5.025; SleepCycleTimeMax=5.105; SleepCycleTimeMin=5.005; SleepCycleTimeStd=0.045; SleepCycleTimeSum=25.126; SubmitCycleTimeAvg=0.005; SubmitCycleTimeMax=0.016; SubmitCycleTimeMin=0.000; SubmitCycleTimeStd=0.008; SubmitCycleTimeSum=0.032; EventCycleTimeCount=5.000; SleepCycleTimeCount=5.000; SubmitCycleTimeCount=6.000; LogProcessCycleTimeAvg=0.003; LogProcessCycleTimeMax=0.007; LogProcessCycleTimeMin=0.000; LogProcessCycleTimeStd=0.003; LogProcessCycleTimeSum=0.012; LogProcessCycleTimeCount=4.000; ]
01/16/26 01:02:22 Initializing user log writer for /home/kiso/kiso-plankifier-experiment/kiso/pegasus/plankifier-wf/run0001/./plankifier-wf-0.dag.nodes.log, (4.0.0)
01/16/26 01:02:27 Currently monitoring 1 HTCondor log file(s)
01/16/26 01:02:27 Event: ULOG_POST_SCRIPT_TERMINATED for HTCondor Node stage_in_local_local_1_0 (4.0.0) {01/16/26 01:02:22}
01/16/26 01:02:27 POST Script of node stage_in_local_local_1_0 completed successfully.
01/16/26 01:02:27 DAG status: 0 (DAG_STATUS_OK)
01/16/26 01:02:27 Of 12 nodes total:
01/16/26 01:02:27  Done     Pre   Queued    Post   Ready   Un-Ready   Failed   Futile
01/16/26 01:02:27   ===     ===      ===     ===     ===        ===      ===      ===
01/16/26 01:02:27     3       0        1       0       0          8        0        0
01/16/26 01:02:27 0 job proc(s) currently held
01/16/26 01:02:27 DAGMan Runtime Statistics: [EventCycleTimeAvg=0.009; EventCycleTimeMax=0.017; EventCycleTimeMin=0.001; EventCycleTimeStd=0.006; EventCycleTimeSum=0.054; SleepCycleTimeAvg=5.038; SleepCycleTimeMax=5.105; SleepCycleTimeMin=5.005; SleepCycleTimeStd=0.051; SleepCycleTimeSum=30.230; SubmitCycleTimeAvg=0.005; SubmitCycleTimeMax=0.016; SubmitCycleTimeMin=0.000; SubmitCycleTimeStd=0.008; SubmitCycleTimeSum=0.032; EventCycleTimeCount=6.000; SleepCycleTimeCount=6.000; SubmitCycleTimeCount=7.000; LogProcessCycleTimeAvg=0.002; LogProcessCycleTimeMax=0.007; LogProcessCycleTimeMin=0.000; LogProcessCycleTimeStd=0.003; LogProcessCycleTimeSum=0.012; LogProcessCycleTimeCount=5.000; ]
01/16/26 01:02:37 Currently monitoring 1 HTCondor log file(s)
01/16/26 01:02:37 Event: ULOG_EXECUTE for HTCondor Node plankifier_ID0000001 (5.0.0) {01/16/26 01:02:34}
01/16/26 01:02:37 Number of idle job procs: 0
01/16/26 01:03:42 Currently monitoring 1 HTCondor log file(s)
01/16/26 01:03:42 Event: ULOG_JOB_TERMINATED for HTCondor Node plankifier_ID0000001 (5.0.0) {01/16/26 01:03:40}
01/16/26 01:03:42 Number of idle job procs: 0
01/16/26 01:03:42 Node plankifier_ID0000001 job proc (5.0.0) completed successfully.
01/16/26 01:03:42 Node plankifier_ID0000001 job(s) have exited the queue
01/16/26 01:03:42 Running POST script of Node plankifier_ID0000001...
01/16/26 01:03:42 DAG status: 0 (DAG_STATUS_OK)
01/16/26 01:03:42 Of 12 nodes total:
01/16/26 01:03:42  Done     Pre   Queued    Post   Ready   Un-Ready   Failed   Futile
01/16/26 01:03:42   ===     ===      ===     ===     ===        ===      ===      ===
01/16/26 01:03:42     3       0        0       1       0          8        0        0
01/16/26 01:03:42 0 job proc(s) currently held
01/16/26 01:03:42 DAGMan Runtime Statistics: [EventCycleTimeAvg=0.003; EventCycleTimeMax=0.017; EventCycleTimeMin=0.000; EventCycleTimeStd=0.005; EventCycleTimeSum=0.055; SleepCycleTimeAvg=5.015; SleepCycleTimeMax=5.105; SleepCycleTimeMin=5.005; SleepCycleTimeStd=0.030; SleepCycleTimeSum=105.309; SubmitCycleTimeAvg=0.001; SubmitCycleTimeMax=0.016; SubmitCycleTimeMin=0.000; SubmitCycleTimeStd=0.005; SubmitCycleTimeSum=0.032; EventCycleTimeCount=21.000; SleepCycleTimeCount=21.000; SubmitCycleTimeCount=22.000; LogProcessCycleTimeAvg=0.002; LogProcessCycleTimeMax=0.007; LogProcessCycleTimeMin=0.000; LogProcessCycleTimeStd=0.003; LogProcessCycleTimeSum=0.016; LogProcessCycleTimeCount=7.000; ]
01/16/26 01:03:43 Initializing user log writer for /home/kiso/kiso-plankifier-experiment/kiso/pegasus/plankifier-wf/run0001/./plankifier-wf-0.dag.nodes.log, (5.0.0)
01/16/26 01:03:47 Currently monitoring 1 HTCondor log file(s)
01/16/26 01:03:47 Event: ULOG_POST_SCRIPT_TERMINATED for HTCondor Node plankifier_ID0000001 (5.0.0) {01/16/26 01:03:43}
01/16/26 01:03:47 POST Script of node plankifier_ID0000001 completed successfully.
01/16/26 01:03:47 DAG status: 0 (DAG_STATUS_OK)
01/16/26 01:03:47 Of 12 nodes total:
01/16/26 01:03:47  Done     Pre   Queued    Post   Ready   Un-Ready   Failed   Futile
01/16/26 01:03:47   ===     ===      ===     ===     ===        ===      ===      ===
01/16/26 01:03:47     4       0        0       0       2          6        0        0
01/16/26 01:03:47 0 job proc(s) currently held
01/16/26 01:03:47 DAGMan Runtime Statistics: [EventCycleTimeAvg=0.003; EventCycleTimeMax=0.017; EventCycleTimeMin=0.000; EventCycleTimeStd=0.005; EventCycleTimeSum=0.060; SleepCycleTimeAvg=4.974; SleepCycleTimeMax=5.105; SleepCycleTimeMin=4.109; SleepCycleTimeStd=0.195; SleepCycleTimeSum=109.418; SubmitCycleTimeAvg=0.001; SubmitCycleTimeMax=0.016; SubmitCycleTimeMin=0.000; SubmitCycleTimeStd=0.005; SubmitCycleTimeSum=0.032; EventCycleTimeCount=22.000; SleepCycleTimeCount=22.000; SubmitCycleTimeCount=23.000; LogProcessCycleTimeAvg=0.002; LogProcessCycleTimeMax=0.007; LogProcessCycleTimeMin=0.000; LogProcessCycleTimeStd=0.003; LogProcessCycleTimeSum=0.016; LogProcessCycleTimeCount=8.000; ]
01/16/26 01:03:52 Submitting HTCondor Node stage_out_local_local_0_0 job(s)...
01/16/26 01:03:52 Submitting node stage_out_local_local_0_0 from file 00/00/stage_out_local_local_0_0.sub using direct job submission
01/16/26 01:03:52 	assigned HTCondor ID (6.0.0)
01/16/26 01:03:52 Submitting HTCondor Node count_ID0000002 job(s)...
01/16/26 01:03:52 Submitting node count_ID0000002 from file 00/00/count_ID0000002.sub using direct job submission
01/16/26 01:03:52 	assigned HTCondor ID (7.0.0)
01/16/26 01:03:52 Just submitted 2 jobs this cycle...
01/16/26 01:03:52 DAG status: 0 (DAG_STATUS_OK)
01/16/26 01:03:52 Of 12 nodes total:
01/16/26 01:03:52  Done     Pre   Queued    Post   Ready   Un-Ready   Failed   Futile
01/16/26 01:03:52   ===     ===      ===     ===     ===        ===      ===      ===
01/16/26 01:03:52     4       0        2       0       0          6        0        0
01/16/26 01:03:52 0 job proc(s) currently held
01/16/26 01:03:52 DAGMan Runtime Statistics: [EventCycleTimeAvg=0.003; EventCycleTimeMax=0.017; EventCycleTimeMin=0.000; EventCycleTimeStd=0.005; EventCycleTimeSum=0.061; SleepCycleTimeAvg=4.975; SleepCycleTimeMax=5.105; SleepCycleTimeMin=4.109; SleepCycleTimeStd=0.191; SleepCycleTimeSum=114.423; SubmitCycleTimeAvg=0.002; SubmitCycleTimeMax=0.016; SubmitCycleTimeMin=0.000; SubmitCycleTimeStd=0.005; SubmitCycleTimeSum=0.047; EventCycleTimeCount=23.000; SleepCycleTimeCount=23.000; SubmitCycleTimeCount=24.000; LogProcessCycleTimeAvg=0.002; LogProcessCycleTimeMax=0.007; LogProcessCycleTimeMin=0.000; LogProcessCycleTimeStd=0.003; LogProcessCycleTimeSum=0.016; LogProcessCycleTimeCount=8.000; ]
01/16/26 01:03:57 Currently monitoring 1 HTCondor log file(s)
01/16/26 01:03:57 Reassigning the id of job stage_out_local_local_0_0 from (6.0.0) to (6.0.0)
01/16/26 01:03:57 Event: ULOG_SUBMIT for HTCondor Node stage_out_local_local_0_0 (6.0.0) {01/16/26 01:03:52}
01/16/26 01:03:57 Number of idle job procs: 1
01/16/26 01:03:57 Reassigning the id of job count_ID0000002 from (7.0.0) to (7.0.0)
01/16/26 01:03:57 Event: ULOG_SUBMIT for HTCondor Node count_ID0000002 (7.0.0) {01/16/26 01:03:52}
01/16/26 01:03:57 Number of idle job procs: 2
01/16/26 01:03:57 Event: ULOG_EXECUTE for HTCondor Node stage_out_local_local_0_0 (6.0.0) {01/16/26 01:03:52}
01/16/26 01:03:57 Number of idle job procs: 1
01/16/26 01:03:57 Event: ULOG_EXECUTE for HTCondor Node count_ID0000002 (7.0.0) {01/16/26 01:03:52}
01/16/26 01:03:57 Number of idle job procs: 0
01/16/26 01:03:57 Event: ULOG_JOB_TERMINATED for HTCondor Node stage_out_local_local_0_0 (6.0.0) {01/16/26 01:03:54}
01/16/26 01:03:57 Number of idle job procs: 0
01/16/26 01:03:57 Node stage_out_local_local_0_0 job proc (6.0.0) completed successfully.
01/16/26 01:03:57 Node stage_out_local_local_0_0 job(s) have exited the queue
01/16/26 01:03:57 Running POST script of Node stage_out_local_local_0_0...
01/16/26 01:03:57 Event: ULOG_JOB_TERMINATED for HTCondor Node count_ID0000002 (7.0.0) {01/16/26 01:03:54}
01/16/26 01:03:57 Number of idle job procs: 0
01/16/26 01:03:57 Node count_ID0000002 job proc (7.0.0) completed successfully.
01/16/26 01:03:57 Node count_ID0000002 job(s) have exited the queue
01/16/26 01:03:57 Running POST script of Node count_ID0000002...
01/16/26 01:03:57 DAG status: 0 (DAG_STATUS_OK)
01/16/26 01:03:57 Of 12 nodes total:
01/16/26 01:03:57  Done     Pre   Queued    Post   Ready   Un-Ready   Failed   Futile
01/16/26 01:03:57   ===     ===      ===     ===     ===        ===      ===      ===
01/16/26 01:03:57     4       0        0       2       0          6        0        0
01/16/26 01:03:57 0 job proc(s) currently held
01/16/26 01:03:57 DAGMan Runtime Statistics: [EventCycleTimeAvg=0.003; EventCycleTimeMax=0.017; EventCycleTimeMin=0.000; EventCycleTimeStd=0.006; EventCycleTimeSum=0.075; SleepCycleTimeAvg=4.976; SleepCycleTimeMax=5.105; SleepCycleTimeMin=4.109; SleepCycleTimeStd=0.187; SleepCycleTimeSum=119.429; SubmitCycleTimeAvg=0.002; SubmitCycleTimeMax=0.016; SubmitCycleTimeMin=0.000; SubmitCycleTimeStd=0.005; SubmitCycleTimeSum=0.047; EventCycleTimeCount=24.000; SleepCycleTimeCount=24.000; SubmitCycleTimeCount=25.000; LogProcessCycleTimeAvg=0.003; LogProcessCycleTimeMax=0.007; LogProcessCycleTimeMin=0.000; LogProcessCycleTimeStd=0.003; LogProcessCycleTimeSum=0.024; LogProcessCycleTimeCount=9.000; ]
01/16/26 01:03:57 Initializing user log writer for /home/kiso/kiso-plankifier-experiment/kiso/pegasus/plankifier-wf/run0001/./plankifier-wf-0.dag.nodes.log, (6.0.0)
01/16/26 01:03:57 Initializing user log writer for /home/kiso/kiso-plankifier-experiment/kiso/pegasus/plankifier-wf/run0001/./plankifier-wf-0.dag.nodes.log, (7.0.0)
01/16/26 01:04:02 Currently monitoring 1 HTCondor log file(s)
01/16/26 01:04:02 Event: ULOG_POST_SCRIPT_TERMINATED for HTCondor Node stage_out_local_local_0_0 (6.0.0) {01/16/26 01:03:57}
01/16/26 01:04:02 POST Script of node stage_out_local_local_0_0 completed successfully.
01/16/26 01:04:02 Event: ULOG_POST_SCRIPT_TERMINATED for HTCondor Node count_ID0000002 (7.0.0) {01/16/26 01:03:57}
01/16/26 01:04:02 POST Script of node count_ID0000002 completed successfully.
01/16/26 01:04:02 DAG status: 0 (DAG_STATUS_OK)
01/16/26 01:04:02 Of 12 nodes total:
01/16/26 01:04:02  Done     Pre   Queued    Post   Ready   Un-Ready   Failed   Futile
01/16/26 01:04:02   ===     ===      ===     ===     ===        ===      ===      ===
01/16/26 01:04:02     6       0        0       0       3          3        0        0
01/16/26 01:04:02 0 job proc(s) currently held
01/16/26 01:04:02 DAGMan Runtime Statistics: [EventCycleTimeAvg=0.003; EventCycleTimeMax=0.017; EventCycleTimeMin=0.000; EventCycleTimeStd=0.005; EventCycleTimeSum=0.082; SleepCycleTimeAvg=4.981; SleepCycleTimeMax=5.105; SleepCycleTimeMin=4.109; SleepCycleTimeStd=0.185; SleepCycleTimeSum=124.534; SubmitCycleTimeAvg=0.002; SubmitCycleTimeMax=0.016; SubmitCycleTimeMin=0.000; SubmitCycleTimeStd=0.005; SubmitCycleTimeSum=0.047; EventCycleTimeCount=25.000; SleepCycleTimeCount=25.000; SubmitCycleTimeCount=26.000; LogProcessCycleTimeAvg=0.002; LogProcessCycleTimeMax=0.007; LogProcessCycleTimeMin=0.000; LogProcessCycleTimeStd=0.003; LogProcessCycleTimeSum=0.024; LogProcessCycleTimeCount=10.000; ]
01/16/26 01:04:07 Submitting HTCondor Node clean_up_local_level_3_0 job(s)...
01/16/26 01:04:07 Submitting node clean_up_local_level_3_0 from file 00/00/clean_up_local_level_3_0.sub using direct job submission
01/16/26 01:04:07 	assigned HTCondor ID (8.0.0)
01/16/26 01:04:07 Submitting HTCondor Node stage_out_local_local_1_0 job(s)...
01/16/26 01:04:07 Submitting node stage_out_local_local_1_0 from file 00/00/stage_out_local_local_1_0.sub using direct job submission
01/16/26 01:04:07 	assigned HTCondor ID (9.0.0)
01/16/26 01:04:07 Submitting HTCondor Node register_local_0_0 job(s)...
01/16/26 01:04:07 Submitting node register_local_0_0 from file 00/00/register_local_0_0.sub using direct job submission
01/16/26 01:04:07 	assigned HTCondor ID (10.0.0)
01/16/26 01:04:07 Just submitted 3 jobs this cycle...
01/16/26 01:04:07 DAG status: 0 (DAG_STATUS_OK)
01/16/26 01:04:07 Of 12 nodes total:
01/16/26 01:04:07  Done     Pre   Queued    Post   Ready   Un-Ready   Failed   Futile
01/16/26 01:04:07   ===     ===      ===     ===     ===        ===      ===      ===
01/16/26 01:04:07     6       0        3       0       0          3        0        0
01/16/26 01:04:07 0 job proc(s) currently held
01/16/26 01:04:07 DAGMan Runtime Statistics: [EventCycleTimeAvg=0.003; EventCycleTimeMax=0.017; EventCycleTimeMin=0.000; EventCycleTimeStd=0.005; EventCycleTimeSum=0.083; SleepCycleTimeAvg=4.982; SleepCycleTimeMax=5.105; SleepCycleTimeMin=4.109; SleepCycleTimeStd=0.181; SleepCycleTimeSum=129.539; SubmitCycleTimeAvg=0.003; SubmitCycleTimeMax=0.021; SubmitCycleTimeMin=0.000; SubmitCycleTimeStd=0.006; SubmitCycleTimeSum=0.068; EventCycleTimeCount=26.000; SleepCycleTimeCount=26.000; SubmitCycleTimeCount=27.000; LogProcessCycleTimeAvg=0.002; LogProcessCycleTimeMax=0.007; LogProcessCycleTimeMin=0.000; LogProcessCycleTimeStd=0.003; LogProcessCycleTimeSum=0.024; LogProcessCycleTimeCount=10.000; ]
01/16/26 01:04:12 Currently monitoring 1 HTCondor log file(s)
01/16/26 01:04:12 Reassigning the id of job clean_up_local_level_3_0 from (8.0.0) to (8.0.0)
01/16/26 01:04:12 Event: ULOG_SUBMIT for HTCondor Node clean_up_local_level_3_0 (8.0.0) {01/16/26 01:04:07}
01/16/26 01:04:12 Number of idle job procs: 1
01/16/26 01:04:12 Reassigning the id of job stage_out_local_local_1_0 from (9.0.0) to (9.0.0)
01/16/26 01:04:12 Event: ULOG_SUBMIT for HTCondor Node stage_out_local_local_1_0 (9.0.0) {01/16/26 01:04:07}
01/16/26 01:04:12 Number of idle job procs: 2
01/16/26 01:04:12 Reassigning the id of job register_local_0_0 from (10.0.0) to (10.0.0)
01/16/26 01:04:12 Event: ULOG_SUBMIT for HTCondor Node register_local_0_0 (10.0.0) {01/16/26 01:04:07}
01/16/26 01:04:12 Number of idle job procs: 3
01/16/26 01:04:12 Event: ULOG_EXECUTE for HTCondor Node clean_up_local_level_3_0 (8.0.0) {01/16/26 01:04:07}
01/16/26 01:04:12 Number of idle job procs: 2
01/16/26 01:04:12 Event: ULOG_EXECUTE for HTCondor Node stage_out_local_local_1_0 (9.0.0) {01/16/26 01:04:07}
01/16/26 01:04:12 Number of idle job procs: 1
01/16/26 01:04:12 Event: ULOG_EXECUTE for HTCondor Node register_local_0_0 (10.0.0) {01/16/26 01:04:07}
01/16/26 01:04:12 Number of idle job procs: 0
01/16/26 01:04:12 Event: ULOG_JOB_TERMINATED for HTCondor Node register_local_0_0 (10.0.0) {01/16/26 01:04:09}
01/16/26 01:04:12 Number of idle job procs: 0
01/16/26 01:04:12 Node register_local_0_0 job proc (10.0.0) completed successfully.
01/16/26 01:04:12 Node register_local_0_0 job(s) have exited the queue
01/16/26 01:04:12 Running POST script of Node register_local_0_0...
01/16/26 01:04:12 Event: ULOG_JOB_TERMINATED for HTCondor Node stage_out_local_local_1_0 (9.0.0) {01/16/26 01:04:09}
01/16/26 01:04:12 Number of idle job procs: 0
01/16/26 01:04:12 Node stage_out_local_local_1_0 job proc (9.0.0) completed successfully.
01/16/26 01:04:12 Node stage_out_local_local_1_0 job(s) have exited the queue
01/16/26 01:04:12 Running POST script of Node stage_out_local_local_1_0...
01/16/26 01:04:12 Event: ULOG_JOB_TERMINATED for HTCondor Node clean_up_local_level_3_0 (8.0.0) {01/16/26 01:04:11}
01/16/26 01:04:12 Number of idle job procs: 0
01/16/26 01:04:12 Node clean_up_local_level_3_0 job proc (8.0.0) completed successfully.
01/16/26 01:04:12 Node clean_up_local_level_3_0 job(s) have exited the queue
01/16/26 01:04:12 Running POST script of Node clean_up_local_level_3_0...
01/16/26 01:04:12 DAG status: 0 (DAG_STATUS_OK)
01/16/26 01:04:12 Of 12 nodes total:
01/16/26 01:04:12  Done     Pre   Queued    Post   Ready   Un-Ready   Failed   Futile
01/16/26 01:04:12   ===     ===      ===     ===     ===        ===      ===      ===
01/16/26 01:04:12     6       0        0       3       0          3        0        0
01/16/26 01:04:12 0 job proc(s) currently held
01/16/26 01:04:12 DAGMan Runtime Statistics: [EventCycleTimeAvg=0.004; EventCycleTimeMax=0.021; EventCycleTimeMin=0.000; EventCycleTimeStd=0.006; EventCycleTimeSum=0.104; SleepCycleTimeAvg=4.983; SleepCycleTimeMax=5.105; SleepCycleTimeMin=4.109; SleepCycleTimeStd=0.178; SleepCycleTimeSum=134.545; SubmitCycleTimeAvg=0.002; SubmitCycleTimeMax=0.021; SubmitCycleTimeMin=0.000; SubmitCycleTimeStd=0.006; SubmitCycleTimeSum=0.068; EventCycleTimeCount=27.000; SleepCycleTimeCount=27.000; SubmitCycleTimeCount=28.000; LogProcessCycleTimeAvg=0.003; LogProcessCycleTimeMax=0.010; LogProcessCycleTimeMin=0.000; LogProcessCycleTimeStd=0.004; LogProcessCycleTimeSum=0.034; LogProcessCycleTimeCount=11.000; ]
01/16/26 01:04:12 Initializing user log writer for /home/kiso/kiso-plankifier-experiment/kiso/pegasus/plankifier-wf/run0001/./plankifier-wf-0.dag.nodes.log, (10.0.0)
01/16/26 01:04:12 Initializing user log writer for /home/kiso/kiso-plankifier-experiment/kiso/pegasus/plankifier-wf/run0001/./plankifier-wf-0.dag.nodes.log, (9.0.0)
01/16/26 01:04:12 Initializing user log writer for /home/kiso/kiso-plankifier-experiment/kiso/pegasus/plankifier-wf/run0001/./plankifier-wf-0.dag.nodes.log, (8.0.0)
01/16/26 01:04:17 Currently monitoring 1 HTCondor log file(s)
01/16/26 01:04:17 Event: ULOG_POST_SCRIPT_TERMINATED for HTCondor Node register_local_0_0 (10.0.0) {01/16/26 01:04:12}
01/16/26 01:04:17 POST Script of node register_local_0_0 completed successfully.
01/16/26 01:04:17 Event: ULOG_POST_SCRIPT_TERMINATED for HTCondor Node stage_out_local_local_1_0 (9.0.0) {01/16/26 01:04:12}
01/16/26 01:04:17 POST Script of node stage_out_local_local_1_0 completed successfully.
01/16/26 01:04:17 Event: ULOG_POST_SCRIPT_TERMINATED for HTCondor Node clean_up_local_level_3_0 (8.0.0) {01/16/26 01:04:12}
01/16/26 01:04:17 POST Script of node clean_up_local_level_3_0 completed successfully.
01/16/26 01:04:17 DAG status: 0 (DAG_STATUS_OK)
01/16/26 01:04:17 Of 12 nodes total:
01/16/26 01:04:17  Done     Pre   Queued    Post   Ready   Un-Ready   Failed   Futile
01/16/26 01:04:17   ===     ===      ===     ===     ===        ===      ===      ===
01/16/26 01:04:17     9       0        0       0       2          1        0        0
01/16/26 01:04:17 0 job proc(s) currently held
01/16/26 01:04:17 DAGMan Runtime Statistics: [EventCycleTimeAvg=0.004; EventCycleTimeMax=0.021; EventCycleTimeMin=0.000; EventCycleTimeStd=0.006; EventCycleTimeSum=0.114; SleepCycleTimeAvg=4.988; SleepCycleTimeMax=5.106; SleepCycleTimeMin=4.109; SleepCycleTimeStd=0.176; SleepCycleTimeSum=139.650; SubmitCycleTimeAvg=0.002; SubmitCycleTimeMax=0.021; SubmitCycleTimeMin=0.000; SubmitCycleTimeStd=0.006; SubmitCycleTimeSum=0.068; EventCycleTimeCount=28.000; SleepCycleTimeCount=28.000; SubmitCycleTimeCount=29.000; LogProcessCycleTimeAvg=0.003; LogProcessCycleTimeMax=0.010; LogProcessCycleTimeMin=0.000; LogProcessCycleTimeStd=0.003; LogProcessCycleTimeSum=0.034; LogProcessCycleTimeCount=12.000; ]
01/16/26 01:04:22 Submitting HTCondor Node clean_up_local_level_4_0 job(s)...
01/16/26 01:04:22 Submitting node clean_up_local_level_4_0 from file 00/00/clean_up_local_level_4_0.sub using direct job submission
01/16/26 01:04:22 	assigned HTCondor ID (11.0.0)
01/16/26 01:04:22 Submitting HTCondor Node register_local_1_0 job(s)...
01/16/26 01:04:22 Submitting node register_local_1_0 from file 00/00/register_local_1_0.sub using direct job submission
01/16/26 01:04:22 	assigned HTCondor ID (12.0.0)
01/16/26 01:04:22 Just submitted 2 jobs this cycle...
01/16/26 01:04:22 DAG status: 0 (DAG_STATUS_OK)
01/16/26 01:04:22 Of 12 nodes total:
01/16/26 01:04:22  Done     Pre   Queued    Post   Ready   Un-Ready   Failed   Futile
01/16/26 01:04:22   ===     ===      ===     ===     ===        ===      ===      ===
01/16/26 01:04:22     9       0        2       0       0          1        0        0
01/16/26 01:04:22 0 job proc(s) currently held
01/16/26 01:04:22 DAGMan Runtime Statistics: [EventCycleTimeAvg=0.004; EventCycleTimeMax=0.021; EventCycleTimeMin=0.000; EventCycleTimeStd=0.006; EventCycleTimeSum=0.115; SleepCycleTimeAvg=4.988; SleepCycleTimeMax=5.106; SleepCycleTimeMin=4.109; SleepCycleTimeStd=0.173; SleepCycleTimeSum=144.655; SubmitCycleTimeAvg=0.003; SubmitCycleTimeMax=0.021; SubmitCycleTimeMin=0.000; SubmitCycleTimeStd=0.006; SubmitCycleTimeSum=0.083; EventCycleTimeCount=29.000; SleepCycleTimeCount=29.000; SubmitCycleTimeCount=30.000; LogProcessCycleTimeAvg=0.003; LogProcessCycleTimeMax=0.010; LogProcessCycleTimeMin=0.000; LogProcessCycleTimeStd=0.003; LogProcessCycleTimeSum=0.034; LogProcessCycleTimeCount=12.000; ]
01/16/26 01:04:27 Currently monitoring 1 HTCondor log file(s)
01/16/26 01:04:27 Reassigning the id of job clean_up_local_level_4_0 from (11.0.0) to (11.0.0)
01/16/26 01:04:27 Event: ULOG_SUBMIT for HTCondor Node clean_up_local_level_4_0 (11.0.0) {01/16/26 01:04:22}
01/16/26 01:04:27 Number of idle job procs: 1
01/16/26 01:04:27 Reassigning the id of job register_local_1_0 from (12.0.0) to (12.0.0)
01/16/26 01:04:27 Event: ULOG_SUBMIT for HTCondor Node register_local_1_0 (12.0.0) {01/16/26 01:04:22}
01/16/26 01:04:27 Number of idle job procs: 2
01/16/26 01:04:27 Event: ULOG_EXECUTE for HTCondor Node clean_up_local_level_4_0 (11.0.0) {01/16/26 01:04:22}
01/16/26 01:04:27 Number of idle job procs: 1
01/16/26 01:04:27 Event: ULOG_EXECUTE for HTCondor Node register_local_1_0 (12.0.0) {01/16/26 01:04:22}
01/16/26 01:04:27 Number of idle job procs: 0
01/16/26 01:04:27 Event: ULOG_JOB_TERMINATED for HTCondor Node register_local_1_0 (12.0.0) {01/16/26 01:04:24}
01/16/26 01:04:27 Number of idle job procs: 0
01/16/26 01:04:27 Node register_local_1_0 job proc (12.0.0) completed successfully.
01/16/26 01:04:27 Node register_local_1_0 job(s) have exited the queue
01/16/26 01:04:27 Running POST script of Node register_local_1_0...
01/16/26 01:04:27 Event: ULOG_JOB_TERMINATED for HTCondor Node clean_up_local_level_4_0 (11.0.0) {01/16/26 01:04:24}
01/16/26 01:04:27 Number of idle job procs: 0
01/16/26 01:04:27 Node clean_up_local_level_4_0 job proc (11.0.0) completed successfully.
01/16/26 01:04:27 Node clean_up_local_level_4_0 job(s) have exited the queue
01/16/26 01:04:27 Running POST script of Node clean_up_local_level_4_0...
01/16/26 01:04:27 DAG status: 0 (DAG_STATUS_OK)
01/16/26 01:04:27 Of 12 nodes total:
01/16/26 01:04:27  Done     Pre   Queued    Post   Ready   Un-Ready   Failed   Futile
01/16/26 01:04:27   ===     ===      ===     ===     ===        ===      ===      ===
01/16/26 01:04:27     9       0        0       2       0          1        0        0
01/16/26 01:04:27 0 job proc(s) currently held
01/16/26 01:04:27 DAGMan Runtime Statistics: [EventCycleTimeAvg=0.004; EventCycleTimeMax=0.021; EventCycleTimeMin=0.000; EventCycleTimeStd=0.006; EventCycleTimeSum=0.130; SleepCycleTimeAvg=4.989; SleepCycleTimeMax=5.106; SleepCycleTimeMin=4.109; SleepCycleTimeStd=0.170; SleepCycleTimeSum=149.660; SubmitCycleTimeAvg=0.003; SubmitCycleTimeMax=0.021; SubmitCycleTimeMin=0.000; SubmitCycleTimeStd=0.006; SubmitCycleTimeSum=0.083; EventCycleTimeCount=30.000; SleepCycleTimeCount=30.000; SubmitCycleTimeCount=31.000; LogProcessCycleTimeAvg=0.003; LogProcessCycleTimeMax=0.010; LogProcessCycleTimeMin=0.000; LogProcessCycleTimeStd=0.004; LogProcessCycleTimeSum=0.042; LogProcessCycleTimeCount=13.000; ]
01/16/26 01:04:27 Initializing user log writer for /home/kiso/kiso-plankifier-experiment/kiso/pegasus/plankifier-wf/run0001/./plankifier-wf-0.dag.nodes.log, (11.0.0)
01/16/26 01:04:27 Initializing user log writer for /home/kiso/kiso-plankifier-experiment/kiso/pegasus/plankifier-wf/run0001/./plankifier-wf-0.dag.nodes.log, (12.0.0)
01/16/26 01:04:32 Currently monitoring 1 HTCondor log file(s)
01/16/26 01:04:32 Event: ULOG_POST_SCRIPT_TERMINATED for HTCondor Node clean_up_local_level_4_0 (11.0.0) {01/16/26 01:04:27}
01/16/26 01:04:32 POST Script of node clean_up_local_level_4_0 completed successfully.
01/16/26 01:04:32 Event: ULOG_POST_SCRIPT_TERMINATED for HTCondor Node register_local_1_0 (12.0.0) {01/16/26 01:04:27}
01/16/26 01:04:32 POST Script of node register_local_1_0 completed successfully.
01/16/26 01:04:32 DAG status: 0 (DAG_STATUS_OK)
01/16/26 01:04:32 Of 12 nodes total:
01/16/26 01:04:32  Done     Pre   Queued    Post   Ready   Un-Ready   Failed   Futile
01/16/26 01:04:32   ===     ===      ===     ===     ===        ===      ===      ===
01/16/26 01:04:32    11       0        0       0       1          0        0        0
01/16/26 01:04:32 0 job proc(s) currently held
01/16/26 01:04:32 DAGMan Runtime Statistics: [EventCycleTimeAvg=0.004; EventCycleTimeMax=0.021; EventCycleTimeMin=0.000; EventCycleTimeStd=0.006; EventCycleTimeSum=0.138; SleepCycleTimeAvg=4.992; SleepCycleTimeMax=5.106; SleepCycleTimeMin=4.109; SleepCycleTimeStd=0.168; SleepCycleTimeSum=154.763; SubmitCycleTimeAvg=0.003; SubmitCycleTimeMax=0.021; SubmitCycleTimeMin=0.000; SubmitCycleTimeStd=0.006; SubmitCycleTimeSum=0.083; EventCycleTimeCount=31.000; SleepCycleTimeCount=31.000; SubmitCycleTimeCount=32.000; LogProcessCycleTimeAvg=0.003; LogProcessCycleTimeMax=0.010; LogProcessCycleTimeMin=0.000; LogProcessCycleTimeStd=0.004; LogProcessCycleTimeSum=0.042; LogProcessCycleTimeCount=14.000; ]
01/16/26 01:04:37 Submitting HTCondor Node cleanup_plankifier-wf_0_local job(s)...
01/16/26 01:04:37 Submitting node cleanup_plankifier-wf_0_local from file 00/00/cleanup_plankifier-wf_0_local.sub using direct job submission
01/16/26 01:04:37 	assigned HTCondor ID (13.0.0)
01/16/26 01:04:37 Just submitted 1 job this cycle...
01/16/26 01:04:37 DAG status: 0 (DAG_STATUS_OK)
01/16/26 01:04:37 Of 12 nodes total:
01/16/26 01:04:37  Done     Pre   Queued    Post   Ready   Un-Ready   Failed   Futile
01/16/26 01:04:37   ===     ===      ===     ===     ===        ===      ===      ===
01/16/26 01:04:37    11       0        1       0       0          0        0        0
01/16/26 01:04:37 0 job proc(s) currently held
01/16/26 01:04:37 DAGMan Runtime Statistics: [EventCycleTimeAvg=0.004; EventCycleTimeMax=0.021; EventCycleTimeMin=0.000; EventCycleTimeStd=0.006; EventCycleTimeSum=0.139; SleepCycleTimeAvg=4.993; SleepCycleTimeMax=5.106; SleepCycleTimeMin=4.109; SleepCycleTimeStd=0.165; SleepCycleTimeSum=159.768; SubmitCycleTimeAvg=0.003; SubmitCycleTimeMax=0.021; SubmitCycleTimeMin=0.000; SubmitCycleTimeStd=0.006; SubmitCycleTimeSum=0.091; EventCycleTimeCount=32.000; SleepCycleTimeCount=32.000; SubmitCycleTimeCount=33.000; LogProcessCycleTimeAvg=0.003; LogProcessCycleTimeMax=0.010; LogProcessCycleTimeMin=0.000; LogProcessCycleTimeStd=0.004; LogProcessCycleTimeSum=0.042; LogProcessCycleTimeCount=14.000; ]
01/16/26 01:04:42 Currently monitoring 1 HTCondor log file(s)
01/16/26 01:04:42 Reassigning the id of job cleanup_plankifier-wf_0_local from (13.0.0) to (13.0.0)
01/16/26 01:04:42 Event: ULOG_SUBMIT for HTCondor Node cleanup_plankifier-wf_0_local (13.0.0) {01/16/26 01:04:37}
01/16/26 01:04:42 Number of idle job procs: 1
01/16/26 01:04:42 Event: ULOG_EXECUTE for HTCondor Node cleanup_plankifier-wf_0_local (13.0.0) {01/16/26 01:04:37}
01/16/26 01:04:42 Number of idle job procs: 0
01/16/26 01:04:42 Event: ULOG_JOB_TERMINATED for HTCondor Node cleanup_plankifier-wf_0_local (13.0.0) {01/16/26 01:04:39}
01/16/26 01:04:42 Number of idle job procs: 0
01/16/26 01:04:42 Node cleanup_plankifier-wf_0_local job proc (13.0.0) completed successfully.
01/16/26 01:04:42 Node cleanup_plankifier-wf_0_local job(s) have exited the queue
01/16/26 01:04:42 Running POST script of Node cleanup_plankifier-wf_0_local...
01/16/26 01:04:42 DAG status: 0 (DAG_STATUS_OK)
01/16/26 01:04:42 Of 12 nodes total:
01/16/26 01:04:42  Done     Pre   Queued    Post   Ready   Un-Ready   Failed   Futile
01/16/26 01:04:42   ===     ===      ===     ===     ===        ===      ===      ===
01/16/26 01:04:42    11       0        0       1       0          0        0        0
01/16/26 01:04:42 0 job proc(s) currently held
01/16/26 01:04:42 DAGMan Runtime Statistics: [EventCycleTimeAvg=0.004; EventCycleTimeMax=0.021; EventCycleTimeMin=0.000; EventCycleTimeStd=0.006; EventCycleTimeSum=0.148; SleepCycleTimeAvg=4.993; SleepCycleTimeMax=5.106; SleepCycleTimeMin=4.109; SleepCycleTimeStd=0.163; SleepCycleTimeSum=164.773; SubmitCycleTimeAvg=0.003; SubmitCycleTimeMax=0.021; SubmitCycleTimeMin=0.000; SubmitCycleTimeStd=0.006; SubmitCycleTimeSum=0.091; EventCycleTimeCount=33.000; SleepCycleTimeCount=33.000; SubmitCycleTimeCount=34.000; LogProcessCycleTimeAvg=0.003; LogProcessCycleTimeMax=0.010; LogProcessCycleTimeMin=0.000; LogProcessCycleTimeStd=0.003; LogProcessCycleTimeSum=0.046; LogProcessCycleTimeCount=15.000; ]
01/16/26 01:04:42 Initializing user log writer for /home/kiso/kiso-plankifier-experiment/kiso/pegasus/plankifier-wf/run0001/./plankifier-wf-0.dag.nodes.log, (13.0.0)
01/16/26 01:04:47 Currently monitoring 1 HTCondor log file(s)
01/16/26 01:04:47 Event: ULOG_POST_SCRIPT_TERMINATED for HTCondor Node cleanup_plankifier-wf_0_local (13.0.0) {01/16/26 01:04:42}
01/16/26 01:04:47 POST Script of node cleanup_plankifier-wf_0_local completed successfully.
01/16/26 01:04:47 DAG status: 0 (DAG_STATUS_OK)
01/16/26 01:04:47 Of 12 nodes total:
01/16/26 01:04:47  Done     Pre   Queued    Post   Ready   Un-Ready   Failed   Futile
01/16/26 01:04:47   ===     ===      ===     ===     ===        ===      ===      ===
01/16/26 01:04:47    12       0        0       0       0          0        0        0
01/16/26 01:04:47 0 job proc(s) currently held
01/16/26 01:04:47 DAGMan Runtime Statistics: [EventCycleTimeAvg=0.004; EventCycleTimeMax=0.021; EventCycleTimeMin=0.000; EventCycleTimeStd=0.006; EventCycleTimeSum=0.152; SleepCycleTimeAvg=4.996; SleepCycleTimeMax=5.106; SleepCycleTimeMin=4.109; SleepCycleTimeStd=0.161; SleepCycleTimeSum=169.875; SubmitCycleTimeAvg=0.003; SubmitCycleTimeMax=0.021; SubmitCycleTimeMin=0.000; SubmitCycleTimeStd=0.006; SubmitCycleTimeSum=0.091; EventCycleTimeCount=34.000; SleepCycleTimeCount=34.000; SubmitCycleTimeCount=35.000; LogProcessCycleTimeAvg=0.003; LogProcessCycleTimeMax=0.010; LogProcessCycleTimeMin=0.000; LogProcessCycleTimeStd=0.003; LogProcessCycleTimeSum=0.046; LogProcessCycleTimeCount=16.000; ]
01/16/26 01:04:47 All jobs Completed!
01/16/26 01:04:47 Note: 0 total node deferrals because of -MaxJobs limit (0)
01/16/26 01:04:47 Note: 0 total node deferrals because of -MaxIdle limit (1000)
01/16/26 01:04:47 Note: 0 total node deferrals because of node category throttles
01/16/26 01:04:47 Note: 0 total PRE script deferrals because of -MaxPre limit (20) or DEFER
01/16/26 01:04:47 Note: 0 total POST script deferrals because of -MaxPost limit (20) or DEFER
01/16/26 01:04:47 Note: 0 total HOLD script deferrals because of -MaxHold limit (20) or DEFER
01/16/26 01:04:47 DAG status: 0 (DAG_STATUS_OK)
01/16/26 01:04:47 Of 12 nodes total:
01/16/26 01:04:47  Done     Pre   Queued    Post   Ready   Un-Ready   Failed   Futile
01/16/26 01:04:47   ===     ===      ===     ===     ===        ===      ===      ===
01/16/26 01:04:47    12       0        0       0       0          0        0        0
01/16/26 01:04:47 0 job proc(s) currently held
01/16/26 01:04:47 DAGMan Runtime Statistics: [EventCycleTimeAvg=0.004; EventCycleTimeMax=0.021; EventCycleTimeMin=0.000; EventCycleTimeStd=0.006; EventCycleTimeSum=0.152; SleepCycleTimeAvg=4.996; SleepCycleTimeMax=5.106; SleepCycleTimeMin=4.109; SleepCycleTimeStd=0.161; SleepCycleTimeSum=169.875; SubmitCycleTimeAvg=0.003; SubmitCycleTimeMax=0.021; SubmitCycleTimeMin=0.000; SubmitCycleTimeStd=0.006; SubmitCycleTimeSum=0.091; EventCycleTimeCount=34.000; SleepCycleTimeCount=34.000; SubmitCycleTimeCount=35.000; LogProcessCycleTimeAvg=0.003; LogProcessCycleTimeMax=0.010; LogProcessCycleTimeMin=0.000; LogProcessCycleTimeStd=0.003; LogProcessCycleTimeSum=0.046; LogProcessCycleTimeCount=16.000; ]
01/16/26 01:04:47 Wrote metrics file plankifier-wf-0.dag.metrics.
01/16/26 01:04:47 DAGMan Runtime Statistics: [EventCycleTimeAvg=0.004; EventCycleTimeMax=0.021; EventCycleTimeMin=0.000; EventCycleTimeStd=0.006; EventCycleTimeSum=0.152; SleepCycleTimeAvg=4.996; SleepCycleTimeMax=5.106; SleepCycleTimeMin=4.109; SleepCycleTimeStd=0.161; SleepCycleTimeSum=169.875; SubmitCycleTimeAvg=0.003; SubmitCycleTimeMax=0.021; SubmitCycleTimeMin=0.000; SubmitCycleTimeStd=0.006; SubmitCycleTimeSum=0.091; EventCycleTimeCount=34.000; SleepCycleTimeCount=34.000; SubmitCycleTimeCount=35.000; LogProcessCycleTimeAvg=0.003; LogProcessCycleTimeMax=0.010; LogProcessCycleTimeMin=0.000; LogProcessCycleTimeStd=0.003; LogProcessCycleTimeSum=0.046; LogProcessCycleTimeCount=16.000; ]
01/16/26 01:04:47 **** condor_scheduniv_exec.1.0 (condor_DAGMAN) pid 13000 EXITING WITH STATUS 0
