2026-01-15 02:11:20,718:INFO:pegasus-monitord(58): pegasus-monitord starting - pid 13055 
2026-01-15 02:11:20,721:INFO:pegasus-monitord(456): Final Command line options are: ['-N', 'plankifier-wf-0.dag.dagman.out']
2026-01-15 02:11:20,722:INFO:Pegasus.monitoring.event_output(628): Connecting workflow event sink to sqlite:////home/kiso/kiso-plankifier-experiment/kiso/pegasus/plankifier-wf/run0001/plankifier-wf-0.stampede.db
Pegasus database was successfully created.
Database version: '5.1.1' (sqlite:////home/kiso/kiso-plankifier-experiment/kiso/pegasus/plankifier-wf/run0001/plankifier-wf-0.stampede.db)
2026-01-15 02:11:21,008:INFO:Pegasus.monitoring.event_output(702): output type=DB namespace=stampede. name=sqlite:////home/kiso/kiso-plankifier-experiment/kiso/pegasus/plankifier-wf/run0001/plankifier-wf-0.stampede.db
2026-01-15 02:11:21,009:INFO:Pegasus.monitoring.event_output(628): Connecting workflow event sink to sqlite:////home/kiso/.pegasus/workflow.db
Database version: '5.1.1' (sqlite:////home/kiso/.pegasus/workflow.db)
2026-01-15 02:11:21,229:INFO:Pegasus.monitoring.event_output(702): output type=DB namespace=dashboard. name=sqlite:////home/kiso/.pegasus/workflow.db
2026-01-15 02:11:21,230:INFO:pegasus-monitord(1251): monitord started in fast start mode
2026-01-15 02:11:21,238:INFO:Pegasus.monitoring.workflow(458): cannot open state file /home/kiso/kiso-plankifier-experiment/kiso/pegasus/plankifier-wf/run0001/monitord.info, continuing without state...
2026-01-15 02:11:21,238:INFO:Pegasus.monitoring.workflow(1146): creating new file /home/kiso/kiso-plankifier-experiment/kiso/pegasus/plankifier-wf/run0001/jobstate.log
2026-01-15 02:11:21,238:INFO:Pegasus.monitoring.workflow(1154): Appending to existing jobstate.log replay_mode 0 previous_processed_line 0
2026-01-15 02:11:21,238:INFO:Pegasus.monitoring.notifications(472): loading notifications from /home/kiso/kiso-plankifier-experiment/kiso/pegasus/plankifier-wf/run0001/plankifier-wf-0.notify
2026-01-15 02:11:21,301:INFO:Pegasus.monitoring.workflow(203): Parsing DAG file /home/kiso/kiso-plankifier-experiment/kiso/pegasus/plankifier-wf/run0001/plankifier-wf-0.dag
2026-01-15 02:11:21,301:INFO:pegasus-monitord(978): Using DAGMan version 24.12.15 241215
2026-01-15 02:11:21,303:INFO:pegasus-monitord(961): using dag plankifier-wf-0.dag
2026-01-15 02:11:21,303:INFO:Pegasus.monitoring.workflow(809): DAGMan starting with condor id 1.0
2026-01-15 02:13:52,812:INFO:Pegasus.monitoring.workflow(2468): Populating locations corresponding to succeeded registration job  /home/kiso/kiso-plankifier-experiment/kiso/pegasus/plankifier-wf/run0001/00/00/register_local_0_0.in 
2026-01-15 02:14:07,899:INFO:Pegasus.monitoring.workflow(2468): Populating locations corresponding to succeeded registration job  /home/kiso/kiso-plankifier-experiment/kiso/pegasus/plankifier-wf/run0001/00/00/register_local_1_0.in 
2026-01-15 02:14:22,984:INFO:pegasus-monitord(931): DAGMan plankifier-wf-0.dag finished with exit code 0
2026-01-15 02:14:23,990:INFO:pegasus-monitord(1431): workflow /home/kiso/kiso-plankifier-experiment/kiso/pegasus/plankifier-wf/run0001/plankifier-wf-0.dag.dagman.out ended
2026-01-15 02:14:23,990:INFO:Pegasus.monitoring.workflow(1376): recovery file deleted: /home/kiso/kiso-plankifier-experiment/kiso/pegasus/plankifier-wf/run0001/monitord.recover
2026-01-15 02:14:23,990:INFO:pegasus-monitord(1669): finishing workflow: /home/kiso/kiso-plankifier-experiment/kiso/pegasus/plankifier-wf/run0001/plankifier-wf-0.dag.dagman.out
2026-01-15 02:14:23,990:INFO:pegasus-monitord(1723): finishing notifications...
2026-01-15 02:14:23,990:INFO:pegasus-monitord(1731): monitord process 13055 exiting with 0
2026-01-15 02:14:23,991:INFO:pegasus-monitord(198): DB flushing beginning
2026-01-15 02:14:23,991:INFO:Pegasus.db.workflow_loader.WorkflowLoader(1244): Executing final flush
2026-01-15 02:14:24,004:INFO:Pegasus.db.dashboard_loader.DashboardLoader(397): Executing final flush
2026-01-15 02:14:24,005:INFO:pegasus-monitord(214): DB flushing ended
