01/15/26 02:11:20 ******************************************************
01/15/26 02:11:20 ** condor_scheduniv_exec.1.0 (CONDOR_DAGMAN) STARTING UP
01/15/26 02:11:20 ** /usr/bin/condor_dagman
01/15/26 02:11:20 ** SubsystemInfo: name=DAGMAN type=DAGMAN(9) class=CLIENT(2)
01/15/26 02:11:20 ** Configuration: subsystem:DAGMAN local:<NONE> class:CLIENT
01/15/26 02:11:20 ** $CondorVersion: 24.12.15 2025-12-12 BuildID: 856731 PackageID: 24.12.15-1+ubu22 GitSHA: 9a75c7f5 $
01/15/26 02:11:20 ** $CondorPlatform: X86_64-Ubuntu_22.04 $
01/15/26 02:11:20 ** PID = 13054 RealUID = 1011
01/15/26 02:11:20 ** Log last touched time unavailable (No such file or directory)
01/15/26 02:11:20 ******************************************************
01/15/26 02:11:20 Using config source: /etc/condor/condor_config
01/15/26 02:11:20 Using local config sources: 
01/15/26 02:11:20    /etc/condor/config.d/00-security
01/15/26 02:11:20    /etc/condor/config.d/01-kiso
01/15/26 02:11:20    /etc/condor/config.d/10-stash-plugin.conf
01/15/26 02:11:20    /etc/condor/condor_config.local
01/15/26 02:11:20 config Macros = 79, Sorted = 79, StringBytes = 2387, TablesBytes = 2908
01/15/26 02:11:20 CLASSAD_CACHING is ENABLED
01/15/26 02:11:20 Daemon Log is logging: D_ALWAYS D_ERROR D_STATUS
01/15/26 02:11:20 Daemoncore: Listening at <0.0.0.0:23327> on TCP (ReliSock) and UDP (SafeSock).
01/15/26 02:11:20 DaemonCore: command socket at <129.114.108.231:23327?addrs=129.114.108.231-23327&alias=enos--o-compute-zen3-o--0>
01/15/26 02:11:20 DaemonCore: private command socket at <129.114.108.231:23327?addrs=129.114.108.231-23327&alias=enos--o-compute-zen3-o--0>
01/15/26 02:11:20 DAGMAN_USE_STRICT setting: 1
01/15/26 02:11:20 DAGMAN_VERBOSITY setting: 3
01/15/26 02:11:20 DAGMAN_DEBUG_CACHE_SIZE setting: 5242880
01/15/26 02:11:20 DAGMAN_DEBUG_CACHE_ENABLE setting: False
01/15/26 02:11:20 DAGMAN_SUBMIT_DELAY setting: 0
01/15/26 02:11:20 DAGMAN_MAX_SUBMIT_ATTEMPTS setting: 6
01/15/26 02:11:20 DAGMAN_STARTUP_CYCLE_DETECT setting: False
01/15/26 02:11:20 DAGMAN_USE_JOIN_NODES setting: True
01/15/26 02:11:20 DAGMAN_REPORT_GRAPH_METRICS setting: False
01/15/26 02:11:20 DAGMAN_MAX_SUBMITS_PER_INTERVAL setting: 100
01/15/26 02:11:20 DAGMAN_AGGRESSIVE_SUBMIT setting: False
01/15/26 02:11:20 DAGMAN_USER_LOG_SCAN_INTERVAL setting: 5
01/15/26 02:11:20 DAGMAN_QUEUE_UPDATE_INTERVAL setting: 300.000000
01/15/26 02:11:20 DAGMAN_DEFAULT_PRIORITY setting: 0
01/15/26 02:11:20 DAGMAN_SUPPRESS_NOTIFICATION setting: False
01/15/26 02:11:20 allow_events (DAGMAN_ALLOW_EVENTS) setting: 114
01/15/26 02:11:20 DAGMAN_RETRY_SUBMIT_FIRST setting: True
01/15/26 02:11:20 DAGMAN_RETRY_NODE_FIRST setting: False
01/15/26 02:11:20 DAGMAN_MAX_JOBS_IDLE setting: 1000
01/15/26 02:11:20 DAGMAN_MAX_JOBS_SUBMITTED setting: 0
01/15/26 02:11:20 DAGMAN_MAX_PRE_SCRIPTS setting: 20
01/15/26 02:11:20 DAGMAN_MAX_POST_SCRIPTS setting: 20
01/15/26 02:11:20 DAGMAN_MAX_HOLD_SCRIPTS setting: 20
01/15/26 02:11:20 DAGMAN_MUNGE_NODE_NAMES setting: True
01/15/26 02:11:20 DAGMAN_ALLOW_ANY_NODE_NAME_CHARACTERS setting: False
01/15/26 02:11:20 DAGMAN_PROHIBIT_MULTI_JOBS setting: False
01/15/26 02:11:20 DAGMAN_SUBMIT_DEPTH_FIRST setting: False
01/15/26 02:11:20 DAGMAN_ALWAYS_RUN_POST setting: False
01/15/26 02:11:20 DAGMAN_CONDOR_SUBMIT_EXE setting: /usr/bin/condor_submit
01/15/26 02:11:20 DAGMAN_CONDOR_RM_EXE setting: /usr/bin/condor_rm
01/15/26 02:11:20 DAGMAN_USE_DIRECT_SUBMIT setting: True
01/15/26 02:11:20 DAGMAN_PRODUCE_JOB_CREDENTIALS setting: True
01/15/26 02:11:20 DAGMAN_DEFAULT_APPEND_VARS setting: False
01/15/26 02:11:20 DAGMAN_INHERIT_ATTRS_PREFIX setting: 
01/15/26 02:11:20 DAGMAN_INHERIT_ATTRS setting: 
01/15/26 02:11:20 DAGMAN_ABORT_DUPLICATES setting: True
01/15/26 02:11:20 DAGMAN_ABORT_ON_SCARY_SUBMIT setting: True
01/15/26 02:11:20 DAGMAN_PENDING_REPORT_INTERVAL setting: 600
01/15/26 02:11:20 DAGMAN_CHECK_QUEUE_INTERVAL setting: 28800
01/15/26 02:11:20 DAGMAN_PRINT_JOB_TABLE_INTERVAL setting: 900
01/15/26 02:11:20 DAGMAN_AUTO_RESCUE setting: True
01/15/26 02:11:20 DAGMAN_MAX_RESCUE_NUM setting: 100
01/15/26 02:11:20 DAGMAN_WRITE_PARTIAL_RESCUE setting: True
01/15/26 02:11:20 DAGMAN_RESET_RETRIES_UPON_RESCUE setting: True
01/15/26 02:11:20 DAGMAN_METRICS_FILE_VERSION setting: 2
01/15/26 02:11:20 DAGMAN_DEFAULT_NODE_LOG setting: @(DAG_DIR)/@(DAG_FILE).nodes.log
01/15/26 02:11:20 DAGMAN_LOG_ON_NFS_IS_ERROR setting: False
01/15/26 02:11:20 DAGMAN_GENERATE_SUBDAG_SUBMITS setting: True
01/15/26 02:11:20 DAGMAN_MAX_JOB_HOLDS setting: 100
01/15/26 02:11:20 DAGMAN_NODE_JOB_FAILURE_TOLERANCE setting: 0
01/15/26 02:11:20 DAGMAN_HOLD_CLAIM_TIME setting: 20
01/15/26 02:11:20 DAGMAN_SUPPRESS_JOB_LOGS setting: False
01/15/26 02:11:20 DAGMAN_REMOVE_NODE_JOBS setting: True
01/15/26 02:11:20 DAGMAN_PUT_FAILED_JOBS_ON_HOLD setting: False
01/15/26 02:11:20 DAGMAN_REMOVE_JOBS_AFTER_LIMIT_CHANGE setting: False
01/15/26 02:11:20 DAGMAN will adjust edges after parsing
01/15/26 02:11:20 argv[0] == "condor_scheduniv_exec.1.0"
01/15/26 02:11:20 argv[1] == "-Lockfile"
01/15/26 02:11:20 argv[2] == "plankifier-wf-0.dag.lock"
01/15/26 02:11:20 argv[3] == "-Dag"
01/15/26 02:11:20 argv[4] == "plankifier-wf-0.dag"
01/15/26 02:11:20 argv[5] == "-MaxPost"
01/15/26 02:11:20 argv[6] == "20"
01/15/26 02:11:20 argv[7] == "-CsdVersion"
01/15/26 02:11:20 argv[8] == "$CondorVersion: 24.12.15 2025-12-12 BuildID: 856731 PackageID: 24.12.15-1+ubu22 GitSHA: 9a75c7f5 $"
01/15/26 02:11:20 argv[9] == "-dagman"
01/15/26 02:11:20 argv[10] == "/usr/bin/condor_dagman"
01/15/26 02:11:20 argv[11] == "-AutoRescue"
01/15/26 02:11:20 argv[12] == "1"
01/15/26 02:11:20 argv[13] == "-DoRescueFrom"
01/15/26 02:11:20 argv[14] == "0"
01/15/26 02:11:20 Can't open directory "/etc/condor/passwords.d" as PRIV_ROOT, errno: 13 (Permission denied)
01/15/26 02:11:20 Can't open directory "/etc/condor/passwords.d" as PRIV_ROOT, errno: 13 (Permission denied)
01/15/26 02:11:20 Workflow batch-id: <1.0>
01/15/26 02:11:20 Workflow batch-name: <plankifier-wf-0.dag+1>
01/15/26 02:11:20 Workflow accounting_group: <>
01/15/26 02:11:20 Workflow accounting_group_user: <>
01/15/26 02:11:20 Warning: failed to get attribute DAGNodeName
01/15/26 02:11:20 Default node log file is: </home/kiso/kiso-plankifier-experiment/kiso/pegasus/plankifier-wf/run0001/./plankifier-wf-0.dag.nodes.log>
01/15/26 02:11:20 DAG Lockfile will be written to plankifier-wf-0.dag.lock
01/15/26 02:11:20 DAG Input file is plankifier-wf-0.dag
01/15/26 02:11:20 Parsing 1 dagfiles
01/15/26 02:11:20 Parsing plankifier-wf-0.dag ...
01/15/26 02:11:20 Adjusting edges
01/15/26 02:11:20 Dag contains 12 total nodes
01/15/26 02:11:20 Bootstrapping...
01/15/26 02:11:20 Number of pre-completed nodes: 0
01/15/26 02:11:20 MultiLogFiles: truncating log file /home/kiso/kiso-plankifier-experiment/kiso/pegasus/plankifier-wf/run0001/./plankifier-wf-0.dag.nodes.log
01/15/26 02:11:20 DAG status: 0 (DAG_STATUS_OK)
01/15/26 02:11:20 Of 12 nodes total:
01/15/26 02:11:20  Done     Pre   Queued    Post   Ready   Un-Ready   Failed   Futile
01/15/26 02:11:20   ===     ===      ===     ===     ===        ===      ===      ===
01/15/26 02:11:20     0       0        0       0       2         10        0        0
01/15/26 02:11:20 0 job proc(s) currently held
01/15/26 02:11:20 DAGMan Runtime Statistics: [EventCycleTimeSum=0.000; SleepCycleTimeSum=0.000; SubmitCycleTimeSum=0.000; EventCycleTimeCount=0.000; SleepCycleTimeCount=0.000; SubmitCycleTimeCount=0.000; LogProcessCycleTimeSum=0.000; LogProcessCycleTimeCount=0.000; ]
01/15/26 02:11:20 Registering condor_event_timer...
01/15/26 02:11:21 Submitting HTCondor Node create_dir_plankifier-wf_0_local job(s)...
01/15/26 02:11:21 Submitting node create_dir_plankifier-wf_0_local from file 00/00/create_dir_plankifier-wf_0_local.sub using direct job submission
01/15/26 02:11:21 	assigned HTCondor ID (2.0.0)
01/15/26 02:11:21 Submitting HTCondor Node stage_worker_local_plankifier-wf_0_local job(s)...
01/15/26 02:11:21 Submitting node stage_worker_local_plankifier-wf_0_local from file 00/00/stage_worker_local_plankifier-wf_0_local.sub using direct job submission
01/15/26 02:11:21 	assigned HTCondor ID (3.0.0)
01/15/26 02:11:21 Just submitted 2 jobs this cycle...
01/15/26 02:11:21 DAG status: 0 (DAG_STATUS_OK)
01/15/26 02:11:21 Of 12 nodes total:
01/15/26 02:11:21  Done     Pre   Queued    Post   Ready   Un-Ready   Failed   Futile
01/15/26 02:11:21   ===     ===      ===     ===     ===        ===      ===      ===
01/15/26 02:11:21     0       0        2       0       0         10        0        0
01/15/26 02:11:21 0 job proc(s) currently held
01/15/26 02:11:21 DAGMan Runtime Statistics: [EventCycleTimeSum=0.000; SleepCycleTimeSum=0.000; SubmitCycleTimeAvg=0.017; SubmitCycleTimeMax=0.017; SubmitCycleTimeMin=0.017; SubmitCycleTimeStd=0.017; SubmitCycleTimeSum=0.017; EventCycleTimeCount=0.000; SleepCycleTimeCount=0.000; SubmitCycleTimeCount=1.000; LogProcessCycleTimeSum=0.000; LogProcessCycleTimeCount=0.000; ]
01/15/26 02:11:26 Currently monitoring 1 HTCondor log file(s)
01/15/26 02:11:26 Reassigning the id of job create_dir_plankifier-wf_0_local from (2.0.0) to (2.0.0)
01/15/26 02:11:26 Event: ULOG_SUBMIT for HTCondor Node create_dir_plankifier-wf_0_local (2.0.0) {01/15/26 02:11:21}
01/15/26 02:11:26 Number of idle job procs: 1
01/15/26 02:11:26 Reassigning the id of job stage_worker_local_plankifier-wf_0_local from (3.0.0) to (3.0.0)
01/15/26 02:11:26 Event: ULOG_SUBMIT for HTCondor Node stage_worker_local_plankifier-wf_0_local (3.0.0) {01/15/26 02:11:21}
01/15/26 02:11:26 Number of idle job procs: 2
01/15/26 02:11:26 Event: ULOG_EXECUTE for HTCondor Node create_dir_plankifier-wf_0_local (2.0.0) {01/15/26 02:11:25}
01/15/26 02:11:26 Number of idle job procs: 1
01/15/26 02:11:26 Event: ULOG_EXECUTE for HTCondor Node stage_worker_local_plankifier-wf_0_local (3.0.0) {01/15/26 02:11:25}
01/15/26 02:11:26 Number of idle job procs: 0
01/15/26 02:11:31 Currently monitoring 1 HTCondor log file(s)
01/15/26 02:11:31 Event: ULOG_JOB_TERMINATED for HTCondor Node create_dir_plankifier-wf_0_local (2.0.0) {01/15/26 02:11:27}
01/15/26 02:11:31 Number of idle job procs: 0
01/15/26 02:11:31 Node create_dir_plankifier-wf_0_local job proc (2.0.0) completed successfully.
01/15/26 02:11:31 Node create_dir_plankifier-wf_0_local job(s) have exited the queue
01/15/26 02:11:31 Running POST script of Node create_dir_plankifier-wf_0_local...
01/15/26 02:11:31 Event: ULOG_JOB_TERMINATED for HTCondor Node stage_worker_local_plankifier-wf_0_local (3.0.0) {01/15/26 02:11:28}
01/15/26 02:11:31 Number of idle job procs: 0
01/15/26 02:11:31 Node stage_worker_local_plankifier-wf_0_local job proc (3.0.0) completed successfully.
01/15/26 02:11:31 Node stage_worker_local_plankifier-wf_0_local job(s) have exited the queue
01/15/26 02:11:31 Running POST script of Node stage_worker_local_plankifier-wf_0_local...
01/15/26 02:11:31 DAG status: 0 (DAG_STATUS_OK)
01/15/26 02:11:31 Of 12 nodes total:
01/15/26 02:11:31  Done     Pre   Queued    Post   Ready   Un-Ready   Failed   Futile
01/15/26 02:11:31   ===     ===      ===     ===     ===        ===      ===      ===
01/15/26 02:11:31     0       0        0       2       0         10        0        0
01/15/26 02:11:31 0 job proc(s) currently held
01/15/26 02:11:31 DAGMan Runtime Statistics: [EventCycleTimeAvg=0.013; EventCycleTimeMax=0.017; EventCycleTimeMin=0.009; EventCycleTimeStd=0.006; EventCycleTimeSum=0.026; SleepCycleTimeAvg=5.005; SleepCycleTimeMax=5.005; SleepCycleTimeMin=5.005; SleepCycleTimeStd=0.000; SleepCycleTimeSum=10.010; SubmitCycleTimeAvg=0.006; SubmitCycleTimeMax=0.017; SubmitCycleTimeMin=0.000; SubmitCycleTimeStd=0.010; SubmitCycleTimeSum=0.017; EventCycleTimeCount=2.000; SleepCycleTimeCount=2.000; SubmitCycleTimeCount=3.000; LogProcessCycleTimeAvg=0.004; LogProcessCycleTimeMax=0.008; LogProcessCycleTimeMin=0.000; LogProcessCycleTimeStd=0.005; LogProcessCycleTimeSum=0.008; LogProcessCycleTimeCount=2.000; ]
01/15/26 02:11:31 Initializing user log writer for /home/kiso/kiso-plankifier-experiment/kiso/pegasus/plankifier-wf/run0001/./plankifier-wf-0.dag.nodes.log, (2.0.0)
01/15/26 02:11:31 Initializing user log writer for /home/kiso/kiso-plankifier-experiment/kiso/pegasus/plankifier-wf/run0001/./plankifier-wf-0.dag.nodes.log, (3.0.0)
01/15/26 02:11:36 Currently monitoring 1 HTCondor log file(s)
01/15/26 02:11:36 Event: ULOG_POST_SCRIPT_TERMINATED for HTCondor Node create_dir_plankifier-wf_0_local (2.0.0) {01/15/26 02:11:31}
01/15/26 02:11:36 POST Script of node create_dir_plankifier-wf_0_local completed successfully.
01/15/26 02:11:36 Event: ULOG_POST_SCRIPT_TERMINATED for HTCondor Node stage_worker_local_plankifier-wf_0_local (3.0.0) {01/15/26 02:11:31}
01/15/26 02:11:36 POST Script of node stage_worker_local_plankifier-wf_0_local completed successfully.
01/15/26 02:11:36 DAG status: 0 (DAG_STATUS_OK)
01/15/26 02:11:36 Of 12 nodes total:
01/15/26 02:11:36  Done     Pre   Queued    Post   Ready   Un-Ready   Failed   Futile
01/15/26 02:11:36   ===     ===      ===     ===     ===        ===      ===      ===
01/15/26 02:11:36     2       0        0       0       2          8        0        0
01/15/26 02:11:36 0 job proc(s) currently held
01/15/26 02:11:36 DAGMan Runtime Statistics: [EventCycleTimeAvg=0.011; EventCycleTimeMax=0.017; EventCycleTimeMin=0.008; EventCycleTimeStd=0.005; EventCycleTimeSum=0.034; SleepCycleTimeAvg=5.038; SleepCycleTimeMax=5.105; SleepCycleTimeMin=5.005; SleepCycleTimeStd=0.058; SleepCycleTimeSum=15.115; SubmitCycleTimeAvg=0.004; SubmitCycleTimeMax=0.017; SubmitCycleTimeMin=0.000; SubmitCycleTimeStd=0.008; SubmitCycleTimeSum=0.017; EventCycleTimeCount=3.000; SleepCycleTimeCount=3.000; SubmitCycleTimeCount=4.000; LogProcessCycleTimeAvg=0.003; LogProcessCycleTimeMax=0.008; LogProcessCycleTimeMin=0.000; LogProcessCycleTimeStd=0.004; LogProcessCycleTimeSum=0.008; LogProcessCycleTimeCount=3.000; ]
01/15/26 02:11:41 Submitting HTCondor Node stage_in_local_local_1_0 job(s)...
01/15/26 02:11:41 Submitting node stage_in_local_local_1_0 from file 00/00/stage_in_local_local_1_0.sub using direct job submission
01/15/26 02:11:41 	assigned HTCondor ID (4.0.0)
01/15/26 02:11:41 Submitting HTCondor Node plankifier_ID0000001 job(s)...
01/15/26 02:11:41 Submitting node plankifier_ID0000001 from file 00/00/plankifier_ID0000001.sub using direct job submission
01/15/26 02:11:41 	assigned HTCondor ID (5.0.0)
01/15/26 02:11:41 Just submitted 2 jobs this cycle...
01/15/26 02:11:41 DAG status: 0 (DAG_STATUS_OK)
01/15/26 02:11:41 Of 12 nodes total:
01/15/26 02:11:41  Done     Pre   Queued    Post   Ready   Un-Ready   Failed   Futile
01/15/26 02:11:41   ===     ===      ===     ===     ===        ===      ===      ===
01/15/26 02:11:41     2       0        2       0       0          8        0        0
01/15/26 02:11:41 0 job proc(s) currently held
01/15/26 02:11:41 DAGMan Runtime Statistics: [EventCycleTimeAvg=0.009; EventCycleTimeMax=0.017; EventCycleTimeMin=0.001; EventCycleTimeStd=0.007; EventCycleTimeSum=0.035; SleepCycleTimeAvg=5.030; SleepCycleTimeMax=5.105; SleepCycleTimeMin=5.005; SleepCycleTimeStd=0.050; SleepCycleTimeSum=20.120; SubmitCycleTimeAvg=0.007; SubmitCycleTimeMax=0.017; SubmitCycleTimeMin=0.000; SubmitCycleTimeStd=0.009; SubmitCycleTimeSum=0.034; EventCycleTimeCount=4.000; SleepCycleTimeCount=4.000; SubmitCycleTimeCount=5.000; LogProcessCycleTimeAvg=0.003; LogProcessCycleTimeMax=0.008; LogProcessCycleTimeMin=0.000; LogProcessCycleTimeStd=0.004; LogProcessCycleTimeSum=0.008; LogProcessCycleTimeCount=3.000; ]
01/15/26 02:11:46 Currently monitoring 1 HTCondor log file(s)
01/15/26 02:11:46 Reassigning the id of job stage_in_local_local_1_0 from (4.0.0) to (4.0.0)
01/15/26 02:11:46 Event: ULOG_SUBMIT for HTCondor Node stage_in_local_local_1_0 (4.0.0) {01/15/26 02:11:41}
01/15/26 02:11:46 Number of idle job procs: 1
01/15/26 02:11:46 Reassigning the id of job plankifier_ID0000001 from (5.0.0) to (5.0.0)
01/15/26 02:11:46 Event: ULOG_SUBMIT for HTCondor Node plankifier_ID0000001 (5.0.0) {01/15/26 02:11:41}
01/15/26 02:11:46 Number of idle job procs: 2
01/15/26 02:11:46 Event: ULOG_EXECUTE for HTCondor Node stage_in_local_local_1_0 (4.0.0) {01/15/26 02:11:41}
01/15/26 02:11:46 Number of idle job procs: 1
01/15/26 02:11:46 Event: ULOG_JOB_TERMINATED for HTCondor Node stage_in_local_local_1_0 (4.0.0) {01/15/26 02:11:43}
01/15/26 02:11:46 Number of idle job procs: 1
01/15/26 02:11:46 Node stage_in_local_local_1_0 job proc (4.0.0) completed successfully.
01/15/26 02:11:46 Node stage_in_local_local_1_0 job(s) have exited the queue
01/15/26 02:11:46 Running POST script of Node stage_in_local_local_1_0...
01/15/26 02:11:46 DAG status: 0 (DAG_STATUS_OK)
01/15/26 02:11:46 Of 12 nodes total:
01/15/26 02:11:46  Done     Pre   Queued    Post   Ready   Un-Ready   Failed   Futile
01/15/26 02:11:46   ===     ===      ===     ===     ===        ===      ===      ===
01/15/26 02:11:46     2       0        1       1       0          8        0        0
01/15/26 02:11:46 0 job proc(s) currently held
01/15/26 02:11:46 DAGMan Runtime Statistics: [EventCycleTimeAvg=0.010; EventCycleTimeMax=0.017; EventCycleTimeMin=0.001; EventCycleTimeStd=0.007; EventCycleTimeSum=0.052; SleepCycleTimeAvg=5.025; SleepCycleTimeMax=5.105; SleepCycleTimeMin=5.005; SleepCycleTimeStd=0.045; SleepCycleTimeSum=25.125; SubmitCycleTimeAvg=0.006; SubmitCycleTimeMax=0.017; SubmitCycleTimeMin=0.000; SubmitCycleTimeStd=0.009; SubmitCycleTimeSum=0.034; EventCycleTimeCount=5.000; SleepCycleTimeCount=5.000; SubmitCycleTimeCount=6.000; LogProcessCycleTimeAvg=0.003; LogProcessCycleTimeMax=0.008; LogProcessCycleTimeMin=0.000; LogProcessCycleTimeStd=0.003; LogProcessCycleTimeSum=0.012; LogProcessCycleTimeCount=4.000; ]
01/15/26 02:11:46 Initializing user log writer for /home/kiso/kiso-plankifier-experiment/kiso/pegasus/plankifier-wf/run0001/./plankifier-wf-0.dag.nodes.log, (4.0.0)
01/15/26 02:11:51 Currently monitoring 1 HTCondor log file(s)
01/15/26 02:11:51 Event: ULOG_POST_SCRIPT_TERMINATED for HTCondor Node stage_in_local_local_1_0 (4.0.0) {01/15/26 02:11:46}
01/15/26 02:11:51 POST Script of node stage_in_local_local_1_0 completed successfully.
01/15/26 02:11:51 DAG status: 0 (DAG_STATUS_OK)
01/15/26 02:11:51 Of 12 nodes total:
01/15/26 02:11:51  Done     Pre   Queued    Post   Ready   Un-Ready   Failed   Futile
01/15/26 02:11:51   ===     ===      ===     ===     ===        ===      ===      ===
01/15/26 02:11:51     3       0        1       0       0          8        0        0
01/15/26 02:11:51 0 job proc(s) currently held
01/15/26 02:11:51 DAGMan Runtime Statistics: [EventCycleTimeAvg=0.009; EventCycleTimeMax=0.017; EventCycleTimeMin=0.001; EventCycleTimeStd=0.007; EventCycleTimeSum=0.056; SleepCycleTimeAvg=5.038; SleepCycleTimeMax=5.105; SleepCycleTimeMin=5.005; SleepCycleTimeStd=0.051; SleepCycleTimeSum=30.229; SubmitCycleTimeAvg=0.005; SubmitCycleTimeMax=0.017; SubmitCycleTimeMin=0.000; SubmitCycleTimeStd=0.008; SubmitCycleTimeSum=0.034; EventCycleTimeCount=6.000; SleepCycleTimeCount=6.000; SubmitCycleTimeCount=7.000; LogProcessCycleTimeAvg=0.002; LogProcessCycleTimeMax=0.008; LogProcessCycleTimeMin=0.000; LogProcessCycleTimeStd=0.003; LogProcessCycleTimeSum=0.012; LogProcessCycleTimeCount=5.000; ]
01/15/26 02:12:06 Currently monitoring 1 HTCondor log file(s)
01/15/26 02:12:06 Event: ULOG_EXECUTE for HTCondor Node plankifier_ID0000001 (5.0.0) {01/15/26 02:12:02}
01/15/26 02:12:06 Number of idle job procs: 0
01/15/26 02:13:16 Currently monitoring 1 HTCondor log file(s)
01/15/26 02:13:16 Event: ULOG_JOB_TERMINATED for HTCondor Node plankifier_ID0000001 (5.0.0) {01/15/26 02:13:11}
01/15/26 02:13:16 Number of idle job procs: 0
01/15/26 02:13:16 Node plankifier_ID0000001 job proc (5.0.0) completed successfully.
01/15/26 02:13:16 Node plankifier_ID0000001 job(s) have exited the queue
01/15/26 02:13:16 Running POST script of Node plankifier_ID0000001...
01/15/26 02:13:16 DAG status: 0 (DAG_STATUS_OK)
01/15/26 02:13:16 Of 12 nodes total:
01/15/26 02:13:16  Done     Pre   Queued    Post   Ready   Un-Ready   Failed   Futile
01/15/26 02:13:16   ===     ===      ===     ===     ===        ===      ===      ===
01/15/26 02:13:16     3       0        0       1       0          8        0        0
01/15/26 02:13:16 0 job proc(s) currently held
01/15/26 02:13:16 DAGMan Runtime Statistics: [EventCycleTimeAvg=0.002; EventCycleTimeMax=0.017; EventCycleTimeMin=0.000; EventCycleTimeStd=0.005; EventCycleTimeSum=0.057; SleepCycleTimeAvg=5.014; SleepCycleTimeMax=5.105; SleepCycleTimeMin=5.005; SleepCycleTimeStd=0.029; SleepCycleTimeSum=115.317; SubmitCycleTimeAvg=0.001; SubmitCycleTimeMax=0.017; SubmitCycleTimeMin=0.000; SubmitCycleTimeStd=0.005; SubmitCycleTimeSum=0.034; EventCycleTimeCount=23.000; SleepCycleTimeCount=23.000; SubmitCycleTimeCount=24.000; LogProcessCycleTimeAvg=0.002; LogProcessCycleTimeMax=0.008; LogProcessCycleTimeMin=0.000; LogProcessCycleTimeStd=0.003; LogProcessCycleTimeSum=0.017; LogProcessCycleTimeCount=7.000; ]
01/15/26 02:13:16 Initializing user log writer for /home/kiso/kiso-plankifier-experiment/kiso/pegasus/plankifier-wf/run0001/./plankifier-wf-0.dag.nodes.log, (5.0.0)
01/15/26 02:13:21 Currently monitoring 1 HTCondor log file(s)
01/15/26 02:13:21 Event: ULOG_POST_SCRIPT_TERMINATED for HTCondor Node plankifier_ID0000001 (5.0.0) {01/15/26 02:13:16}
01/15/26 02:13:21 POST Script of node plankifier_ID0000001 completed successfully.
01/15/26 02:13:21 DAG status: 0 (DAG_STATUS_OK)
01/15/26 02:13:21 Of 12 nodes total:
01/15/26 02:13:21  Done     Pre   Queued    Post   Ready   Un-Ready   Failed   Futile
01/15/26 02:13:21   ===     ===      ===     ===     ===        ===      ===      ===
01/15/26 02:13:21     4       0        0       0       2          6        0        0
01/15/26 02:13:21 0 job proc(s) currently held
01/15/26 02:13:21 DAGMan Runtime Statistics: [EventCycleTimeAvg=0.003; EventCycleTimeMax=0.017; EventCycleTimeMin=0.000; EventCycleTimeStd=0.005; EventCycleTimeSum=0.062; SleepCycleTimeAvg=5.018; SleepCycleTimeMax=5.113; SleepCycleTimeMin=5.005; SleepCycleTimeStd=0.034; SleepCycleTimeSum=120.430; SubmitCycleTimeAvg=0.001; SubmitCycleTimeMax=0.017; SubmitCycleTimeMin=0.000; SubmitCycleTimeStd=0.005; SubmitCycleTimeSum=0.034; EventCycleTimeCount=24.000; SleepCycleTimeCount=24.000; SubmitCycleTimeCount=25.000; LogProcessCycleTimeAvg=0.002; LogProcessCycleTimeMax=0.008; LogProcessCycleTimeMin=0.000; LogProcessCycleTimeStd=0.003; LogProcessCycleTimeSum=0.017; LogProcessCycleTimeCount=8.000; ]
01/15/26 02:13:26 Submitting HTCondor Node stage_out_local_local_0_0 job(s)...
01/15/26 02:13:26 Submitting node stage_out_local_local_0_0 from file 00/00/stage_out_local_local_0_0.sub using direct job submission
01/15/26 02:13:26 	assigned HTCondor ID (6.0.0)
01/15/26 02:13:26 Submitting HTCondor Node count_ID0000002 job(s)...
01/15/26 02:13:26 Submitting node count_ID0000002 from file 00/00/count_ID0000002.sub using direct job submission
01/15/26 02:13:26 	assigned HTCondor ID (7.0.0)
01/15/26 02:13:26 Just submitted 2 jobs this cycle...
01/15/26 02:13:26 DAG status: 0 (DAG_STATUS_OK)
01/15/26 02:13:26 Of 12 nodes total:
01/15/26 02:13:26  Done     Pre   Queued    Post   Ready   Un-Ready   Failed   Futile
01/15/26 02:13:26   ===     ===      ===     ===     ===        ===      ===      ===
01/15/26 02:13:26     4       0        2       0       0          6        0        0
01/15/26 02:13:26 0 job proc(s) currently held
01/15/26 02:13:26 DAGMan Runtime Statistics: [EventCycleTimeAvg=0.002; EventCycleTimeMax=0.017; EventCycleTimeMin=0.000; EventCycleTimeStd=0.005; EventCycleTimeSum=0.062; SleepCycleTimeAvg=5.017; SleepCycleTimeMax=5.113; SleepCycleTimeMin=5.005; SleepCycleTimeStd=0.034; SleepCycleTimeSum=125.435; SubmitCycleTimeAvg=0.002; SubmitCycleTimeMax=0.017; SubmitCycleTimeMin=0.000; SubmitCycleTimeStd=0.005; SubmitCycleTimeSum=0.050; EventCycleTimeCount=25.000; SleepCycleTimeCount=25.000; SubmitCycleTimeCount=26.000; LogProcessCycleTimeAvg=0.002; LogProcessCycleTimeMax=0.008; LogProcessCycleTimeMin=0.000; LogProcessCycleTimeStd=0.003; LogProcessCycleTimeSum=0.017; LogProcessCycleTimeCount=8.000; ]
01/15/26 02:13:31 Currently monitoring 1 HTCondor log file(s)
01/15/26 02:13:31 Reassigning the id of job stage_out_local_local_0_0 from (6.0.0) to (6.0.0)
01/15/26 02:13:31 Event: ULOG_SUBMIT for HTCondor Node stage_out_local_local_0_0 (6.0.0) {01/15/26 02:13:26}
01/15/26 02:13:31 Number of idle job procs: 1
01/15/26 02:13:31 Reassigning the id of job count_ID0000002 from (7.0.0) to (7.0.0)
01/15/26 02:13:31 Event: ULOG_SUBMIT for HTCondor Node count_ID0000002 (7.0.0) {01/15/26 02:13:26}
01/15/26 02:13:31 Number of idle job procs: 2
01/15/26 02:13:31 Event: ULOG_EXECUTE for HTCondor Node stage_out_local_local_0_0 (6.0.0) {01/15/26 02:13:26}
01/15/26 02:13:31 Number of idle job procs: 1
01/15/26 02:13:31 Event: ULOG_EXECUTE for HTCondor Node count_ID0000002 (7.0.0) {01/15/26 02:13:27}
01/15/26 02:13:31 Number of idle job procs: 0
01/15/26 02:13:31 Event: ULOG_JOB_TERMINATED for HTCondor Node count_ID0000002 (7.0.0) {01/15/26 02:13:28}
01/15/26 02:13:31 Number of idle job procs: 0
01/15/26 02:13:31 Node count_ID0000002 job proc (7.0.0) completed successfully.
01/15/26 02:13:31 Node count_ID0000002 job(s) have exited the queue
01/15/26 02:13:31 Running POST script of Node count_ID0000002...
01/15/26 02:13:31 Event: ULOG_JOB_TERMINATED for HTCondor Node stage_out_local_local_0_0 (6.0.0) {01/15/26 02:13:29}
01/15/26 02:13:31 Number of idle job procs: 0
01/15/26 02:13:31 Node stage_out_local_local_0_0 job proc (6.0.0) completed successfully.
01/15/26 02:13:31 Node stage_out_local_local_0_0 job(s) have exited the queue
01/15/26 02:13:31 Running POST script of Node stage_out_local_local_0_0...
01/15/26 02:13:31 DAG status: 0 (DAG_STATUS_OK)
01/15/26 02:13:31 Of 12 nodes total:
01/15/26 02:13:31  Done     Pre   Queued    Post   Ready   Un-Ready   Failed   Futile
01/15/26 02:13:31   ===     ===      ===     ===     ===        ===      ===      ===
01/15/26 02:13:31     4       0        0       2       0          6        0        0
01/15/26 02:13:31 0 job proc(s) currently held
01/15/26 02:13:31 DAGMan Runtime Statistics: [EventCycleTimeAvg=0.003; EventCycleTimeMax=0.017; EventCycleTimeMin=0.000; EventCycleTimeStd=0.006; EventCycleTimeSum=0.079; SleepCycleTimeAvg=5.017; SleepCycleTimeMax=5.113; SleepCycleTimeMin=5.005; SleepCycleTimeStd=0.033; SleepCycleTimeSum=130.440; SubmitCycleTimeAvg=0.002; SubmitCycleTimeMax=0.017; SubmitCycleTimeMin=0.000; SubmitCycleTimeStd=0.005; SubmitCycleTimeSum=0.050; EventCycleTimeCount=26.000; SleepCycleTimeCount=26.000; SubmitCycleTimeCount=27.000; LogProcessCycleTimeAvg=0.003; LogProcessCycleTimeMax=0.008; LogProcessCycleTimeMin=0.000; LogProcessCycleTimeStd=0.003; LogProcessCycleTimeSum=0.024; LogProcessCycleTimeCount=9.000; ]
01/15/26 02:13:31 Initializing user log writer for /home/kiso/kiso-plankifier-experiment/kiso/pegasus/plankifier-wf/run0001/./plankifier-wf-0.dag.nodes.log, (7.0.0)
01/15/26 02:13:31 Initializing user log writer for /home/kiso/kiso-plankifier-experiment/kiso/pegasus/plankifier-wf/run0001/./plankifier-wf-0.dag.nodes.log, (6.0.0)
01/15/26 02:13:36 Currently monitoring 1 HTCondor log file(s)
01/15/26 02:13:36 Event: ULOG_POST_SCRIPT_TERMINATED for HTCondor Node count_ID0000002 (7.0.0) {01/15/26 02:13:31}
01/15/26 02:13:36 POST Script of node count_ID0000002 completed successfully.
01/15/26 02:13:36 Event: ULOG_POST_SCRIPT_TERMINATED for HTCondor Node stage_out_local_local_0_0 (6.0.0) {01/15/26 02:13:31}
01/15/26 02:13:36 POST Script of node stage_out_local_local_0_0 completed successfully.
01/15/26 02:13:36 DAG status: 0 (DAG_STATUS_OK)
01/15/26 02:13:36 Of 12 nodes total:
01/15/26 02:13:36  Done     Pre   Queued    Post   Ready   Un-Ready   Failed   Futile
01/15/26 02:13:36   ===     ===      ===     ===     ===        ===      ===      ===
01/15/26 02:13:36     6       0        0       0       3          3        0        0
01/15/26 02:13:36 0 job proc(s) currently held
01/15/26 02:13:36 DAGMan Runtime Statistics: [EventCycleTimeAvg=0.003; EventCycleTimeMax=0.017; EventCycleTimeMin=0.000; EventCycleTimeStd=0.006; EventCycleTimeSum=0.087; SleepCycleTimeAvg=5.020; SleepCycleTimeMax=5.113; SleepCycleTimeMin=5.005; SleepCycleTimeStd=0.036; SleepCycleTimeSum=135.542; SubmitCycleTimeAvg=0.002; SubmitCycleTimeMax=0.017; SubmitCycleTimeMin=0.000; SubmitCycleTimeStd=0.005; SubmitCycleTimeSum=0.050; EventCycleTimeCount=27.000; SleepCycleTimeCount=27.000; SubmitCycleTimeCount=28.000; LogProcessCycleTimeAvg=0.002; LogProcessCycleTimeMax=0.008; LogProcessCycleTimeMin=0.000; LogProcessCycleTimeStd=0.003; LogProcessCycleTimeSum=0.025; LogProcessCycleTimeCount=10.000; ]
01/15/26 02:13:41 Submitting HTCondor Node clean_up_local_level_3_0 job(s)...
01/15/26 02:13:41 Submitting node clean_up_local_level_3_0 from file 00/00/clean_up_local_level_3_0.sub using direct job submission
01/15/26 02:13:41 	assigned HTCondor ID (8.0.0)
01/15/26 02:13:41 Submitting HTCondor Node stage_out_local_local_1_0 job(s)...
01/15/26 02:13:41 Submitting node stage_out_local_local_1_0 from file 00/00/stage_out_local_local_1_0.sub using direct job submission
01/15/26 02:13:41 	assigned HTCondor ID (9.0.0)
01/15/26 02:13:41 Submitting HTCondor Node register_local_0_0 job(s)...
01/15/26 02:13:41 Submitting node register_local_0_0 from file 00/00/register_local_0_0.sub using direct job submission
01/15/26 02:13:41 	assigned HTCondor ID (10.0.0)
01/15/26 02:13:41 Just submitted 3 jobs this cycle...
01/15/26 02:13:41 DAG status: 0 (DAG_STATUS_OK)
01/15/26 02:13:41 Of 12 nodes total:
01/15/26 02:13:41  Done     Pre   Queued    Post   Ready   Un-Ready   Failed   Futile
01/15/26 02:13:41   ===     ===      ===     ===     ===        ===      ===      ===
01/15/26 02:13:41     6       0        3       0       0          3        0        0
01/15/26 02:13:41 0 job proc(s) currently held
01/15/26 02:13:41 DAGMan Runtime Statistics: [EventCycleTimeAvg=0.003; EventCycleTimeMax=0.017; EventCycleTimeMin=0.000; EventCycleTimeStd=0.006; EventCycleTimeSum=0.088; SleepCycleTimeAvg=5.020; SleepCycleTimeMax=5.113; SleepCycleTimeMin=5.005; SleepCycleTimeStd=0.036; SleepCycleTimeSum=140.547; SubmitCycleTimeAvg=0.003; SubmitCycleTimeMax=0.023; SubmitCycleTimeMin=0.000; SubmitCycleTimeStd=0.007; SubmitCycleTimeSum=0.074; EventCycleTimeCount=28.000; SleepCycleTimeCount=28.000; SubmitCycleTimeCount=29.000; LogProcessCycleTimeAvg=0.002; LogProcessCycleTimeMax=0.008; LogProcessCycleTimeMin=0.000; LogProcessCycleTimeStd=0.003; LogProcessCycleTimeSum=0.025; LogProcessCycleTimeCount=10.000; ]
01/15/26 02:13:46 Currently monitoring 1 HTCondor log file(s)
01/15/26 02:13:46 Reassigning the id of job clean_up_local_level_3_0 from (8.0.0) to (8.0.0)
01/15/26 02:13:46 Event: ULOG_SUBMIT for HTCondor Node clean_up_local_level_3_0 (8.0.0) {01/15/26 02:13:41}
01/15/26 02:13:46 Number of idle job procs: 1
01/15/26 02:13:46 Reassigning the id of job stage_out_local_local_1_0 from (9.0.0) to (9.0.0)
01/15/26 02:13:46 Event: ULOG_SUBMIT for HTCondor Node stage_out_local_local_1_0 (9.0.0) {01/15/26 02:13:41}
01/15/26 02:13:46 Number of idle job procs: 2
01/15/26 02:13:46 Reassigning the id of job register_local_0_0 from (10.0.0) to (10.0.0)
01/15/26 02:13:46 Event: ULOG_SUBMIT for HTCondor Node register_local_0_0 (10.0.0) {01/15/26 02:13:41}
01/15/26 02:13:46 Number of idle job procs: 3
01/15/26 02:13:46 Event: ULOG_EXECUTE for HTCondor Node clean_up_local_level_3_0 (8.0.0) {01/15/26 02:13:41}
01/15/26 02:13:46 Number of idle job procs: 2
01/15/26 02:13:46 Event: ULOG_EXECUTE for HTCondor Node stage_out_local_local_1_0 (9.0.0) {01/15/26 02:13:41}
01/15/26 02:13:46 Number of idle job procs: 1
01/15/26 02:13:46 Event: ULOG_EXECUTE for HTCondor Node register_local_0_0 (10.0.0) {01/15/26 02:13:41}
01/15/26 02:13:46 Number of idle job procs: 0
01/15/26 02:13:46 Event: ULOG_JOB_TERMINATED for HTCondor Node register_local_0_0 (10.0.0) {01/15/26 02:13:44}
01/15/26 02:13:46 Number of idle job procs: 0
01/15/26 02:13:46 Node register_local_0_0 job proc (10.0.0) completed successfully.
01/15/26 02:13:46 Node register_local_0_0 job(s) have exited the queue
01/15/26 02:13:46 Running POST script of Node register_local_0_0...
01/15/26 02:13:46 Event: ULOG_JOB_TERMINATED for HTCondor Node stage_out_local_local_1_0 (9.0.0) {01/15/26 02:13:44}
01/15/26 02:13:46 Number of idle job procs: 0
01/15/26 02:13:46 Node stage_out_local_local_1_0 job proc (9.0.0) completed successfully.
01/15/26 02:13:46 Node stage_out_local_local_1_0 job(s) have exited the queue
01/15/26 02:13:46 Running POST script of Node stage_out_local_local_1_0...
01/15/26 02:13:46 Event: ULOG_JOB_TERMINATED for HTCondor Node clean_up_local_level_3_0 (8.0.0) {01/15/26 02:13:46}
01/15/26 02:13:46 Number of idle job procs: 0
01/15/26 02:13:46 Node clean_up_local_level_3_0 job proc (8.0.0) completed successfully.
01/15/26 02:13:46 Node clean_up_local_level_3_0 job(s) have exited the queue
01/15/26 02:13:46 Running POST script of Node clean_up_local_level_3_0...
01/15/26 02:13:46 DAG status: 0 (DAG_STATUS_OK)
01/15/26 02:13:46 Of 12 nodes total:
01/15/26 02:13:46  Done     Pre   Queued    Post   Ready   Un-Ready   Failed   Futile
01/15/26 02:13:46   ===     ===      ===     ===     ===        ===      ===      ===
01/15/26 02:13:46     6       0        0       3       0          3        0        0
01/15/26 02:13:46 0 job proc(s) currently held
01/15/26 02:13:46 DAGMan Runtime Statistics: [EventCycleTimeAvg=0.004; EventCycleTimeMax=0.024; EventCycleTimeMin=0.000; EventCycleTimeStd=0.007; EventCycleTimeSum=0.112; SleepCycleTimeAvg=5.019; SleepCycleTimeMax=5.113; SleepCycleTimeMin=5.005; SleepCycleTimeStd=0.035; SleepCycleTimeSum=145.552; SubmitCycleTimeAvg=0.002; SubmitCycleTimeMax=0.023; SubmitCycleTimeMin=0.000; SubmitCycleTimeStd=0.006; SubmitCycleTimeSum=0.074; EventCycleTimeCount=29.000; SleepCycleTimeCount=29.000; SubmitCycleTimeCount=30.000; LogProcessCycleTimeAvg=0.003; LogProcessCycleTimeMax=0.012; LogProcessCycleTimeMin=0.000; LogProcessCycleTimeStd=0.004; LogProcessCycleTimeSum=0.036; LogProcessCycleTimeCount=11.000; ]
01/15/26 02:13:46 Initializing user log writer for /home/kiso/kiso-plankifier-experiment/kiso/pegasus/plankifier-wf/run0001/./plankifier-wf-0.dag.nodes.log, (10.0.0)
01/15/26 02:13:46 Initializing user log writer for /home/kiso/kiso-plankifier-experiment/kiso/pegasus/plankifier-wf/run0001/./plankifier-wf-0.dag.nodes.log, (9.0.0)
01/15/26 02:13:46 Initializing user log writer for /home/kiso/kiso-plankifier-experiment/kiso/pegasus/plankifier-wf/run0001/./plankifier-wf-0.dag.nodes.log, (8.0.0)
01/15/26 02:13:51 Currently monitoring 1 HTCondor log file(s)
01/15/26 02:13:51 Event: ULOG_POST_SCRIPT_TERMINATED for HTCondor Node register_local_0_0 (10.0.0) {01/15/26 02:13:46}
01/15/26 02:13:51 POST Script of node register_local_0_0 completed successfully.
01/15/26 02:13:51 Event: ULOG_POST_SCRIPT_TERMINATED for HTCondor Node stage_out_local_local_1_0 (9.0.0) {01/15/26 02:13:46}
01/15/26 02:13:51 POST Script of node stage_out_local_local_1_0 completed successfully.
01/15/26 02:13:51 Event: ULOG_POST_SCRIPT_TERMINATED for HTCondor Node clean_up_local_level_3_0 (8.0.0) {01/15/26 02:13:46}
01/15/26 02:13:51 POST Script of node clean_up_local_level_3_0 completed successfully.
01/15/26 02:13:51 DAG status: 0 (DAG_STATUS_OK)
01/15/26 02:13:51 Of 12 nodes total:
01/15/26 02:13:51  Done     Pre   Queued    Post   Ready   Un-Ready   Failed   Futile
01/15/26 02:13:51   ===     ===      ===     ===     ===        ===      ===      ===
01/15/26 02:13:51     9       0        0       0       2          1        0        0
01/15/26 02:13:51 0 job proc(s) currently held
01/15/26 02:13:51 DAGMan Runtime Statistics: [EventCycleTimeAvg=0.004; EventCycleTimeMax=0.024; EventCycleTimeMin=0.000; EventCycleTimeStd=0.007; EventCycleTimeSum=0.123; SleepCycleTimeAvg=5.022; SleepCycleTimeMax=5.113; SleepCycleTimeMin=5.005; SleepCycleTimeStd=0.039; SleepCycleTimeSum=150.662; SubmitCycleTimeAvg=0.002; SubmitCycleTimeMax=0.023; SubmitCycleTimeMin=0.000; SubmitCycleTimeStd=0.006; SubmitCycleTimeSum=0.074; EventCycleTimeCount=30.000; SleepCycleTimeCount=30.000; SubmitCycleTimeCount=31.000; LogProcessCycleTimeAvg=0.003; LogProcessCycleTimeMax=0.012; LogProcessCycleTimeMin=0.000; LogProcessCycleTimeStd=0.004; LogProcessCycleTimeSum=0.037; LogProcessCycleTimeCount=12.000; ]
01/15/26 02:13:56 Submitting HTCondor Node clean_up_local_level_4_0 job(s)...
01/15/26 02:13:56 Submitting node clean_up_local_level_4_0 from file 00/00/clean_up_local_level_4_0.sub using direct job submission
01/15/26 02:13:56 	assigned HTCondor ID (11.0.0)
01/15/26 02:13:56 Submitting HTCondor Node register_local_1_0 job(s)...
01/15/26 02:13:56 Submitting node register_local_1_0 from file 00/00/register_local_1_0.sub using direct job submission
01/15/26 02:13:56 	assigned HTCondor ID (12.0.0)
01/15/26 02:13:56 Just submitted 2 jobs this cycle...
01/15/26 02:13:56 DAG status: 0 (DAG_STATUS_OK)
01/15/26 02:13:56 Of 12 nodes total:
01/15/26 02:13:56  Done     Pre   Queued    Post   Ready   Un-Ready   Failed   Futile
01/15/26 02:13:56   ===     ===      ===     ===     ===        ===      ===      ===
01/15/26 02:13:56     9       0        2       0       0          1        0        0
01/15/26 02:13:56 0 job proc(s) currently held
01/15/26 02:13:56 DAGMan Runtime Statistics: [EventCycleTimeAvg=0.004; EventCycleTimeMax=0.024; EventCycleTimeMin=0.000; EventCycleTimeStd=0.007; EventCycleTimeSum=0.124; SleepCycleTimeAvg=5.022; SleepCycleTimeMax=5.113; SleepCycleTimeMin=5.005; SleepCycleTimeStd=0.038; SleepCycleTimeSum=155.668; SubmitCycleTimeAvg=0.003; SubmitCycleTimeMax=0.023; SubmitCycleTimeMin=0.000; SubmitCycleTimeStd=0.007; SubmitCycleTimeSum=0.089; EventCycleTimeCount=31.000; SleepCycleTimeCount=31.000; SubmitCycleTimeCount=32.000; LogProcessCycleTimeAvg=0.003; LogProcessCycleTimeMax=0.012; LogProcessCycleTimeMin=0.000; LogProcessCycleTimeStd=0.004; LogProcessCycleTimeSum=0.037; LogProcessCycleTimeCount=12.000; ]
01/15/26 02:14:01 Currently monitoring 1 HTCondor log file(s)
01/15/26 02:14:01 Reassigning the id of job clean_up_local_level_4_0 from (11.0.0) to (11.0.0)
01/15/26 02:14:01 Event: ULOG_SUBMIT for HTCondor Node clean_up_local_level_4_0 (11.0.0) {01/15/26 02:13:56}
01/15/26 02:14:01 Number of idle job procs: 1
01/15/26 02:14:01 Reassigning the id of job register_local_1_0 from (12.0.0) to (12.0.0)
01/15/26 02:14:01 Event: ULOG_SUBMIT for HTCondor Node register_local_1_0 (12.0.0) {01/15/26 02:13:56}
01/15/26 02:14:01 Number of idle job procs: 2
01/15/26 02:14:01 Event: ULOG_EXECUTE for HTCondor Node clean_up_local_level_4_0 (11.0.0) {01/15/26 02:13:57}
01/15/26 02:14:01 Number of idle job procs: 1
01/15/26 02:14:01 Event: ULOG_EXECUTE for HTCondor Node register_local_1_0 (12.0.0) {01/15/26 02:13:57}
01/15/26 02:14:01 Number of idle job procs: 0
01/15/26 02:14:01 Event: ULOG_JOB_TERMINATED for HTCondor Node register_local_1_0 (12.0.0) {01/15/26 02:13:59}
01/15/26 02:14:01 Number of idle job procs: 0
01/15/26 02:14:01 Node register_local_1_0 job proc (12.0.0) completed successfully.
01/15/26 02:14:01 Node register_local_1_0 job(s) have exited the queue
01/15/26 02:14:01 Running POST script of Node register_local_1_0...
01/15/26 02:14:01 Event: ULOG_JOB_TERMINATED for HTCondor Node clean_up_local_level_4_0 (11.0.0) {01/15/26 02:13:59}
01/15/26 02:14:01 Number of idle job procs: 0
01/15/26 02:14:01 Node clean_up_local_level_4_0 job proc (11.0.0) completed successfully.
01/15/26 02:14:01 Node clean_up_local_level_4_0 job(s) have exited the queue
01/15/26 02:14:01 Running POST script of Node clean_up_local_level_4_0...
01/15/26 02:14:01 DAG status: 0 (DAG_STATUS_OK)
01/15/26 02:14:01 Of 12 nodes total:
01/15/26 02:14:01  Done     Pre   Queued    Post   Ready   Un-Ready   Failed   Futile
01/15/26 02:14:01   ===     ===      ===     ===     ===        ===      ===      ===
01/15/26 02:14:01     9       0        0       2       0          1        0        0
01/15/26 02:14:01 0 job proc(s) currently held
01/15/26 02:14:01 DAGMan Runtime Statistics: [EventCycleTimeAvg=0.004; EventCycleTimeMax=0.024; EventCycleTimeMin=0.000; EventCycleTimeStd=0.007; EventCycleTimeSum=0.140; SleepCycleTimeAvg=5.021; SleepCycleTimeMax=5.113; SleepCycleTimeMin=5.005; SleepCycleTimeStd=0.037; SleepCycleTimeSum=160.673; SubmitCycleTimeAvg=0.003; SubmitCycleTimeMax=0.023; SubmitCycleTimeMin=0.000; SubmitCycleTimeStd=0.007; SubmitCycleTimeSum=0.089; EventCycleTimeCount=32.000; SleepCycleTimeCount=32.000; SubmitCycleTimeCount=33.000; LogProcessCycleTimeAvg=0.003; LogProcessCycleTimeMax=0.012; LogProcessCycleTimeMin=0.000; LogProcessCycleTimeStd=0.004; LogProcessCycleTimeSum=0.044; LogProcessCycleTimeCount=13.000; ]
01/15/26 02:14:01 Initializing user log writer for /home/kiso/kiso-plankifier-experiment/kiso/pegasus/plankifier-wf/run0001/./plankifier-wf-0.dag.nodes.log, (12.0.0)
01/15/26 02:14:01 Initializing user log writer for /home/kiso/kiso-plankifier-experiment/kiso/pegasus/plankifier-wf/run0001/./plankifier-wf-0.dag.nodes.log, (11.0.0)
01/15/26 02:14:06 Currently monitoring 1 HTCondor log file(s)
01/15/26 02:14:06 Event: ULOG_POST_SCRIPT_TERMINATED for HTCondor Node register_local_1_0 (12.0.0) {01/15/26 02:14:01}
01/15/26 02:14:06 POST Script of node register_local_1_0 completed successfully.
01/15/26 02:14:06 Event: ULOG_POST_SCRIPT_TERMINATED for HTCondor Node clean_up_local_level_4_0 (11.0.0) {01/15/26 02:14:01}
01/15/26 02:14:06 POST Script of node clean_up_local_level_4_0 completed successfully.
01/15/26 02:14:06 DAG status: 0 (DAG_STATUS_OK)
01/15/26 02:14:06 Of 12 nodes total:
01/15/26 02:14:06  Done     Pre   Queued    Post   Ready   Un-Ready   Failed   Futile
01/15/26 02:14:06   ===     ===      ===     ===     ===        ===      ===      ===
01/15/26 02:14:06    11       0        0       0       1          0        0        0
01/15/26 02:14:06 0 job proc(s) currently held
01/15/26 02:14:06 DAGMan Runtime Statistics: [EventCycleTimeAvg=0.004; EventCycleTimeMax=0.024; EventCycleTimeMin=0.000; EventCycleTimeStd=0.007; EventCycleTimeSum=0.148; SleepCycleTimeAvg=5.023; SleepCycleTimeMax=5.113; SleepCycleTimeMin=5.005; SleepCycleTimeStd=0.040; SleepCycleTimeSum=165.775; SubmitCycleTimeAvg=0.003; SubmitCycleTimeMax=0.023; SubmitCycleTimeMin=0.000; SubmitCycleTimeStd=0.006; SubmitCycleTimeSum=0.089; EventCycleTimeCount=33.000; SleepCycleTimeCount=33.000; SubmitCycleTimeCount=34.000; LogProcessCycleTimeAvg=0.003; LogProcessCycleTimeMax=0.012; LogProcessCycleTimeMin=0.000; LogProcessCycleTimeStd=0.004; LogProcessCycleTimeSum=0.045; LogProcessCycleTimeCount=14.000; ]
01/15/26 02:14:11 Submitting HTCondor Node cleanup_plankifier-wf_0_local job(s)...
01/15/26 02:14:11 Submitting node cleanup_plankifier-wf_0_local from file 00/00/cleanup_plankifier-wf_0_local.sub using direct job submission
01/15/26 02:14:11 	assigned HTCondor ID (13.0.0)
01/15/26 02:14:11 Just submitted 1 job this cycle...
01/15/26 02:14:11 DAG status: 0 (DAG_STATUS_OK)
01/15/26 02:14:11 Of 12 nodes total:
01/15/26 02:14:11  Done     Pre   Queued    Post   Ready   Un-Ready   Failed   Futile
01/15/26 02:14:11   ===     ===      ===     ===     ===        ===      ===      ===
01/15/26 02:14:11    11       0        1       0       0          0        0        0
01/15/26 02:14:11 0 job proc(s) currently held
01/15/26 02:14:11 DAGMan Runtime Statistics: [EventCycleTimeAvg=0.004; EventCycleTimeMax=0.024; EventCycleTimeMin=0.000; EventCycleTimeStd=0.007; EventCycleTimeSum=0.148; SleepCycleTimeAvg=5.023; SleepCycleTimeMax=5.113; SleepCycleTimeMin=5.005; SleepCycleTimeStd=0.039; SleepCycleTimeSum=170.780; SubmitCycleTimeAvg=0.003; SubmitCycleTimeMax=0.023; SubmitCycleTimeMin=0.000; SubmitCycleTimeStd=0.007; SubmitCycleTimeSum=0.099; EventCycleTimeCount=34.000; SleepCycleTimeCount=34.000; SubmitCycleTimeCount=35.000; LogProcessCycleTimeAvg=0.003; LogProcessCycleTimeMax=0.012; LogProcessCycleTimeMin=0.000; LogProcessCycleTimeStd=0.004; LogProcessCycleTimeSum=0.045; LogProcessCycleTimeCount=14.000; ]
01/15/26 02:14:17 Currently monitoring 1 HTCondor log file(s)
01/15/26 02:14:17 Reassigning the id of job cleanup_plankifier-wf_0_local from (13.0.0) to (13.0.0)
01/15/26 02:14:17 Event: ULOG_SUBMIT for HTCondor Node cleanup_plankifier-wf_0_local (13.0.0) {01/15/26 02:14:12}
01/15/26 02:14:17 Number of idle job procs: 1
01/15/26 02:14:17 Event: ULOG_EXECUTE for HTCondor Node cleanup_plankifier-wf_0_local (13.0.0) {01/15/26 02:14:12}
01/15/26 02:14:17 Number of idle job procs: 0
01/15/26 02:14:17 Event: ULOG_JOB_TERMINATED for HTCondor Node cleanup_plankifier-wf_0_local (13.0.0) {01/15/26 02:14:14}
01/15/26 02:14:17 Number of idle job procs: 0
01/15/26 02:14:17 Node cleanup_plankifier-wf_0_local job proc (13.0.0) completed successfully.
01/15/26 02:14:17 Node cleanup_plankifier-wf_0_local job(s) have exited the queue
01/15/26 02:14:17 Running POST script of Node cleanup_plankifier-wf_0_local...
01/15/26 02:14:17 DAG status: 0 (DAG_STATUS_OK)
01/15/26 02:14:17 Of 12 nodes total:
01/15/26 02:14:17  Done     Pre   Queued    Post   Ready   Un-Ready   Failed   Futile
01/15/26 02:14:17   ===     ===      ===     ===     ===        ===      ===      ===
01/15/26 02:14:17    11       0        0       1       0          0        0        0
01/15/26 02:14:17 0 job proc(s) currently held
01/15/26 02:14:17 DAGMan Runtime Statistics: [EventCycleTimeAvg=0.005; EventCycleTimeMax=0.024; EventCycleTimeMin=0.000; EventCycleTimeStd=0.007; EventCycleTimeSum=0.158; SleepCycleTimeAvg=5.022; SleepCycleTimeMax=5.113; SleepCycleTimeMin=5.005; SleepCycleTimeStd=0.039; SleepCycleTimeSum=175.785; SubmitCycleTimeAvg=0.003; SubmitCycleTimeMax=0.023; SubmitCycleTimeMin=0.000; SubmitCycleTimeStd=0.006; SubmitCycleTimeSum=0.099; EventCycleTimeCount=35.000; SleepCycleTimeCount=35.000; SubmitCycleTimeCount=36.000; LogProcessCycleTimeAvg=0.003; LogProcessCycleTimeMax=0.012; LogProcessCycleTimeMin=0.000; LogProcessCycleTimeStd=0.004; LogProcessCycleTimeSum=0.049; LogProcessCycleTimeCount=15.000; ]
01/15/26 02:14:17 Initializing user log writer for /home/kiso/kiso-plankifier-experiment/kiso/pegasus/plankifier-wf/run0001/./plankifier-wf-0.dag.nodes.log, (13.0.0)
01/15/26 02:14:22 Currently monitoring 1 HTCondor log file(s)
01/15/26 02:14:22 Event: ULOG_POST_SCRIPT_TERMINATED for HTCondor Node cleanup_plankifier-wf_0_local (13.0.0) {01/15/26 02:14:17}
01/15/26 02:14:22 POST Script of node cleanup_plankifier-wf_0_local completed successfully.
01/15/26 02:14:22 DAG status: 0 (DAG_STATUS_OK)
01/15/26 02:14:22 Of 12 nodes total:
01/15/26 02:14:22  Done     Pre   Queued    Post   Ready   Un-Ready   Failed   Futile
01/15/26 02:14:22   ===     ===      ===     ===     ===        ===      ===      ===
01/15/26 02:14:22    12       0        0       0       0          0        0        0
01/15/26 02:14:22 0 job proc(s) currently held
01/15/26 02:14:22 DAGMan Runtime Statistics: [EventCycleTimeAvg=0.005; EventCycleTimeMax=0.024; EventCycleTimeMin=0.000; EventCycleTimeStd=0.007; EventCycleTimeSum=0.163; SleepCycleTimeAvg=5.025; SleepCycleTimeMax=5.113; SleepCycleTimeMin=5.005; SleepCycleTimeStd=0.040; SleepCycleTimeSum=180.885; SubmitCycleTimeAvg=0.003; SubmitCycleTimeMax=0.023; SubmitCycleTimeMin=0.000; SubmitCycleTimeStd=0.006; SubmitCycleTimeSum=0.099; EventCycleTimeCount=36.000; SleepCycleTimeCount=36.000; SubmitCycleTimeCount=37.000; LogProcessCycleTimeAvg=0.003; LogProcessCycleTimeMax=0.012; LogProcessCycleTimeMin=0.000; LogProcessCycleTimeStd=0.004; LogProcessCycleTimeSum=0.049; LogProcessCycleTimeCount=16.000; ]
01/15/26 02:14:22 All jobs Completed!
01/15/26 02:14:22 Note: 0 total node deferrals because of -MaxJobs limit (0)
01/15/26 02:14:22 Note: 0 total node deferrals because of -MaxIdle limit (1000)
01/15/26 02:14:22 Note: 0 total node deferrals because of node category throttles
01/15/26 02:14:22 Note: 0 total PRE script deferrals because of -MaxPre limit (20) or DEFER
01/15/26 02:14:22 Note: 0 total POST script deferrals because of -MaxPost limit (20) or DEFER
01/15/26 02:14:22 Note: 0 total HOLD script deferrals because of -MaxHold limit (20) or DEFER
01/15/26 02:14:22 DAG status: 0 (DAG_STATUS_OK)
01/15/26 02:14:22 Of 12 nodes total:
01/15/26 02:14:22  Done     Pre   Queued    Post   Ready   Un-Ready   Failed   Futile
01/15/26 02:14:22   ===     ===      ===     ===     ===        ===      ===      ===
01/15/26 02:14:22    12       0        0       0       0          0        0        0
01/15/26 02:14:22 0 job proc(s) currently held
01/15/26 02:14:22 DAGMan Runtime Statistics: [EventCycleTimeAvg=0.005; EventCycleTimeMax=0.024; EventCycleTimeMin=0.000; EventCycleTimeStd=0.007; EventCycleTimeSum=0.163; SleepCycleTimeAvg=5.025; SleepCycleTimeMax=5.113; SleepCycleTimeMin=5.005; SleepCycleTimeStd=0.040; SleepCycleTimeSum=180.885; SubmitCycleTimeAvg=0.003; SubmitCycleTimeMax=0.023; SubmitCycleTimeMin=0.000; SubmitCycleTimeStd=0.006; SubmitCycleTimeSum=0.099; EventCycleTimeCount=36.000; SleepCycleTimeCount=36.000; SubmitCycleTimeCount=37.000; LogProcessCycleTimeAvg=0.003; LogProcessCycleTimeMax=0.012; LogProcessCycleTimeMin=0.000; LogProcessCycleTimeStd=0.004; LogProcessCycleTimeSum=0.049; LogProcessCycleTimeCount=16.000; ]
01/15/26 02:14:22 Wrote metrics file plankifier-wf-0.dag.metrics.
01/15/26 02:14:22 DAGMan Runtime Statistics: [EventCycleTimeAvg=0.005; EventCycleTimeMax=0.024; EventCycleTimeMin=0.000; EventCycleTimeStd=0.007; EventCycleTimeSum=0.163; SleepCycleTimeAvg=5.025; SleepCycleTimeMax=5.113; SleepCycleTimeMin=5.005; SleepCycleTimeStd=0.040; SleepCycleTimeSum=180.885; SubmitCycleTimeAvg=0.003; SubmitCycleTimeMax=0.023; SubmitCycleTimeMin=0.000; SubmitCycleTimeStd=0.006; SubmitCycleTimeSum=0.099; EventCycleTimeCount=36.000; SleepCycleTimeCount=36.000; SubmitCycleTimeCount=37.000; LogProcessCycleTimeAvg=0.003; LogProcessCycleTimeMax=0.012; LogProcessCycleTimeMin=0.000; LogProcessCycleTimeStd=0.004; LogProcessCycleTimeSum=0.049; LogProcessCycleTimeCount=16.000; ]
01/15/26 02:14:22 **** condor_scheduniv_exec.1.0 (condor_DAGMAN) pid 13054 EXITING WITH STATUS 0
