000 (002.000.000) 2026-01-15 02:42:52 Job submitted from host: <129.114.108.231:9618?addrs=129.114.108.231-9618&alias=enos--o-compute-zen3-o--0&noUDP&sock=schedd_12287_7040>
    DAG Node: create_dir_plankifier-wf_0_local
    pool:local
...
000 (003.000.000) 2026-01-15 02:42:52 Job submitted from host: <129.114.108.231:9618?addrs=129.114.108.231-9618&alias=enos--o-compute-zen3-o--0&noUDP&sock=schedd_12287_7040>
    DAG Node: stage_worker_local_plankifier-wf_0_local
    pool:local
...
001 (002.000.000) 2026-01-15 02:42:56 Job executing on host: <129.114.108.231:9618?addrs=129.114.108.231-9618&alias=enos--o-compute-zen3-o--0&noUDP&sock=starter_12338_fcaf_2>
...
001 (003.000.000) 2026-01-15 02:42:56 Job executing on host: <129.114.108.231:9618?addrs=129.114.108.231-9618&alias=enos--o-compute-zen3-o--0&noUDP&sock=starter_12338_fcaf_3>
...
005 (002.000.000) 2026-01-15 02:42:58 Job terminated.
	(1) Normal termination (return value 0)
		Usr 0 00:00:00, Sys 0 00:00:00  -  Run Remote Usage
		Usr 0 00:00:00, Sys 0 00:00:00  -  Run Local Usage
		Usr 0 00:00:00, Sys 0 00:00:00  -  Total Remote Usage
		Usr 0 00:00:00, Sys 0 00:00:00  -  Total Local Usage
	0  -  Run Bytes Sent By Job
	0  -  Run Bytes Received By Job
	0  -  Total Bytes Sent By Job
	0  -  Total Bytes Received By Job
...
005 (003.000.000) 2026-01-15 02:42:59 Job terminated.
	(1) Normal termination (return value 0)
		Usr 0 00:00:00, Sys 0 00:00:00  -  Run Remote Usage
		Usr 0 00:00:00, Sys 0 00:00:00  -  Run Local Usage
		Usr 0 00:00:00, Sys 0 00:00:00  -  Total Remote Usage
		Usr 0 00:00:00, Sys 0 00:00:00  -  Total Local Usage
	0  -  Run Bytes Sent By Job
	0  -  Run Bytes Received By Job
	0  -  Total Bytes Sent By Job
	0  -  Total Bytes Received By Job
...
016 (002.000.000) 2026-01-15 02:43:02 POST Script terminated.
	(1) Normal termination (return value 0)
    DAG Node: create_dir_plankifier-wf_0_local
...
016 (003.000.000) 2026-01-15 02:43:02 POST Script terminated.
	(1) Normal termination (return value 0)
    DAG Node: stage_worker_local_plankifier-wf_0_local
...
000 (004.000.000) 2026-01-15 02:43:12 Job submitted from host: <129.114.108.231:9618?addrs=129.114.108.231-9618&alias=enos--o-compute-zen3-o--0&noUDP&sock=schedd_12287_7040>
    DAG Node: stage_in_local_local_1_0
    pool:local
...
000 (005.000.000) 2026-01-15 02:43:12 Job submitted from host: <129.114.108.231:9618?addrs=129.114.108.231-9618&alias=enos--o-compute-zen3-o--0&noUDP&sock=schedd_12287_7040>
    DAG Node: plankifier_ID0000001
    pool:condorpool
...
001 (004.000.000) 2026-01-15 02:43:12 Job executing on host: <129.114.108.231:9618?addrs=129.114.108.231-9618&alias=enos--o-compute-zen3-o--0&noUDP&sock=starter_12338_fcaf_4>
...
005 (004.000.000) 2026-01-15 02:43:14 Job terminated.
	(1) Normal termination (return value 0)
		Usr 0 00:00:00, Sys 0 00:00:00  -  Run Remote Usage
		Usr 0 00:00:00, Sys 0 00:00:00  -  Run Local Usage
		Usr 0 00:00:00, Sys 0 00:00:00  -  Total Remote Usage
		Usr 0 00:00:00, Sys 0 00:00:00  -  Total Local Usage
	0  -  Run Bytes Sent By Job
	0  -  Run Bytes Received By Job
	0  -  Total Bytes Sent By Job
	0  -  Total Bytes Received By Job
...
016 (004.000.000) 2026-01-15 02:43:17 POST Script terminated.
	(1) Normal termination (return value 0)
    DAG Node: stage_in_local_local_1_0
...
001 (005.000.000) 2026-01-15 02:43:36 Job executing on host: <100.64.115.195:9618?CCBID=129.114.108.231:9618%3faddrs%3d129.114.108.231-9618%26alias%3denos--o-compute-zen3-o--0%26noUDP%26sock%3dcollector#1&PrivNet=zun-3d85e2e2-9040-48e7-8739-1aa9db18ae24-6546bfd8dd-krw8c&addrs=100.64.115.195-9618&alias=zun-3d85e2e2-9040-48e7-8739-1aa9db18ae24-6546bfd8dd-krw8c&noUDP&sock=startd_860_7789>
	SlotName: slot1_1@zun-3d85e2e2-9040-48e7-8739-1aa9db18ae24-6546bfd8dd-krw8c
	CondorScratchDir = "/var/lib/condor/execute/dir_2895"
	Cpus = 1
	Disk = 14336
	GPUs = 0
	Memory = 128
...
005 (005.000.000) 2026-01-15 02:44:43 Job terminated.
	(1) Normal termination (return value 0)
		Usr 0 00:02:36, Sys 0 00:00:04  -  Run Remote Usage
		Usr 0 00:00:00, Sys 0 00:00:00  -  Run Local Usage
		Usr 0 00:02:36, Sys 0 00:00:04  -  Total Remote Usage
		Usr 0 00:00:00, Sys 0 00:00:00  -  Total Local Usage
	34119  -  Run Bytes Sent By Job
	12548439  -  Run Bytes Received By Job
	34119  -  Total Bytes Sent By Job
	12548439  -  Total Bytes Received By Job
	Partitionable Resources :    Usage  Request Allocated 
	   Cpus                 :     0.04        1         1 
	   Disk (KB)            : 88966       12500     14336 
	   GPUs                 :                           0 
	   Memory (MB)          :   618           1       128 
	   TimeExecute (s)      :    66                       
	   TimeSlotBusy (s)     :    72                       
...
016 (005.000.000) 2026-01-15 02:44:47 POST Script terminated.
	(1) Normal termination (return value 0)
    DAG Node: plankifier_ID0000001
...
000 (006.000.000) 2026-01-15 02:44:57 Job submitted from host: <129.114.108.231:9618?addrs=129.114.108.231-9618&alias=enos--o-compute-zen3-o--0&noUDP&sock=schedd_12287_7040>
    DAG Node: stage_out_local_local_0_0
    pool:local
...
000 (007.000.000) 2026-01-15 02:44:57 Job submitted from host: <129.114.108.231:9618?addrs=129.114.108.231-9618&alias=enos--o-compute-zen3-o--0&noUDP&sock=schedd_12287_7040>
    DAG Node: count_ID0000002
    pool:condorpool
...
001 (006.000.000) 2026-01-15 02:44:57 Job executing on host: <129.114.108.231:9618?addrs=129.114.108.231-9618&alias=enos--o-compute-zen3-o--0&noUDP&sock=starter_12338_fcaf_6>
...
001 (007.000.000) 2026-01-15 02:44:57 Job executing on host: <129.114.108.231:9618?addrs=129.114.108.231-9618&alias=enos--o-compute-zen3-o--0&noUDP&sock=startd_12287_7040>
	SlotName: slot1_1@enos--o-compute-zen3-o--0
	CondorScratchDir = "/var/lib/condor/execute/dir_14597"
	Cpus = 1
	Disk = 14336
	GPUs = 0
	Memory = 128
...
005 (007.000.000) 2026-01-15 02:44:59 Job terminated.
	(1) Normal termination (return value 0)
		Usr 0 00:00:00, Sys 0 00:00:00  -  Run Remote Usage
		Usr 0 00:00:00, Sys 0 00:00:00  -  Run Local Usage
		Usr 0 00:00:00, Sys 0 00:00:00  -  Total Remote Usage
		Usr 0 00:00:00, Sys 0 00:00:00  -  Total Local Usage
	6353  -  Run Bytes Sent By Job
	12561738  -  Run Bytes Received By Job
	6353  -  Total Bytes Sent By Job
	12561738  -  Total Bytes Received By Job
	Partitionable Resources :    Usage  Request Allocated 
	   Cpus                 :        0        1         1 
	   Disk (KB)            :    12292    12500     14336 
	   GPUs                 :                           0 
	   Memory (MB)          :        0        1       128 
	   TimeExecute (s)      :        2                    
	   TimeSlotBusy (s)     :        2                    
...
005 (006.000.000) 2026-01-15 02:45:00 Job terminated.
	(1) Normal termination (return value 0)
		Usr 0 00:00:00, Sys 0 00:00:00  -  Run Remote Usage
		Usr 0 00:00:00, Sys 0 00:00:00  -  Run Local Usage
		Usr 0 00:00:00, Sys 0 00:00:00  -  Total Remote Usage
		Usr 0 00:00:00, Sys 0 00:00:00  -  Total Local Usage
	0  -  Run Bytes Sent By Job
	0  -  Run Bytes Received By Job
	0  -  Total Bytes Sent By Job
	0  -  Total Bytes Received By Job
...
016 (006.000.000) 2026-01-15 02:45:02 POST Script terminated.
	(1) Normal termination (return value 0)
    DAG Node: stage_out_local_local_0_0
...
016 (007.000.000) 2026-01-15 02:45:02 POST Script terminated.
	(1) Normal termination (return value 0)
    DAG Node: count_ID0000002
...
000 (008.000.000) 2026-01-15 02:45:12 Job submitted from host: <129.114.108.231:9618?addrs=129.114.108.231-9618&alias=enos--o-compute-zen3-o--0&noUDP&sock=schedd_12287_7040>
    DAG Node: clean_up_local_level_3_0
    pool:local
...
000 (009.000.000) 2026-01-15 02:45:12 Job submitted from host: <129.114.108.231:9618?addrs=129.114.108.231-9618&alias=enos--o-compute-zen3-o--0&noUDP&sock=schedd_12287_7040>
    DAG Node: stage_out_local_local_1_0
    pool:local
...
000 (010.000.000) 2026-01-15 02:45:12 Job submitted from host: <129.114.108.231:9618?addrs=129.114.108.231-9618&alias=enos--o-compute-zen3-o--0&noUDP&sock=schedd_12287_7040>
    DAG Node: register_local_0_0
    pool:local
...
001 (008.000.000) 2026-01-15 02:45:12 Job executing on host: <129.114.108.231:9618?addrs=129.114.108.231-9618&alias=enos--o-compute-zen3-o--0&noUDP&sock=starter_12338_fcaf_8>
...
001 (009.000.000) 2026-01-15 02:45:12 Job executing on host: <129.114.108.231:9618?addrs=129.114.108.231-9618&alias=enos--o-compute-zen3-o--0&noUDP&sock=starter_12338_fcaf_9>
...
001 (010.000.000) 2026-01-15 02:45:12 Job executing on host: <129.114.108.231:9618?addrs=129.114.108.231-9618&alias=enos--o-compute-zen3-o--0&noUDP&sock=starter_12338_fcaf_10>
...
005 (010.000.000) 2026-01-15 02:45:15 Job terminated.
	(1) Normal termination (return value 0)
		Usr 0 00:00:00, Sys 0 00:00:00  -  Run Remote Usage
		Usr 0 00:00:03, Sys 0 00:00:00  -  Run Local Usage
		Usr 0 00:00:00, Sys 0 00:00:00  -  Total Remote Usage
		Usr 0 00:00:00, Sys 0 00:00:00  -  Total Local Usage
	0  -  Run Bytes Sent By Job
	0  -  Run Bytes Received By Job
	0  -  Total Bytes Sent By Job
	0  -  Total Bytes Received By Job
...
005 (009.000.000) 2026-01-15 02:45:15 Job terminated.
	(1) Normal termination (return value 0)
		Usr 0 00:00:00, Sys 0 00:00:00  -  Run Remote Usage
		Usr 0 00:00:00, Sys 0 00:00:00  -  Run Local Usage
		Usr 0 00:00:00, Sys 0 00:00:00  -  Total Remote Usage
		Usr 0 00:00:00, Sys 0 00:00:00  -  Total Local Usage
	0  -  Run Bytes Sent By Job
	0  -  Run Bytes Received By Job
	0  -  Total Bytes Sent By Job
	0  -  Total Bytes Received By Job
...
005 (008.000.000) 2026-01-15 02:45:17 Job terminated.
	(1) Normal termination (return value 0)
		Usr 0 00:00:00, Sys 0 00:00:00  -  Run Remote Usage
		Usr 0 00:00:00, Sys 0 00:00:00  -  Run Local Usage
		Usr 0 00:00:00, Sys 0 00:00:00  -  Total Remote Usage
		Usr 0 00:00:00, Sys 0 00:00:00  -  Total Local Usage
	0  -  Run Bytes Sent By Job
	0  -  Run Bytes Received By Job
	0  -  Total Bytes Sent By Job
	0  -  Total Bytes Received By Job
...
016 (010.000.000) 2026-01-15 02:45:17 POST Script terminated.
	(1) Normal termination (return value 0)
    DAG Node: register_local_0_0
...
016 (009.000.000) 2026-01-15 02:45:17 POST Script terminated.
	(1) Normal termination (return value 0)
    DAG Node: stage_out_local_local_1_0
...
016 (008.000.000) 2026-01-15 02:45:17 POST Script terminated.
	(1) Normal termination (return value 0)
    DAG Node: clean_up_local_level_3_0
...
000 (011.000.000) 2026-01-15 02:45:27 Job submitted from host: <129.114.108.231:9618?addrs=129.114.108.231-9618&alias=enos--o-compute-zen3-o--0&noUDP&sock=schedd_12287_7040>
    DAG Node: clean_up_local_level_4_0
    pool:local
...
000 (012.000.000) 2026-01-15 02:45:27 Job submitted from host: <129.114.108.231:9618?addrs=129.114.108.231-9618&alias=enos--o-compute-zen3-o--0&noUDP&sock=schedd_12287_7040>
    DAG Node: register_local_1_0
    pool:local
...
001 (011.000.000) 2026-01-15 02:45:28 Job executing on host: <129.114.108.231:9618?addrs=129.114.108.231-9618&alias=enos--o-compute-zen3-o--0&noUDP&sock=starter_12338_fcaf_11>
...
001 (012.000.000) 2026-01-15 02:45:28 Job executing on host: <129.114.108.231:9618?addrs=129.114.108.231-9618&alias=enos--o-compute-zen3-o--0&noUDP&sock=starter_12338_fcaf_12>
...
005 (012.000.000) 2026-01-15 02:45:30 Job terminated.
	(1) Normal termination (return value 0)
		Usr 0 00:00:00, Sys 0 00:00:00  -  Run Remote Usage
		Usr 0 00:00:03, Sys 0 00:00:00  -  Run Local Usage
		Usr 0 00:00:00, Sys 0 00:00:00  -  Total Remote Usage
		Usr 0 00:00:00, Sys 0 00:00:00  -  Total Local Usage
	0  -  Run Bytes Sent By Job
	0  -  Run Bytes Received By Job
	0  -  Total Bytes Sent By Job
	0  -  Total Bytes Received By Job
...
005 (011.000.000) 2026-01-15 02:45:30 Job terminated.
	(1) Normal termination (return value 0)
		Usr 0 00:00:00, Sys 0 00:00:00  -  Run Remote Usage
		Usr 0 00:00:00, Sys 0 00:00:00  -  Run Local Usage
		Usr 0 00:00:00, Sys 0 00:00:00  -  Total Remote Usage
		Usr 0 00:00:00, Sys 0 00:00:00  -  Total Local Usage
	0  -  Run Bytes Sent By Job
	0  -  Run Bytes Received By Job
	0  -  Total Bytes Sent By Job
	0  -  Total Bytes Received By Job
...
016 (012.000.000) 2026-01-15 02:45:32 POST Script terminated.
	(1) Normal termination (return value 0)
    DAG Node: register_local_1_0
...
016 (011.000.000) 2026-01-15 02:45:32 POST Script terminated.
	(1) Normal termination (return value 0)
    DAG Node: clean_up_local_level_4_0
...
000 (013.000.000) 2026-01-15 02:45:42 Job submitted from host: <129.114.108.231:9618?addrs=129.114.108.231-9618&alias=enos--o-compute-zen3-o--0&noUDP&sock=schedd_12287_7040>
    DAG Node: cleanup_plankifier-wf_0_local
    pool:local
...
001 (013.000.000) 2026-01-15 02:45:43 Job executing on host: <129.114.108.231:9618?addrs=129.114.108.231-9618&alias=enos--o-compute-zen3-o--0&noUDP&sock=starter_12338_fcaf_13>
...
005 (013.000.000) 2026-01-15 02:45:45 Job terminated.
	(1) Normal termination (return value 0)
		Usr 0 00:00:00, Sys 0 00:00:00  -  Run Remote Usage
		Usr 0 00:00:00, Sys 0 00:00:00  -  Run Local Usage
		Usr 0 00:00:00, Sys 0 00:00:00  -  Total Remote Usage
		Usr 0 00:00:00, Sys 0 00:00:00  -  Total Local Usage
	0  -  Run Bytes Sent By Job
	0  -  Run Bytes Received By Job
	0  -  Total Bytes Sent By Job
	0  -  Total Bytes Received By Job
...
016 (013.000.000) 2026-01-15 02:45:48 POST Script terminated.
	(1) Normal termination (return value 0)
    DAG Node: cleanup_plankifier-wf_0_local
...
