000 (002.000.000) 2026-01-16 03:45:40 Job submitted from host: <129.114.108.231:9618?addrs=129.114.108.231-9618&alias=enos--o-compute-zen3-o--0&noUDP&sock=schedd_12360_82aa>
    DAG Node: create_dir_plankifier-wf_0_local
    pool:local
...
000 (003.000.000) 2026-01-16 03:45:40 Job submitted from host: <129.114.108.231:9618?addrs=129.114.108.231-9618&alias=enos--o-compute-zen3-o--0&noUDP&sock=schedd_12360_82aa>
    DAG Node: stage_worker_local_plankifier-wf_0_local
    pool:local
...
001 (002.000.000) 2026-01-16 03:45:44 Job executing on host: <129.114.108.231:9618?addrs=129.114.108.231-9618&alias=enos--o-compute-zen3-o--0&noUDP&sock=starter_12412_2072_2>
...
001 (003.000.000) 2026-01-16 03:45:44 Job executing on host: <129.114.108.231:9618?addrs=129.114.108.231-9618&alias=enos--o-compute-zen3-o--0&noUDP&sock=starter_12412_2072_3>
...
005 (002.000.000) 2026-01-16 03:45:46 Job terminated.
	(1) Normal termination (return value 0)
		Usr 0 00:00:00, Sys 0 00:00:00  -  Run Remote Usage
		Usr 0 00:00:00, Sys 0 00:00:00  -  Run Local Usage
		Usr 0 00:00:00, Sys 0 00:00:00  -  Total Remote Usage
		Usr 0 00:00:00, Sys 0 00:00:00  -  Total Local Usage
	0  -  Run Bytes Sent By Job
	0  -  Run Bytes Received By Job
	0  -  Total Bytes Sent By Job
	0  -  Total Bytes Received By Job
...
005 (003.000.000) 2026-01-16 03:45:47 Job terminated.
	(1) Normal termination (return value 0)
		Usr 0 00:00:00, Sys 0 00:00:00  -  Run Remote Usage
		Usr 0 00:00:00, Sys 0 00:00:00  -  Run Local Usage
		Usr 0 00:00:00, Sys 0 00:00:00  -  Total Remote Usage
		Usr 0 00:00:00, Sys 0 00:00:00  -  Total Local Usage
	0  -  Run Bytes Sent By Job
	0  -  Run Bytes Received By Job
	0  -  Total Bytes Sent By Job
	0  -  Total Bytes Received By Job
...
016 (002.000.000) 2026-01-16 03:45:50 POST Script terminated.
	(1) Normal termination (return value 0)
    DAG Node: create_dir_plankifier-wf_0_local
...
016 (003.000.000) 2026-01-16 03:45:50 POST Script terminated.
	(1) Normal termination (return value 0)
    DAG Node: stage_worker_local_plankifier-wf_0_local
...
000 (004.000.000) 2026-01-16 03:46:00 Job submitted from host: <129.114.108.231:9618?addrs=129.114.108.231-9618&alias=enos--o-compute-zen3-o--0&noUDP&sock=schedd_12360_82aa>
    DAG Node: stage_in_local_local_1_0
    pool:local
...
000 (005.000.000) 2026-01-16 03:46:00 Job submitted from host: <129.114.108.231:9618?addrs=129.114.108.231-9618&alias=enos--o-compute-zen3-o--0&noUDP&sock=schedd_12360_82aa>
    DAG Node: plankifier_ID0000001
    pool:condorpool
...
001 (004.000.000) 2026-01-16 03:46:00 Job executing on host: <129.114.108.231:9618?addrs=129.114.108.231-9618&alias=enos--o-compute-zen3-o--0&noUDP&sock=starter_12412_2072_4>
...
005 (004.000.000) 2026-01-16 03:46:02 Job terminated.
	(1) Normal termination (return value 0)
		Usr 0 00:00:00, Sys 0 00:00:00  -  Run Remote Usage
		Usr 0 00:00:00, Sys 0 00:00:00  -  Run Local Usage
		Usr 0 00:00:00, Sys 0 00:00:00  -  Total Remote Usage
		Usr 0 00:00:00, Sys 0 00:00:00  -  Total Local Usage
	0  -  Run Bytes Sent By Job
	0  -  Run Bytes Received By Job
	0  -  Total Bytes Sent By Job
	0  -  Total Bytes Received By Job
...
016 (004.000.000) 2026-01-16 03:46:05 POST Script terminated.
	(1) Normal termination (return value 0)
    DAG Node: stage_in_local_local_1_0
...
001 (005.000.000) 2026-01-16 03:46:21 Job executing on host: <100.64.75.38:9618?CCBID=129.114.108.231:9618%3faddrs%3d129.114.108.231-9618%26alias%3denos--o-compute-zen3-o--0%26noUDP%26sock%3dcollector#1&PrivNet=zun-308e7fde-dec0-402d-a2d3-46afbf1ca2e7-8d56ff5c6-4xg4g&addrs=100.64.75.38-9618&alias=zun-308e7fde-dec0-402d-a2d3-46afbf1ca2e7-8d56ff5c6-4xg4g&noUDP&sock=startd_898_8822>
	SlotName: slot1_1@zun-308e7fde-dec0-402d-a2d3-46afbf1ca2e7-8d56ff5c6-4xg4g
	CondorScratchDir = "/var/lib/condor/execute/dir_2855"
	Cpus = 1
	Disk = 14337
	GPUs = 0
	Memory = 128
...
005 (005.000.000) 2026-01-16 03:47:30 Job terminated.
	(1) Normal termination (return value 0)
		Usr 0 00:02:03, Sys 0 00:00:04  -  Run Remote Usage
		Usr 0 00:00:00, Sys 0 00:00:00  -  Run Local Usage
		Usr 0 00:02:03, Sys 0 00:00:04  -  Total Remote Usage
		Usr 0 00:00:00, Sys 0 00:00:00  -  Total Local Usage
	34112  -  Run Bytes Sent By Job
	12548439  -  Run Bytes Received By Job
	34112  -  Total Bytes Sent By Job
	12548439  -  Total Bytes Received By Job
	Partitionable Resources :    Usage  Request Allocated 
	   Cpus                 :     3.64        1         1 
	   Disk (KB)            : 88966       12500     14337 
	   GPUs                 :                           0 
	   Memory (MB)          :   702           1       128 
	   TimeExecute (s)      :    68                       
	   TimeSlotBusy (s)     :    71                       
...
016 (005.000.000) 2026-01-16 03:47:30 POST Script terminated.
	(1) Normal termination (return value 0)
    DAG Node: plankifier_ID0000001
...
000 (006.000.000) 2026-01-16 03:47:40 Job submitted from host: <129.114.108.231:9618?addrs=129.114.108.231-9618&alias=enos--o-compute-zen3-o--0&noUDP&sock=schedd_12360_82aa>
    DAG Node: stage_out_local_local_0_0
    pool:local
...
000 (007.000.000) 2026-01-16 03:47:40 Job submitted from host: <129.114.108.231:9618?addrs=129.114.108.231-9618&alias=enos--o-compute-zen3-o--0&noUDP&sock=schedd_12360_82aa>
    DAG Node: count_ID0000002
    pool:condorpool
...
001 (006.000.000) 2026-01-16 03:47:40 Job executing on host: <129.114.108.231:9618?addrs=129.114.108.231-9618&alias=enos--o-compute-zen3-o--0&noUDP&sock=starter_12412_2072_6>
...
001 (007.000.000) 2026-01-16 03:47:41 Job executing on host: <129.114.108.231:9618?addrs=129.114.108.231-9618&alias=enos--o-compute-zen3-o--0&noUDP&sock=startd_12360_82aa>
	SlotName: slot1_1@enos--o-compute-zen3-o--0
	CondorScratchDir = "/var/lib/condor/execute/dir_14669"
	Cpus = 1
	Disk = 14336
	GPUs = 0
	Memory = 128
...
005 (007.000.000) 2026-01-16 03:47:42 Job terminated.
	(1) Normal termination (return value 0)
		Usr 0 00:00:00, Sys 0 00:00:00  -  Run Remote Usage
		Usr 0 00:00:00, Sys 0 00:00:00  -  Run Local Usage
		Usr 0 00:00:00, Sys 0 00:00:00  -  Total Remote Usage
		Usr 0 00:00:00, Sys 0 00:00:00  -  Total Local Usage
	6353  -  Run Bytes Sent By Job
	12561738  -  Run Bytes Received By Job
	6353  -  Total Bytes Sent By Job
	12561738  -  Total Bytes Received By Job
	Partitionable Resources :    Usage  Request Allocated 
	   Cpus                 :        0        1         1 
	   Disk (KB)            :    12292    12500     14336 
	   GPUs                 :                           0 
	   Memory (MB)          :        0        1       128 
	   TimeExecute (s)      :        1                    
	   TimeSlotBusy (s)     :        2                    
...
005 (006.000.000) 2026-01-16 03:47:43 Job terminated.
	(1) Normal termination (return value 0)
		Usr 0 00:00:00, Sys 0 00:00:00  -  Run Remote Usage
		Usr 0 00:00:00, Sys 0 00:00:00  -  Run Local Usage
		Usr 0 00:00:00, Sys 0 00:00:00  -  Total Remote Usage
		Usr 0 00:00:00, Sys 0 00:00:00  -  Total Local Usage
	0  -  Run Bytes Sent By Job
	0  -  Run Bytes Received By Job
	0  -  Total Bytes Sent By Job
	0  -  Total Bytes Received By Job
...
016 (006.000.000) 2026-01-16 03:47:45 POST Script terminated.
	(1) Normal termination (return value 0)
    DAG Node: stage_out_local_local_0_0
...
016 (007.000.000) 2026-01-16 03:47:45 POST Script terminated.
	(1) Normal termination (return value 0)
    DAG Node: count_ID0000002
...
000 (008.000.000) 2026-01-16 03:47:55 Job submitted from host: <129.114.108.231:9618?addrs=129.114.108.231-9618&alias=enos--o-compute-zen3-o--0&noUDP&sock=schedd_12360_82aa>
    DAG Node: clean_up_local_level_3_0
    pool:local
...
000 (009.000.000) 2026-01-16 03:47:55 Job submitted from host: <129.114.108.231:9618?addrs=129.114.108.231-9618&alias=enos--o-compute-zen3-o--0&noUDP&sock=schedd_12360_82aa>
    DAG Node: stage_out_local_local_1_0
    pool:local
...
000 (010.000.000) 2026-01-16 03:47:55 Job submitted from host: <129.114.108.231:9618?addrs=129.114.108.231-9618&alias=enos--o-compute-zen3-o--0&noUDP&sock=schedd_12360_82aa>
    DAG Node: register_local_0_0
    pool:local
...
001 (008.000.000) 2026-01-16 03:47:55 Job executing on host: <129.114.108.231:9618?addrs=129.114.108.231-9618&alias=enos--o-compute-zen3-o--0&noUDP&sock=starter_12412_2072_8>
...
001 (009.000.000) 2026-01-16 03:47:56 Job executing on host: <129.114.108.231:9618?addrs=129.114.108.231-9618&alias=enos--o-compute-zen3-o--0&noUDP&sock=starter_12412_2072_9>
...
001 (010.000.000) 2026-01-16 03:47:56 Job executing on host: <129.114.108.231:9618?addrs=129.114.108.231-9618&alias=enos--o-compute-zen3-o--0&noUDP&sock=starter_12412_2072_10>
...
005 (010.000.000) 2026-01-16 03:47:58 Job terminated.
	(1) Normal termination (return value 0)
		Usr 0 00:00:00, Sys 0 00:00:00  -  Run Remote Usage
		Usr 0 00:00:03, Sys 0 00:00:00  -  Run Local Usage
		Usr 0 00:00:00, Sys 0 00:00:00  -  Total Remote Usage
		Usr 0 00:00:00, Sys 0 00:00:00  -  Total Local Usage
	0  -  Run Bytes Sent By Job
	0  -  Run Bytes Received By Job
	0  -  Total Bytes Sent By Job
	0  -  Total Bytes Received By Job
...
005 (009.000.000) 2026-01-16 03:47:58 Job terminated.
	(1) Normal termination (return value 0)
		Usr 0 00:00:00, Sys 0 00:00:00  -  Run Remote Usage
		Usr 0 00:00:00, Sys 0 00:00:00  -  Run Local Usage
		Usr 0 00:00:00, Sys 0 00:00:00  -  Total Remote Usage
		Usr 0 00:00:00, Sys 0 00:00:00  -  Total Local Usage
	0  -  Run Bytes Sent By Job
	0  -  Run Bytes Received By Job
	0  -  Total Bytes Sent By Job
	0  -  Total Bytes Received By Job
...
005 (008.000.000) 2026-01-16 03:48:00 Job terminated.
	(1) Normal termination (return value 0)
		Usr 0 00:00:00, Sys 0 00:00:00  -  Run Remote Usage
		Usr 0 00:00:00, Sys 0 00:00:00  -  Run Local Usage
		Usr 0 00:00:00, Sys 0 00:00:00  -  Total Remote Usage
		Usr 0 00:00:00, Sys 0 00:00:00  -  Total Local Usage
	0  -  Run Bytes Sent By Job
	0  -  Run Bytes Received By Job
	0  -  Total Bytes Sent By Job
	0  -  Total Bytes Received By Job
...
016 (010.000.000) 2026-01-16 03:48:00 POST Script terminated.
	(1) Normal termination (return value 0)
    DAG Node: register_local_0_0
...
016 (009.000.000) 2026-01-16 03:48:00 POST Script terminated.
	(1) Normal termination (return value 0)
    DAG Node: stage_out_local_local_1_0
...
016 (008.000.000) 2026-01-16 03:48:00 POST Script terminated.
	(1) Normal termination (return value 0)
    DAG Node: clean_up_local_level_3_0
...
000 (011.000.000) 2026-01-16 03:48:10 Job submitted from host: <129.114.108.231:9618?addrs=129.114.108.231-9618&alias=enos--o-compute-zen3-o--0&noUDP&sock=schedd_12360_82aa>
    DAG Node: clean_up_local_level_4_0
    pool:local
...
000 (012.000.000) 2026-01-16 03:48:11 Job submitted from host: <129.114.108.231:9618?addrs=129.114.108.231-9618&alias=enos--o-compute-zen3-o--0&noUDP&sock=schedd_12360_82aa>
    DAG Node: register_local_1_0
    pool:local
...
001 (011.000.000) 2026-01-16 03:48:11 Job executing on host: <129.114.108.231:9618?addrs=129.114.108.231-9618&alias=enos--o-compute-zen3-o--0&noUDP&sock=starter_12412_2072_11>
...
001 (012.000.000) 2026-01-16 03:48:11 Job executing on host: <129.114.108.231:9618?addrs=129.114.108.231-9618&alias=enos--o-compute-zen3-o--0&noUDP&sock=starter_12412_2072_12>
...
005 (012.000.000) 2026-01-16 03:48:13 Job terminated.
	(1) Normal termination (return value 0)
		Usr 0 00:00:00, Sys 0 00:00:00  -  Run Remote Usage
		Usr 0 00:00:02, Sys 0 00:00:00  -  Run Local Usage
		Usr 0 00:00:00, Sys 0 00:00:00  -  Total Remote Usage
		Usr 0 00:00:00, Sys 0 00:00:00  -  Total Local Usage
	0  -  Run Bytes Sent By Job
	0  -  Run Bytes Received By Job
	0  -  Total Bytes Sent By Job
	0  -  Total Bytes Received By Job
...
005 (011.000.000) 2026-01-16 03:48:13 Job terminated.
	(1) Normal termination (return value 0)
		Usr 0 00:00:00, Sys 0 00:00:00  -  Run Remote Usage
		Usr 0 00:00:00, Sys 0 00:00:00  -  Run Local Usage
		Usr 0 00:00:00, Sys 0 00:00:00  -  Total Remote Usage
		Usr 0 00:00:00, Sys 0 00:00:00  -  Total Local Usage
	0  -  Run Bytes Sent By Job
	0  -  Run Bytes Received By Job
	0  -  Total Bytes Sent By Job
	0  -  Total Bytes Received By Job
...
016 (012.000.000) 2026-01-16 03:48:16 POST Script terminated.
	(1) Normal termination (return value 0)
    DAG Node: register_local_1_0
...
016 (011.000.000) 2026-01-16 03:48:16 POST Script terminated.
	(1) Normal termination (return value 0)
    DAG Node: clean_up_local_level_4_0
...
000 (013.000.000) 2026-01-16 03:48:26 Job submitted from host: <129.114.108.231:9618?addrs=129.114.108.231-9618&alias=enos--o-compute-zen3-o--0&noUDP&sock=schedd_12360_82aa>
    DAG Node: cleanup_plankifier-wf_0_local
    pool:local
...
001 (013.000.000) 2026-01-16 03:48:26 Job executing on host: <129.114.108.231:9618?addrs=129.114.108.231-9618&alias=enos--o-compute-zen3-o--0&noUDP&sock=starter_12412_2072_13>
...
005 (013.000.000) 2026-01-16 03:48:28 Job terminated.
	(1) Normal termination (return value 0)
		Usr 0 00:00:00, Sys 0 00:00:00  -  Run Remote Usage
		Usr 0 00:00:00, Sys 0 00:00:00  -  Run Local Usage
		Usr 0 00:00:00, Sys 0 00:00:00  -  Total Remote Usage
		Usr 0 00:00:00, Sys 0 00:00:00  -  Total Local Usage
	0  -  Run Bytes Sent By Job
	0  -  Run Bytes Received By Job
	0  -  Total Bytes Sent By Job
	0  -  Total Bytes Received By Job
...
016 (013.000.000) 2026-01-16 03:48:31 POST Script terminated.
	(1) Normal termination (return value 0)
    DAG Node: cleanup_plankifier-wf_0_local
...
