01/16/26 01:49:43 ******************************************************
01/16/26 01:49:43 ** condor_scheduniv_exec.1.0 (CONDOR_DAGMAN) STARTING UP
01/16/26 01:49:43 ** /usr/bin/condor_dagman
01/16/26 01:49:43 ** SubsystemInfo: name=DAGMAN type=DAGMAN(9) class=CLIENT(2)
01/16/26 01:49:43 ** Configuration: subsystem:DAGMAN local:<NONE> class:CLIENT
01/16/26 01:49:43 ** $CondorVersion: 24.12.15 2025-12-12 BuildID: 856731 PackageID: 24.12.15-1+ubu22 GitSHA: 9a75c7f5 $
01/16/26 01:49:43 ** $CondorPlatform: X86_64-Ubuntu_22.04 $
01/16/26 01:49:43 ** PID = 13053 RealUID = 1011
01/16/26 01:49:43 ** Log last touched time unavailable (No such file or directory)
01/16/26 01:49:43 ******************************************************
01/16/26 01:49:43 Using config source: /etc/condor/condor_config
01/16/26 01:49:43 Using local config sources: 
01/16/26 01:49:43    /etc/condor/config.d/00-security
01/16/26 01:49:43    /etc/condor/config.d/01-kiso
01/16/26 01:49:43    /etc/condor/config.d/10-stash-plugin.conf
01/16/26 01:49:43    /etc/condor/condor_config.local
01/16/26 01:49:43 config Macros = 79, Sorted = 79, StringBytes = 2414, TablesBytes = 2908
01/16/26 01:49:43 CLASSAD_CACHING is ENABLED
01/16/26 01:49:43 Daemon Log is logging: D_ALWAYS D_ERROR D_STATUS
01/16/26 01:49:43 Daemoncore: Listening at <0.0.0.0:14179> on TCP (ReliSock) and UDP (SafeSock).
01/16/26 01:49:43 DaemonCore: command socket at <129.114.108.231:14179?addrs=129.114.108.231-14179&alias=enos--o-compute-zen3-o--0>
01/16/26 01:49:43 DaemonCore: private command socket at <129.114.108.231:14179?addrs=129.114.108.231-14179&alias=enos--o-compute-zen3-o--0>
01/16/26 01:49:43 DAGMAN_USE_STRICT setting: 1
01/16/26 01:49:43 DAGMAN_VERBOSITY setting: 3
01/16/26 01:49:43 DAGMAN_DEBUG_CACHE_SIZE setting: 5242880
01/16/26 01:49:43 DAGMAN_DEBUG_CACHE_ENABLE setting: False
01/16/26 01:49:43 DAGMAN_SUBMIT_DELAY setting: 0
01/16/26 01:49:43 DAGMAN_MAX_SUBMIT_ATTEMPTS setting: 6
01/16/26 01:49:43 DAGMAN_STARTUP_CYCLE_DETECT setting: False
01/16/26 01:49:43 DAGMAN_USE_JOIN_NODES setting: True
01/16/26 01:49:43 DAGMAN_REPORT_GRAPH_METRICS setting: False
01/16/26 01:49:43 DAGMAN_MAX_SUBMITS_PER_INTERVAL setting: 100
01/16/26 01:49:43 DAGMAN_AGGRESSIVE_SUBMIT setting: False
01/16/26 01:49:43 DAGMAN_USER_LOG_SCAN_INTERVAL setting: 5
01/16/26 01:49:43 DAGMAN_QUEUE_UPDATE_INTERVAL setting: 300.000000
01/16/26 01:49:43 DAGMAN_DEFAULT_PRIORITY setting: 0
01/16/26 01:49:43 DAGMAN_SUPPRESS_NOTIFICATION setting: False
01/16/26 01:49:43 allow_events (DAGMAN_ALLOW_EVENTS) setting: 114
01/16/26 01:49:43 DAGMAN_RETRY_SUBMIT_FIRST setting: True
01/16/26 01:49:43 DAGMAN_RETRY_NODE_FIRST setting: False
01/16/26 01:49:43 DAGMAN_MAX_JOBS_IDLE setting: 1000
01/16/26 01:49:43 DAGMAN_MAX_JOBS_SUBMITTED setting: 0
01/16/26 01:49:43 DAGMAN_MAX_PRE_SCRIPTS setting: 20
01/16/26 01:49:43 DAGMAN_MAX_POST_SCRIPTS setting: 20
01/16/26 01:49:43 DAGMAN_MAX_HOLD_SCRIPTS setting: 20
01/16/26 01:49:43 DAGMAN_MUNGE_NODE_NAMES setting: True
01/16/26 01:49:43 DAGMAN_ALLOW_ANY_NODE_NAME_CHARACTERS setting: False
01/16/26 01:49:43 DAGMAN_PROHIBIT_MULTI_JOBS setting: False
01/16/26 01:49:43 DAGMAN_SUBMIT_DEPTH_FIRST setting: False
01/16/26 01:49:43 DAGMAN_ALWAYS_RUN_POST setting: False
01/16/26 01:49:43 DAGMAN_CONDOR_SUBMIT_EXE setting: /usr/bin/condor_submit
01/16/26 01:49:43 DAGMAN_CONDOR_RM_EXE setting: /usr/bin/condor_rm
01/16/26 01:49:43 DAGMAN_USE_DIRECT_SUBMIT setting: True
01/16/26 01:49:43 DAGMAN_PRODUCE_JOB_CREDENTIALS setting: True
01/16/26 01:49:43 DAGMAN_DEFAULT_APPEND_VARS setting: False
01/16/26 01:49:43 DAGMAN_INHERIT_ATTRS_PREFIX setting: 
01/16/26 01:49:43 DAGMAN_INHERIT_ATTRS setting: 
01/16/26 01:49:43 DAGMAN_ABORT_DUPLICATES setting: True
01/16/26 01:49:43 DAGMAN_ABORT_ON_SCARY_SUBMIT setting: True
01/16/26 01:49:43 DAGMAN_PENDING_REPORT_INTERVAL setting: 600
01/16/26 01:49:43 DAGMAN_CHECK_QUEUE_INTERVAL setting: 28800
01/16/26 01:49:43 DAGMAN_PRINT_JOB_TABLE_INTERVAL setting: 900
01/16/26 01:49:43 DAGMAN_AUTO_RESCUE setting: True
01/16/26 01:49:43 DAGMAN_MAX_RESCUE_NUM setting: 100
01/16/26 01:49:43 DAGMAN_WRITE_PARTIAL_RESCUE setting: True
01/16/26 01:49:43 DAGMAN_RESET_RETRIES_UPON_RESCUE setting: True
01/16/26 01:49:43 DAGMAN_METRICS_FILE_VERSION setting: 2
01/16/26 01:49:43 DAGMAN_DEFAULT_NODE_LOG setting: @(DAG_DIR)/@(DAG_FILE).nodes.log
01/16/26 01:49:43 DAGMAN_LOG_ON_NFS_IS_ERROR setting: False
01/16/26 01:49:43 DAGMAN_GENERATE_SUBDAG_SUBMITS setting: True
01/16/26 01:49:43 DAGMAN_MAX_JOB_HOLDS setting: 100
01/16/26 01:49:43 DAGMAN_NODE_JOB_FAILURE_TOLERANCE setting: 0
01/16/26 01:49:43 DAGMAN_HOLD_CLAIM_TIME setting: 20
01/16/26 01:49:43 DAGMAN_SUPPRESS_JOB_LOGS setting: False
01/16/26 01:49:43 DAGMAN_REMOVE_NODE_JOBS setting: True
01/16/26 01:49:43 DAGMAN_PUT_FAILED_JOBS_ON_HOLD setting: False
01/16/26 01:49:43 DAGMAN_REMOVE_JOBS_AFTER_LIMIT_CHANGE setting: False
01/16/26 01:49:43 DAGMAN will adjust edges after parsing
01/16/26 01:49:43 argv[0] == "condor_scheduniv_exec.1.0"
01/16/26 01:49:43 argv[1] == "-Lockfile"
01/16/26 01:49:43 argv[2] == "plankifier-wf-0.dag.lock"
01/16/26 01:49:43 argv[3] == "-Dag"
01/16/26 01:49:43 argv[4] == "plankifier-wf-0.dag"
01/16/26 01:49:43 argv[5] == "-MaxPost"
01/16/26 01:49:43 argv[6] == "20"
01/16/26 01:49:43 argv[7] == "-CsdVersion"
01/16/26 01:49:43 argv[8] == "$CondorVersion: 24.12.15 2025-12-12 BuildID: 856731 PackageID: 24.12.15-1+ubu22 GitSHA: 9a75c7f5 $"
01/16/26 01:49:43 argv[9] == "-dagman"
01/16/26 01:49:43 argv[10] == "/usr/bin/condor_dagman"
01/16/26 01:49:43 argv[11] == "-AutoRescue"
01/16/26 01:49:43 argv[12] == "1"
01/16/26 01:49:43 argv[13] == "-DoRescueFrom"
01/16/26 01:49:43 argv[14] == "0"
01/16/26 01:49:43 Can't open directory "/etc/condor/passwords.d" as PRIV_ROOT, errno: 13 (Permission denied)
01/16/26 01:49:43 Can't open directory "/etc/condor/passwords.d" as PRIV_ROOT, errno: 13 (Permission denied)
01/16/26 01:49:43 Workflow batch-id: <1.0>
01/16/26 01:49:43 Workflow batch-name: <plankifier-wf-0.dag+1>
01/16/26 01:49:43 Workflow accounting_group: <>
01/16/26 01:49:43 Workflow accounting_group_user: <>
01/16/26 01:49:43 Warning: failed to get attribute DAGNodeName
01/16/26 01:49:43 Default node log file is: </home/kiso/kiso-plankifier-experiment/kiso/pegasus/plankifier-wf/run0001/./plankifier-wf-0.dag.nodes.log>
01/16/26 01:49:43 DAG Lockfile will be written to plankifier-wf-0.dag.lock
01/16/26 01:49:43 DAG Input file is plankifier-wf-0.dag
01/16/26 01:49:43 Parsing 1 dagfiles
01/16/26 01:49:43 Parsing plankifier-wf-0.dag ...
01/16/26 01:49:43 Adjusting edges
01/16/26 01:49:43 Dag contains 12 total nodes
01/16/26 01:49:43 Bootstrapping...
01/16/26 01:49:43 Number of pre-completed nodes: 0
01/16/26 01:49:43 MultiLogFiles: truncating log file /home/kiso/kiso-plankifier-experiment/kiso/pegasus/plankifier-wf/run0001/./plankifier-wf-0.dag.nodes.log
01/16/26 01:49:43 DAG status: 0 (DAG_STATUS_OK)
01/16/26 01:49:43 Of 12 nodes total:
01/16/26 01:49:43  Done     Pre   Queued    Post   Ready   Un-Ready   Failed   Futile
01/16/26 01:49:43   ===     ===      ===     ===     ===        ===      ===      ===
01/16/26 01:49:43     0       0        0       0       2         10        0        0
01/16/26 01:49:43 0 job proc(s) currently held
01/16/26 01:49:43 DAGMan Runtime Statistics: [EventCycleTimeSum=0.000; SleepCycleTimeSum=0.000; SubmitCycleTimeSum=0.000; EventCycleTimeCount=0.000; SleepCycleTimeCount=0.000; SubmitCycleTimeCount=0.000; LogProcessCycleTimeSum=0.000; LogProcessCycleTimeCount=0.000; ]
01/16/26 01:49:43 Registering condor_event_timer...
01/16/26 01:49:44 Submitting HTCondor Node create_dir_plankifier-wf_0_local job(s)...
01/16/26 01:49:44 Submitting node create_dir_plankifier-wf_0_local from file 00/00/create_dir_plankifier-wf_0_local.sub using direct job submission
01/16/26 01:49:44 	assigned HTCondor ID (2.0.0)
01/16/26 01:49:44 Submitting HTCondor Node stage_worker_local_plankifier-wf_0_local job(s)...
01/16/26 01:49:44 Submitting node stage_worker_local_plankifier-wf_0_local from file 00/00/stage_worker_local_plankifier-wf_0_local.sub using direct job submission
01/16/26 01:49:44 	assigned HTCondor ID (3.0.0)
01/16/26 01:49:44 Just submitted 2 jobs this cycle...
01/16/26 01:49:44 DAG status: 0 (DAG_STATUS_OK)
01/16/26 01:49:44 Of 12 nodes total:
01/16/26 01:49:44  Done     Pre   Queued    Post   Ready   Un-Ready   Failed   Futile
01/16/26 01:49:44   ===     ===      ===     ===     ===        ===      ===      ===
01/16/26 01:49:44     0       0        2       0       0         10        0        0
01/16/26 01:49:44 0 job proc(s) currently held
01/16/26 01:49:44 DAGMan Runtime Statistics: [EventCycleTimeSum=0.000; SleepCycleTimeSum=0.000; SubmitCycleTimeAvg=0.016; SubmitCycleTimeMax=0.016; SubmitCycleTimeMin=0.016; SubmitCycleTimeStd=0.016; SubmitCycleTimeSum=0.016; EventCycleTimeCount=0.000; SleepCycleTimeCount=0.000; SubmitCycleTimeCount=1.000; LogProcessCycleTimeSum=0.000; LogProcessCycleTimeCount=0.000; ]
01/16/26 01:49:49 Currently monitoring 1 HTCondor log file(s)
01/16/26 01:49:49 Reassigning the id of job create_dir_plankifier-wf_0_local from (2.0.0) to (2.0.0)
01/16/26 01:49:49 Event: ULOG_SUBMIT for HTCondor Node create_dir_plankifier-wf_0_local (2.0.0) {01/16/26 01:49:44}
01/16/26 01:49:49 Number of idle job procs: 1
01/16/26 01:49:49 Reassigning the id of job stage_worker_local_plankifier-wf_0_local from (3.0.0) to (3.0.0)
01/16/26 01:49:49 Event: ULOG_SUBMIT for HTCondor Node stage_worker_local_plankifier-wf_0_local (3.0.0) {01/16/26 01:49:44}
01/16/26 01:49:49 Number of idle job procs: 2
01/16/26 01:49:49 Event: ULOG_EXECUTE for HTCondor Node create_dir_plankifier-wf_0_local (2.0.0) {01/16/26 01:49:48}
01/16/26 01:49:49 Number of idle job procs: 1
01/16/26 01:49:49 Event: ULOG_EXECUTE for HTCondor Node stage_worker_local_plankifier-wf_0_local (3.0.0) {01/16/26 01:49:48}
01/16/26 01:49:49 Number of idle job procs: 0
01/16/26 01:49:54 Currently monitoring 1 HTCondor log file(s)
01/16/26 01:49:54 Event: ULOG_JOB_TERMINATED for HTCondor Node create_dir_plankifier-wf_0_local (2.0.0) {01/16/26 01:49:51}
01/16/26 01:49:54 Number of idle job procs: 0
01/16/26 01:49:54 Node create_dir_plankifier-wf_0_local job proc (2.0.0) completed successfully.
01/16/26 01:49:54 Node create_dir_plankifier-wf_0_local job(s) have exited the queue
01/16/26 01:49:54 Running POST script of Node create_dir_plankifier-wf_0_local...
01/16/26 01:49:54 Event: ULOG_JOB_TERMINATED for HTCondor Node stage_worker_local_plankifier-wf_0_local (3.0.0) {01/16/26 01:49:52}
01/16/26 01:49:54 Number of idle job procs: 0
01/16/26 01:49:54 Node stage_worker_local_plankifier-wf_0_local job proc (3.0.0) completed successfully.
01/16/26 01:49:54 Node stage_worker_local_plankifier-wf_0_local job(s) have exited the queue
01/16/26 01:49:54 Running POST script of Node stage_worker_local_plankifier-wf_0_local...
01/16/26 01:49:54 DAG status: 0 (DAG_STATUS_OK)
01/16/26 01:49:54 Of 12 nodes total:
01/16/26 01:49:54  Done     Pre   Queued    Post   Ready   Un-Ready   Failed   Futile
01/16/26 01:49:54   ===     ===      ===     ===     ===        ===      ===      ===
01/16/26 01:49:54     0       0        0       2       0         10        0        0
01/16/26 01:49:54 0 job proc(s) currently held
01/16/26 01:49:54 DAGMan Runtime Statistics: [EventCycleTimeAvg=0.012; EventCycleTimeMax=0.016; EventCycleTimeMin=0.009; EventCycleTimeStd=0.005; EventCycleTimeSum=0.024; SleepCycleTimeAvg=5.005; SleepCycleTimeMax=5.005; SleepCycleTimeMin=5.005; SleepCycleTimeStd=0.000; SleepCycleTimeSum=10.010; SubmitCycleTimeAvg=0.005; SubmitCycleTimeMax=0.016; SubmitCycleTimeMin=0.000; SubmitCycleTimeStd=0.009; SubmitCycleTimeSum=0.016; EventCycleTimeCount=2.000; SleepCycleTimeCount=2.000; SubmitCycleTimeCount=3.000; LogProcessCycleTimeAvg=0.003; LogProcessCycleTimeMax=0.006; LogProcessCycleTimeMin=0.000; LogProcessCycleTimeStd=0.004; LogProcessCycleTimeSum=0.007; LogProcessCycleTimeCount=2.000; ]
01/16/26 01:49:54 Initializing user log writer for /home/kiso/kiso-plankifier-experiment/kiso/pegasus/plankifier-wf/run0001/./plankifier-wf-0.dag.nodes.log, (2.0.0)
01/16/26 01:49:54 Initializing user log writer for /home/kiso/kiso-plankifier-experiment/kiso/pegasus/plankifier-wf/run0001/./plankifier-wf-0.dag.nodes.log, (3.0.0)
01/16/26 01:49:59 Currently monitoring 1 HTCondor log file(s)
01/16/26 01:49:59 Event: ULOG_POST_SCRIPT_TERMINATED for HTCondor Node create_dir_plankifier-wf_0_local (2.0.0) {01/16/26 01:49:54}
01/16/26 01:49:59 POST Script of node create_dir_plankifier-wf_0_local completed successfully.
01/16/26 01:49:59 Event: ULOG_POST_SCRIPT_TERMINATED for HTCondor Node stage_worker_local_plankifier-wf_0_local (3.0.0) {01/16/26 01:49:54}
01/16/26 01:49:59 POST Script of node stage_worker_local_plankifier-wf_0_local completed successfully.
01/16/26 01:49:59 DAG status: 0 (DAG_STATUS_OK)
01/16/26 01:49:59 Of 12 nodes total:
01/16/26 01:49:59  Done     Pre   Queued    Post   Ready   Un-Ready   Failed   Futile
01/16/26 01:49:59   ===     ===      ===     ===     ===        ===      ===      ===
01/16/26 01:49:59     2       0        0       0       2          8        0        0
01/16/26 01:49:59 0 job proc(s) currently held
01/16/26 01:49:59 DAGMan Runtime Statistics: [EventCycleTimeAvg=0.010; EventCycleTimeMax=0.016; EventCycleTimeMin=0.007; EventCycleTimeStd=0.005; EventCycleTimeSum=0.031; SleepCycleTimeAvg=5.038; SleepCycleTimeMax=5.105; SleepCycleTimeMin=5.005; SleepCycleTimeStd=0.057; SleepCycleTimeSum=15.115; SubmitCycleTimeAvg=0.004; SubmitCycleTimeMax=0.016; SubmitCycleTimeMin=0.000; SubmitCycleTimeStd=0.008; SubmitCycleTimeSum=0.016; EventCycleTimeCount=3.000; SleepCycleTimeCount=3.000; SubmitCycleTimeCount=4.000; LogProcessCycleTimeAvg=0.002; LogProcessCycleTimeMax=0.006; LogProcessCycleTimeMin=0.000; LogProcessCycleTimeStd=0.004; LogProcessCycleTimeSum=0.007; LogProcessCycleTimeCount=3.000; ]
01/16/26 01:50:04 Submitting HTCondor Node stage_in_local_local_1_0 job(s)...
01/16/26 01:50:04 Submitting node stage_in_local_local_1_0 from file 00/00/stage_in_local_local_1_0.sub using direct job submission
01/16/26 01:50:04 	assigned HTCondor ID (4.0.0)
01/16/26 01:50:04 Submitting HTCondor Node plankifier_ID0000001 job(s)...
01/16/26 01:50:04 Submitting node plankifier_ID0000001 from file 00/00/plankifier_ID0000001.sub using direct job submission
01/16/26 01:50:04 	assigned HTCondor ID (5.0.0)
01/16/26 01:50:04 Just submitted 2 jobs this cycle...
01/16/26 01:50:04 DAG status: 0 (DAG_STATUS_OK)
01/16/26 01:50:04 Of 12 nodes total:
01/16/26 01:50:04  Done     Pre   Queued    Post   Ready   Un-Ready   Failed   Futile
01/16/26 01:50:04   ===     ===      ===     ===     ===        ===      ===      ===
01/16/26 01:50:04     2       0        2       0       0          8        0        0
01/16/26 01:50:04 0 job proc(s) currently held
01/16/26 01:50:04 DAGMan Runtime Statistics: [EventCycleTimeAvg=0.008; EventCycleTimeMax=0.016; EventCycleTimeMin=0.001; EventCycleTimeStd=0.006; EventCycleTimeSum=0.032; SleepCycleTimeAvg=5.030; SleepCycleTimeMax=5.105; SleepCycleTimeMin=5.005; SleepCycleTimeStd=0.050; SleepCycleTimeSum=20.121; SubmitCycleTimeAvg=0.006; SubmitCycleTimeMax=0.017; SubmitCycleTimeMin=0.000; SubmitCycleTimeStd=0.009; SubmitCycleTimeSum=0.032; EventCycleTimeCount=4.000; SleepCycleTimeCount=4.000; SubmitCycleTimeCount=5.000; LogProcessCycleTimeAvg=0.002; LogProcessCycleTimeMax=0.006; LogProcessCycleTimeMin=0.000; LogProcessCycleTimeStd=0.004; LogProcessCycleTimeSum=0.007; LogProcessCycleTimeCount=3.000; ]
01/16/26 01:50:09 Currently monitoring 1 HTCondor log file(s)
01/16/26 01:50:09 Reassigning the id of job stage_in_local_local_1_0 from (4.0.0) to (4.0.0)
01/16/26 01:50:09 Event: ULOG_SUBMIT for HTCondor Node stage_in_local_local_1_0 (4.0.0) {01/16/26 01:50:04}
01/16/26 01:50:09 Number of idle job procs: 1
01/16/26 01:50:09 Reassigning the id of job plankifier_ID0000001 from (5.0.0) to (5.0.0)
01/16/26 01:50:09 Event: ULOG_SUBMIT for HTCondor Node plankifier_ID0000001 (5.0.0) {01/16/26 01:50:04}
01/16/26 01:50:09 Number of idle job procs: 2
01/16/26 01:50:09 Event: ULOG_EXECUTE for HTCondor Node stage_in_local_local_1_0 (4.0.0) {01/16/26 01:50:04}
01/16/26 01:50:09 Number of idle job procs: 1
01/16/26 01:50:09 Event: ULOG_JOB_TERMINATED for HTCondor Node stage_in_local_local_1_0 (4.0.0) {01/16/26 01:50:06}
01/16/26 01:50:09 Number of idle job procs: 1
01/16/26 01:50:09 Node stage_in_local_local_1_0 job proc (4.0.0) completed successfully.
01/16/26 01:50:09 Node stage_in_local_local_1_0 job(s) have exited the queue
01/16/26 01:50:09 Running POST script of Node stage_in_local_local_1_0...
01/16/26 01:50:09 DAG status: 0 (DAG_STATUS_OK)
01/16/26 01:50:09 Of 12 nodes total:
01/16/26 01:50:09  Done     Pre   Queued    Post   Ready   Un-Ready   Failed   Futile
01/16/26 01:50:09   ===     ===      ===     ===     ===        ===      ===      ===
01/16/26 01:50:09     2       0        1       1       0          8        0        0
01/16/26 01:50:09 0 job proc(s) currently held
01/16/26 01:50:09 DAGMan Runtime Statistics: [EventCycleTimeAvg=0.010; EventCycleTimeMax=0.017; EventCycleTimeMin=0.001; EventCycleTimeStd=0.007; EventCycleTimeSum=0.049; SleepCycleTimeAvg=5.025; SleepCycleTimeMax=5.105; SleepCycleTimeMin=5.005; SleepCycleTimeStd=0.044; SleepCycleTimeSum=25.126; SubmitCycleTimeAvg=0.005; SubmitCycleTimeMax=0.017; SubmitCycleTimeMin=0.000; SubmitCycleTimeStd=0.008; SubmitCycleTimeSum=0.032; EventCycleTimeCount=5.000; SleepCycleTimeCount=5.000; SubmitCycleTimeCount=6.000; LogProcessCycleTimeAvg=0.003; LogProcessCycleTimeMax=0.006; LogProcessCycleTimeMin=0.000; LogProcessCycleTimeStd=0.003; LogProcessCycleTimeSum=0.011; LogProcessCycleTimeCount=4.000; ]
01/16/26 01:50:09 Initializing user log writer for /home/kiso/kiso-plankifier-experiment/kiso/pegasus/plankifier-wf/run0001/./plankifier-wf-0.dag.nodes.log, (4.0.0)
01/16/26 01:50:14 Currently monitoring 1 HTCondor log file(s)
01/16/26 01:50:14 Event: ULOG_POST_SCRIPT_TERMINATED for HTCondor Node stage_in_local_local_1_0 (4.0.0) {01/16/26 01:50:09}
01/16/26 01:50:14 POST Script of node stage_in_local_local_1_0 completed successfully.
01/16/26 01:50:14 DAG status: 0 (DAG_STATUS_OK)
01/16/26 01:50:14 Of 12 nodes total:
01/16/26 01:50:14  Done     Pre   Queued    Post   Ready   Un-Ready   Failed   Futile
01/16/26 01:50:14   ===     ===      ===     ===     ===        ===      ===      ===
01/16/26 01:50:14     3       0        1       0       0          8        0        0
01/16/26 01:50:14 0 job proc(s) currently held
01/16/26 01:50:14 DAGMan Runtime Statistics: [EventCycleTimeAvg=0.009; EventCycleTimeMax=0.017; EventCycleTimeMin=0.001; EventCycleTimeStd=0.006; EventCycleTimeSum=0.054; SleepCycleTimeAvg=5.039; SleepCycleTimeMax=5.106; SleepCycleTimeMin=5.005; SleepCycleTimeStd=0.052; SleepCycleTimeSum=30.232; SubmitCycleTimeAvg=0.005; SubmitCycleTimeMax=0.017; SubmitCycleTimeMin=0.000; SubmitCycleTimeStd=0.008; SubmitCycleTimeSum=0.032; EventCycleTimeCount=6.000; SleepCycleTimeCount=6.000; SubmitCycleTimeCount=7.000; LogProcessCycleTimeAvg=0.002; LogProcessCycleTimeMax=0.006; LogProcessCycleTimeMin=0.000; LogProcessCycleTimeStd=0.003; LogProcessCycleTimeSum=0.012; LogProcessCycleTimeCount=5.000; ]
01/16/26 01:50:24 Currently monitoring 1 HTCondor log file(s)
01/16/26 01:50:24 Event: ULOG_EXECUTE for HTCondor Node plankifier_ID0000001 (5.0.0) {01/16/26 01:50:23}
01/16/26 01:50:24 Number of idle job procs: 0
01/16/26 01:55:54 Currently monitoring 1 HTCondor log file(s)
01/16/26 01:55:54 Event: ULOG_JOB_TERMINATED for HTCondor Node plankifier_ID0000001 (5.0.0) {01/16/26 01:55:51}
01/16/26 01:55:54 Number of idle job procs: 0
01/16/26 01:55:54 Node plankifier_ID0000001 job proc (5.0.0) completed successfully.
01/16/26 01:55:54 Node plankifier_ID0000001 job(s) have exited the queue
01/16/26 01:55:54 Running POST script of Node plankifier_ID0000001...
01/16/26 01:55:54 DAG status: 0 (DAG_STATUS_OK)
01/16/26 01:55:54 Of 12 nodes total:
01/16/26 01:55:54  Done     Pre   Queued    Post   Ready   Un-Ready   Failed   Futile
01/16/26 01:55:54   ===     ===      ===     ===     ===        ===      ===      ===
01/16/26 01:55:54     3       0        0       1       0          8        0        0
01/16/26 01:55:54 0 job proc(s) currently held
01/16/26 01:55:54 DAGMan Runtime Statistics: [EventCycleTimeAvg=0.001; EventCycleTimeMax=0.017; EventCycleTimeMin=0.000; EventCycleTimeStd=0.003; EventCycleTimeSum=0.064; SleepCycleTimeAvg=5.008; SleepCycleTimeMax=5.106; SleepCycleTimeMin=5.002; SleepCycleTimeStd=0.016; SleepCycleTimeSum=370.587; SubmitCycleTimeAvg=0.000; SubmitCycleTimeMax=0.017; SubmitCycleTimeMin=0.000; SubmitCycleTimeStd=0.003; SubmitCycleTimeSum=0.032; EventCycleTimeCount=74.000; SleepCycleTimeCount=74.000; SubmitCycleTimeCount=75.000; LogProcessCycleTimeAvg=0.002; LogProcessCycleTimeMax=0.006; LogProcessCycleTimeMin=0.000; LogProcessCycleTimeStd=0.003; LogProcessCycleTimeSum=0.015; LogProcessCycleTimeCount=7.000; ]
01/16/26 01:55:55 Initializing user log writer for /home/kiso/kiso-plankifier-experiment/kiso/pegasus/plankifier-wf/run0001/./plankifier-wf-0.dag.nodes.log, (5.0.0)
01/16/26 01:55:59 Currently monitoring 1 HTCondor log file(s)
01/16/26 01:55:59 Event: ULOG_POST_SCRIPT_TERMINATED for HTCondor Node plankifier_ID0000001 (5.0.0) {01/16/26 01:55:55}
01/16/26 01:55:59 POST Script of node plankifier_ID0000001 completed successfully.
01/16/26 01:55:59 DAG status: 0 (DAG_STATUS_OK)
01/16/26 01:55:59 Of 12 nodes total:
01/16/26 01:55:59  Done     Pre   Queued    Post   Ready   Un-Ready   Failed   Futile
01/16/26 01:55:59   ===     ===      ===     ===     ===        ===      ===      ===
01/16/26 01:55:59     4       0        0       0       2          6        0        0
01/16/26 01:55:59 0 job proc(s) currently held
01/16/26 01:55:59 DAGMan Runtime Statistics: [EventCycleTimeAvg=0.001; EventCycleTimeMax=0.017; EventCycleTimeMin=0.000; EventCycleTimeStd=0.003; EventCycleTimeSum=0.068; SleepCycleTimeAvg=4.996; SleepCycleTimeMax=5.106; SleepCycleTimeMin=4.109; SleepCycleTimeStd=0.105; SleepCycleTimeSum=374.696; SubmitCycleTimeAvg=0.000; SubmitCycleTimeMax=0.017; SubmitCycleTimeMin=0.000; SubmitCycleTimeStd=0.003; SubmitCycleTimeSum=0.032; EventCycleTimeCount=75.000; SleepCycleTimeCount=75.000; SubmitCycleTimeCount=76.000; LogProcessCycleTimeAvg=0.002; LogProcessCycleTimeMax=0.006; LogProcessCycleTimeMin=0.000; LogProcessCycleTimeStd=0.002; LogProcessCycleTimeSum=0.016; LogProcessCycleTimeCount=8.000; ]
01/16/26 01:56:04 Submitting HTCondor Node stage_out_local_local_0_0 job(s)...
01/16/26 01:56:04 Submitting node stage_out_local_local_0_0 from file 00/00/stage_out_local_local_0_0.sub using direct job submission
01/16/26 01:56:04 	assigned HTCondor ID (6.0.0)
01/16/26 01:56:04 Submitting HTCondor Node count_ID0000002 job(s)...
01/16/26 01:56:04 Submitting node count_ID0000002 from file 00/00/count_ID0000002.sub using direct job submission
01/16/26 01:56:04 	assigned HTCondor ID (7.0.0)
01/16/26 01:56:04 Just submitted 2 jobs this cycle...
01/16/26 01:56:04 DAG status: 0 (DAG_STATUS_OK)
01/16/26 01:56:04 Of 12 nodes total:
01/16/26 01:56:04  Done     Pre   Queued    Post   Ready   Un-Ready   Failed   Futile
01/16/26 01:56:04   ===     ===      ===     ===     ===        ===      ===      ===
01/16/26 01:56:04     4       0        2       0       0          6        0        0
01/16/26 01:56:04 0 job proc(s) currently held
01/16/26 01:56:04 DAGMan Runtime Statistics: [EventCycleTimeAvg=0.001; EventCycleTimeMax=0.017; EventCycleTimeMin=0.000; EventCycleTimeStd=0.003; EventCycleTimeSum=0.068; SleepCycleTimeAvg=4.996; SleepCycleTimeMax=5.106; SleepCycleTimeMin=4.109; SleepCycleTimeStd=0.104; SleepCycleTimeSum=379.701; SubmitCycleTimeAvg=0.001; SubmitCycleTimeMax=0.017; SubmitCycleTimeMin=0.000; SubmitCycleTimeStd=0.003; SubmitCycleTimeSum=0.050; EventCycleTimeCount=76.000; SleepCycleTimeCount=76.000; SubmitCycleTimeCount=77.000; LogProcessCycleTimeAvg=0.002; LogProcessCycleTimeMax=0.006; LogProcessCycleTimeMin=0.000; LogProcessCycleTimeStd=0.002; LogProcessCycleTimeSum=0.016; LogProcessCycleTimeCount=8.000; ]
01/16/26 01:56:09 Currently monitoring 1 HTCondor log file(s)
01/16/26 01:56:09 Reassigning the id of job stage_out_local_local_0_0 from (6.0.0) to (6.0.0)
01/16/26 01:56:09 Event: ULOG_SUBMIT for HTCondor Node stage_out_local_local_0_0 (6.0.0) {01/16/26 01:56:04}
01/16/26 01:56:09 Number of idle job procs: 1
01/16/26 01:56:09 Reassigning the id of job count_ID0000002 from (7.0.0) to (7.0.0)
01/16/26 01:56:09 Event: ULOG_SUBMIT for HTCondor Node count_ID0000002 (7.0.0) {01/16/26 01:56:04}
01/16/26 01:56:09 Number of idle job procs: 2
01/16/26 01:56:09 Event: ULOG_EXECUTE for HTCondor Node stage_out_local_local_0_0 (6.0.0) {01/16/26 01:56:04}
01/16/26 01:56:09 Number of idle job procs: 1
01/16/26 01:56:09 Event: ULOG_EXECUTE for HTCondor Node count_ID0000002 (7.0.0) {01/16/26 01:56:04}
01/16/26 01:56:09 Number of idle job procs: 0
01/16/26 01:56:09 Event: ULOG_JOB_TERMINATED for HTCondor Node count_ID0000002 (7.0.0) {01/16/26 01:56:05}
01/16/26 01:56:09 Number of idle job procs: 0
01/16/26 01:56:09 Node count_ID0000002 job proc (7.0.0) completed successfully.
01/16/26 01:56:09 Node count_ID0000002 job(s) have exited the queue
01/16/26 01:56:09 Running POST script of Node count_ID0000002...
01/16/26 01:56:09 Event: ULOG_JOB_TERMINATED for HTCondor Node stage_out_local_local_0_0 (6.0.0) {01/16/26 01:56:06}
01/16/26 01:56:09 Number of idle job procs: 0
01/16/26 01:56:09 Node stage_out_local_local_0_0 job proc (6.0.0) completed successfully.
01/16/26 01:56:09 Node stage_out_local_local_0_0 job(s) have exited the queue
01/16/26 01:56:09 Running POST script of Node stage_out_local_local_0_0...
01/16/26 01:56:09 DAG status: 0 (DAG_STATUS_OK)
01/16/26 01:56:09 Of 12 nodes total:
01/16/26 01:56:09  Done     Pre   Queued    Post   Ready   Un-Ready   Failed   Futile
01/16/26 01:56:09   ===     ===      ===     ===     ===        ===      ===      ===
01/16/26 01:56:09     4       0        0       2       0          6        0        0
01/16/26 01:56:09 0 job proc(s) currently held
01/16/26 01:56:09 DAGMan Runtime Statistics: [EventCycleTimeAvg=0.001; EventCycleTimeMax=0.017; EventCycleTimeMin=0.000; EventCycleTimeStd=0.004; EventCycleTimeSum=0.086; SleepCycleTimeAvg=4.996; SleepCycleTimeMax=5.106; SleepCycleTimeMin=4.109; SleepCycleTimeStd=0.104; SleepCycleTimeSum=384.706; SubmitCycleTimeAvg=0.001; SubmitCycleTimeMax=0.017; SubmitCycleTimeMin=0.000; SubmitCycleTimeStd=0.003; SubmitCycleTimeSum=0.050; EventCycleTimeCount=77.000; SleepCycleTimeCount=77.000; SubmitCycleTimeCount=78.000; LogProcessCycleTimeAvg=0.002; LogProcessCycleTimeMax=0.007; LogProcessCycleTimeMin=0.000; LogProcessCycleTimeStd=0.003; LogProcessCycleTimeSum=0.022; LogProcessCycleTimeCount=9.000; ]
01/16/26 01:56:09 Initializing user log writer for /home/kiso/kiso-plankifier-experiment/kiso/pegasus/plankifier-wf/run0001/./plankifier-wf-0.dag.nodes.log, (7.0.0)
01/16/26 01:56:09 Initializing user log writer for /home/kiso/kiso-plankifier-experiment/kiso/pegasus/plankifier-wf/run0001/./plankifier-wf-0.dag.nodes.log, (6.0.0)
01/16/26 01:56:14 Currently monitoring 1 HTCondor log file(s)
01/16/26 01:56:14 Event: ULOG_POST_SCRIPT_TERMINATED for HTCondor Node count_ID0000002 (7.0.0) {01/16/26 01:56:09}
01/16/26 01:56:14 POST Script of node count_ID0000002 completed successfully.
01/16/26 01:56:14 Event: ULOG_POST_SCRIPT_TERMINATED for HTCondor Node stage_out_local_local_0_0 (6.0.0) {01/16/26 01:56:09}
01/16/26 01:56:14 POST Script of node stage_out_local_local_0_0 completed successfully.
01/16/26 01:56:14 DAG status: 0 (DAG_STATUS_OK)
01/16/26 01:56:14 Of 12 nodes total:
01/16/26 01:56:14  Done     Pre   Queued    Post   Ready   Un-Ready   Failed   Futile
01/16/26 01:56:14   ===     ===      ===     ===     ===        ===      ===      ===
01/16/26 01:56:14     6       0        0       0       3          3        0        0
01/16/26 01:56:14 0 job proc(s) currently held
01/16/26 01:56:14 DAGMan Runtime Statistics: [EventCycleTimeAvg=0.001; EventCycleTimeMax=0.017; EventCycleTimeMin=0.000; EventCycleTimeStd=0.004; EventCycleTimeSum=0.093; SleepCycleTimeAvg=4.998; SleepCycleTimeMax=5.106; SleepCycleTimeMin=4.109; SleepCycleTimeStd=0.104; SleepCycleTimeSum=389.810; SubmitCycleTimeAvg=0.001; SubmitCycleTimeMax=0.017; SubmitCycleTimeMin=0.000; SubmitCycleTimeStd=0.003; SubmitCycleTimeSum=0.050; EventCycleTimeCount=78.000; SleepCycleTimeCount=78.000; SubmitCycleTimeCount=79.000; LogProcessCycleTimeAvg=0.002; LogProcessCycleTimeMax=0.007; LogProcessCycleTimeMin=0.000; LogProcessCycleTimeStd=0.003; LogProcessCycleTimeSum=0.023; LogProcessCycleTimeCount=10.000; ]
01/16/26 01:56:19 Submitting HTCondor Node clean_up_local_level_3_0 job(s)...
01/16/26 01:56:19 Submitting node clean_up_local_level_3_0 from file 00/00/clean_up_local_level_3_0.sub using direct job submission
01/16/26 01:56:19 	assigned HTCondor ID (8.0.0)
01/16/26 01:56:19 Submitting HTCondor Node stage_out_local_local_1_0 job(s)...
01/16/26 01:56:19 Submitting node stage_out_local_local_1_0 from file 00/00/stage_out_local_local_1_0.sub using direct job submission
01/16/26 01:56:19 	assigned HTCondor ID (9.0.0)
01/16/26 01:56:19 Submitting HTCondor Node register_local_0_0 job(s)...
01/16/26 01:56:19 Submitting node register_local_0_0 from file 00/00/register_local_0_0.sub using direct job submission
01/16/26 01:56:19 	assigned HTCondor ID (10.0.0)
01/16/26 01:56:19 Just submitted 3 jobs this cycle...
01/16/26 01:56:19 DAG status: 0 (DAG_STATUS_OK)
01/16/26 01:56:19 Of 12 nodes total:
01/16/26 01:56:19  Done     Pre   Queued    Post   Ready   Un-Ready   Failed   Futile
01/16/26 01:56:19   ===     ===      ===     ===     ===        ===      ===      ===
01/16/26 01:56:19     6       0        3       0       0          3        0        0
01/16/26 01:56:19 0 job proc(s) currently held
01/16/26 01:56:19 DAGMan Runtime Statistics: [EventCycleTimeAvg=0.001; EventCycleTimeMax=0.017; EventCycleTimeMin=0.000; EventCycleTimeStd=0.004; EventCycleTimeSum=0.094; SleepCycleTimeAvg=4.998; SleepCycleTimeMax=5.106; SleepCycleTimeMin=4.109; SleepCycleTimeStd=0.103; SleepCycleTimeSum=394.815; SubmitCycleTimeAvg=0.001; SubmitCycleTimeMax=0.023; SubmitCycleTimeMin=0.000; SubmitCycleTimeStd=0.004; SubmitCycleTimeSum=0.072; EventCycleTimeCount=79.000; SleepCycleTimeCount=79.000; SubmitCycleTimeCount=80.000; LogProcessCycleTimeAvg=0.002; LogProcessCycleTimeMax=0.007; LogProcessCycleTimeMin=0.000; LogProcessCycleTimeStd=0.003; LogProcessCycleTimeSum=0.023; LogProcessCycleTimeCount=10.000; ]
01/16/26 01:56:24 Currently monitoring 1 HTCondor log file(s)
01/16/26 01:56:24 Reassigning the id of job clean_up_local_level_3_0 from (8.0.0) to (8.0.0)
01/16/26 01:56:24 Event: ULOG_SUBMIT for HTCondor Node clean_up_local_level_3_0 (8.0.0) {01/16/26 01:56:19}
01/16/26 01:56:24 Number of idle job procs: 1
01/16/26 01:56:24 Reassigning the id of job stage_out_local_local_1_0 from (9.0.0) to (9.0.0)
01/16/26 01:56:24 Event: ULOG_SUBMIT for HTCondor Node stage_out_local_local_1_0 (9.0.0) {01/16/26 01:56:19}
01/16/26 01:56:24 Number of idle job procs: 2
01/16/26 01:56:24 Reassigning the id of job register_local_0_0 from (10.0.0) to (10.0.0)
01/16/26 01:56:24 Event: ULOG_SUBMIT for HTCondor Node register_local_0_0 (10.0.0) {01/16/26 01:56:19}
01/16/26 01:56:24 Number of idle job procs: 3
01/16/26 01:56:24 Event: ULOG_EXECUTE for HTCondor Node clean_up_local_level_3_0 (8.0.0) {01/16/26 01:56:19}
01/16/26 01:56:24 Number of idle job procs: 2
01/16/26 01:56:24 Event: ULOG_EXECUTE for HTCondor Node stage_out_local_local_1_0 (9.0.0) {01/16/26 01:56:19}
01/16/26 01:56:24 Number of idle job procs: 1
01/16/26 01:56:24 Event: ULOG_EXECUTE for HTCondor Node register_local_0_0 (10.0.0) {01/16/26 01:56:19}
01/16/26 01:56:24 Number of idle job procs: 0
01/16/26 01:56:24 Event: ULOG_JOB_TERMINATED for HTCondor Node register_local_0_0 (10.0.0) {01/16/26 01:56:21}
01/16/26 01:56:24 Number of idle job procs: 0
01/16/26 01:56:24 Node register_local_0_0 job proc (10.0.0) completed successfully.
01/16/26 01:56:24 Node register_local_0_0 job(s) have exited the queue
01/16/26 01:56:24 Running POST script of Node register_local_0_0...
01/16/26 01:56:24 Event: ULOG_JOB_TERMINATED for HTCondor Node stage_out_local_local_1_0 (9.0.0) {01/16/26 01:56:21}
01/16/26 01:56:24 Number of idle job procs: 0
01/16/26 01:56:24 Node stage_out_local_local_1_0 job proc (9.0.0) completed successfully.
01/16/26 01:56:24 Node stage_out_local_local_1_0 job(s) have exited the queue
01/16/26 01:56:24 Running POST script of Node stage_out_local_local_1_0...
01/16/26 01:56:24 Event: ULOG_JOB_TERMINATED for HTCondor Node clean_up_local_level_3_0 (8.0.0) {01/16/26 01:56:23}
01/16/26 01:56:24 Number of idle job procs: 0
01/16/26 01:56:24 Node clean_up_local_level_3_0 job proc (8.0.0) completed successfully.
01/16/26 01:56:24 Node clean_up_local_level_3_0 job(s) have exited the queue
01/16/26 01:56:24 Running POST script of Node clean_up_local_level_3_0...
01/16/26 01:56:24 DAG status: 0 (DAG_STATUS_OK)
01/16/26 01:56:24 Of 12 nodes total:
01/16/26 01:56:24  Done     Pre   Queued    Post   Ready   Un-Ready   Failed   Futile
01/16/26 01:56:24   ===     ===      ===     ===     ===        ===      ===      ===
01/16/26 01:56:24     6       0        0       3       0          3        0        0
01/16/26 01:56:24 0 job proc(s) currently held
01/16/26 01:56:24 DAGMan Runtime Statistics: [EventCycleTimeAvg=0.001; EventCycleTimeMax=0.023; EventCycleTimeMin=0.000; EventCycleTimeStd=0.004; EventCycleTimeSum=0.116; SleepCycleTimeAvg=4.998; SleepCycleTimeMax=5.106; SleepCycleTimeMin=4.109; SleepCycleTimeStd=0.102; SleepCycleTimeSum=399.821; SubmitCycleTimeAvg=0.001; SubmitCycleTimeMax=0.023; SubmitCycleTimeMin=0.000; SubmitCycleTimeStd=0.004; SubmitCycleTimeSum=0.072; EventCycleTimeCount=80.000; SleepCycleTimeCount=80.000; SubmitCycleTimeCount=81.000; LogProcessCycleTimeAvg=0.003; LogProcessCycleTimeMax=0.011; LogProcessCycleTimeMin=0.000; LogProcessCycleTimeStd=0.004; LogProcessCycleTimeSum=0.034; LogProcessCycleTimeCount=11.000; ]
01/16/26 01:56:24 Initializing user log writer for /home/kiso/kiso-plankifier-experiment/kiso/pegasus/plankifier-wf/run0001/./plankifier-wf-0.dag.nodes.log, (10.0.0)
01/16/26 01:56:24 Initializing user log writer for /home/kiso/kiso-plankifier-experiment/kiso/pegasus/plankifier-wf/run0001/./plankifier-wf-0.dag.nodes.log, (8.0.0)
01/16/26 01:56:24 Initializing user log writer for /home/kiso/kiso-plankifier-experiment/kiso/pegasus/plankifier-wf/run0001/./plankifier-wf-0.dag.nodes.log, (9.0.0)
01/16/26 01:56:29 Currently monitoring 1 HTCondor log file(s)
01/16/26 01:56:29 Event: ULOG_POST_SCRIPT_TERMINATED for HTCondor Node register_local_0_0 (10.0.0) {01/16/26 01:56:24}
01/16/26 01:56:29 POST Script of node register_local_0_0 completed successfully.
01/16/26 01:56:29 Event: ULOG_POST_SCRIPT_TERMINATED for HTCondor Node clean_up_local_level_3_0 (8.0.0) {01/16/26 01:56:24}
01/16/26 01:56:29 POST Script of node clean_up_local_level_3_0 completed successfully.
01/16/26 01:56:29 Event: ULOG_POST_SCRIPT_TERMINATED for HTCondor Node stage_out_local_local_1_0 (9.0.0) {01/16/26 01:56:24}
01/16/26 01:56:29 POST Script of node stage_out_local_local_1_0 completed successfully.
01/16/26 01:56:29 DAG status: 0 (DAG_STATUS_OK)
01/16/26 01:56:29 Of 12 nodes total:
01/16/26 01:56:29  Done     Pre   Queued    Post   Ready   Un-Ready   Failed   Futile
01/16/26 01:56:29   ===     ===      ===     ===     ===        ===      ===      ===
01/16/26 01:56:29     9       0        0       0       2          1        0        0
01/16/26 01:56:29 0 job proc(s) currently held
01/16/26 01:56:29 DAGMan Runtime Statistics: [EventCycleTimeAvg=0.002; EventCycleTimeMax=0.023; EventCycleTimeMin=0.000; EventCycleTimeStd=0.004; EventCycleTimeSum=0.128; SleepCycleTimeAvg=4.999; SleepCycleTimeMax=5.106; SleepCycleTimeMin=4.109; SleepCycleTimeStd=0.102; SleepCycleTimeSum=404.923; SubmitCycleTimeAvg=0.001; SubmitCycleTimeMax=0.023; SubmitCycleTimeMin=0.000; SubmitCycleTimeStd=0.004; SubmitCycleTimeSum=0.072; EventCycleTimeCount=81.000; SleepCycleTimeCount=81.000; SubmitCycleTimeCount=82.000; LogProcessCycleTimeAvg=0.003; LogProcessCycleTimeMax=0.011; LogProcessCycleTimeMin=0.000; LogProcessCycleTimeStd=0.004; LogProcessCycleTimeSum=0.034; LogProcessCycleTimeCount=12.000; ]
01/16/26 01:56:34 Submitting HTCondor Node clean_up_local_level_4_0 job(s)...
01/16/26 01:56:34 Submitting node clean_up_local_level_4_0 from file 00/00/clean_up_local_level_4_0.sub using direct job submission
01/16/26 01:56:34 	assigned HTCondor ID (11.0.0)
01/16/26 01:56:34 Submitting HTCondor Node register_local_1_0 job(s)...
01/16/26 01:56:34 Submitting node register_local_1_0 from file 00/00/register_local_1_0.sub using direct job submission
01/16/26 01:56:34 	assigned HTCondor ID (12.0.0)
01/16/26 01:56:34 Just submitted 2 jobs this cycle...
01/16/26 01:56:34 DAG status: 0 (DAG_STATUS_OK)
01/16/26 01:56:34 Of 12 nodes total:
01/16/26 01:56:34  Done     Pre   Queued    Post   Ready   Un-Ready   Failed   Futile
01/16/26 01:56:34   ===     ===      ===     ===     ===        ===      ===      ===
01/16/26 01:56:34     9       0        2       0       0          1        0        0
01/16/26 01:56:34 0 job proc(s) currently held
01/16/26 01:56:34 DAGMan Runtime Statistics: [EventCycleTimeAvg=0.002; EventCycleTimeMax=0.023; EventCycleTimeMin=0.000; EventCycleTimeStd=0.004; EventCycleTimeSum=0.128; SleepCycleTimeAvg=4.999; SleepCycleTimeMax=5.106; SleepCycleTimeMin=4.109; SleepCycleTimeStd=0.102; SleepCycleTimeSum=409.929; SubmitCycleTimeAvg=0.001; SubmitCycleTimeMax=0.023; SubmitCycleTimeMin=0.000; SubmitCycleTimeStd=0.004; SubmitCycleTimeSum=0.086; EventCycleTimeCount=82.000; SleepCycleTimeCount=82.000; SubmitCycleTimeCount=83.000; LogProcessCycleTimeAvg=0.003; LogProcessCycleTimeMax=0.011; LogProcessCycleTimeMin=0.000; LogProcessCycleTimeStd=0.004; LogProcessCycleTimeSum=0.034; LogProcessCycleTimeCount=12.000; ]
01/16/26 01:56:39 Currently monitoring 1 HTCondor log file(s)
01/16/26 01:56:39 Reassigning the id of job clean_up_local_level_4_0 from (11.0.0) to (11.0.0)
01/16/26 01:56:39 Event: ULOG_SUBMIT for HTCondor Node clean_up_local_level_4_0 (11.0.0) {01/16/26 01:56:34}
01/16/26 01:56:39 Number of idle job procs: 1
01/16/26 01:56:39 Reassigning the id of job register_local_1_0 from (12.0.0) to (12.0.0)
01/16/26 01:56:39 Event: ULOG_SUBMIT for HTCondor Node register_local_1_0 (12.0.0) {01/16/26 01:56:34}
01/16/26 01:56:39 Number of idle job procs: 2
01/16/26 01:56:39 Event: ULOG_EXECUTE for HTCondor Node clean_up_local_level_4_0 (11.0.0) {01/16/26 01:56:34}
01/16/26 01:56:39 Number of idle job procs: 1
01/16/26 01:56:39 Event: ULOG_EXECUTE for HTCondor Node register_local_1_0 (12.0.0) {01/16/26 01:56:34}
01/16/26 01:56:39 Number of idle job procs: 0
01/16/26 01:56:39 Event: ULOG_JOB_TERMINATED for HTCondor Node register_local_1_0 (12.0.0) {01/16/26 01:56:36}
01/16/26 01:56:39 Number of idle job procs: 0
01/16/26 01:56:39 Node register_local_1_0 job proc (12.0.0) completed successfully.
01/16/26 01:56:39 Node register_local_1_0 job(s) have exited the queue
01/16/26 01:56:39 Running POST script of Node register_local_1_0...
01/16/26 01:56:39 Event: ULOG_JOB_TERMINATED for HTCondor Node clean_up_local_level_4_0 (11.0.0) {01/16/26 01:56:36}
01/16/26 01:56:39 Number of idle job procs: 0
01/16/26 01:56:39 Node clean_up_local_level_4_0 job proc (11.0.0) completed successfully.
01/16/26 01:56:39 Node clean_up_local_level_4_0 job(s) have exited the queue
01/16/26 01:56:39 Running POST script of Node clean_up_local_level_4_0...
01/16/26 01:56:39 DAG status: 0 (DAG_STATUS_OK)
01/16/26 01:56:39 Of 12 nodes total:
01/16/26 01:56:39  Done     Pre   Queued    Post   Ready   Un-Ready   Failed   Futile
01/16/26 01:56:39   ===     ===      ===     ===     ===        ===      ===      ===
01/16/26 01:56:39     9       0        0       2       0          1        0        0
01/16/26 01:56:39 0 job proc(s) currently held
01/16/26 01:56:39 DAGMan Runtime Statistics: [EventCycleTimeAvg=0.002; EventCycleTimeMax=0.023; EventCycleTimeMin=0.000; EventCycleTimeStd=0.005; EventCycleTimeSum=0.142; SleepCycleTimeAvg=4.999; SleepCycleTimeMax=5.106; SleepCycleTimeMin=4.109; SleepCycleTimeStd=0.101; SleepCycleTimeSum=414.934; SubmitCycleTimeAvg=0.001; SubmitCycleTimeMax=0.023; SubmitCycleTimeMin=0.000; SubmitCycleTimeStd=0.004; SubmitCycleTimeSum=0.086; EventCycleTimeCount=83.000; SleepCycleTimeCount=83.000; SubmitCycleTimeCount=84.000; LogProcessCycleTimeAvg=0.003; LogProcessCycleTimeMax=0.011; LogProcessCycleTimeMin=0.000; LogProcessCycleTimeStd=0.004; LogProcessCycleTimeSum=0.041; LogProcessCycleTimeCount=13.000; ]
01/16/26 01:56:39 Initializing user log writer for /home/kiso/kiso-plankifier-experiment/kiso/pegasus/plankifier-wf/run0001/./plankifier-wf-0.dag.nodes.log, (12.0.0)
01/16/26 01:56:39 Initializing user log writer for /home/kiso/kiso-plankifier-experiment/kiso/pegasus/plankifier-wf/run0001/./plankifier-wf-0.dag.nodes.log, (11.0.0)
01/16/26 01:56:44 Currently monitoring 1 HTCondor log file(s)
01/16/26 01:56:44 Event: ULOG_POST_SCRIPT_TERMINATED for HTCondor Node register_local_1_0 (12.0.0) {01/16/26 01:56:39}
01/16/26 01:56:44 POST Script of node register_local_1_0 completed successfully.
01/16/26 01:56:44 Event: ULOG_POST_SCRIPT_TERMINATED for HTCondor Node clean_up_local_level_4_0 (11.0.0) {01/16/26 01:56:39}
01/16/26 01:56:44 POST Script of node clean_up_local_level_4_0 completed successfully.
01/16/26 01:56:44 DAG status: 0 (DAG_STATUS_OK)
01/16/26 01:56:44 Of 12 nodes total:
01/16/26 01:56:44  Done     Pre   Queued    Post   Ready   Un-Ready   Failed   Futile
01/16/26 01:56:44   ===     ===      ===     ===     ===        ===      ===      ===
01/16/26 01:56:44    11       0        0       0       1          0        0        0
01/16/26 01:56:44 0 job proc(s) currently held
01/16/26 01:56:44 DAGMan Runtime Statistics: [EventCycleTimeAvg=0.002; EventCycleTimeMax=0.023; EventCycleTimeMin=0.000; EventCycleTimeStd=0.005; EventCycleTimeSum=0.150; SleepCycleTimeAvg=5.000; SleepCycleTimeMax=5.106; SleepCycleTimeMin=4.109; SleepCycleTimeStd=0.101; SleepCycleTimeSum=420.039; SubmitCycleTimeAvg=0.001; SubmitCycleTimeMax=0.023; SubmitCycleTimeMin=0.000; SubmitCycleTimeStd=0.004; SubmitCycleTimeSum=0.086; EventCycleTimeCount=84.000; SleepCycleTimeCount=84.000; SubmitCycleTimeCount=85.000; LogProcessCycleTimeAvg=0.003; LogProcessCycleTimeMax=0.011; LogProcessCycleTimeMin=0.000; LogProcessCycleTimeStd=0.004; LogProcessCycleTimeSum=0.041; LogProcessCycleTimeCount=14.000; ]
01/16/26 01:56:49 Submitting HTCondor Node cleanup_plankifier-wf_0_local job(s)...
01/16/26 01:56:49 Submitting node cleanup_plankifier-wf_0_local from file 00/00/cleanup_plankifier-wf_0_local.sub using direct job submission
01/16/26 01:56:49 	assigned HTCondor ID (13.0.0)
01/16/26 01:56:49 Just submitted 1 job this cycle...
01/16/26 01:56:49 DAG status: 0 (DAG_STATUS_OK)
01/16/26 01:56:49 Of 12 nodes total:
01/16/26 01:56:49  Done     Pre   Queued    Post   Ready   Un-Ready   Failed   Futile
01/16/26 01:56:49   ===     ===      ===     ===     ===        ===      ===      ===
01/16/26 01:56:49    11       0        1       0       0          0        0        0
01/16/26 01:56:49 0 job proc(s) currently held
01/16/26 01:56:49 DAGMan Runtime Statistics: [EventCycleTimeAvg=0.002; EventCycleTimeMax=0.023; EventCycleTimeMin=0.000; EventCycleTimeStd=0.005; EventCycleTimeSum=0.150; SleepCycleTimeAvg=5.001; SleepCycleTimeMax=5.106; SleepCycleTimeMin=4.109; SleepCycleTimeStd=0.101; SleepCycleTimeSum=425.044; SubmitCycleTimeAvg=0.001; SubmitCycleTimeMax=0.023; SubmitCycleTimeMin=0.000; SubmitCycleTimeStd=0.004; SubmitCycleTimeSum=0.096; EventCycleTimeCount=85.000; SleepCycleTimeCount=85.000; SubmitCycleTimeCount=86.000; LogProcessCycleTimeAvg=0.003; LogProcessCycleTimeMax=0.011; LogProcessCycleTimeMin=0.000; LogProcessCycleTimeStd=0.004; LogProcessCycleTimeSum=0.041; LogProcessCycleTimeCount=14.000; ]
01/16/26 01:56:54 Currently monitoring 1 HTCondor log file(s)
01/16/26 01:56:54 Reassigning the id of job cleanup_plankifier-wf_0_local from (13.0.0) to (13.0.0)
01/16/26 01:56:54 Event: ULOG_SUBMIT for HTCondor Node cleanup_plankifier-wf_0_local (13.0.0) {01/16/26 01:56:49}
01/16/26 01:56:54 Number of idle job procs: 1
01/16/26 01:56:54 Event: ULOG_EXECUTE for HTCondor Node cleanup_plankifier-wf_0_local (13.0.0) {01/16/26 01:56:49}
01/16/26 01:56:54 Number of idle job procs: 0
01/16/26 01:56:54 Event: ULOG_JOB_TERMINATED for HTCondor Node cleanup_plankifier-wf_0_local (13.0.0) {01/16/26 01:56:51}
01/16/26 01:56:54 Number of idle job procs: 0
01/16/26 01:56:54 Node cleanup_plankifier-wf_0_local job proc (13.0.0) completed successfully.
01/16/26 01:56:54 Node cleanup_plankifier-wf_0_local job(s) have exited the queue
01/16/26 01:56:54 Running POST script of Node cleanup_plankifier-wf_0_local...
01/16/26 01:56:54 DAG status: 0 (DAG_STATUS_OK)
01/16/26 01:56:54 Of 12 nodes total:
01/16/26 01:56:54  Done     Pre   Queued    Post   Ready   Un-Ready   Failed   Futile
01/16/26 01:56:54   ===     ===      ===     ===     ===        ===      ===      ===
01/16/26 01:56:54    11       0        0       1       0          0        0        0
01/16/26 01:56:54 0 job proc(s) currently held
01/16/26 01:56:54 DAGMan Runtime Statistics: [EventCycleTimeAvg=0.002; EventCycleTimeMax=0.023; EventCycleTimeMin=0.000; EventCycleTimeStd=0.005; EventCycleTimeSum=0.161; SleepCycleTimeAvg=5.001; SleepCycleTimeMax=5.106; SleepCycleTimeMin=4.109; SleepCycleTimeStd=0.100; SleepCycleTimeSum=430.049; SubmitCycleTimeAvg=0.001; SubmitCycleTimeMax=0.023; SubmitCycleTimeMin=0.000; SubmitCycleTimeStd=0.004; SubmitCycleTimeSum=0.096; EventCycleTimeCount=86.000; SleepCycleTimeCount=86.000; SubmitCycleTimeCount=87.000; LogProcessCycleTimeAvg=0.003; LogProcessCycleTimeMax=0.011; LogProcessCycleTimeMin=0.000; LogProcessCycleTimeStd=0.003; LogProcessCycleTimeSum=0.045; LogProcessCycleTimeCount=15.000; ]
01/16/26 01:56:54 Initializing user log writer for /home/kiso/kiso-plankifier-experiment/kiso/pegasus/plankifier-wf/run0001/./plankifier-wf-0.dag.nodes.log, (13.0.0)
01/16/26 01:56:59 Currently monitoring 1 HTCondor log file(s)
01/16/26 01:56:59 Event: ULOG_POST_SCRIPT_TERMINATED for HTCondor Node cleanup_plankifier-wf_0_local (13.0.0) {01/16/26 01:56:54}
01/16/26 01:56:59 POST Script of node cleanup_plankifier-wf_0_local completed successfully.
01/16/26 01:56:59 DAG status: 0 (DAG_STATUS_OK)
01/16/26 01:56:59 Of 12 nodes total:
01/16/26 01:56:59  Done     Pre   Queued    Post   Ready   Un-Ready   Failed   Futile
01/16/26 01:56:59   ===     ===      ===     ===     ===        ===      ===      ===
01/16/26 01:56:59    12       0        0       0       0          0        0        0
01/16/26 01:56:59 0 job proc(s) currently held
01/16/26 01:56:59 DAGMan Runtime Statistics: [EventCycleTimeAvg=0.002; EventCycleTimeMax=0.023; EventCycleTimeMin=0.000; EventCycleTimeStd=0.005; EventCycleTimeSum=0.165; SleepCycleTimeAvg=5.002; SleepCycleTimeMax=5.106; SleepCycleTimeMin=4.109; SleepCycleTimeStd=0.100; SleepCycleTimeSum=435.151; SubmitCycleTimeAvg=0.001; SubmitCycleTimeMax=0.023; SubmitCycleTimeMin=0.000; SubmitCycleTimeStd=0.004; SubmitCycleTimeSum=0.096; EventCycleTimeCount=87.000; SleepCycleTimeCount=87.000; SubmitCycleTimeCount=88.000; LogProcessCycleTimeAvg=0.003; LogProcessCycleTimeMax=0.011; LogProcessCycleTimeMin=0.000; LogProcessCycleTimeStd=0.003; LogProcessCycleTimeSum=0.045; LogProcessCycleTimeCount=16.000; ]
01/16/26 01:56:59 All jobs Completed!
01/16/26 01:56:59 Note: 0 total node deferrals because of -MaxJobs limit (0)
01/16/26 01:56:59 Note: 0 total node deferrals because of -MaxIdle limit (1000)
01/16/26 01:56:59 Note: 0 total node deferrals because of node category throttles
01/16/26 01:56:59 Note: 0 total PRE script deferrals because of -MaxPre limit (20) or DEFER
01/16/26 01:56:59 Note: 0 total POST script deferrals because of -MaxPost limit (20) or DEFER
01/16/26 01:56:59 Note: 0 total HOLD script deferrals because of -MaxHold limit (20) or DEFER
01/16/26 01:56:59 DAG status: 0 (DAG_STATUS_OK)
01/16/26 01:56:59 Of 12 nodes total:
01/16/26 01:56:59  Done     Pre   Queued    Post   Ready   Un-Ready   Failed   Futile
01/16/26 01:56:59   ===     ===      ===     ===     ===        ===      ===      ===
01/16/26 01:56:59    12       0        0       0       0          0        0        0
01/16/26 01:56:59 0 job proc(s) currently held
01/16/26 01:56:59 DAGMan Runtime Statistics: [EventCycleTimeAvg=0.002; EventCycleTimeMax=0.023; EventCycleTimeMin=0.000; EventCycleTimeStd=0.005; EventCycleTimeSum=0.165; SleepCycleTimeAvg=5.002; SleepCycleTimeMax=5.106; SleepCycleTimeMin=4.109; SleepCycleTimeStd=0.100; SleepCycleTimeSum=435.151; SubmitCycleTimeAvg=0.001; SubmitCycleTimeMax=0.023; SubmitCycleTimeMin=0.000; SubmitCycleTimeStd=0.004; SubmitCycleTimeSum=0.096; EventCycleTimeCount=87.000; SleepCycleTimeCount=87.000; SubmitCycleTimeCount=88.000; LogProcessCycleTimeAvg=0.003; LogProcessCycleTimeMax=0.011; LogProcessCycleTimeMin=0.000; LogProcessCycleTimeStd=0.003; LogProcessCycleTimeSum=0.045; LogProcessCycleTimeCount=16.000; ]
01/16/26 01:56:59 Wrote metrics file plankifier-wf-0.dag.metrics.
01/16/26 01:56:59 DAGMan Runtime Statistics: [EventCycleTimeAvg=0.002; EventCycleTimeMax=0.023; EventCycleTimeMin=0.000; EventCycleTimeStd=0.005; EventCycleTimeSum=0.165; SleepCycleTimeAvg=5.002; SleepCycleTimeMax=5.106; SleepCycleTimeMin=4.109; SleepCycleTimeStd=0.100; SleepCycleTimeSum=435.151; SubmitCycleTimeAvg=0.001; SubmitCycleTimeMax=0.023; SubmitCycleTimeMin=0.000; SubmitCycleTimeStd=0.004; SubmitCycleTimeSum=0.096; EventCycleTimeCount=87.000; SleepCycleTimeCount=87.000; SubmitCycleTimeCount=88.000; LogProcessCycleTimeAvg=0.003; LogProcessCycleTimeMax=0.011; LogProcessCycleTimeMin=0.000; LogProcessCycleTimeStd=0.003; LogProcessCycleTimeSum=0.045; LogProcessCycleTimeCount=16.000; ]
01/16/26 01:56:59 **** condor_scheduniv_exec.1.0 (condor_DAGMAN) pid 13053 EXITING WITH STATUS 0
